Log file open, 03/13/15 13:48:26
LogInit:Display: Running engine for game: MyProject4
LogInit: Version: 4.6.1-2386410+++depot+UE4-Releases+4.6
LogInit: API Version: 2369412
LogInit: Compiled (64-bit): Dec 11 2014 21:31:39
LogInit: Compiled with Visual C++: 18.00.21005.01
LogInit: Build Configuration: Development
LogInit: Branch Name: ++depot+UE4-Releases+4.6
LogInit: Command line:  
LogInit: Base directory: C:/Program Files/Epic Games/4.6/Engine/Binaries/Win64/
LogInit: Rocket: 1
[2015.03.13-13.48.26:593][  0]LogTaskGraph: Started task graph with 3 named threads and 6 total threads.
[2015.03.13-13.48.26:642][  0]LogOnline:Warning: No default platform service specified for OnlineSubsystem
[2015.03.13-13.48.26:659][  0]LogInit: Presizing for 0 objects not considered by GC, pre-allocating 0 bytes.
[2015.03.13-13.48.26:668][  0]LogInit: Object subsystem initialized
[2015.03.13-13.48.26:670][  0]LogConsoleResponse:Warning: Skipping Unknown console variable: 'UIScaleCurve = (EditorCurveData=(Keys=((Time=480.000000,Value=0.444000),(Time=720.000000,Value=0.666000),(Time=1080.000000,Value=1.000000),(Time=8640.000000,Value=8.000000))),ExternalCurve=None)'
[2015.03.13-13.48.26:670][  0]LogConsoleResponse:Warning:   Found in ini file 'C:/Users/Fulltime/Documents/Level26 - Copy/MyProject4/Saved/Config/Windows/Engine.ini', in section '[/Script/Engine.RendererSettings]'
[2015.03.13-13.48.26:670][  0]LogConsoleManager:Warning: Console variable 'r.MSAA.CompositingSampleCount' wasn't set (Priority ProjectSetting < Scalability)
[2015.03.13-13.48.26:671][  0]LogInit: Selected Device Profile: [Windows]
[2015.03.13-13.48.26:671][  0]LogInit: Applying CVar settings loaded from the selected device profile: [Windows]
[2015.03.13-13.48.26:675][  0]LogInit: Computer: RINGLETLTD18-PC
[2015.03.13-13.48.26:675][  0]LogInit: User: Fulltime
[2015.03.13-13.48.26:675][  0]LogInit: CPU Page size=4096, Cores=4
[2015.03.13-13.48.26:675][  0]LogInit: High frequency timer resolution =3.125039 MHz
[2015.03.13-13.48.26:676][  0]LogMemory: Memory total: Physical=7.9GB (8GB approx) Virtual=8192.0GB
[2015.03.13-13.48.26:676][  0]LogMemory: Platform Memory Stats for Windows
[2015.03.13-13.48.26:676][  0]LogMemory: Process Physical Memory: 49.87 MB used, 49.87 MB peak
[2015.03.13-13.48.26:676][  0]LogMemory: Process Virtual Memory: 26.20 MB used, 26.21 MB peak
[2015.03.13-13.48.26:676][  0]LogMemory: Physical Memory: 2825.98 MB used, 8127.42 MB total
[2015.03.13-13.48.26:676][  0]LogMemory: Virtual Memory: 262.35 MB used, 8388608.00 MB total
[2015.03.13-13.48.26:704][  0]LogD3D11RHI: Found D3D11 adapter 0: NVIDIA GeForce GTX 760 (Feature Level 11_0)
[2015.03.13-13.48.26:704][  0]LogD3D11RHI: Adapter has 1990MB of dedicated video memory, 0MB of dedicated system memory, and 2048MB of shared system memory, 2 output[s]
[2015.03.13-13.48.26:704][  0]LogD3D11RHI: Chosen D3D11 Adapter Id = 0
[2015.03.13-13.48.26:708][  0]LogRHI: Texture pool is 1361 MB (70% of 1945 MB)
[2015.03.13-13.48.26:716][  0]LogD3D11RHI: Async texture creation enabled
[2015.03.13-13.48.26:769][  0]LogTextLocalizationManager: The requested culture ('en_GB') has no localization data; parent culture's ('en') localization data will be used.
[2015.03.13-13.48.26:924][  0]LogContentStreaming: Texture pool size is 0.000000MB
[2015.03.13-13.48.32:282][  0]LogTargetPlatformManager:Display: Building Assets For Windows
[2015.03.13-13.48.32:680][  0]LogTargetPlatformManager:Display: Building Assets For Windows
[2015.03.13-13.48.32:726][  0]LogDerivedDataCache:Display: Max Cache Size: 512 MB
[2015.03.13-13.48.32:767][  0]LogDerivedDataCache: Loaded boot cache 0.04s 39MB C:/Users/Fulltime/AppData/Local/UnrealEngine/4.6/DerivedDataCache/Boot.ddc.
[2015.03.13-13.48.32:767][  0]LogDerivedDataCache:Display: Loaded Boot cache: C:/Users/Fulltime/AppData/Local/UnrealEngine/4.6/DerivedDataCache/Boot.ddc
[2015.03.13-13.48.32:767][  0]LogDerivedDataCache: FDerivedDataBackendGraph:  Pak pak cache file ../../../../../../Users/Fulltime/Documents/Level26 - Copy/MyProject4/DerivedDat