Log file open, 03/24/15 15:24:49
LogInit:Display: Running engine for game: MyProject4
LogInit: Version: 4.6.1-2386410+++depot+UE4-Releases+4.6
LogInit: API Version: 2369412
LogInit: Compiled (64-bit): Dec 11 2014 21:31:39
LogInit: Compiled with Visual C++: 18.00.21005.01
LogInit: Build Configuration: Development
LogInit: Branch Name: ++depot+UE4-Releases+4.6
LogInit: Command line:  /Temp/Autosaves/Game/Maps/UEDPCBasement -game -PIEVIACONSOLE -ResX=1280 -ResY=720  -Multiprocess 
LogInit: Base directory: C:/Program Files/Epic Games/4.6/Engine/Binaries/Win64/
LogInit: Rocket: 1
[2015.03.24-15.24.49:713][  0]LogTaskGraph: Started task graph with 3 named threads and 6 total threads.
[2015.03.24-15.24.49:759][  0]LogOnline:Warning: No default platform service specified for OnlineSubsystem
[2015.03.24-15.24.49:774][  0]LogInit: Presizing for 0 objects not considered by GC, pre-allocating 0 bytes.
[2015.03.24-15.24.49:782][  0]LogInit: Object subsystem initialized
[2015.03.24-15.24.49:784][  0]LogConsoleResponse:Warning: Skipping Unknown console variable: 'UIScaleCurve = (EditorCurveData=(Keys=((Time=480.000000,Value=0.444000),(Time=720.000000,Value=0.666000),(Time=1080.000000,Value=1.000000),(Time=8640.000000,Value=8.000000))),ExternalCurve=None)'
[2015.03.24-15.24.49:784][  0]LogConsoleResponse:Warning:   Found in ini file 'C:/Users/Fulltime/Documents/Level26 - Copy/MyProject4/Saved/Config/Windows/Engine.ini', in section '[/Script/Engine.RendererSettings]'
[2015.03.24-15.24.49:784][  0]LogConsoleManager:Warning: Console variable 'r.MSAA.CompositingSampleCount' wasn't set (Priority ProjectSetting < Scalability)
[2015.03.24-15.24.49:784][  0]LogInit: Selected Device Profile: [Windows]
[2015.03.24-15.24.49:784][  0]LogInit: Applying CVar settings loaded from the selected device profile: [Windows]
[2015.03.24-15.24.49:788][  0]LogInit: Computer: RINGLETLTD18-PC
[2015.03.24-15.24.49:788][  0]LogInit: User: Fulltime
[2015.03.24-15.24.49:788][  0]LogInit: CPU Page size=4096, Cores=4
[2015.03.24-15.24.49:788][  0]LogInit: High frequency timer resolution =3.125039 MHz
[2015.03.24-15.24.49:788][  0]LogMemory: Memory total: Physical=7.9GB (8GB approx) Virtual=8192.0GB
[2015.03.24-15.24.49:788][  0]LogMemory: Platform Memory Stats for Windows
[2015.03.24-15.24.49:788][  0]LogMemory: Process Physical Memory: 50.02 MB used, 50.02 MB peak
[2015.03.24-15.24.49:788][  0]LogMemory: Process Virtual Memory: 26.20 MB used, 26.20 MB peak
[2015.03.24-15.24.49:788][  0]LogMemory: Physical Memory: 5320.84 MB used, 8127.42 MB total
[2015.03.24-15.24.49:788][  0]LogMemory: Virtual Memory: 266.09 MB used, 8388608.00 MB total
[2015.03.24-15.24.49:812][  0]LogD3D11RHI: Found D3D11 adapter 0: NVIDIA GeForce GTX 760 (Feature Level 11_0)
[2015.03.24-15.24.49:812][  0]LogD3D11RHI: Adapter has 1990MB of dedicated video memory, 0MB of dedicated system memory, and 2048MB of shared system memory, 2 output[s]
[2015.03.24-15.24.49:812][  0]LogD3D11RHI: Chosen D3D11 Adapter Id = 0
[2015.03.24-15.24.49:816][  0]LogRHI: Texture pool is 1361 MB (70% of 1945 MB)
[2015.03.24-15.24.49:823][  0]LogD3D11RHI: Async texture creation enabled
[2015.03.24-15.24.49:872][  0]LogTextLocalizationManager: The requested culture ('en_GB') has no localization data; parent culture's ('en') localization data will be used.
[2015.03.24-15.24.50:006][  0]LogContentStreaming: Texture pool size is 1000.000000MB
[2015.03.24-15.24.55:111][  0]LogTargetPlatformManager:Display: Building Assets For Windows
[2015.03.24-15.24.55:446][  0]LogTargetPlatformManager:Display: Building Assets For Windows
[2015.03.24-15.24.55:488][  0]LogDerivedDataCache:Display: Max Cache Size: 512 MB
[2015.03.24-15.24.55:522][  0]LogDerivedDataCache: Loaded boot cache 0.03s 39MB C:/Users/Fulltime/AppData/Local/UnrealEngine/4.6/DerivedDataCache/Boot.ddc.
[2015.03.24-15.24.55:522][  0]LogDerivedDataCache:Display: Loaded Boot cache: C:/Users/Fulltime/AppData/Local/UnrealEngine/4.6/DerivedDataCache/Boot.ddc
[2015.03.24-15.24.55:522][  0]LogDerivedDataCache: FDerivedDataBackendGraph:  Pak pak cache file ../../../../../../Users/Fulltime/Documents/Level26 - Copy/MyProject4/DerivedDataCache/DDC.ddp not found, will not use a pak cache.
[2015.03.24-15.24.55:522][  0]LogDerivedDataCache: Unable to find inner node Pak for hierarchical cache Hierarchy.
[2015.03.24-15.24.55:583][  0]LogDerivedDataCache:Display: Pak cache opened for reading ../../../Engine/DerivedDataCache/DDC.ddp.
[2015.03.24-15.24.55:594][  0]LogDerivedDataCache: Using Local data cache path C:/Users/Fulltime/AppData/Local/UnrealEngine/Common/DerivedDataCache: Writable
[2015.03.24-15.24.55:702][  0]LogCollisionProfile:Warning: Profile (UI) - Custom Channel Name = 'Weapon' hasn't been found
[2015.03.24-15.24.55:798][  0]LogMeshUtilities: No automatic mesh reduction module available
[2015.03.24-15.24.55:798][  0]LogMeshUtilities: No automatic mesh merging module available
[2015.03.24-15.24.56:049][  0]LogInit: WinSock: version 1.1 (2.2), MaxSocks=32767, MaxUdp=65467
[2015.03.24-15.24.56:091][  0]LogSlate:Warning: Failed to load font data from '../../../Engine/Content/Slate/Fonts/Roboto-Italic.ttf'
[2015.03.24-15.24.56:777][  0]LogWindowsMoviePlayer: Unable to load movie: ../../../../../../Users/Fulltime/Documents/Level26 - Copy/MyProject4/Content/Movies/Default_Startup.mp4
[2015.03.24-15.24.56:904][  0]SourceControl: Info Source control is disabled
[2015.03.24-15.24.56:904][  0]SourceControl: Info Source control is disabled
[2015.03.24-15.24.56:909][  0]SourceControl: Info Source control is disabled
[2015.03.24-15.24.56:933][  0]LogDirectoryWatcher:Warning: Failed to begin reading directory changes for C:/Users/Fulltime/Documents/Level26 - Copy/MyProject4/Binaries/Win64. Error: 0
[2015.03.24-15.24.56:969][  0]LogObj: 23338 objects as part of root set at end of initial load.
[2015.03.24-15.24.56:969][  0]LogUObjectAllocator: 4907960 out of 0 bytes used by permanent object pool.
[2015.03.24-15.24.57:021][  0]LogAutomationTest:Warning: ERR: Transient text cannot be serialized "Testing Transient serialization detection".
[2015.03.24-15.24.57:021][  0]LogEngine: Initializing Engine...
[2015.03.24-15.24.59:022][  0]LogHMD:Warning: No Oculus HMD detected! Is Oculus Run-Time installed and service is running?
[2015.03.24-15.24.59:032][  0]LogHMD: Oculus shutdown.
[2015.03.24-15.24.59:163][  0]LogInit: XAudio2 using 'Speakers (Realtek High Definition Audio)' : 2 channels at 48 kHz using 32 bits per sample (channel mask 0x3)
[2015.03.24-15.24.59:171][  0]LogInit: FAudioDevice initialized.
[2015.03.24-15.24.59:174][  0]LogInit: Texture streaming: Enabled
[2015.03.24-15.24.59:225][  0]LogAnalytics: Creating configured Analytics provider AnalyticsET
[2015.03.24-15.24.59:225][  0]LogAnalytics: ET APIKey = Rocket.Release. APIServer = http://et2.epicgames.com/ET2/. AppVersion = 4.6.1-2386410+++depot+UE4-Releases+4.6
[2015.03.24-15.24.59:226][  0]LogAnalytics: SetUserId 69f16f0a28d0cebab19564fc86df198d
[2015.03.24-15.24.59:226][  0]LogAnalytics: AnalyticsET::StartSession [Rocket.Release]
[2015.03.24-15.24.59:241][  0]LogConsoleManager:Warning: Console variable 'r.VSync' wasn't set (Priority Code < GameSetting)
[2015.03.24-15.24.59:241][  0]LogNet: Browse: /Temp/Autosaves/Game/Maps/UEDPCBasement?Name=Player
[2015.03.24-15.24.59:241][  0]LogLoad: LoadMap: /Temp/Autosaves/Game/Maps/UEDPCBasement?Name=Player
[2015.03.24-15.24.59:249][  0]LogMemory: Platform Memory Stats for Windows
[2015.03.24-15.24.59:249][  0]LogMemory: Process Physical Memory: 293.45 MB used, 322.89 MB peak
[2015.03.24-15.24.59:249][  0]LogMemory: Process Virtual Memory: 253.03 MB used, 283.60 MB peak
[2015.03.24-15.24.59:249][  0]LogMemory: Physical Memory: 5546.78 MB used, 8127.42 MB total
[2015.03.24-15.24.59:249][  0]LogMemory: Virtual Memory: 687.02 MB used, 8388608.00 MB total
[2015.03.24-15.24.59:249][  0]LogMemory: 
[2015.03.24-15.24.59:249][  0]Allocator Stats for TBB: (not implemented)
[2015.03.24-15.24.59:744][  0]LogMaterial: Missing cached shader map for material DaylightAmbientCubemap_Mat, compiling.
[2015.03.24-15.24.59:744][  0]LogMaterial:Warning: Failed to compile Material /Engine/MapTemplates/Sky/DaylightAmbientCubemap_Mat.DaylightAmbientCubemap_Mat for platform PCD3D_SM5, Default Material will be used in game.
[2015.03.24-15.24.59:744][  0]LogMaterial:Warning: 	(Node TextureSample) Coercion failed: Parameters.TexCoords[0].xy: float2 -> float3
[2015.03.24-15.24.59:757][  0]LogWorld: Game class is 'MyGame_C'
[2015.03.24-15.24.59:772][  0]LogAIModule: Creating AISystem for world Basement
[2015.03.24-15.24.59:774][  0]LogPhysics:Warning: AddConvexElemsToRigidActor: [/Game/StaticFromBSP/Cabinet.Cabinet] ConvexElem[2] has negative scale. Not currently supported
[2015.03.24-15.24.59:774][  0]LogPhysics:Warning: AddConvexElemsToRigidActor: [/Game/StaticFromBSP/Cabinet.Cabinet] ConvexElem[3] has negative scale. Not currently supported
[2015.03.24-15.24.59:774][  0]LogPhysics:Warning: AddConvexElemsToRigidActor: [/Game/StaticFromBSP/Cabinet.Cabinet] ConvexElem[4] has negative scale. Not currently supported
[2015.03.24-15.24.59:778][  0]LogBlueprintUserMessages: 78097.59375
[2015.03.24-15.24.59:778][  0]LogBlueprintUserMessages: 165848.375
[2015.03.24-15.24.59:778][  0]LogBlueprintUserMessages: 120789.015625
[2015.03.24-15.24.59:778][  0]LogBlueprintUserMessages: 78097.59375
[2015.03.24-15.24.59:779][  0]LogBlueprintUserMessages: 17954.421875
[2015.03.24-15.24.59:779][  0]LogBlueprintUserMessages: 89840.398438
[2015.03.24-15.24.59:779][  0]LogBlueprintUserMessages: 165848.375
[2015.03.24-15.24.59:779][  0]LogBlueprintUserMessages: 165848.375
[2015.03.24-15.24.59:779][  0]LogBlueprintUserMessages: 165848.375
[2015.03.24-15.24.59:780][  0]LogBlueprintUserMessages: 124527.09375
[2015.03.24-15.24.59:780][  0]LogBlueprintUserMessages: 200119.609375
[2015.03.24-15.24.59:780][  0]LogBlueprintUserMessages: 124527.09375
[2015.03.24-15.24.59:787][  0]LogWorld: Bringing World /Temp/Autosaves/Game/Maps/UEDPCBasement.Basement up for play (max tick rate 0) at 2015.03.24-15.24.59
[2015.03.24-15.24.59:788][  0]LogWorld: Bringing up level for play took: 0.015800
[2015.03.24-15.24.59:789][  0]LogBlueprintUserMessages: 0
[2015.03.24-15.24.59:790][  0]LogInit:Display: Game Engine Initialized.
[2015.03.24-15.25.00:020][  0]LogLoad: Full Startup: 11.94 seconds (BP compile: 0.15 seconds)
[2015.03.24-15.25.00:127][  0]LogRenderer:Warning: Reallocating scene render targets to support 1280x720.
[2015.03.24-15.25.18:378][614]LogBlueprintUserMessages: 2
[2015.03.24-15.25.18:852][684]LogBlueprintUserMessages: 3
[2015.03.24-15.25.19:336][756]LogBlueprintUserMessages: 4
[2015.03.24-15.25.19:899][837]LogBlueprintUserMessages: 5
[2015.03.24-15.25.20:756][969]LogBlueprintUserMessages: 6
[2015.03.24-15.25.21:584][ 95]LogBlueprintUserMessages: 7
[2015.03.24-15.25.22:691][254]LogBlueprintUserMessages: 8
[2015.03.24-15.25.23:251][329]LogBlueprintUserMessages: 9
[2015.03.24-15.25.23:752][396]LogBlueprintUserMessages: 10
[2015.03.24-15.25.24:228][462]LogBlueprintUserMessages: 11
[2015.03.24-15.25.25:710][690]LogBlueprintUserMessages: 12
[2015.03.24-15.25.26:112][749]LogBlueprintUserMessages: 13
[2015.03.24-15.25.26:698][831]LogBlueprintUserMessages: 14
[2015.03.24-15.25.27:229][905]LogBlueprintUserMessages: 15
[2015.03.24-15.25.27:793][991]LogBlueprintUserMessages: 16
[2015.03.24-15.25.28:625][120]LogBlueprintUserMessages: 17
[2015.03.24-15.25.29:182][205]LogBlueprintUserMessages: 18
[2015.03.24-15.25.30:174][344]LogBlueprintUserMessages: 19
[2015.03.24-15.25.30:683][411]LogBlueprintUserMessages: 20
[2015.03.24-15.25.31:187][479]LogBlueprintUserMessages: 21
[2015.03.24-15.26.01:590][686]LogCharacterMovement: MyCharacter_C_0 is stuck and failed to move!
[2015.03.24-15.26.01:597][687]LogCharacterMovement: MyCharacter_C_0 is stuck and failed to move!
[2015.03.24-15.26.01:605][688]LogCharacterMovement: MyCharacter_C_0 is stuck and failed to move!
[2015.03.24-15.26.01:612][689]LogCharacterMovement: MyCharacter_C_0 is stuck and failed to move!
[2015.03.24-15.26.01:619][690]LogCharacterMovement: MyCharacter_C_0 is stuck and failed to move!
[2015.03.24-15.26.01:626][691]LogCharacterMovement: MyCharacter_C_0 is stuck and failed to move!
[2015.03.24-15.26.01:640][693]LogCharacterMovement: MyCharacter_C_0 is stuck and failed to move!
[2015.03.24-15.26.01:647][694]LogCharacterMovement: MyCharacter_C_0 is stuck and failed to move!
[2015.03.24-15.26.31:637][897]LogCharacterMovement: MyCharacter_C_0 is stuck and failed to move!
[2015.03.24-15.26.31:645][898]LogCharacterMovement: MyCharacter_C_0 is stuck and failed to move!
[2015.03.24-15.26.31:652][899]LogCharacterMovement: MyCharacter_C_0 is stuck and failed to move!
[2015.03.24-15.27.13:389][739]LogCharacterMovement: MyCharacter_C_0 is stuck and failed to move!
[2015.03.24-15.27.13:397][740]LogCharacterMovement: MyCharacter_C_0 is stuck and failed to move!
[2015.03.24-15.28.08:307][439]LogBlueprintUserMessages: 22
[2015.03.24-15.28.24:808][743]LogCharacterMovement: MyCharacter_C_0 is stuck and failed to move!
[2015.03.24-15.28.24:815][744]LogCharacterMovement: MyCharacter_C_0 is stuck and failed to move!
[2015.03.24-15.28.24:822][745]LogCharacterMovement: MyCharacter_C_0 is stuck and failed to move!
[2015.03.24-15.28.24:829][746]LogCharacterMovement: MyCharacter_C_0 is stuck and failed to move!
[2015.03.24-15.28.24:836][747]LogCharacterMovement: MyCharacter_C_0 is stuck and failed to move!
[2015.03.24-15.28.24:843][748]LogCharacterMovement: MyCharacter_C_0 is stuck and failed to move!
[2015.03.24-15.28.31:781][728]LogCharacterMovement: MyCharacter_C_0 is stuck and failed to move!
[2015.03.24-15.28.31:788][729]LogCharacterMovement: MyCharacter_C_0 is stuck and failed to move!
[2015.03.24-15.28.31:795][730]LogCharacterMovement: MyCharacter_C_0 is stuck and failed to move!
[2015.03.24-15.28.31:802][731]LogCharacterMovement: MyCharacter_C_0 is stuck and failed to move!
[2015.03.24-15.28.31:816][733]LogCharacterMovement: MyCharacter_C_0 is stuck and failed to move!
[2015.03.24-15.28.31:823][734]LogCharacterMovement: MyCharacter_C_0 is stuck and failed to move!
[2015.03.24-15.28.31:830][735]LogCharacterMovement: MyCharacter_C_0 is stuck and failed to move!
[2015.03.24-15.28.31:844][737]LogCharacterMovement: MyCharacter_C_0 is stuck and failed to move!
[2015.03.24-15.28.31:858][739]LogCharacterMovement: MyCharacter_C_0 is stuck and failed to move!
[2015.03.24-15.28.32:670][855]LogCharacterMovement: MyCharacter_C_0 is stuck and failed to move!
[2015.03.24-15.28.32:677][856]LogCharacterMovement: MyCharacter_C_0 is stuck and failed to move!
[2015.03.24-15.28.32:684][857]LogCharacterMovement: MyCharacter_C_0 is stuck and failed to move!
[2015.03.24-15.28.32:691][858]LogCharacterMovement: MyCharacter_C_0 is stuck and failed to move!
[2015.03.24-15.28.32:698][859]LogCharacterMovement: MyCharacter_C_0 is stuck and failed to move!
[2015.03.24-15.28.32:705][860]LogCharacterMovement: MyCharacter_C_0 is stuck and failed to move!
[2015.03.24-15.28.32:713][861]LogCharacterMovement: MyCharacter_C_0 is stuck and failed to move!
[2015.03.24-15.28.32:861][882]LogCharacterMovement: MyCharacter_C_0 is stuck and failed to move!
[2015.03.24-15.28.32:869][883]LogCharacterMovement: MyCharacter_C_0 is stuck and failed to move!
[2015.03.24-15.28.32:883][885]LogCharacterMovement: MyCharacter_C_0 is stuck and failed to move!
[2015.03.24-15.28.32:890][886]LogCharacterMovement: MyCharacter_C_0 is stuck and failed to move!
[2015.03.24-15.28.32:897][887]LogCharacterMovement: MyCharacter_C_0 is stuck and failed to move!
[2015.03.24-15.28.32:904][888]LogCharacterMovement: MyCharacter_C_0 is stuck and failed to move!
[2015.03.24-15.30.42:704][586]LogEngine: All Windows Closed
[2015.03.24-15.30.42:704][586]LogWindows: FPlatformMisc::RequestExit(0)
[2015.03.24-15.30.42:710][587]LogExit: Preparing to exit.
[2015.03.24-15.30.42:855][587]LogExit: Game engine shut down
[2015.03.24-15.30.42:855][587]LogParticles: Destroying 0 GPU particle simulations for FXSystem 0x000000000B01A020
[2015.03.24-15.30.42:879][587]LogExit: Object subsystem successfully closed.
[2015.03.24-15.30.42:913][587]LogModuleManager: Shutting down and abandoning module AndroidDeviceDetection (102)
[2015.03.24-15.30.42:913][587]LogModuleManager: Shutting down and abandoning module AutomationWorker (101)
[2015.03.24-15.30.42:913][587]LogModuleManager: Shutting down and abandoning module CharacterAI (100)
[2015.03.24-15.30.42:913][587]LogModuleManager: Shutting down and abandoning module AITestSuite (99)
[2015.03.24-15.30.42:913][587]LogModuleManager: Shutting down and abandoning module AIModule (98)
[2015.03.24-15.30.42:913][587]LogModuleManager: Shutting down and abandoning module GameLiveStreaming (97)
[2015.03.24-15.30.42:913][587]LogModuleManager: Shutting down and abandoning module StreamingPauseRendering (96)
[2015.03.24-15.30.42:913][587]LogModuleManager: Shutting down and abandoning module HTTP (95)
[2015.03.24-15.30.42:913][587]LogModuleManager: Shutting down and abandoning module AnalyticsET (94)
[2015.03.24-15.30.42:913][587]LogModuleManager: Shutting down and abandoning module Analytics (93)
[2015.03.24-15.30.42:913][587]LogModuleManager: Shutting down and abandoning module ProfilerService (92)
[2015.03.24-15.30.43:006][587]LogModuleManager: Shutting down and abandoning module TaskGraph (91)
[2015.03.24-15.30.43:006][587]LogModuleManager: Shutting down and abandoning module GameplayDebugger (90)
[2015.03.24-15.30.43:006][587]LogModuleManager: Shutting down and abandoning module SlateRemote (89)
[2015.03.24-15.30.43:006][587]LogModuleManager: Shutting down and abandoning module CustomMeshComponent (88)
[2015.03.24-15.30.43:006][587]LogModuleManager: Shutting down and abandoning module CableComponent (87)
[2015.03.24-15.30.43:006][587]LogModuleManager: Shutting down and abandoning module DesktopPlatform (86)
[2015.03.24-15.30.43:006][587]LogModuleManager: Shutting down and abandoning module DirectoryWatcher (85)
[2015.03.24-15.30.43:006][587]LogModuleManager: Shutting down and abandoning module HotReload (84)
[2015.03.24-15.30.43:006][587]LogModuleManager: Shutting down and abandoning module VisualStudioSourceCodeAccess (83)
[2015.03.24-15.30.43:006][587]LogModuleManager: Shutting down and abandoning module UObjectPlugin (82)
[2015.03.24-15.30.43:006][587]LogModuleManager: Shutting down and abandoning module SubversionSourceControl (81)
[2015.03.24-15.30.43:006][587]LogModuleManager: Shutting down and abandoning module SourceControl (80)
[2015.03.24-15.30.43:006][587]LogModuleManager: Shutting down and abandoning module PerforceSourceControl (79)
[2015.03.24-15.30.43:006][587]LogModuleManager: Shutting down and abandoning module BlankPlugin (78)
[2015.03.24-15.30.43:006][587]LogModuleManager: Shutting down and abandoning module ScriptPlugin (77)
[2015.03.24-15.30.43:006][587]LogModuleManager: Shutting down and abandoning module UdpMessaging (76)
[2015.03.24-15.30.43:006][587]LogModuleManager: Shutting down and abandoning module Paper2D (75)
[2015.03.24-15.30.43:007][587]LogModuleManager: Shutting down and abandoning module UE4Game (74)
[2015.03.24-15.30.43:007][587]LogModuleManager: Shutting down and abandoning module WindowsMoviePlayer (73)
[2015.03.24-15.30.43:013][587]LogModuleManager: Shutting down and abandoning module Media (72)
[2015.03.24-15.30.43:013][587]LogModuleManager: Shutting down and abandoning module WmfMedia (71)
[2015.03.24-15.30.43:014][587]LogModuleManager: Shutting down and abandoning module OnlineBlueprintSupport (70)
[2015.03.24-15.30.43:014][587]LogModuleManager: Shutting down and abandoning module PropertyEditor (69)
[2015.03.24-15.30.43:014][587]LogModuleManager: Shutting down and abandoning module BehaviorTreeEditor (68)
[2015.03.24-15.30.43:014][587]LogModuleManager: Shutting down and abandoning module FunctionalTesting (67)
[2015.03.24-15.30.43:014][587]LogModuleManager: Shutting down and abandoning module CollisionAnalyzer (66)
[2015.03.24-15.30.43:014][587]LogModuleManager: Shutting down and abandoning module WorkspaceMenuStructure (65)
[2015.03.24-15.30.43:014][587]LogModuleManager: Shutting down and abandoning module MessageLog (64)
[2015.03.24-15.30.43:014][587]LogModuleManager: Shutting down and abandoning module Sequencer (63)
[2015.03.24-15.30.43:014][587]LogModuleManager: Shutting down and abandoning module AssetTools (62)
[2015.03.24-15.30.43:014][587]LogModuleManager: Shutting down and abandoning module UMGEditor (61)
[2015.03.24-15.30.43:015][587]LogModuleManager: Shutting down and abandoning module UMG (60)
[2015.03.24-15.30.43:015][587]LogModuleManager: Shutting down and abandoning module Slate (59)
[2015.03.24-15.30.43:015][587]LogModuleManager: Shutting down and abandoning module EditorStyle (58)
[2015.03.24-15.30.43:026][587]LogModuleManager: Shutting down and abandoning module SessionServices (57)
[2015.03.24-15.30.43:026][587]LogModuleManager: Shutting down and abandoning module SourceCodeAccess (56)
[2015.03.24-15.30.43:026][587]LogModuleManager: Shutting down and abandoning module HeadMountedDisplay (55)
[2015.03.24-15.30.43:026][587]LogModuleManager: Shutting down and abandoning module XAudio2 (54)
[2015.03.24-15.30.43:026][587]LogModuleManager: Shutting down and abandoning module Networking (52)
[2015.03.24-15.30.43:026][587]LogModuleManager: Shutting down and abandoning module Core (51)
[2015.03.24-15.30.43:026][587]LogModuleManager: Shutting down and abandoning module KismetCompiler (50)
[2015.03.24-15.30.43:026][587]LogModuleManager: Shutting down and abandoning module PhysXFormats (49)
[2015.03.24-15.30.43:026][587]LogModuleManager: Shutting down and abandoning module MeshUtilities (48)
[2015.03.24-15.30.43:026][587]LogModuleManager: Shutting down and abandoning module DerivedDataCache (47)
[2015.03.24-15.30.43:054][587]LogDerivedDataCache: Shutdown
[2015.03.24-15.30.43:054][587]LogModuleManager: Shutting down and abandoning module ShaderFormatOpenGL (46)
[2015.03.24-15.30.43:054][587]LogModuleManager: Shutting down and abandoning module ShaderFormatD3D (45)
[2015.03.24-15.30.43:054][587]LogModuleManager: Shutting down and abandoning module MetalShaderFormat (44)
[2015.03.24-15.30.43:054][587]LogModuleManager: Shutting down and abandoning module TextureFormatUncompressed (43)
[2015.03.24-15.30.43:054][587]LogModuleManager: Shutting down and abandoning module TextureFormatPVR (42)
[2015.03.24-15.30.43:054][587]LogModuleManager: Shutting down and abandoning module TextureFormatDXT (41)
[2015.03.24-15.30.43:054][587]LogModuleManager: Shutting down and abandoning module TextureFormatAndroid (40)
[2015.03.24-15.30.43:054][587]LogModuleManager: Shutting down and abandoning module AudioFormatOpus (39)
[2015.03.24-15.30.43:054][587]LogModuleManager: Shutting down and abandoning module AudioFormatOgg (38)
[2015.03.24-15.30.43:054][587]LogModuleManager: Shutting down and abandoning module AudioFormatADPCM (37)
[2015.03.24-15.30.43:054][587]LogModuleManager: Shutting down and abandoning module LinuxTargetPlatform (36)
[2015.03.24-15.30.43:054][587]LogModuleManager: Shutting down and abandoning module LinuxServerTargetPlatform (35)
[2015.03.24-15.30.43:054][587]LogModuleManager: Shutting down and abandoning module LinuxNoEditorTargetPlatform (34)
[2015.03.24-15.30.43:054][587]LogModuleManager: Shutting down and abandoning module Messaging (33)
[2015.03.24-15.30.43:054][587]LogModuleManager: Shutting down and abandoning module IOSTargetPlatform (32)
[2015.03.24-15.30.43:054][587]LogModuleManager: Shutting down and abandoning module Android_PVRTCTargetPlatform (31)
[2015.03.24-15.30.43:054][587]LogModuleManager: Shutting down and abandoning module Android_ETC2TargetPlatform (30)
[2015.03.24-15.30.43:054][587]LogModuleManager: Shutting down and abandoning module Android_ETC1TargetPlatform (29)
[2015.03.24-15.30.43:054][587]LogModuleManager: Shutting down and abandoning module Android_DXTTargetPlatform (28)
[2015.03.24-15.30.43:054][587]LogModuleManager: Shutting down and abandoning module Android_ATCTargetPlatform (27)
[2015.03.24-15.30.43:054][587]LogModuleManager: Shutting down and abandoning module AndroidTargetPlatform (26)
[2015.03.24-15.30.43:054][587]LogModuleManager: Shutting down and abandoning module WindowsTargetPlatform (25)
[2015.03.24-15.30.43:054][587]LogModuleManager: Shutting down and abandoning module WindowsServerTargetPlatform (24)
[2015.03.24-15.30.43:054][587]LogModuleManager: Shutting down and abandoning module WindowsNoEditorTargetPlatform (23)
[2015.03.24-15.30.43:054][587]LogModuleManager: Shutting down and abandoning module WindowsClientTargetPlatform (22)
[2015.03.24-15.30.43:054][587]LogModuleManager: Shutting down and abandoning module TargetPlatform (21)
[2015.03.24-15.30.43:054][587]LogModuleManager: Shutting down and abandoning module InputCore (20)
[2015.03.24-15.30.43:054][587]LogModuleManager: Shutting down and abandoning module Settings (19)
[2015.03.24-15.30.43:054][587]LogModuleManager: Shutting down and abandoning module ImageWrapper (18)
[2015.03.24-15.30.43:054][587]LogModuleManager: Shutting down and abandoning module OculusRift (15)
[2015.03.24-15.30.43:054][587]LogModuleManager: Shutting down and abandoning module ExampleDeviceProfileSelector (14)
[2015.03.24-15.30.43:054][587]LogModuleManager: Shutting down and abandoning module TextureCompressor (13)
[2015.03.24-15.30.43:054][587]LogModuleManager: Shutting down and abandoning module ShaderCore (12)
[2015.03.24-15.30.43:054][587]LogModuleManager: Shutting down and abandoning module Landscape (11)
[2015.03.24-15.30.43:054][587]LogModuleManager: Shutting down and abandoning module SlateRHIRenderer (10)
[2015.03.24-15.30.43:054][587]LogModuleManager: Shutting down and abandoning module OpenGLDrv (9)
[2015.03.24-15.30.43:054][587]LogModuleManager: Shutting down and abandoning module D3D11RHI (8)
[2015.03.24-15.30.43:054][587]LogModuleManager: Shutting down and abandoning module Renderer (7)
[2015.03.24-15.30.43:054][587]LogModuleManager: Shutting down and abandoning module Engine (6)
[2015.03.24-15.30.43:054][587]LogModuleManager: Shutting down and abandoning module CoreUObject (5)
[2015.03.24-15.30.43:054][587]LogModuleManager: Shutting down and abandoning module NetworkFile (4)
[2015.03.24-15.30.43:054][587]LogModuleManager: Shutting down and abandoning module StreamingFile (3)
[2015.03.24-15.30.43:054][587]LogModuleManager: Shutting down and abandoning module SandboxFile (2)
[2015.03.24-15.30.43:054][587]LogModuleManager: Shutting down and abandoning module PakFile (1)
[2015.03.24-15.30.43:055][587]LogExit: Exiting.
[2015.03.24-15.30.43:056][587]Log file closed, 03/24/15 15:30:43
