Log file open, 03/03/15 15:47:09
LogInit:Display: Running engine for game: MyProject4
LogInit: Version: 4.6.1-2386410+++depot+UE4-Releases+4.6
LogInit: API Version: 2369412
LogInit: Compiled (64-bit): Dec 11 2014 21:31:39
LogInit: Compiled with Visual C++: 18.00.21005.01
LogInit: Build Configuration: Development
LogInit: Branch Name: ++depot+UE4-Releases+4.6
LogInit: Command line:  
LogInit: Base directory: C:/Program Files/Epic Games/4.6/Engine/Binaries/Win64/
LogInit: Rocket: 1
[2015.03.03-15.47.09:312][  0]LogTaskGraph: Started task graph with 3 named threads and 6 total threads.
[2015.03.03-15.47.09:360][  0]LogOnline:Warning: No default platform service specified for OnlineSubsystem
[2015.03.03-15.47.09:376][  0]LogInit: Presizing for 0 objects not considered by GC, pre-allocating 0 bytes.
[2015.03.03-15.47.09:385][  0]LogInit: Object subsystem initialized
[2015.03.03-15.47.09:386][  0]LogConsoleResponse:Warning: Skipping Unknown console variable: 'UIScaleCurve = (EditorCurveData=(Keys=((Time=480.000000,Value=0.444000),(Time=720.000000,Value=0.666000),(Time=1080.000000,Value=1.000000),(Time=8640.000000,Value=8.000000))),ExternalCurve=None)'
[2015.03.03-15.47.09:386][  0]LogConsoleResponse:Warning:   Found in ini file 'C:/Users/Fulltime/Documents/Level26/MyProject4/Saved/Config/Windows/Engine.ini', in section '[/Script/Engine.RendererSettings]'
[2015.03.03-15.47.09:387][  0]LogConsoleManager:Warning: Console variable 'r.MSAA.CompositingSampleCount' wasn't set (Priority ProjectSetting < Scalability)
[2015.03.03-15.47.09:387][  0]LogInit: Selected Device Profile: [Windows]
[2015.03.03-15.47.09:387][  0]LogInit: Applying CVar settings loaded from the selected device profile: [Windows]
[2015.03.03-15.47.09:391][  0]LogInit: Computer: RINGLETLTD18-PC
[2015.03.03-15.47.09:391][  0]LogInit: User: Fulltime
[2015.03.03-15.47.09:392][  0]LogInit: CPU Page size=4096, Cores=4
[2015.03.03-15.47.09:392][  0]LogInit: High frequency timer resolution =3.125029 MHz
[2015.03.03-15.47.09:392][  0]LogMemory: Memory total: Physical=7.9GB (8GB approx) Virtual=8192.0GB
[2015.03.03-15.47.09:392][  0]LogMemory: Platform Memory Stats for Windows
[2015.03.03-15.47.09:392][  0]LogMemory: Process Physical Memory: 50.43 MB used, 50.43 MB peak
[2015.03.03-15.47.09:392][  0]LogMemory: Process Virtual Memory: 26.23 MB used, 26.23 MB peak
[2015.03.03-15.47.09:392][  0]LogMemory: Physical Memory: 3846.72 MB used, 8127.42 MB total
[2015.03.03-15.47.09:392][  0]LogMemory: Virtual Memory: 262.35 MB used, 8388608.00 MB total
[2015.03.03-15.47.09:418][  0]LogD3D11RHI: Found D3D11 adapter 0: NVIDIA GeForce GTX 760 (Feature Level 11_0)
[2015.03.03-15.47.09:418][  0]LogD3D11RHI: Adapter has 1990MB of dedicated video memory, 0MB of dedicated system memory, and 2048MB of shared system memory, 2 output[s]
[2015.03.03-15.47.09:418][  0]LogD3D11RHI: Chosen D3D11 Adapter Id = 0
[2015.03.03-15.47.09:422][  0]LogRHI: Texture pool is 1361 MB (70% of 1945 MB)
[2015.03.03-15.47.09:429][  0]LogD3D11RHI: Async texture creation enabled
[2015.03.03-15.47.09:483][  0]LogTextLocalizationManager: The requested culture ('en_GB') has no localization data; parent culture's ('en') localization data will be used.
[2015.03.03-15.47.09:626][  0]LogContentStreaming: Texture pool size is 0.000000MB
[2015.03.03-15.47.15:756][  0]LogTargetPlatformManager:Display: Building Assets For Windows
[2015.03.03-15.47.16:091][  0]LogTargetPlatformManager:Display: Building Assets For Windows
[2015.03.03-15.47.16:132][  0]LogDerivedDataCache:Display: Max Cache Size: 512 MB
[2015.03.03-15.47.16:167][  0]LogDerivedDataCache: Loaded boot cache 0.03s 39MB C:/Users/Fulltime/AppData/Local/UnrealEngine/4.6/DerivedDataCache/Boot.ddc.
[2015.03.03-15.47.16:167][  0]LogDerivedDataCache:Display: Loaded Boot cache: C:/Users/Fulltime/AppData/Local/UnrealEngine/4.6/DerivedDataCache/Boot.ddc
[2015.03.03-15.47.16:167][  0]LogDerivedDataCache: FDerivedDataBackendGraph:  Pak pak cache file ../../../../../../Users/Fulltime/Documents/Level26/MyProject4/DerivedDataCache/DDC.ddp not found, will not use a pak cache.
[2015.03.03-15.47.16:167][  0]LogDerivedDataCache: Unable to find inner node Pak for hierarchical cache Hierarchy.
[2015.03.03-15.47.16:229][  0]LogDerivedDataCache:Display: Pak cache opened for reading ../../../Engine/DerivedDataCache/DDC.ddp.
[2015.03.03-15.47.16:240][  0]LogDerivedDataCache: Using Local data cache path C:/Users/Fulltime/AppData/Local/UnrealEngine/Common/DerivedDataCache: Writable
[2015.03.03-15.47.16:342][  0]LogCollisionProfile:Warning: Profile (UI) - Custom Channel Name = 'Weapon' hasn't been found
[2015.03.03-15.47.16:466][  0]LogMeshUtilities: No automatic mesh reduction module available
[2015.03.03-15.47.16:466][  0]LogMeshUtilities: No automatic mesh merging module available
[2015.03.03-15.47.16:783][  0]LogInit: WinSock: version 1.1 (2.2), MaxSocks=32767, MaxUdp=65467
[2015.03.03-15.47.16:829][  0]LogSlate:Warning: Failed to load font data from '../../../Engine/Content/Slate/Fonts/Roboto-Italic.ttf'
[2015.03.03-15.47.17:467][  0]UdpMessaging: Initializing bridge on interface 0.0.0.0:0 to multicast group 230.0.0.1:6666.
[2015.03.03-15.47.17:628][  0]LogDirectoryWatcher:Warning: Failed to begin reading directory changes for C:/Users/Fulltime/Documents/Level26/MyProject4/Binaries/Win64. Error: 0
[2015.03.03-15.47.17:736][  0]SourceControl: Info Source control is disabled
[2015.03.03-15.47.17:736][  0]SourceControl: Info Source control is disabled
[2015.03.03-15.47.17:741][  0]SourceControl: Info Source control is disabled
[2015.03.03-15.47.17:827][  0]LogObj: 23754 objects as part of root set at end of initial load.
[2015.03.03-15.47.17:827][  0]LogUObjectAllocator: 5168136 out of 0 bytes used by permanent object pool.
[2015.03.03-15.47.17:873][  0]LogEngine: Initializing Engine...
[2015.03.03-15.47.17:998][  0]LogInit: XAudio2 using 'Speakers (Realtek High Definition Audio)' : 2 channels at 48 kHz using 32 bits per sample (channel mask 0x3)
[2015.03.03-15.47.18:018][  0]LogInit: FAudioDevice initialized.
[2015.03.03-15.47.18:033][  0]LogAIModule: Creating AISystem for world NewWorld
[2015.03.03-15.47.18:056][  0]LogDerivedDataCache: Saved boot cache 0.02s 39MB C:/Users/Fulltime/AppData/Local/UnrealEngine/4.6/DerivedDataCache/Boot.ddc.
[2015.03.03-15.47.18:058][  0]LogInit: Texture streaming: Enabled
[2015.03.03-15.47.18:077][  0]LogAnalytics: Creating configured Analytics provider AnalyticsET
[2015.03.03-15.47.18:077][  0]LogAnalytics: ET APIKey = Rocket.Release. APIServer = http://et2.epicgames.com/ET2/. AppVersion = 4.6.1-2386410+++depot+UE4-Releases+4.6
[2015.03.03-15.47.18:078][  0]LogAnalytics: SetUserId 69f16f0a28d0cebab19564fc86df198d
[2015.03.03-15.47.18:078][  0]LogAnalytics: AnalyticsET::StartSession [Rocket.Release]
[2015.03.03-15.47.18:090][  0]LogInit: Transaction tracking system initialized
[2015.03.03-15.47.18:156][  0]BlueprintLog: New page: Editor Load
[2015.03.03-15.47.18:180][  0]LogAssetRegistry: FAssetRegistry took 0.0100 seconds to start up
[2015.03.03-15.47.18:180][  0]LogDirectoryWatcher:Warning: Failed to begin reading directory changes for ../../../Engine/Plugins/Experimental/CharacterAI/Content/. Error: 0
[2015.03.03-15.47.18:551][  0]LogTargetPlatformManager:Display: Building Assets For Windows
[2015.03.03-15.47.18:837][  0]LogTargetPlatformManager:Display: Building Assets For Windows
[2015.03.03-15.47.18:968][  0]LogConsoleResponse:Display: 
[2015.03.03-15.47.19:004][  0]LogLinker:Warning: Asset '../../../Engine/Content/Functions/Engine_MaterialFunctions03/Procedurals/ComputeFilterWidth.uasset' has been saved with empty engine version. The asset will be loaded but may be incompatible.
[2015.03.03-15.47.19:147][  0]SourceControl: Info Source control is disabled
[2015.03.03-15.47.19:147][  0]Cmd: MAP LOAD FILE="../../../../../../Users/Fulltime/Documents/Level26/MyProject4/Content/Maps/Example_Map.umap" TEMPLATE=0 SHOWPROGRESS=1
[2015.03.03-15.47.19:148][  0]LightingResults: New page: Lighting Build
[2015.03.03-15.47.19:154][  0]MapCheck: New page: Map Check
[2015.03.03-15.47.19:154][  0]LightingResults: New page: Lighting Build
[2015.03.03-15.47.19:161][  0]LogParticles: Destroying 0 GPU particle simulations for FXSystem 0x0000000012D5B6A0
[2015.03.03-15.47.19:904][  0]LogBlueprintUserMessages: 1094.584473
[2015.03.03-15.47.19:905][  0]LogBlueprintUserMessages: 2900.070313
[2015.03.03-15.47.19:905][  0]LogBlueprintUserMessages: 2900.070313
[2015.03.03-15.47.19:905][  0]LogBlueprintUserMessages: 7051.640625
[2015.03.03-15.47.19:905][  0]LogBlueprintUserMessages: 7051.640625
[2015.03.03-15.47.19:912][  0]LogEditorServer: Finished looking for orphan Actors (0.000 secs)
[2015.03.03-15.47.19:912][  0]LogAIModule: Creating AISystem for world Example_Map
[2015.03.03-15.47.19:912][  0]Cmd: MAP CHECKDEP
[2015.03.03-15.47.19:912][  0]MapCheck: New page: Example_Map - 3 Mar 2015 15:47:19
[2015.03.03-15.47.19:988][  0]MapCheck: Info Map check complete: 0 Error(s), 0 Warning(s), took 75.654ms to complete.
[2015.03.03-15.47.19:988][  0]LogFileHelpers: Loading map 'Example_Map' took 0.841
[2015.03.03-15.47.20:071][  0]LogCollectionManager: Loaded 0 collections in 0.000958 seconds
[2015.03.03-15.47.20:249][  0]LogCrashTracker: Crashtracker disabled due to settings.
[2015.03.03-15.47.20:254][  0]LogUObjectGlobals:Warning: Failed to find object 'Class None.'
[2015.03.03-15.47.20:284][  0]LogLoad: Full Startup: 12.77 seconds (BP compile: 0.17 seconds)
[2015.03.03-15.47.20:629][  0]LogContentBrowser:Verbose: The content browser source was changed by the sources view to '/Game/Blueprints'
[2015.03.03-15.47.20:630][  0]LogContentBrowser:Verbose: The content browser source was changed by the sources view to '/Game/Maps'
[2015.03.03-15.47.20:752][  0]LogRenderer:Warning: Reallocating scene render targets to support 1136x672.
[2015.03.03-15.47.22:628][  6]LogAssetRegistry: Asset discovery search completed in 4.4590 seconds
[2015.03.03-15.48.25:139][279]LogActorComponent: UnregisterComponent: (/Engine/Transient.CharacterMovementComponent_0) Not registered. Aborting.
[2015.03.03-15.48.25:175][279]Cmd: MAP LOAD FILE="../../../../../../Users/Fulltime/Documents/Level26/MyProject4/Content/Maps/Project_Scale_House-Lab_1.umap" TEMPLATE=0 SHOWPROGRESS=1
[2015.03.03-15.48.25:175][279]LightingResults: New page: Lighting Build
[2015.03.03-15.48.25:201][279]LoadErrors: New page: Loading map: Project_Scale_House-Lab_1.umap
[2015.03.03-15.48.25:201][279]MapCheck: New page: Map Check
[2015.03.03-15.48.25:202][279]LightingResults: New page: Lighting Build
[2015.03.03-15.48.25:215][279]LogParticles: Destroying 0 GPU particle simulations for FXSystem 0x0000000017CD7380
[2015.03.03-15.48.25:264][279]LogEditorServer: Finished looking for orphan Actors (0.000 secs)
[2015.03.03-15.48.25:264][279]LogAIModule: Creating AISystem for world Project_Scale_House-Lab_1
[2015.03.03-15.48.25:333][279]Cmd: MAP CHECKDEP
[2015.03.03-15.48.25:333][279]MapCheck: New page: Project_Scale_House-Lab_1 - 3 Mar 2015 15:48:25
[2015.03.03-15.48.25:422][279]MapCheck: Info Map check complete: 0 Error(s), 0 Warning(s), took 89.029ms to complete.
[2015.03.03-15.48.25:423][279]LogFileHelpers: Loading map 'Project_Scale_House-Lab_1' took 0.250
[2015.03.03-15.48.56:630][481]LogInstancedFoliage: Map Rebuilt - Update all BSP painted foliage!
[2015.03.03-15.48.57:583][574]Cmd: DELETE
[2015.03.03-15.48.57:583][574]Cmd: ACTOR DELETE
[2015.03.03-15.48.57:585][574]LogEditorActor: Deleted Actor: Brush
[2015.03.03-15.48.57:585][574]LogActorComponent: UnregisterComponent: (/Engine/Transient.CharacterMovementComponent_1) Not registered. Aborting.
[2015.03.03-15.48.57:691][574]LogInstancedFoliage: Map Rebuilt - Update all BSP painted foliage!
[2015.03.03-15.48.57:692][574]LogEditorActor: Deleted 1 Actors (0.108 secs)
[2015.03.03-15.48.57:767][574]LogInstancedFoliage: Map Rebuilt - Update all BSP painted foliage!
[2015.03.03-15.48.58:455][634]Cmd: DELETE
[2015.03.03-15.48.58:455][634]Cmd: ACTOR DELETE
[2015.03.03-15.48.58:456][634]LogEditorActor: Deleted Actor: Brush
[2015.03.03-15.48.58:559][634]LogInstancedFoliage: Map Rebuilt - Update all BSP painted foliage!
[2015.03.03-15.48.58:559][634]LogEditorActor: Deleted 1 Actors (0.104 secs)
[2015.03.03-15.48.58:630][634]LogInstancedFoliage: Map Rebuilt - Update all BSP painted foliage!
[2015.03.03-15.48.58:916][658]Cmd: DELETE
[2015.03.03-15.48.58:916][658]Cmd: ACTOR DELETE
[2015.03.03-15.48.58:918][658]LogEditorActor: Deleted Actor: Brush
[2015.03.03-15.48.59:022][658]LogInstancedFoliage: Map Rebuilt - Update all BSP painted foliage!
[2015.03.03-15.48.59:022][658]LogEditorActor: Deleted 1 Actors (0.106 secs)
[2015.03.03-15.48.59:095][658]LogInstancedFoliage: Map Rebuilt - Update all BSP painted foliage!
[2015.03.03-15.48.59:511][697]Cmd: DELETE
[2015.03.03-15.48.59:511][697]Cmd: ACTOR DELETE
[2015.03.03-15.48.59:513][697]LogEditorActor: Deleted Actor: Brush
[2015.03.03-15.48.59:609][697]LogInstancedFoliage: Map Rebuilt - Update all BSP painted foliage!
[2015.03.03-15.48.59:609][697]LogEditorActor: Deleted 1 Actors (0.097 secs)
[2015.03.03-15.48.59:746][697]LogInstancedFoliage: Map Rebuilt - Update all BSP painted foliage!
[2015.03.03-15.49.00:096][734]LogEditorViewport: Clicking on Actor (LMB): StaticMeshActor (Floor3)
[2015.03.03-15.49.00:103][734]LogPropertyNode:Warning: UI Min (0.001) >= UI Max () for Ranged Numeric
[2015.03.03-15.49.00:190][739]Cmd: DELETE
[2015.03.03-15.49.00:190][739]Cmd: ACTOR DELETE
[2015.03.03-15.49.00:192][739]LogEditorActor: Deleted Actor: StaticMeshActor
[2015.03.03-15.49.00:204][739]LogEditorActor: Deleted 1 Actors (0.013 secs)
[2015.03.03-15.49.02:205][943]Cmd: DELETE
[2015.03.03-15.49.02:205][943]Cmd: ACTOR DELETE
[2015.03.03-15.49.02:208][943]LogEditorActor: Deleted Actor: Brush
[2015.03.03-15.49.02:453][943]LogInstancedFoliage: Map Rebuilt - Update all BSP painted foliage!
[2015.03.03-15.49.02:453][943]LogEditorActor: Deleted 1 Actors (0.247 secs)
[2015.03.03-15.49.02:519][943]LogInstancedFoliage: Map Rebuilt - Update all BSP painted foliage!
[2015.03.03-15.49.03:090][  0]Cmd: DELETE
[2015.03.03-15.49.03:090][  0]Cmd: ACTOR DELETE
[2015.03.03-15.49.03:093][  0]LogEditorActor: Deleted Actor: Brush
[2015.03.03-15.49.03:192][  0]LogInstancedFoliage: Map Rebuilt - Update all BSP painted foliage!
[2015.03.03-15.49.03:192][  0]LogEditorActor: Deleted 1 Actors (0.100 secs)
[2015.03.03-15.49.03:264][  0]LogInstancedFoliage: Map Rebuilt - Update all BSP painted foliage!
[2015.03.03-15.49.07:214][446]Cmd: TRANSACTION UNDO
[2015.03.03-15.49.07:214][446]LogEditorTransaction: Undo Delete Actors
[2015.03.03-15.49.18:861][446]LogInstancedFoliage: Map Rebuilt - Update all BSP painted foliage!
[2015.03.03-15.49.26:592][669]LogRenderer:Warning: Reallocating scene render targets to support 1136x704.
[2015.03.03-15.49.33:209][355]LogEditorViewport: Clicking on Actor (LMB): StaticMeshActor (Floor4)
[2015.03.03-15.49.33:217][355]LogPropertyNode:Warning: UI Min (0.001) >= UI Max () for Ranged Numeric
[2015.03.03-15.49.33:911][418]Cmd: DELETE
[2015.03.03-15.49.33:912][418]Cmd: ACTOR DELETE
[2015.03.03-15.49.33:914][418]LogEditorActor: Deleted Actor: StaticMeshActor
[2015.03.03-15.49.33:929][418]LogEditorActor: Deleted 1 Actors (0.017 secs)
[2015.03.03-15.49.34:680][480]Cmd: DELETE
[2015.03.03-15.49.34:680][480]Cmd: ACTOR DELETE
[2015.03.03-15.49.34:683][480]LogEditorActor: Deleted Actor: Brush
[2015.03.03-15.49.34:774][480]LogInstancedFoliage: Map Rebuilt - Update all BSP painted foliage!
[2015.03.03-15.49.34:774][480]LogEditorActor: Deleted 1 Actors (0.092 secs)
[2015.03.03-15.49.34:843][480]LogInstancedFoliage: Map Rebuilt - Update all BSP painted foliage!
[2015.03.03-15.49.35:273][523]Cmd: DELETE
[2015.03.03-15.49.35:273][523]Cmd: ACTOR DELETE
[2015.03.03-15.49.35:275][523]LogEditorActor: Deleted Actor: Brush
[2015.03.03-15.49.35:366][523]LogInstancedFoliage: Map Rebuilt - Update all BSP painted foliage!
[2015.03.03-15.49.35:366][523]LogEditorActor: Deleted 1 Actors (0.092 secs)
[2015.03.03-15.49.35:431][523]LogInstancedFoliage: Map Rebuilt - Update all BSP painted foliage!
[2015.03.03-15.49.35:809][565]LogEditorViewport: Clicking on Actor (LMB): StaticMeshActor (Floor2)
[2015.03.03-15.49.35:816][565]LogPropertyNode:Warning: UI Min (0.001) >= UI Max () for Ranged Numeric
[2015.03.03-15.49.35:876][567]Cmd: DELETE
[2015.03.03-15.49.35:876][567]Cmd: ACTOR DELETE
[2015.03.03-15.49.35:878][567]LogEditorActor: Deleted Actor: StaticMeshActor
[2015.03.03-15.49.35:892][567]LogEditorActor: Deleted 1 Actors (0.015 secs)
[2015.03.03-15.49.36:862][675]Cmd: DELETE
[2015.03.03-15.49.36:862][675]Cmd: ACTOR DELETE
[2015.03.03-15.49.36:865][675]LogEditorActor: Deleted Actor: Brush
[2015.03.03-15.49.37:603][675]LogInstancedFoliage: Map Rebuilt - Update all BSP painted foliage!
[2015.03.03-15.49.37:603][675]LogEditorActor: Deleted 1 Actors (0.739 secs)
[2015.03.03-15.49.37:665][675]LogInstancedFoliage: Map Rebuilt - Update all BSP painted foliage!
[2015.03.03-15.49.40:855][ 24]Cmd: DELETE
[2015.03.03-15.49.40:855][ 24]Cmd: ACTOR DELETE
[2015.03.03-15.49.40:858][ 24]LogEditorActor: Deleted Actor: Brush
[2015.03.03-15.49.40:935][ 24]LogInstancedFoliage: Map Rebuilt - Update all BSP painted foliage!
[2015.03.03-15.49.40:935][ 24]LogEditorActor: Deleted 1 Actors (0.078 secs)
[2015.03.03-15.49.40:979][ 24]LogInstancedFoliage: Map Rebuilt - Update all BSP painted foliage!
[2015.03.03-15.49.41:671][ 83]Cmd: DELETE
[2015.03.03-15.49.41:671][ 83]Cmd: ACTOR DELETE
[2015.03.03-15.49.41:673][ 83]LogEditorActor: Deleted Actor: Brush
[2015.03.03-15.49.41:819][ 83]LogInstancedFoliage: Map Rebuilt - Update all BSP painted foliage!
[2015.03.03-15.49.41:819][ 83]LogEditorActor: Deleted 1 Actors (0.146 secs)
[2015.03.03-15.49.41:884][ 83]LogInstancedFoliage: Map Rebuilt - Update all BSP painted foliage!
[2015.03.03-15.49.44:329][334]Cmd: DELETE
[2015.03.03-15.49.44:329][334]Cmd: ACTOR DELETE
[2015.03.03-15.49.44:331][334]LogEditorActor: Deleted Actor: Brush
[2015.03.03-15.49.44:401][334]LogInstancedFoliage: Map Rebuilt - Update all BSP painted foliage!
[2015.03.03-15.49.44:401][334]LogEditorActor: Deleted 1 Actors (0.071 secs)
[2015.03.03-15.49.44:441][334]LogInstancedFoliage: Map Rebuilt - Update all BSP painted foliage!
[2015.03.03-15.49.44:970][385]Cmd: DELETE
[2015.03.03-15.49.44:970][385]Cmd: ACTOR DELETE
[2015.03.03-15.49.44:973][385]LogEditorActor: Deleted Actor: Brush
[2015.03.03-15.49.45:047][385]LogInstancedFoliage: Map Rebuilt - Update all BSP painted foliage!
[2015.03.03-15.49.45:047][385]LogEditorActor: Deleted 1 Actors (0.076 secs)
[2015.03.03-15.49.45:088][385]LogInstancedFoliage: Map Rebuilt - Update all BSP painted foliage!
[2015.03.03-15.49.47:512][651]Cmd: DELETE
[2015.03.03-15.49.47:512][651]Cmd: ACTOR DELETE
[2015.03.03-15.49.47:515][651]LogEditorActor: Deleted Actor: Brush
[2015.03.03-15.49.47:583][651]LogInstancedFoliage: Map Rebuilt - Update all BSP painted foliage!
[2015.03.03-15.49.47:583][651]LogEditorActor: Deleted 1 Actors (0.069 secs)
[2015.03.03-15.49.47:621][651]LogInstancedFoliage: Map Rebuilt - Update all BSP painted foliage!
[2015.03.03-15.49.48:184][709]Cmd: DELETE
[2015.03.03-15.49.48:184][709]Cmd: ACTOR DELETE
[2015.03.03-15.49.48:187][709]LogEditorActor: Deleted Actor: Brush
[2015.03.03-15.49.48:252][709]LogInstancedFoliage: Map Rebuilt - Update all BSP painted foliage!
[2015.03.03-15.49.48:252][709]LogEditorActor: Deleted 1 Actors (0.067 secs)
[2015.03.03-15.49.48:289][709]LogInstancedFoliage: Map Rebuilt - Update all BSP painted foliage!
[2015.03.03-15.49.52:271][136]Cmd: DELETE
[2015.03.03-15.49.52:271][136]Cmd: ACTOR DELETE
[2015.03.03-15.49.52:274][136]LogEditorActor: Deleted Actor: Brush
[2015.03.03-15.49.52:344][136]LogInstancedFoliage: Map Rebuilt - Update all BSP painted foliage!
[2015.03.03-15.49.52:344][136]LogEditorActor: Deleted 1 Actors (0.071 secs)
[2015.03.03-15.49.52:382][136]LogInstancedFoliage: Map Rebuilt - Update all BSP painted foliage!
[2015.03.03-15.50.05:269][590]Cmd: DELETE
[2015.03.03-15.50.05:269][590]Cmd: ACTOR DELETE
[2015.03.03-15.50.05:272][590]LogEditorActor: Deleted Actor: Brush
[2015.03.03-15.50.05:336][590]LogInstancedFoliage: Map Rebuilt - Update all BSP painted foliage!
[2015.03.