Log file open, 03/20/15 15:18:29
LogInit:Display: Running engine for game: MyProject4
LogInit: Version: 4.6.1-2386410+++depot+UE4-Releases+4.6
LogInit: API Version: 2369412
LogInit: Compiled (64-bit): Dec 11 2014 21:31:39
LogInit: Compiled with Visual C++: 18.00.21005.01
LogInit: Build Configuration: Development
LogInit: Branch Name: ++depot+UE4-Releases+4.6
LogInit: Command line:  
LogInit: Base directory: C:/Program Files/Epic Games/4.6/Engine/Binaries/Win64/
LogInit: Rocket: 1
[2015.03.20-15.18.29:127][  0]LogTaskGraph: Started task graph with 3 named threads and 6 total threads.
[2015.03.20-15.18.29:192][  0]LogOnline:Warning: No default platform service specified for OnlineSubsystem
[2015.03.20-15.18.29:224][  0]LogInit: Presizing for 0 objects not considered by GC, pre-allocating 0 bytes.
[2015.03.20-15.18.29:233][  0]LogInit: Object subsystem initialized
[2015.03.20-15.18.29:234][  0]LogConsoleResponse:Warning: Skipping Unknown console variable: 'UIScaleCurve = (EditorCurveData=(Keys=((Time=480.000000,Value=0.444000),(Time=720.000000,Value=0.666000),(Time=1080.000000,Value=1.000000),(Time=8640.000000,Value=8.000000))),ExternalCurve=None)'
[2015.03.20-15.18.29:234][  0]LogConsoleResponse:Warning:   Found in ini file 'C:/Users/Fulltime/Documents/Level26 - Copy/MyProject4/Saved/Config/Windows/Engine.ini', in section '[/Script/Engine.RendererSettings]'
[2015.03.20-15.18.29:234][  0]LogConsoleManager:Warning: Console variable 'r.MSAA.CompositingSampleCount' wasn't set (Priority ProjectSetting < Scalability)
[2015.03.20-15.18.29:235][  0]LogInit: Selected Device Profile: [Windows]
[2015.03.20-15.18.29:235][  0]LogInit: Applying CVar settings loaded from the selected device profile: [Windows]
[2015.03.20-15.18.29:246][  0]LogInit: Computer: RINGLETLTD18-PC
[2015.03.20-15.18.29:246][  0]LogInit: User: Fulltime
[2015.03.20-15.18.29:246][  0]LogInit: CPU Page size=4096, Cores=4
[2015.03.20-15.18.29:246][  0]LogInit: High frequency timer resolution =3.125039 MHz
[2015.03.20-15.18.29:246][  0]LogMemory: Memory total: Physical=7.9GB (8GB approx) Virtual=8192.0GB
[2015.03.20-15.18.29:246][  0]LogMemory: Platform Memory Stats for Windows
[2015.03.20-15.18.29:246][  0]LogMemory: Process Physical Memory: 50.43 MB used, 50.43 MB peak
[2015.03.20-15.18.29:246][  0]LogMemory: Process Virtual Memory: 26.15 MB used, 26.16 MB peak
[2015.03.20-15.18.29:246][  0]LogMemory: Physical Memory: 3496.96 MB used, 8127.42 MB total
[2015.03.20-15.18.29:246][  0]LogMemory: Virtual Memory: 266.09 MB used, 8388608.00 MB total
[2015.03.20-15.18.29:269][  0]LogD3D11RHI: Found D3D11 adapter 0: NVIDIA GeForce GTX 760 (Feature Level 11_0)
[2015.03.20-15.18.29:269][  0]LogD3D11RHI: Adapter has 1990MB of dedicated video memory, 0MB of dedicated system memory, and 2048MB of shared system memory, 2 output[s]
[2015.03.20-15.18.29:269][  0]LogD3D11RHI: Chosen D3D11 Adapter Id = 0
[2015.03.20-15.18.29:273][  0]LogRHI: Texture pool is 1361 MB (70% of 1945 MB)
[2015.03.20-15.18.29:281][  0]LogD3D11RHI: Async texture creation enabled
[2015.03.20-15.18.29:329][  0]LogTextLocalizationManager: The requested culture ('en_GB') has no localization data; parent culture's ('en') localization data will be used.
[2015.03.20-15.18.29:475][  0]LogContentStreaming: Texture pool size is 0.000000MB
[2015.03.20-15.18.34:878][  0]LogTargetPlatformManager:Display: Building Assets For Windows
[2015.03.20-15.18.35:358][  0]LogTargetPlatformManager:Display: Building Assets For Windows
[2015.03.20-15.18.35:408][  0]LogDerivedDataCache:Display: Max Cache Size: 512 MB
[2015.03.20-15.18.35:799][  0]LogDerivedDataCache: Loaded boot cache 0.39s 39MB C:/Users/Fulltime/AppData/Local/UnrealEngine/4.6/DerivedDataCache/Boot.ddc.
[2015.03.20-15.18.35:799][  0]LogDerivedDataCache:Display: Loaded Boot cache: C:/Users/Fulltime/AppData/Local/UnrealEngine/4.6/DerivedDataCache/Boot.ddc
[2015.03.20-15.18.35:799][  0]LogDerivedDataCache: FDerivedDataBackendGraph:  Pak pak cache file ../../../../../../Users/Fulltime/Documents/Level26 - Copy/MyProject4/DerivedDataCache/DDC.ddp not found, will not use a pak cache.
[2015.03.20-15.18.35:799][  0]LogDerivedDataCache: Unable to find inner node Pak for hierarchical cache Hierarchy.
[2015.03.20-15.18.35:887][  0]LogDerivedDataCache:Display: Pak cache opened for reading ../../../Engine/DerivedDataCache/DDC.ddp.
[2015.03.20-15.18.35:899][  0]LogDerivedDataCache: Using Local data cache path C:/Users/Fulltime/AppData/Local/UnrealEngine/Common/DerivedDataCache: Writable
[2015.03.20-15.18.37:031][  0]LogCollisionProfile:Warning: Profile (UI) - Custom Channel Name = 'Weapon' hasn't been found
[2015.03.20-15.18.37:233][  0]LogMeshUtilities: No automatic mesh reduction module available
[2015.03.20-15.18.37:233][  0]LogMeshUtilities: No automatic mesh merging module available
[2015.03.20-15.18.38:020][  0]LogInit: WinSock: version 1.1 (2.2), MaxSocks=32767, MaxUdp=65467
[2015.03.20-15.18.38:145][  0]LogSlate:Warning: Failed to load font data from '../../../Engine/Content/Slate/Fonts/Roboto-Italic.ttf'
[2015.03.20-15.18.51:810][  0]UdpMessaging: Initializing bridge on interface 0.0.0.0:0 to multicast group 230.0.0.1:6666.
[2015.03.20-15.18.52:002][  0]LogDirectoryWatcher:Warning: Failed to begin reading directory changes for C:/Users/Fulltime/Documents/Level26 - Copy/MyProject4/Binaries/Win64. Error: 0
[2015.03.20-15.18.52:192][  0]SourceControl: Info Source control is disabled
[2015.03.20-15.18.52:192][  0]SourceControl: Info Source control is disabled
[2015.03.20-15.18.52:198][  0]SourceControl: Info Source control is disabled
[2015.03.20-15.18.52:397][  0]LogObj: 23754 objects as part of root set at end of initial load.
[2015.03.20-15.18.52:397][  0]LogUObjectAllocator: 5168136 out of 0 bytes used by permanent object pool.
[2015.03.20-15.18.52:443][  0]LogEngine: Initializing Engine...
[2015.03.20-15.18.52:655][  0]LogInit: XAudio2 using 'Speakers (Realtek High Definition Audio)' : 2 channels at 48 kHz using 32 bits per sample (channel mask 0x3)
[2015.03.20-15.18.52:663][  0]LogInit: FAudioDevice initialized.
[2015.03.20-15.18.52:678][  0]LogAIModule: Creating AISystem for world NewWorld
[2015.03.20-15.18.52:700][  0]LogDerivedDataCache: Saved boot cache 0.02s 39MB C:/Users/Fulltime/AppData/Local/UnrealEngine/4.6/DerivedDataCache/Boot.ddc.
[2015.03.20-15.18.52:702][  0]LogInit: Texture streaming: Enabled
[2015.03.20-15.18.52:721][  0]LogAnalytics: Creating configured Analytics provider AnalyticsET
[2015.03.20-15.18.52:721][  0]LogAnalytics: ET APIKey = Rocket.Release. APIServer = http://et2.epicgames.com/ET2/. AppVersion = 4.6.1-2386410+++depot+UE4-Releases+4.6
[2015.03.20-15.18.52:722][  0]LogAnalytics: SetUserId 69f16f0a28d0cebab19564fc86df198d
[2015.03.20-15.18.52:722][  0]LogAnalytics: AnalyticsET::StartSession [Rocket.Release]
[2015.03.20-15.18.52:733][  0]LogInit: Transaction tracking system initialized
[2015.03.20-15.18.52:797][  0]BlueprintLog: New page: Editor Load
[2015.03.20-15.18.52:821][  0]LogAssetRegistry: FAssetRegistry took 0.0099 seconds to start up
[2015.03.20-15.18.52:821][  0]LogDirectoryWatcher:Warning: Failed to begin reading directory changes for ../../../Engine/Plugins/Experimental/CharacterAI/Content/. Error: 0
[2015.03.20-15.18.53:270][  0]LogTargetPlatformManager:Display: Building Assets For Windows
[2015.03.20-15.18.53:563][  0]LogTargetPlatformManager:Display: Building Assets For Windows
[2015.03.20-15.18.53:690][  0]LogConsoleResponse:Display: 
[2015.03.20-15.18.53:942][  0]LogLinker:Warning: Asset '../../../Engine/Content/Functions/Engine_MaterialFunctions03/Procedurals/ComputeFilterWidth.uasset' has been saved with empty engine version. The asset will be loaded but may be incompatible.
[2015.03.20-15.18.54:412][  0]SourceControl: Info Source control is disabled
[2015.03.20-15.18.54:412][  0]Cmd: MAP LOAD FILE="../../../../../../Users/Fulltime/Documents/Level26 - Copy/MyProject4/Content/Maps/Basement.umap" TEMPLATE=0 SHOWPROGRESS=1
[2015.03.20-15.18.54:412][  0]LightingResults: New page: Lighting Build
[2015.03.20-15.18.54:419][  0]MapCheck: New page: Map Check
[2015.03.20-15.18.54:419][  0]LightingResults: New page: Lighting Build
[2015.03.20-15.18.54:425][  0]LogParticles: Destroying 0 GPU particle simulations for FXSystem 0x00000000110036A0
[2015.03.20-15.18.56:417][  0]LogMaterial: Missing cached shader map for material DaylightAmbientCubemap_Mat, compiling.
[2015.03.20-15.18.56:417][  0]LogMaterial:Warning: Failed to compile Material /Engine/MapTemplates/Sky/DaylightAmbientCubemap_Mat.DaylightAmbientCubemap_Mat for platform PCD3D_SM5, Default Material will be used in game.
[2015.03.20-15.18.56:417][  0]LogMaterial:Warning: 	(Node TextureSample) Coercion failed: Parameters.TexCoords[0].xy: float2 -> float3
[2015.03.20-15.18.56:891][  0]LogPhysics:Warning: AddConvexElemsToRigidActor: [/Game/StaticFromBSP/Cabinet.Cabinet] ConvexElem[2] has negative scale. Not currently supported
[2015.03.20-15.18.56:892][  0]LogPhysics:Warning: AddConvexElemsToRigidActor: [/Game/StaticFromBSP/Cabinet.Cabinet] ConvexElem[3] has negative scale. Not currently supported
[2015.03.20-15.18.56:892][  0]LogPhysics:Warning: AddConvexElemsToRigidActor: [/Game/StaticFromBSP/Cabinet.Cabinet] ConvexElem[4] has negative scale. Not currently supported
[2015.03.20-15.18.56:895][  0]LogBlueprintUserMessages: 78097.59375
[2015.03.20-15.18.56:896][  0]LogBlueprintUserMessages: 165848.375
[2015.03.20-15.18.56:897][  0]LogBlueprintUserMessages: 200119.609375
[2015.03.20-15.18.56:898][  0]LogBlueprintUserMessages: 120789.015625
[2015.03.20-15.18.56:899][  0]LogBlueprintUserMessages: 78097.59375
[2015.03.20-15.18.56:900][  0]LogBlueprintUserMessages: 17954.421875
[2015.03.20-15.18.56:901][  0]LogBlueprintUserMessages: 165848.375
[2015.03.20-15.18.56:902][  0]LogBlueprintUserMessages: 165848.375
[2015.03.20-15.18.56:903][  0]LogBlueprintUserMessages: 165848.375
[2015.03.20-15.18.56:904][  0]LogBlueprintUserMessages: 165848.375
[2015.03.20-15.18.56:906][  0]LogBlueprintUserMessages: 124527.09375
[2015.03.20-15.18.56:906][  0]LogBlueprintUserMessages: 124527.09375
[2015.03.20-15.18.56:908][  0]LogEditorServer: Finished looking for orphan Actors (0.000 secs)
[2015.03.20-15.18.56:909][  0]LogAIModule: Creating AISystem for world Basement
[2015.03.20-15.18.56:909][  0]Cmd: MAP CHECKDEP
[2015.03.20-15.18.56:909][  0]MapCheck: New page: Basement - 20 Mar 2015 15:18:56
[2015.03.20-15.18.56:986][  0]MapCheck: Info Map check complete: 0 Error(s), 0 Warning(s), took 76.366ms to complete.
[2015.03.20-15.18.56:986][  0]LogFileHelpers: Loading map 'Basement' took 2.574
[2015.03.20-15.18.57:142][  0]LogCollectionManager: Loaded 0 collections in 0.001978 seconds
[2015.03.20-15.18.57:494][  0]LogCrashTracker: Crashtracker disabled due to settings.
[2015.03.20-15.18.57:499][  0]LogUObjectGlobals:Warning: Failed to find object 'Class None.'
[2015.03.20-15.18.57:524][  0]LogLoad: Full Startup: 30.60 seconds (BP compile: 0.14 seconds)
[2015.03.20-15.18.57:868][  0]LogContentBrowser:Verbose: The content browser source was changed by the sources view to '/Game/Blueprints'
[2015.03.20-15.18.57:869][  0]LogContentBrowser:Verbose: The content browser source was changed by the sources view to '/Game/Blueprints'
[2015.03.20-15.18.58:013][  0]LogRenderer:Warning: Reallocating scene render targets to support 1136x672.
[2015.03.20-15.18.59:695][  3]LogPropertyNode:Warning: UI Min (0.001) >= UI Max () for Ranged Numeric
[2015.03.20-15.18.59:698][  3]LogPropertyNode:Warning: UI Min (0.001) >= UI Max () for Ranged Numeric
[2015.03.20-15.18.59:759][  3]LogPropertyNode:Warning: UI Min (0.001) >= UI Max () for Ranged Numeric
[2015.03.20-15.18.59:760][  3]LogPropertyNode:Warning: UI Min (0.001) >= UI Max () for Ranged Numeric
[2015.03.20-15.19.01:922][  9]LogPlayLevel: PIE:  No blueprints needed recompiling
[2015.03.20-15.19.01:923][  9]PIE: New page: PIE session: Basement (20 Mar 2015 15:19:01)
[2015.03.20-15.19.01:930][  9]LogPlayLevel: PIE: StaticDuplicateObject took: (0.006728s)
[2015.03.20-15.19.01:930][  9]LogPlayLevel: PIE: World Init took: (0.000425s)
[2015.03.20-15.19.01:930][  9]LogPlayLevel: PIE: Created PIE world by copying editor world from /Game/Maps/Basement.Basement to /Game/Maps/UEDPIE_0_Basement.Basement (0.007330s)
[2015.03.20-15.19.02:082][  9]LogWorld: Game class is 'MyGame_C'
[2015.03.20-15.19.02:085][  9]LogAIModule: Creating AISystem for world Basement
[2015.03.20-15.19.02:087][  9]LogPhysics:Warning: AddConvexElemsToRigidActor: [/Game/StaticFromBSP/Cabinet.Cabinet] ConvexElem[2] has negative scale. Not currently supported
[2015.03.20-15.19.02:087][  9]LogPhysics:Warning: AddConvexElemsToRigidActor: [/Game/StaticFromBSP/Cabinet.Cabinet] ConvexElem[3] has negative scale. Not currently supported
[2015.03.20-15.19.02:087][  9]LogPhysics:Warning: AddConvexElemsToRigidActor: [/Game/StaticFromBSP/Cabinet.Cabinet] ConvexElem[4] has negative scale. Not currently supported
[2015.03.20-15.19.02:089][  9]LogWorld: Bringing World /Game/Maps/UEDPIE_0_Basement.Basement up for play (max tick rate 0) at 2015.03.20-15.19.02
[2015.03.20-15.19.02:090][  9]LogWorld: Bringing up level for play took: 0.005173
[2015.03.20-15.19.02:092][  9]LogBlueprintUserMessages: 0
[2015.03.20-15.19.02:093][  9]PIE: Info Play in editor start time for /Game/Maps/UEDPIE_0_Basement 0.257
[2015.03.20-15.19.02:847][ 16]LogAssetRegistry: Asset discovery search completed in 10.0356 seconds
[2015.03.20-15.19.09:237][301]LogActorComponent: UnregisterComponent: (/Engine/Transient.CharacterMovementComponent_0) Not registered. Aborting.
[2015.03.20-15.19.09:256][301]LogParticles: Destroying 0 GPU particle simulations for FXSystem 0x000000001FBCE660
[2015.03.20-15.19.18:092][666]LogPlayLevel: PIE:  No blueprints needed recompiling
[2015.03.20-15.19.18:092][666]PIE: New page: PIE session: Basement (20 Mar 2015 15:19:18)
[2015.03.20-15.19.18:099][666]LogPlayLevel: PIE: StaticDuplicateObject took: (0.006451s)
[2015.03.20-15.19.18:099][666]LogPlayLevel: PIE: World Init took: (0.000415s)
[2015.03.20-15.19.18:099][666]LogPlayLevel: PIE: Created PIE world by copying editor world from /Game/Maps/Basement.Basement to /Game/Maps/UEDPIE_0_Basement.Basement (0.007046s)
[2015.03.20-15.19.18:133][666]LogWorld: Game class is 'MyGame_C'
[2015.03.20-15.19.18:136][666]LogAIModule: Creating AISystem for world Basement
[2015.03.20-15.19.18:138][666]LogPhysics:Warning: AddConvexElemsToRigidActor: [/Game/StaticFromBSP/Cabinet.Cabinet] ConvexElem[2] has negative scale. Not currently supported
[2015.03.20-15.19.18:138][666]LogPhysics:Warning: AddConvexElemsToRigidActor: [/Game/StaticFromBSP/Cabinet.Cabinet] ConvexElem[3] has negative scale. Not currently supported
[2015.03.20-15.19.18:138][666]LogPhysics:Warning: AddConvexElemsToRigidActor: [/Game/StaticFromBSP/Cabinet.Cabinet] ConvexElem[4] has negative scale. Not currently supported
[2015.03.20-15.19.18:140][666]LogWorld: Bringing World /Game/Maps/UEDPIE_0_Basement.Basement up for play (max tick rate 0) at 2015.03.20-15.19.18
[2015.03.20-15.19.18:142][666]LogWorld: Bringing up level for play took: 0.005855
[2015.03.20-15.19.18:144][666]LogBlueprintUserMessages: 0
[2015.03.20-15.19.18:144][666]PIE: Info Play in editor start time for /Game/Maps/UEDPIE_0_Basement 0.31
[2015.03.20-15.19.35:086][391]LogParticles: Destroying 0 GPU particle simulations for FXSystem 0x0000000010865940
[2015.03.20-15.19.40:405][615]LogPlayLevel: PIE:  No blueprints needed recompiling
[2015.03.20-15.19.40:405][615]PIE: New page: PIE session: Basement (20 Mar 2015 15:19:40)
[2015.03.20-15.19.40:411][615]LogPlayLevel: PIE: StaticDuplicateObject took: (0.006422s)
[2015.03.20-15.19.40:412][615]LogPlayLevel: PIE: World Init took: (0.000456s)
[2015.03.20-15.19.40:412][615]LogPlayLevel: PIE: Created PIE world by copying editor world from /Game/Maps/Basement.Basement to /Game/Maps/UEDPIE_0_Basement.Basement (0.007036s)
[2015.03.20-15.19.40:442][615]LogWorld: Game class is 'MyGame_C'
[2015.03.20-15.19.40:443][615]LogAIModule: Creating AISystem for world Basement
[2015.03.20-15.19.40:444][615]LogPhysics:Warning: AddConvexElemsToRigidActor: [/Game/StaticFromBSP/Cabinet.Cabinet] ConvexElem[2] has negative scale. Not currently supported
[2015.03.20-15.19.40:444][615]LogPhysics:Warning: AddConvexElemsToRigidActor: [/Game/StaticFromBSP/Cabinet.Cabinet] ConvexElem[3] has negative scale. Not currently supported
[2015.03.20-15.19.40:444][615]LogPhysics:Warning: AddConvexElemsToRigidActor: [/Game/StaticFromBSP/Cabinet.Cabinet] ConvexElem[4] has negative scale. Not currently supported
[2015.03.20-15.19.40:445][615]LogWorld: Bringing World /Game/Maps/UEDPIE_0_Basement.Basement up for play (max tick rate 0) at 2015.03.20-15.19.40
[2015.03.20-15.19.40:446][615]LogWorld: Bringing up level for play took: 0.002880
[2015.03.20-15.19.40:447][615]LogBlueprintUserMessages: 0
[2015.03.20-15.19.40:447][615]PIE: Info Play in editor start time for /Game/Maps/UEDPIE_0_Basement 0.612
[2015.03.20-15.22.35:744][169]LogCharacterMovement: MyCharacter_C_2 is stuck and failed to move!
[2015.03.20-15.22.35:766][170]LogCharacterMovement: MyCharacter_C_2 is stuck and failed to move!
[2015.03.20-15.23.50:786][435]LogContentBrowser:Verbose: The content browser source was changed by the sources view to '/Game/Character'
[2015.03.20-15.24.56:460][933]LogFactory: FactoryCreateBinary: StaticMesh with FbxFactory (0 0 E:/Character UE4 Test/Character anim UE4 Test.FBX)
[2015.03.20-15.24.56:645][933]LogFbx: ItemName: GlobalSettings, ItemCount : 1
[2015.03.20-15.24.56:645][933]LogFbx: ItemName: AnimationStack, ItemCount : 1
[2015.03.20-15.24.56:645][933]LogFbx: ItemName: AnimationLayer, ItemCount : 1
[2015.03.20-15.24.56:645][933]LogFbx: ItemName: Model, ItemCount : 70
[2015.03.20-15.24.56:645][933]LogFbx: ItemName: NodeAttribute, ItemCount : 130
[2015.03.20-15.24.56:645][933]LogFbx: ItemName: Geometry, ItemCount : 11
[2015.03.20-15.24.56:645][933]LogFbx: ItemName: Material, ItemCount : 7
[2015.03.20-15.24.56:645][933]LogFbx: ItemName: Texture, ItemCount : 3
[2015.03.20-15.24.56:645][933]LogFbx: ItemName: AnimationCurve, ItemCount : 354
[2015.03.20-15.24.56:645][933]LogFbx: ItemName: AnimationCurveNode, ItemCount : 118
[2015.03.20-15.24.56:645][933]LogFbx: ItemName: Deformer, ItemCount : 74
[2015.03.20-15.24.56:645][933]LogFbx: ItemName: Pose, ItemCount : 1
[2015.03.20-15.24.56:645][933]LogFbx: ItemName: Video, ItemCount : 3
[2015.03.20-15.25.23:050][  8]LogFactory: FactoryCreateBinary: StaticMesh with FbxFactory (0 0 E:/Character UE4 Test/Character UE4 Test.FBX)
[2015.03.20-15.25.23:262][  8]LogFbx: ItemName: GlobalSettings, ItemCount : 1
[2015.03.20-15.25.23:262][  8]LogFbx: ItemName: AnimationStack, ItemCount : 1
[2015.03.20-15.25.23:263][  8]LogFbx: ItemName: AnimationLayer, ItemCount : 1
[2015.03.20-15.25.23:263][  8]LogFbx: ItemName: Model, ItemCount : 57
[2015.03.20-15.25.23:263][  8]LogFbx: ItemName: NodeAttribute, ItemCount : 117
[2015.03.20-15.25.23:263][  8]LogFbx: ItemName: Geometry, ItemCount : 11
[2015.03.20-15.25.23:263][  8]LogFbx: ItemName: Material, ItemCount : 7
[2015.03.20-15.25.23:263][  8]LogFbx: ItemName: Texture, ItemCount : 3
[2015.03.20-15.25.23:263][  8]LogFbx: ItemName: Deformer, ItemCount : 74
[2015.03.20-15.25.23:263][  8]LogFbx: ItemName: Pose, ItemCount : 1
[2015.03.20-15.25.23:263][  8]LogFbx: ItemName: Video, ItemCount : 3
[2015.03.20-15.29.44:525][  8]LogFbx: Loading FBX Scene from E:/Character UE4 Test/Character UE4 Test.FBX
[2015.03.20-15.29.45:128][  8]LogFbx: FBX Scene Loaded Succesfully
[2015.03.20-15.29.45:143][  8]LogFbx: =================================================
[2015.03.20-15.29.45:143][  8]LogFbx: Dumping Node START [Sphere001] 
[2015.03.20-15.29.45:143][  8]LogFbx: 	Total Deformer Count 208759552.
[2015.03.20-15.29.45:143][  8]LogFbx: 	Attribute () Type (4).
[2015.03.20-15.29.45:143][  8]LogFbx: 		[Node Attribute Child 1] Sphere001 (Type Mesh).
[2015.03.20-15.29.45:143][  8]LogFbx: Dumping Node END [Sphere001]
[2015.03.20-15.29.45:144][  8]LogFbx: =================================================
[2015.03.20-15.29.45:144][  8]LogFbx: Dumping Node START [Character] 
[2015.03.20-15.29.45:144][  8]LogFbx: 	Total Deformer Count 208759104.
[2015.03.20-15.29.45:144][  8]LogFbx: 		[Node 1]  (Type Skin).
[2015.03.20-15.29.45:144][  8]LogFbx: =================================================
[2015.03.20-15.29.45:144][  8]LogFbx: 	Attribute () Type (4).
[2015.03.20-15.29.45:144][  8]LogFbx: 		[Node Attribute Child 1] Character (Type Mesh).
[2015.03.20-15.29.45:144][  8]LogFbx: Dumping Node END [Character]
[2015.03.20-15.29.45:144][  8]LogFbx: =================================================
[2015.03.20-15.29.45:144][  8]LogFbx: Dumping Node START [Backpack] 
[2015.03.20-15.29.45:144][  8]LogFbx: 	Total Deformer Count 662576776.
[2015.03.20-15.29.45:144][  8]LogFbx: 		[Node 1]  (Type Skin).
[2015.03.20-15.29.45:144][  8]LogFbx: =================================================
[2015.03.20-15.29.45:144][  8]LogFbx: 	Attribute () Type (4).
[2015.03.20-15.29.45:144][  8]LogFbx: 		[Node Attribute Child 1] Backpack (Type Mesh).
[2015.03.20-15.29.45:144][  8]LogFbx: Dumping Node END [Backpack]
[2015.03.20-15.29.45:144][  8]LogFbx: =================================================
[2015.03.20-15.29.45:144][  8]LogFbx: Dumping Node START [Piston1] 
[2015.03.20-15.29.45:144][  8]LogFbx: 	Total Deformer Count 662570784.
[2015.03.20-15.29.45:144][  8]LogFbx: 		[Node 1]  (Type Skin).
[2015.03.20-15.29.45:144][  8]LogFbx: =================================================
[2015.03.20-15.29.45:144][  8]LogFbx: 	Attribute () Type (4).
[2015.03.20-15.29.45:144][  8]LogFbx: 		[Node Attribute Child 1] Piston1 (Type Mesh).
[2015.03.20-15.29.45:144][  8]LogFbx: Dumping Node END [Piston1]
[2015.03.20-15.29.45:144][  8]LogFbx: =================================================
[2015.03.20-15.29.45:144][  8]LogFbx: Dumping Node START [GlassOrb] 
[2015.03.20-15.29.45:144][  8]LogFbx: 	Total Deformer Count 662570784.
[2015.03.20-15.29.45:144][  8]LogFbx: 		[Node 1]  (Type Skin).
[2015.03.20-15.29.45:144][  8]LogFbx: =================================================
[2015.03.20-15.29.45:144][  8]LogFbx: 	Attribute () Type (4).
[2015.03.20-15.29.45:144][  8]LogFbx: 		[Node Attribute Child 1] GlassOrb (Type Mesh).
[2015.03.20-15.29.45:144][  8]LogFbx: Dumping Node END [GlassOrb]
[2015.03.20-15.29.45:144][  8]LogFbx: =================================================
[2015.03.20-15.29.45:144][  8]LogFbx: Dumping Node START [Piston2] 
[2015.03.20-15.29.45:144][  8]LogFbx: 	Total Deformer Count 662570784.
[2015.03.20-15.29.45:144][  8]LogFbx: 		[Node 1]  (Type Skin).
[2015.03.20-15.29.45:144][  8]LogFbx: =================================================
[2015.03.20-15.29.45:144][  8]LogFbx: 	Attribute () Type (4).
[2015.03.20-15.29.45:144][  8]LogFbx: 		[Node Attribute Child 1] Piston2 (Type Mesh).
[2015.03.20-15.29.45:144][  8]LogFbx: Dumping Node END [Piston2]
[2015.03.20-15.29.45:144][  8]LogFbx: =================================================
[2015.03.20-15.29.45:144][  8]LogFbx: Dumping Node START [Tube] 
[2015.03.20-15.29.45:144][  8]LogFbx: 	Total Deformer Count 662475568.
[2015.03.20-15.29.45:144][  8]LogFbx: 		[Node 1]  (Type Skin).
[2015.03.20-15.29.45:144][  8]LogFbx: =================================================
[2015.03.20-15.29.45:144][  8]LogFbx: 	Attribute () Type (4).
[2015.03.20-15.29.45:144][  8]LogFbx: 		[Node Attribute Child 1] Tube (Type Mesh).
[2015.03.20-15.29.45:144][  8]LogFbx: Dumping Node END [Tube]
[2015.03.20-15.29.45:144][  8]LogFbx: =================================================
[2015.03.20-15.29.45:144][  8]LogFbx: Dumping Node START [Sphere001] 
[2015.03.20-15.29.45:144][  8]LogFbx: 	Total Deformer Count 277184640.
[2015.03.20-15.29.45:144][  8]LogFbx: 	Attribute () Type (4).
[2015.03.20-15.29.45:144][  8]LogFbx: 		[Node Attribute Child 1] Sphere001 (Type Mesh).
[2015.03.20-15.29.45:144][  8]LogFbx: Dumping Node END [Sphere001]
[2015.03.20-15.29.45:145][  8]LogFbx: =================================================
[2015.03.20-15.29.45:145][  8]LogFbx: Dumping Node START [Sphere001] 
[2015.03.20-15.29.45:145][  8]LogFbx: 	Total Deformer Count 277184640.
[2015.03.20-15.29.45:145][  8]LogFbx: 	Attribute () Type (4).
[2015.03.20-15.29.45:145][  8]LogFbx: 		[Node Attribute Child 1] Sphere001 (Type Mesh).
[2015.03.20-15.29.45:145][  8]LogFbx: Dumping Node END [Sphere001]
[2015.03.20-15.29.45:145][  8]LogFbx: =================================================
[2015.03.20-15.29.45:145][  8]LogFbx: Dumping Node START [Sphere001] 
[2015.03.20-15.29.45:145][  8]LogFbx: 	Total Deformer Count 277184640.
[2015.03.20-15.29.45:145][  8]LogFbx: 	Attribute () Type (4).
[2015.03.20-15.29.45:145][  8]LogFbx: 		[Node Attribute Child 1] Sphere001 (Type Mesh).
[2015.03.20-15.29.45:145][  8]LogFbx: Dumping Node END [Sphere001]
[2015.03.20-15.29.45:145][  8]LogFbx: =================================================
[2015.03.20-15.29.45:145][  8]LogFbx: Dumping Node START [Sphere001] 
[2015.03.20-15.29.45:145][  8]LogFbx: 	Total Deformer Count 277184640.
[2015.03.20-15.29.45:145][  8]LogFbx: 	Attribute () Type (4).
[2015.03.20-15.29.45:145][  8]LogFbx: 		[Node Attribute Child 1] Sphere001 (Type Mesh).
[2015.03.20-15.29.45:145][  8]LogFbx: Dumping Node END [Sphere001]
[2015.03.20-15.29.45:145][  8]LogFbx: =================================================
[2015.03.20-15.29.45:145][  8]LogFbx: Dumping Node START [Sphere001] 
[2015.03.20-15.29.45:145][  8]LogFbx: 	Total Deformer Count 277184640.
[2015.03.20-15.29.45:145][  8]LogFbx: 	Attribute () Type (4).
[2015.03.20-15.29.45:145][  8]LogFbx: 		[Node Attribute Child 1] Sphere001 (Type Mesh).
[2015.03.20-15.29.45:145][  8]LogFbx: Dumping Node END [Sphere001]
[2015.03.20-15.29.45:145][  8]LogFbx: =================================================
[2015.03.20-15.29.45:145][  8]LogFbx: Dumping Node START [Sphere001] 
[2015.03.20-15.29.45:145][  8]LogFbx: 	Total Deformer Count 277184640.
[2015.03.20-15.29.45:145][  8]LogFbx: 	Attribute () Type (4).
[2015.03.20-15.29.45:145][  8]LogFbx: 		[Node Attribute Child 1] Sphere001 (Type Mesh).
[2015.03.20-15.29.45:145][  8]LogFbx: Dumping Node END [Sphere001]
[2015.03.20-15.29.45:145][  8]LogFbx: =================================================
[2015.03.20-15.29.45:145][  8]LogFbx: Dumping Node START [Sphere001] 
[2015.03.20-15.29.45:145][  8]LogFbx: 	Total Deformer Count 277187008.
[2015.03.20-15.29.45:145][  8]LogFbx: 	Attribute () Type (4).
[2015.03.20-15.29.45:145][  8]LogFbx: 		[Node Attribute Child 1] Sphere001 (Type Mesh).
[2015.03.20-15.29.45:145][  8]LogFbx: Dumping Node END [Sphere001]
[2015.03.20-15.29.45:145][  8]LogFbx: =================================================
[2015.03.20-15.29.45:145][  8]LogFbx: Dumping Node START [Sphere001] 
[2015.03.20-15.29.45:145][  8]LogFbx: 	Total Deformer Count 277187008.
[2015.03.20-15.29.45:145][  8]LogFbx: 	Attribute () Type (4).
[2015.03.20-15.29.45:145][  8]LogFbx: 		[Node Attribute Child 1] Sphere001 (Type Mesh).
[2015.03.20-15.29.45:145][  8]LogFbx: Dumping Node END [Sphere001]
[2015.03.20-15.29.45:145][  8]LogFbx: =================================================
[2015.03.20-15.29.45:145][  8]LogFbx: Dumping Node START [Sphere001] 
[2015.03.20-15.29.45:145][  8]LogFbx: 	Total Deformer Count 277187008.
[2015.03.20-15.29.45:145][  8]LogFbx: 	Attribute () Type (4).
[2015.03.20-15.29.45:145][  8]LogFbx: 		[Node Attribute Child 1] Sphere001 (Type Mesh).
[2015.03.20-15.29.45:145][  8]LogFbx: Dumping Node END [Sphere001]
[2015.03.20-15.29.45:145][  8]LogFbx: =================================================
[2015.03.20-15.29.45:145][  8]LogFbx: Dumping Node START [Sphere001] 
[2015.03.20-15.29.45:145][  8]LogFbx: 	Total Deformer Count 277187008.
[2015.03.20-15.29.45:145][  8]LogFbx: 	Attribute () Type (4).
[2015.03.20-15.29.45:145][  8]LogFbx: 		[Node Attribute Child 1] Sphere001 (Type Mesh).
[2015.03.20-15.29.45:145][  8]LogFbx: Dumping Node END [Sphere001]
[2015.03.20-15.29.45:145][  8]LogFbx: =================================================
[2015.03.20-15.29.45:145][  8]LogFbx: Dumping Node START [Sphere001] 
[2015.03.20-15.29.45:146][  8]LogFbx: 	Total Deformer Count 277187008.
[2015.03.20-15.29.45:146][  8]LogFbx: 	Attribute () Type (4).
[2015.03.20-15.29.45:146][  8]LogFbx: 		[Node Attribute Child 1] Sphere001 (Type Mesh).
[2015.03.20-15.29.45:146][  8]LogFbx: Dumping Node END [Sphere001]
[2015.03.20-15.29.45:146][  8]LogFbx: =================================================
[2015.03.20-15.29.45:146][  8]LogFbx: Dumping Node START [Sphere001] 
[2015.03.20-15.29.45:146][  8]LogFbx: 	Total Deformer Count 277187008.
[2015.03.20-15.29.45:146][  8]LogFbx: 	Attribute () Type (4).
[2015.03.20-15.29.45:146][  8]LogFbx: 		[Node Attribute Child 1] Sphere001 (Type Mesh).
[2015.03.20-15.29.45:146][  8]LogFbx: Dumping Node END [Sphere001]
[2015.03.20-15.29.45:146][  8]LogFbx: =================================================
[2015.03.20-15.29.45:146][  8]LogFbx: Dumping Node START [Character] 
[2015.03.20-15.29.45:146][  8]LogFbx: 	Total Deformer Count 277187008.
[2015.03.20-15.29.45:146][  8]LogFbx: 		[Node 1]  (Type Skin).
[2015.03.20-15.29.45:146][  8]LogFbx: =================================================
[2015.03.20-15.29.45:146][  8]LogFbx: 	Attribute () Type (4).
[2015.03.20-15.29.45:146][  8]LogFbx: 		[Node Attribute Child 1] Character (Type Mesh).
[2015.03.20-15.29.45:146][  8]LogFbx: Dumping Node END [Character]
[2015.03.20-15.29.45:146][  8]LogFbx: =================================================
[2015.03.20-15.29.45:146][  8]LogFbx: Dumping Node START [Backpack] 
[2015.03.20-15.29.45:146][  8]LogFbx: 	Total Deformer Count 662576496.
[2015.03.20-15.29.45:146][  8]LogFbx: 		[Node 1]  (Type Skin).
[2015.03.20-15.29.45:146][  8]LogFbx: =================================================
[2015.03.20-15.29.45:146][  8]LogFbx: 	Attribute () Type (4).
[2015.03.20-15.29.45:146][  8]LogFbx: 		[Node Attribute Child 1] Backpack (Type Mesh).
[2015.03.20-15.29.45:146][  8]LogFbx: Dumping Node END [Backpack]
[2015.03.20-15.29.45:146][  8]LogFbx: =================================================
[2015.03.20-15.29.45:146][  8]LogFbx: Dumping Node START [Piston1] 
[2015.03.20-15.29.45:146][  8]LogFbx: 	Total Deformer Count 662576776.
[2015.03.20-15.29.45:146][  8]LogFbx: 		[Node 1]  (Type Skin).
[2015.03.20-15.29.45:146][  8]LogFbx: =================================================
[2015.03.20-15.29.45:146][  8]LogFbx: 	Attribute () Type (4).
[2015.03.20-15.29.45:146][  8]LogFbx: 		[Node Attribute Child 1] Piston1 (Type Mesh).
[2015.03.20-15.29.45:146][  8]LogFbx: Dumping Node END [Piston1]
[2015.03.20-15.29.45:146][  8]LogFbx: =================================================
[2015.03.20-15.29.45:146][  8]LogFbx: Dumping Node START [GlassOrb] 
[2015.03.20-15.29.45:146][  8]LogFbx: 	Total Deformer Count 662576776.
[2015.03.20-15.29.45:146][  8]LogFbx: 		[Node 1]  (Type Skin).
[2015.03.20-15.29.45:146][  8]LogFbx: =================================================
[2015.03.20-15.29.45:146][  8]LogFbx: 	Attribute () Type (4).
[2015.03.20-15.29.45:146][  8]LogFbx: 		[Node Attribute Child 1] GlassOrb (Type Mesh).
[2015.03.20-15.29.45:146][  8]LogFbx: Dumping Node END [GlassOrb]
[2015.03.20-15.29.45:146][  8]LogFbx: =================================================
[2015.03.20-15.29.45:146][  8]LogFbx: Dumping Node START [Piston2] 
[2015.03.20-15.29.45:146][  8]LogFbx: 	Total Deformer Count 662576776.
[2015.03.20-15.29.45:146][  8]LogFbx: 		[Node 1]  (Type Skin).
[2015.03.20-15.29.45:146][  8]LogFbx: =================================================
[2015.03.20-15.29.45:146][  8]LogFbx: 	Attribute () Type (4).
[2015.03.20-15.29.45:146][  8]LogFbx: 		[Node Attribute Child 1] Piston2 (Type Mesh).
[2015.03.20-15.29.45:146][  8]LogFbx: Dumping Node END [Piston2]
[2015.03.20-15.29.45:146][  8]LogFbx: =================================================
[2015.03.20-15.29.45:146][  8]LogFbx: Dumping Node START [Tube] 
[2015.03.20-15.29.45:146][  8]LogFbx: 	Total Deformer Count 662475568.
[2015.03.20-15.29.45:146][  8]LogFbx: 		[Node 1]  (Type Skin).
[2015.03.20-15.29.45:146][  8]LogFbx: =================================================
[2015.03.20-15.29.45:146][  8]LogFbx: 	Attribute () Type (4).
[2015.03.20-15.29.45:146][  8]LogFbx: 		[Node Attribute Child 1] Tube (Type Mesh).
[2015.03.20-15.29.45:146][  8]LogF