Log file open, 02/19/15 16:41:50
LogInit:Display: Running engine for game: MyProject4
LogInit: Version: 4.5.0-2326478+++depot+UE4-Releases+4.5
LogInit: API Version: 2326478
LogInit: Compiled (64-bit): Oct 11 2014 09:24:31
LogInit: Compiled with Visual C++: 18.00.21005.01
LogInit: Build Configuration: Development
LogInit: Branch Name: ++depot+UE4-Releases+4.5
LogInit: Command line:  
LogInit: Base directory: C:/Program Files/Epic Games/4.5/Engine/Binaries/Win64/
LogInit: Rocket: 1
[2015.02.19-16.41.50:029][  0]LogTaskGraph: Started task graph with 3 named threads and 4 total threads.
[2015.02.19-16.41.50:056][  0]LogOnline:Warning: No default platform service specified for OnlineSubsystem
[2015.02.19-16.41.50:071][  0]LogInit: Presizing for 0 objects not considered by GC, pre-allocating 0 bytes.
[2015.02.19-16.41.50:080][  0]LogInit: Object subsystem initialized
[2015.02.19-16.41.50:083][  0]LogConsoleResponse:Warning: Skipping Unknown console variable: 'UIScaleRule = ShortestSide'
[2015.02.19-16.41.50:083][  0]LogConsoleResponse:Warning:   Found in ini file 'C:/Users/Fulltime/Documents/Level26/MyProject4/Saved/Config/Windows/Engine.ini', in section '[/Script/Engine.RendererSettings]'
[2015.02.19-16.41.50:083][  0]LogConsoleResponse:Warning: Skipping Unknown console variable: 'UIScaleCurve = (EditorCurveData=(Keys=((Time=480.000000,Value=0.444000),(Time=720.000000,Value=0.666000),(Time=1080.000000,Value=1.000000),(Time=8640.000000,Value=8.000000))),ExternalCurve=None)'
[2015.02.19-16.41.50:083][  0]LogConsoleResponse:Warning:   Found in ini file 'C:/Users/Fulltime/Documents/Level26/MyProject4/Saved/Config/Windows/Engine.ini', in section '[/Script/Engine.RendererSettings]'
[2015.02.19-16.41.50:083][  0]LogInit: Selected Device Profile: [Windows]
[2015.02.19-16.41.50:083][  0]LogInit: Applying CVar settings loaded from the selected device profile: [Windows]
[2015.02.19-16.41.50:087][  0]LogInit: Computer: RINGLETLTD18-PC
[2015.02.19-16.41.50:087][  0]LogInit: User: Fulltime
[2015.02.19-16.41.50:088][  0]LogInit: CPU Page size=4096, Cores=4
[2015.02.19-16.41.50:088][  0]LogInit: High frequency timer resolution =3.125048 MHz
[2015.02.19-16.41.50:088][  0]LogMemory: Memory total: Physical=7.9GB (8GB approx) Virtual=8192.0GB
[2015.02.19-16.41.50:088][  0]LogMemory: Platform Memory Stats for Windows
[2015.02.19-16.41.50:088][  0]LogMemory: Process Physical Memory: 63.24 MB used, 63.24 MB peak
[2015.02.19-16.41.50:088][  0]LogMemory: Process Virtual Memory: 40.55 MB used, 40.55 MB peak
[2015.02.19-16.41.50:088][  0]LogMemory: Physical Memory: 5222.39 MB used, 8127.42 MB total
[2015.02.19-16.41.50:088][  0]LogMemory: Virtual Memory: 270.57 MB used, 8388608.00 MB total
[2015.02.19-16.41.50:112][  0]LogD3D11RHI: Found D3D11 adapter 0: NVIDIA GeForce GTX 760 (Feature Level 11_0)
[2015.02.19-16.41.50:112][  0]LogD3D11RHI: Adapter has 1990MB of dedicated video memory, 0MB of dedicated system memory, and 2048MB of shared system memory, 2 output[s]
[2015.02.19-16.41.50:113][  0]LogD3D11RHI: Chosen D3D11 Adapter Id = 0
[2015.02.19-16.41.50:118][  0]LogRHI: Texture pool is 1361 MB (70% of 1945 MB)
[2015.02.19-16.41.50:125][  0]LogD3D11RHI: Async texture creation enabled
[2015.02.19-16.41.50:168][  0]LogTextLocalizationManager: The requested culture ('en_GB') has no localization data; parent culture's ('en') localization data will be used.
[2015.02.19-16.41.50:301][  0]LogContentStreaming: Texture pool size is 0.000000MB
[2015.02.19-16.41.55:280][  0]LogTargetPlatformManager:Display: Building Assets For Windows
[2015.02.19-16.41.55:897][  0]LogTargetPlatformManager:Display: Building Assets For Windows
[2015.02.19-16.41.55:961][  0]LogDerivedDataCache:Display: Max Cache Size: 512 MB
[2015.02.19-16.41.56:262][  0]LogDerivedDataCache: Loaded boot cache 0.30s 39MB C:/Users/Fulltime/AppData/Local/UnrealEngine/4.5/DerivedDataCache/Boot.ddc.
[2015.02.19-16.41.56:262][  0]LogDerivedDataCache:Display: Loaded Boot cache: C:/Users/Fulltime/AppData/Local/UnrealEngine/4.5/DerivedDataCache/Boot.ddc
[2015.02.19-16.41.56:262][  0]LogDerivedDataCache: FDerivedDataBackendGraph:  Pak pak cache file ../../../../../../Users/Fulltime/Documents/Level26/MyProject4/DerivedDataCache/DDC.ddp not found, will not use a pak cache.
[2015.02.19-16.41.56:263][  0]LogDerivedDataCache: Unable to find inner node Pak for hierarchical cache Hierarchy.
[2015.02.19-16.41.56:367][  0]LogDerivedDataCache:Display: Pak cache opened for reading ../../../Engine/DerivedDataCache/DDC.ddp.
[2015.02.19-16.41.56:378][  0]LogDerivedDataCache: Using Local data cache path C:/Users/Fulltime/AppData/Local/UnrealEngine/Common/DerivedDataCache: Writable
[2015.02.19-16.42.00:448][  0]LogMeshUtilities: No automatic mesh reduction module available
[2015.02.19-16.42.00:448][  0]LogMeshUtilities: No automatic mesh merging module available
[2015.02.19-16.42.01:425][  0]LogLinker:Warning: Asset '../../../Engine/Content/Functions/Engine_MaterialFunctions02/Texturing/FlipBook.uasset' has been saved with empty engine version. The asset will be loaded but may be incompatible.
[2015.02.19-16.42.01:480][  0]LogLinker:Warning: Asset '../../../Engine/Content/Functions/Engine_MaterialFunctions02/ExampleContent/Textures/flipbook.uasset' has been saved with empty engine version. The asset will be loaded but may be incompatible.
[2015.02.19-16.42.02:513][  0]LogInit: WinSock: version 1.1 (2.2), MaxSocks=32767, MaxUdp=65467
[2015.02.19-16.42.14:202][  0]UdpMessaging: Initializing bridge on interface 0.0.0.0:0 to multicast group 230.0.0.1:6666.
[2015.02.19-16.42.14:710][  0]LogDirectoryWatcher:Warning: Failed to begin reading directory changes for C:/Users/Fulltime/Documents/Level26/MyProject4/Binaries/Win64. Error: 0
[2015.02.19-16.42.15:261][  0]SourceControl: Info Source control is disabled
[2015.02.19-16.42.15:261][  0]SourceControl: Info Source control is disabled
[2015.02.19-16.42.15:266][  0]SourceControl: Info Source control is disabled
[2015.02.19-16.42.15:709][  0]LogObj: 22915 objects as part of root set at end of initial load.
[2015.02.19-16.42.15:709][  0]LogUObjectAllocator: 4803536 out of 0 bytes used by permanent object pool.
[2015.02.19-16.42.16:084][  0]LogEngine: Initializing Engine...
[2015.02.19-16.42.16:424][  0]LogInit: XAudio2 using 'Speakers (Realtek High Definition Audio)' : 2 channels at 48 kHz using 32 bits per sample (channel mask 0x3)
[2015.02.19-16.42.16:459][  0]LogInit: FAudioDevice initialized.
[2015.02.19-16.42.16:592][  0]LogAIModule: Creating AISystem for world NewWorld
[2015.02.19-16.42.16:661][  0]LogDerivedDataCache: Saved boot cache 0.04s 39MB C:/Users/Fulltime/AppData/Local/UnrealEngine/4.5/DerivedDataCache/Boot.ddc.
[2015.02.19-16.42.16:664][  0]LogInit: Texture streaming: Enabled
[2015.02.19-16.42.16:778][  0]LogInit: Transaction tracking system initialized
[2015.02.19-16.42.17:014][  0]BlueprintLog: New page: Editor Load
[2015.02.19-16.42.17:131][  0]LogAssetRegistry: FAssetRegistry took 0.0112 seconds to start up
[2015.02.19-16.42.17:131][  0]LogDirectoryWatcher:Warning: Failed to begin reading directory changes for ../../../Engine/Plugins/Experimental/CharacterAI/Content/. Error: 0
[2015.02.19-16.42.18:585][  0]LogTargetPlatformManager:Display: Building Assets For Windows
[2015.02.19-16.42.18:909][  0]LogTargetPlatformManager:Display: Building Assets For Windows
[2015.02.19-16.42.19:717][  0]LogConsoleResponse:Display: 
[2015.02.19-16.42.21:077][  0]SourceControl: Info Source control is disabled
[2015.02.19-16.42.21:102][  0]Cmd: MAP LOAD FILE="../../../../../../Users/Fulltime/Documents/Level26/MyProject4/Content/Maps/Example_Map.umap" TEMPLATE=0 SHOWPROGRESS=1
[2015.02.19-16.42.21:107][  0]LightingResults: New page: Lighting Build
[2015.02.19-16.42.21:131][  0]MapCheck: New page: Map Check
[2015.02.19-16.42.21:131][  0]LightingResults: New page: Lighting Build
[2015.02.19-16.42.21:145][  0]LogParticles: Destroying 0 GPU particle simulations for FXSystem 0x00000000166D8F40
[2015.02.19-16.42.24:793][  0]LogBlueprintUserMessages: 1094.584473
[2015.02.19-16.42.24:793][  0]LogBlueprintUserMessages: 2900.070313
[2015.02.19-16.42.24:793][  0]LogBlueprintUserMessages: 2900.070313
[2015.02.19-16.42.24:794][  0]LogBlueprintUserMessages: 7051.640625
[2015.02.19-16.42.24:794][  0]LogBlueprintUserMessages: 7051.640625
[2015.02.19-16.42.24:795][  0]LogEditorServer: Finished looking for orphan Actors (0.000 secs)
[2015.02.19-16.42.24:795][  0]LogAIModule: Creating AISystem for world Example_Map
[2015.02.19-16.42.24:846][  0]Cmd: MAP CHECKDEP
[2015.02.19-16.42.24:852][  0]MapCheck: New page: Example_Map - 19 Feb 2015 16:42:24
[2015.02.19-16.42.24:997][  0]MapCheck: Info Map check complete: 0 Error(s), 0 Warning(s), took 145.448ms to complete.
[2015.02.19-16.42.24:997][  0]LogFileHelpers: Loading map 'Example_Map' took 3.904
[2015.02.19-16.42.25:535][  0]LogCollectionManager: Loaded 0 collections in 0.001104 seconds
[2015.02.19-16.42.26:376][  0]LogCrashTracker: Crashtracker disabled due to settings.
[2015.02.19-16.42.28:246][  0]LogUObjectGlobals:Warning: Failed to find object 'Class None.'
[2015.02.19-16.42.28:303][  0]LogLoad: Full Startup: 40.25 seconds (BP compile: 0.30 seconds)
[2015.02.19-16.42.29:109][  0]LogRenderer:Warning: Reallocating scene render targets to support 1136x904.
[2015.02.19-16.42.29:394][  0]LogRenderer:Warning: Reallocating scene render targets to support 1432x944.
[2015.02.19-16.42.30:106][  1]LogContentBrowser:Verbose: The content browser source was changed by the sources view to '/Game/Blueprints'
[2015.02.19-16.42.30:106][  1]LogContentBrowser:Verbose: The content browser source was changed by the sources view to '/Game/Character'
[2015.02.19-16.42.31:501][  5]LogAssetRegistry: Asset discovery search completed in 14.3797 seconds
[2015.02.19-16.42.36:540][ 20]LogPlayLevel: PIE:  No blueprints needed recompiling
[2015.02.19-16.42.36:540][ 20]PIE: New page: PIE session: Example_Map (19 Feb 2015 16:42:36)
[2015.02.19-16.42.36:632][ 20]LogPlayLevel: PIE: StaticDuplicateObject took: (0.091581s)
[2015.02.19-16.42.36:633][ 20]LogPlayLevel: PIE: World Init took: (0.000689s)
[2015.02.19-16.42.36:633][ 20]LogPlayLevel: PIE: Created PIE world by copying editor world from /Game/Maps/Example_Map.Example_Map to /Game/Maps/UEDPIE_0_Example_Map.Example_Map (0.092484s)
[2015.02.19-16.42.36:734][ 20]LogWorld: Game class is 'MyGame_C'
[2015.02.19-16.42.36:750][ 20]LogAIModule: Creating AISystem for world Example_Map
[2015.02.19-16.42.36:751][ 20]LogWorld: Bringing World /Game/Maps/UEDPIE_0_Example_Map.Example_Map up for play (max tick rate 0) at 2015.02.19-16.42.36
[2015.02.19-16.42.36:751][ 20]LogWorld: Bringing up level for play took: 0.001618
[2015.02.19-16.42.36:761][ 20]PIE: Info Play in editor start time for /Game/Maps/UEDPIE_0_Example_Map 1.094
[2015.02.19-16.43.47:305][971]LogCharacterMovement: MyCharacter_C_0 is stuck and failed to move!
[2015.02.19-16.43.47:323][972]LogCharacterMovement: MyCharacter_C_0 is stuck and failed to move!
[2015.02.19-16.43.47:341][973]LogCharacterMovement: MyCharacter_C_0 is stuck and failed to move!
[2015.02.19-16.43.47:358][974]LogCharacterMovement: MyCharacter_C_0 is stuck and failed to move!
[2015.02.19-16.43.47:379][975]LogCharacterMovement: MyCharacter_C_0 is stuck and failed to move!
[2015.02.19-16.43.47:397][976]LogCharacterMovement: MyCharacter_C_0 is stuck and failed to move!
[2015.02.19-16.43.47:414][977]LogCharacterMovement: MyCharacter_C_0 is stuck and failed to move!
[2015.02.19-16.43.47:431][978]LogCharacterMovement: MyCharacter_C_0 is stuck and failed to move!
[2015.02.19-16.43.47:448][979]LogCharacterMovement: MyCharacter_C_0 is stuck and failed to move!
[2015.02.19-16.43.47:466][980]LogCharacterMovement: MyCharacter_C_0 is stuck and failed to move!
[2015.02.19-16.43.47:484][981]LogCharacterMovement: MyCharacter_C_0 is stuck and failed to move!
[2015.02.19-16.43.47:503][982]LogCharacterMovement: MyCharacter_C_0 is stuck and failed to move!
[2015.02.19-16.43.47:519][983]LogCharacterMovement: MyCharacter_C_0 is stuck and failed to move!
[2015.02.19-16.43.47:538][984]LogCharacterMovement: MyCharacter_C_0 is stuck and failed to move!
[2015.02.19-16.43.47:555][985]LogCharacterMovement: MyCharacter_C_0 is stuck and failed to move!
[2015.02.19-16.43.47:572][986]LogCharacterMovement: MyCharacter_C_0 is stuck and failed to move!
[2015.02.19-16.43.47:590][987]LogCharacterMovement: MyCharacter_C_0 is stuck and failed to move!
[2015.02.19-16.43.47:606][988]LogCharacterMovement: MyCharacter_C_0 is stuck and failed to move!
[2015.02.19-16.43.47:858][  5]LogCharacterMovement: MyCharacter_C_0 is stuck and failed to move!
[2015.02.19-16.43.47:874][  6]LogCharacterMovement: MyCharacter_C_0 is stuck and failed to move!
[2015.02.19-16.43.47:887][  7]LogCharacterMovement: MyCharacter_C_0 is stuck and failed to move!
[2015.02.19-16.43.47:901][  8]LogCharacterMovement: MyCharacter_C_0 is stuck and failed to move!
[2015.02.19-16.43.47:916][  9]LogCharacterMovement: MyCharacter_C_0 is stuck and failed to move!
[2015.02.19-16.43.47:932][ 10]LogCharacterMovement: MyCharacter_C_0 is stuck and failed to move!
[2015.02.19-16.43.47:947][ 11]LogCharacterMovement: MyCharacter_C_0 is stuck and failed to move!
[2015.02.19-16.43.47:962][ 12]LogCharacterMovement: MyCharacter_C_0 is stuck and failed to move!
[2015.02.19-16.43.47:976][ 13]LogCharacterMovement: MyCharacter_C_0 is stuck and failed to move!
[2015.02.19-16.43.47:989][ 14]LogCharacterMovement: MyCharacter_C_0 is stuck and failed to move!
[2015.02.19-16.43.48:003][ 15]LogCharacterMovement: MyCharacter_C_0 is stuck and failed to move!
[2015.02.19-16.44.03:548][ 81]LogCharacterMovement: MyCharacter_C_0 is stuck and failed to move!
[2015.02.19-16.44.03:564][ 82]LogCharacterMovement: MyCharacter_C_0 is stuck and failed to move!
[2015.02.19-16.44.03:578][ 83]LogCharacterMovement: MyCharacter_C_0 is stuck and failed to move!
[2015.02.19-16.44.03:592][ 84]LogCharacterMovement: MyCharacter_C_0 is stuck and failed to move!
[2015.02.19-16.44.03:606][ 85]LogCharacterMovement: MyCharacter_C_0 is stuck and failed to move!
[2015.02.19-16.44.03:620][ 86]LogCharacterMovement: MyCharacter_C_0 is stuck and failed to move!
[2015.02.19-16.44.03:635][ 87]LogCharacterMovement: MyCharacter_C_0 is stuck and failed to move!
[2015.02.19-16.44.03:649][ 88]LogCharacterMovement: MyCharacter_C_0 is stuck and failed to move!
[2015.02.19-16.44.03:663][ 89]LogCharacterMovement: MyCharacter_C_0 is stuck and failed to move!
[2015.02.19-16.44.03:677][ 90]LogCharacterMovement: MyCharacter_C_0 is stuck and failed to move!
[2015.02.19-16.44.03:692][ 91]LogCharacterMovement: MyCharacter_C_0 is stuck and failed to move!
[2015.02.19-16.44.03:706][ 92]LogCharacterMovement: MyCharacter_C_0 is stuck and failed to move!
[2015.02.19-16.44.28:715][778]LogParticles: Destroying 0 GPU particle simulations for FXSystem 0x00000000255909A0
[2015.02.19-18.21.20:610][218]Cmd: QUIT_EDITOR
[2015.02.19-18.21.21:351][218]LogExit: Preparing to exit.
[2015.02.19-18.21.22:832][218]LogExit: Editor shut down
[2015.02.19-18.21.22:832][218]LogExit: Transaction tracking system shut down
[2015.02.19-18.21.22:835][218]LogParticles: Destroying 0 GPU particle simulations for FXSystem 0x000000000C7FF2E0
[2015.02.19-18.21.22:835][218]LogParticles: Destroying 0 GPU particle simulations for FXSystem 0x00000000183B8B80
[2015.02.19-18.21.22:835][218]LogParticles: Destroying 0 GPU particle simulations for FXSystem 0x000000001EFA05E0
[2015.02.19-18.21.22:835][218]LogParticles: Destroying 0 GPU particle simulations for FXSystem 0x000000001ED8E160
[2015.02.19-18.21.22:835][218]LogParticles: Destroying 0 GPU particle simulations for FXSystem 0x00000000213E1300
[2015.02.19-18.21.22:835][218]LogParticles: Destroying 0 GPU particle simulations for FXSystem 0x0000000021606CA0
[2015.02.19-18.21.22:836][218]LogParticles: Destroying 0 GPU particle simulations for FXSystem 0x000000001402FBA0
[2015.02.19-18.21.22:836][218]LogParticles: Destroying 0 GPU particle simulations for FXSystem 0x000000001402FB00
[2015.02.19-18.21.23:618][218]LogParticles: Destroying 0 GPU particle simulations for FXSystem 0x000000001402F7E0
[2015.02.19-18.21.23:618][218]LogParticles: Destroying 0 GPU particle simulations for FXSystem 0x000000001965D1C0
[2015.02.19-18.21.23:618][218]LogExit: Object subsystem successfully closed.
[2015.02.19-18.21.24:193][218]LogModuleManager: Shutting down and abandoning module AndroidDeviceDetection (167)
[2015.02.19-18.21.24:193][218]LogModuleManager: Shutting down and abandoning module StaticMeshEditor (166)
[2015.02.19-18.21.24:193][218]LogModuleManager: Shutting down and abandoning module CrashTracker (165)
[2015.02.19-18.21.24:193][218]LogModuleManager: Shutting down and abandoning module SuperSearch (164)
[2015.02.19-18.21.24:193][218]LogModuleManager: Shutting down and abandoning module SceneOutliner (163)
[2015.02.19-18.21.24:193][218]LogModuleManager: Shutting down and abandoning module EditorWidgets (162)
[2015.02.19-18.21.24:193][218]LogModuleManager: Shutting down and abandoning module CollectionManager (161)
[2015.02.19-18.21.24:204][218]LogModuleManager: Shutting down and abandoning module StatsViewer (160)
[2015.02.19-18.21.24:217][218]LogModuleManager: Shutting down and abandoning module FoliageEdit (159)
[2015.02.19-18.21.24:227][218]LogModuleManager: Shutting down and abandoning module LandscapeEditor (158)
[2015.02.19-18.21.24:241][218]LogModuleManager: Shutting down and abandoning module MeshPaint (157)
[2015.02.19-18.21.24:248][218]LogModuleManager: Shutting down and abandoning module ActorPickerMode (156)
[2015.02.19-18.21.24:248][218]LogModuleManager: Shutting down and abandoning module GeometryMode (155)
[2015.02.19-18.21.24:248][218]LogModuleManager: Shutting down and abandoning module TextureAlignMode (154)
[2015.02.19-18.21.24:248][218]LogModuleManager: Shutting down and abandoning module BspMode (153)
[2015.02.19-18.21.24:248][218]LogModuleManager: Shutting down and abandoning module PlacementMode (152)
[2015.02.19-18.21.24:248][218]LogModuleManager: Shutting down and abandoning module AutomationWorker (151)
[2015.02.19-18.21.24:248][218]LogModuleManager: Shutting down and abandoning module CharacterAI (150)
[2015.02.19-18.21.24:248][218]LogModuleManager: Shutting down and abandoning module GameProjectGeneration (149)
[2015.02.19-18.21.24:260][218]LogModuleManager: Shutting down and abandoning module IntroTutorials (148)
[2015.02.19-18.21.24:294][218]LogModuleManager: Shutting down and abandoning module EditorLiveStreaming (147)
[2015.02.19-18.21.24:294][218]LogModuleManager: Shutting down and abandoning module HardwareTargeting (146)
[2015.02.19-18.21.24:294][218]LogModuleManager: Shutting down and abandoning module BehaviorTreeEditor (145)
[2015.02.19-18.21.24:310][218]LogModuleManager: Shutting down and abandoning module DeviceProfileEditor (144)
[2015.02.19-18.21.24:325][218]LogModuleManager: Shutting down and abandoning module UndoHistory (143)
[2015.02.19-18.21.24:325][218]LogModuleManager: Shutting down and abandoning module GameplayTagsEditor (142)
[2015.02.19-18.21.24:346][218]LogModuleManager: Shutting down and abandoning module UserFeedback (141)
[2015.02.19-18.21.24:346][218]LogModuleManager: Shutting down and abandoning module XmlParser (140)
[2015.02.19-18.21.24:358][218]LogModuleManager: Shutting down and abandoning module Blutility (139)
[2015.02.19-18.21.24:368][218]LogModuleManager: Shutting down and abandoning module IOSPlatformEditor (138)
[2015.02.19-18.21.24:368][218]LogModuleManager: Shutting down and abandoning module IOSRuntimeSettings (137)
[2015.02.19-18.21.24:368][218]LogModuleManager: Shutting down and abandoning module AndroidPlatformEditor (136)
[2015.02.19-18.21.24:368][218]LogModuleManager: Shutting down and abandoning module AndroidRuntimeSettings (135)
[2015.02.19-18.21.24:368][218]LogModuleManager: Shutting down and abandoning module ProjectTargetPlatformEditor (134)
[2015.02.19-18.21.24:368][218]LogModuleManager: Shutting down and abandoning module ProjectSettingsViewer (133)
[2015.02.19-18.21.24:368][218]LogModuleManager: Shutting down and abandoning module InputBindingEditor (132)
[2015.02.19-18.21.24:384][218]LogModuleManager: Shutting down and abandoning module EditorSettingsViewer (131)
[2015.02.19-18.21.24:384][218]LogModuleManager: Shutting down and abandoning module SettingsEditor (130)
[2015.02.19-18.21.24:391][218]LogModuleManager: Shutting down and abandoning module ProjectLauncher (129)
[2015.02.19-18.21.24:399][218]LogModuleManager: Shutting down and abandoning module SessionFrontend (128)
[2015.02.19-18.21.24:408][218]LogModuleManager: Shutting down and abandoning module ProfilerClient (127)
[2015.02.19-18.21.24:420][218]LogModuleManager: Shutting down and abandoning module TargetDeviceServices (126)
[2015.02.19-18.21.24:429][218]LogModuleManager: Shutting down and abandoning module DeviceManager (125)
[2015.02.19-18.21.24:440][218]LogModuleManager: Shutting down and abandoning module AutomationController (124)
[2015.02.19-18.21.24:453][218]LogModuleManager: Shutting down and abandoning module AutomationWindow (123)
[2015.02.19-18.21.24:464][218]LogModuleManager: Shutting down and abandoning module Layers (122)
[2015.02.19-18.21.24:477][218]LogModuleManager: Shutting down and abandoning module ComponentVisualizers (121)
[2015.02.19-18.21.24:477][218]LogModuleManager: Shutting down and abandoning module DetailCustomizations (120)
[2015.02.19-18.21.24:747][218]LogModuleManager: Shutting down and abandoning module PackagesDialog (119)
[2015.02.19-18.21.24:776][218]LogModuleManager: Shutting down and abandoning module AssetRegistry (118)
[2015.02.19-18.21.24:860][218]LogModuleManager: Shutting down and abandoning module Persona (117)
[2015.02.19-18.21.24:875][218]LogModuleManager: Shutting down and abandoning module Kismet (116)
[2015.02.19-18.21.24:892][218]LogModuleManager: Shutting down and abandoning module GraphEditor (115)
[2015.02.19-18.21.24:899][218]LogModuleManager: Shutting down and abandoning module ClassViewer (114)
[2015.02.19-18.21.24:899][218]LogModuleManager: Shutting down and abandoning module Toolbox (113)
[2015.02.19-18.21.24:899][218]LogModuleManager: Shutting down and abandoning module ModuleUI (112)
[2015.02.19-18.21.24:910][218]LogModuleManager: Shutting down and abandoning module MovieSceneTools (111)
[2015.02.19-18.21.24:967][218]LogModuleManager: Shutting down and abandoning module OutputLog (110)
[2015.02.19-18.21.24:967][218]LogModuleManager: Shutting down and abandoning module GammaUI (109)
[2015.02.19-18.21.24:980][218]LogModuleManager: Shutting down and abandoning module Documentation (108)
[2015.02.19-18.21.24:980][218]LogModuleManager: Shutting down and abandoning module GameLiveStreaming (107)
[2015.02.19-18.21.24:988][218]LogModuleManager: Shutting down and abandoning module StreamingPauseRendering (106)
[2015.02.19-18.21.24:988][218]LogModuleManager: Shutting down and abandoning module HTTP (105)
[2015.02.19-18.21.24:988][218]LogModuleManager: Shutting down and abandoning module AnalyticsET (104)
[2015.02.19-18.21.24:988][218]LogModuleManager: Shutting down and abandoning module Analytics (103)
[2015.02.19-18.21.24:988][218]LogModuleManager: Shutting down and abandoning module GameplayDebugger (102)
[2015.02.19-18.21.24:996][218]LogModuleManager: Shutting down and abandoning module AIModule (101)
[2015.02.19-18.21.25:004][218]LogModuleManager: Shutting down and abandoning module ProfilerService (100)
[2015.02.19-18.21.25:053][218]LogModuleManager: Shutting down and abandoning module TaskGraph (99)
[2015.02.19-18.21.25:061][218]LogModuleManager: Shutting down and abandoning module SlateRemote (98)
[2015.02.19-18.21.25:061][218]LogModuleManager: Shutting down and abandoning module ScriptEditorPlugin (97)
[2015.02.19-18.21.25:061][218]LogModuleManager: Shutting down and abandoning module CustomMeshComponent (96)
[2015.02.19-18.21.25:061][218]LogModuleManager: Shutting down and abandoning module CableComponent (95)
[2015.02.19-18.21.25:061][218]LogModuleManager: Shutting down and abandoning module MessagingDebugger (94)
[2015.02.19-18.21.25:095][218]LogModuleManager: Shutting down and abandoning module MediaPlayerEditor (93)
[2015.02.19-18.21.25:106][218]LogModuleManager: Shutting down and abandoning module SpeedTreeImporter (92)
[2015.02.19-18.21.25:106][218]LogModuleManager: Shutting down and abandoning module PluginsEditor (91)
[2015.02.19-18.21.25:129][218]LogModuleManager: Shutting down and abandoning module EpicSurvey (90)
[2015.02.19-18.21.25:129][218]LogModuleManager: Shutting down and abandoning module DesktopPlatform (89)
[2015.02.19-18.21.25:146][218]LogModuleManager: Shutting down and abandoning module VisualStudioSourceCodeAccess (88)
[2015.02.19-18.21.25:154][218]LogModuleManager: Shutting down and abandoning module UObjectPlugin (87)
[2015.02.19-18.21.25:154][218]LogModuleManager: Shutting down and abandoning module SubversionSourceControl (86)
[2015.02.19-18.21.25:166][218]LogModuleManager: Shutting down and abandoning module SourceControl (85)
[2015.02.19-18.21.25:175][218]LogModuleManager: Shutting down and abandoning module PerforceSourceControl (84)
[2015.02.19-18.21.25:190][218]LogModuleManager: Shutting down and abandoning module BlankPlugin (83)
[2015.02.19-18.21.25:190][218]LogModuleManager: Shutting down and abandoning module SlateReflector (82)
[2015.02.19-18.21.25:205][218]LogModuleManager: Shutting down and abandoning module DirectoryWatcher (81)
[2015.02.19-18.21.25:205][218]LogModuleManager: Shutting down and abandoning module HotReload (80)
[2015.02.19-18.21.25:220][218]LogModuleManager: Shutting down and abandoning module MainFrame (79)
[2015.02.19-18.21.25:220][218]LogModuleManager: Shutting down and abandoning module LevelEditor (78)
[2015.02.19-18.21.25:221][218]LogModuleManager: Shutting down and abandoning module ViewportSnapping (77)
[2015.02.19-18.21.25:221][218]LogModuleManager: Shutting down and abandoning module SmartSnapping (76)
[2015.02.19-18.21.25:221][218]LogModuleManager: Shutting down and abandoning module PaperTiledImporter (75)
[2015.02.19-18.21.25:221][218]LogModuleManager: Shutting down and abandoning module PaperJsonImporter (74)
[2015.02.19-18.21.25:224][218]LogModuleManager: Shutting down and abandoning module ContentBrowser (73)
[2015.02.19-18.21.25:224][218]LogModuleManager: Shutting down and abandoning module PropertyEditor (72)
[2015.02.19-18.21.25:224][218]LogModuleManager: Shutting down and abandoning module Paper2DEditor (71)
[2015.02.19-18.21.25:248][218]LogModuleManager: Shutting down and abandoning module ScriptPlugin (70)
[2015.02.19-18.21.25:254][218]LogModuleManager: Shutting down and abandoning module UdpMessaging (69)
[2015.02.19-18.21.25:354][218]LogModuleManager: Shutting down and abandoning module Paper2D (68)
[2015.02.19-18.21.25:366][218]LogModuleManager: Shutting down and abandoning module WindowsMoviePlayer (67)
[2015.02.19-18.21.25:383][218]LogModuleManager: Shutting down and abandoning module Media (66)
[2015.02.19-18.21.25:383][218]LogModuleManager: Shutting down and abandoning module WmfMedia (65)
[2015.02.19-18.21.25:410][218]LogModuleManager: Shutting down and abandoning module OnlineBlueprintSupport (64)
[2015.02.19-18.21.25:410][218]LogModuleManager: Shutting down and abandoning module FunctionalTesting (63)
[2015.02.19-18.21.25:410][218]LogModuleManager: Shutting down and abandoning module CollisionAnalyzer (62)
[2015.02.19-18.21.25:432][218]LogModuleManager: Shutting down and abandoning module WorkspaceMenuStructure (61)
[2015.02.19-18.21.25:432][218]LogModuleManager: Shutting down and abandoning module MessageLog (60)
[2015.02.19-18.21.25:432][218]LogModuleManager: Shutting down and abandoning module Sequencer (59)
[2015.02.19-18.21.25:434][218]LogModuleManager: Shutting down and abandoning module AssetTools (58)
[2015.02.19-18.21.25:459][218]LogModuleManager: Shutting down and abandoning module UMGEditor (57)
[2015.02.19-18.21.25:476][218]LogModuleManager: Shutting down and abandoning module UMG (56)
[2015.02.19-18.21.25:481][218]LogModuleManager: Shutting down and abandoning module Slate (55)
[2015.02.19-18.21.25:481][218]LogModuleManager: Shutting down and abandoning module EditorStyle (54)
[2015.02.19-18.21.25:526][218]LogModuleManager: Shutting down and abandoning module SessionServices (53)
[2015.02.19-18.21.25:526][218]LogModuleManager: Shutting down and abandoning module SourceCodeAccess (52)
[2015.02.19-18.21.25:526][218]LogModuleManager: Shutting down and abandoning module HeadMountedDisplay (51)
[2015.02.19-18.21.25:526][218]LogModuleManager: Shutting down and abandoning module XAudio2 (50)
[2015.02.19-18.21.25:526][218]LogModuleManager: Shutting down and abandoning module Networking (48)
[2015.02.19-18.21.25:526][218]LogModuleManager: Shutting down and abandoning module Core (47)
[2015.02.19-18.21.25:526][218]LogModuleManager: Shutting down and abandoning module KismetCompiler (46)
[2015.02.19-18.21.25:526][218]LogModuleManager: Shutting down and abandoning module PhysXFormats (45)
[2015.02.19-18.21.25:526][218]LogModuleManager: Shutting down and abandoning module MeshUtilities (44)
[2015.02.19-18.21.25:540][218]LogModuleManager: Shutting down and abandoning module DerivedDataCache (43)
[2015.02.19-18.21.25:559][218]LogDerivedDataCache: Shutdown
[2015.02.19-18.21.25:559][218]LogModuleManager: Shutting down and abandoning module ShaderFormatOpenGL (42)
[2015.02.19-18.21.25:571][218]LogModuleManager: Shutting down and abandoning module ShaderFormatD3D (41)
[2015.02.19-18.21.25:582][218]LogModuleManager: Shutting down and abandoning module MetalShaderFormat (40)
[2015.02.19-18.21.25:590][218]LogModuleManager: Shutting down and abandoning module TextureFormatUncompressed (39)
[2015.02.19-18.21.25:590][218]LogModuleManager: Shutting down and abandoning module TextureFormatPVR (38)
[2015.02.19-18.21.25:602][218]LogModuleManager: Shutting down and abandoning module TextureFormatDXT (37)
[2015.02.19-18.21.25:608][218]LogModuleManager: Shutting down and abandoning module TextureFormatAndroid (36)
[2015.02.19-18.21.25:608][218]LogModuleManager: Shutting down and abandoning module AudioFormatOpus (35)
[2015.02.19-18.21.25:615][218]LogModuleManager: Shutting down and abandoning module AudioFormatOgg (34)
[2015.02.19-18.21.25:615][218]LogModuleManager: Shutting down and abandoning module AudioFormatADPCM (33)
[2015.02.19-18.21.25:615][218]LogModuleManager: Shutting down and abandoning module Messaging (32)
[2015.02.19-18.21.25:615][218]LogModuleManager: Shutting down and abandoning module IOSTargetPlatform (31)
[2015.02.19-18.21.25:615][218]LogModuleManager: Shutting down and abandoning module Android_PVRTCTargetPlatform (30)
[2015.02.19-18.21.25:615][218]LogModuleManager: Shutting down and abandoning module Android_ETC2TargetPlatform (29)
[2015.02.19-18.21.25:615][218]LogModuleManager: Shutting down and abandoning module Android_ETC1TargetPlatform (28)
[2015.02.19-18.21.25:615][218]LogModuleManager: Shutting down and abandoning module Android_DXTTargetPlatform (27)
[2015.02.19-18.21.25:615][218]LogModuleManager: Shutting down and abandoning module Android_ATCTargetPlatform (26)
[2015.02.19-18.21.25:615][218]LogModuleManager: Shutting down and abandoning module AndroidTargetPlatform (25)
[2015.02.19-18.21.25:615][218]LogModuleManager: Shutting down and abandoning module WindowsTargetPlatform (24)
[2015.02.19-18.21.25:615][218]LogModuleManager: Shutting down and abandoning module WindowsServerTargetPlatform (23)
[2015.02.19-18.21.25:615][218]LogModuleManager: Shutting down and abandoning module WindowsNoEditorTargetPlatform (22)
[2015.02.19-18.21.25:615][218]LogModuleManager: Shutting down and abandoning module WindowsClientTargetPlatform (21)
[2015.02.19-18.21.25:615][218]LogModuleManager: Shutting down and abandoning module TargetPlatform (20)
[2015.02.19-18.21.25:615][218]LogModuleManager: Shutting down and abandoning module InputCore (19)
[2015.02.19-18.21.25:615][218]LogModuleManager: Shutting down and abandoning module Settings (18)
[2015.02.19-18.21.25:615][218]LogModuleManager: Shutting down and abandoning module ImageWrapper (17)
[2015.02.19-18.21.25:615][218]LogModuleManager: Shutting down and abandoning module OculusRift (14)
[2015.02.19-18.21.25:626][218]LogModuleManager: Shutting down and abandoning module ExampleDeviceProfileSelector (13)
[2015.02.19-18.21.25:626][218]LogModuleManager: Shutting down and abandoning module TextureCompressor (12)
[2015.02.19-18.21.25:636][218]LogModuleManager: Shutting down and abandoning module ShaderCore (11)
[2015.02.19-18.21.25:636][218]LogModuleManager: Shutting down and abandoning module SlateRHIRenderer (10)
[2015.02.19-18.21.25:649][218]LogModuleManager: Shutting down and abandoning module OpenGLDrv (9)
[2015.02.19-18.21.25:649][218]LogModuleManager: Shutting down and abandoning module D3D11RHI (8)
[2015.02.19-18.21.25:649][218]LogModuleManager: Shutting down and abandoning module Renderer (7)
[2015.02.19-18.21.25:649][218]LogModuleManager: Shutting down and abandoning module Engine (6)
[2015.02.19-18.21.25:649][218]LogModuleManager: Shutting down and abandoning module CoreUObject (5)
[2015.02.19-18.21.25:649][218]LogModuleManager: Shutting down and abandoning module NetworkFile (4)
[2015.02.19-18.21.25:659][218]LogModuleManager: Shutting down and abandoning module StreamingFile (3)
[2015.02.19-18.21.25:671][218]LogModuleManager: Shutting down and abandoning module SandboxFile (2)
[2015.02.19-18.21.25:675][218]LogModuleManager: Shutting down and abandoning module PakFile (1)
[2015.02.19-18.21.25:680][218]LogExit: Exiting.
[2015.02.19-18.21.25:696][218]Log file closed, 02/19/15 18:21:25
