Log file open, 05/12/15 12:32:17
LogInit:Display: Running engine for game: MyProject4
LogInit: Version: 4.6.1-2386410+++depot+UE4-Releases+4.6
LogInit: API Version: 2369412
LogInit: Compiled (64-bit): Dec 11 2014 21:31:39
LogInit: Compiled with Visual C++: 18.00.21005.01
LogInit: Build Configuration: Development
LogInit: Branch Name: ++depot+UE4-Releases+4.6
LogInit: Command line:  
LogInit: Base directory: C:/Program Files/Epic Games/4.6/Engine/Binaries/Win64/
LogInit: Rocket: 1
[2015.05.12-11.32.17:632][  0]LogTaskGraph: Started task graph with 3 named threads and 6 total threads.
[2015.05.12-11.32.17:679][  0]LogOnline:Warning: No default platform service specified for OnlineSubsystem
[2015.05.12-11.32.17:692][  0]LogInit: Presizing for 0 objects not considered by GC, pre-allocating 0 bytes.
[2015.05.12-11.32.17:700][  0]LogInit: Object subsystem initialized
[2015.05.12-11.32.17:701][  0]LogConsoleResponse:Warning: Skipping Unknown console variable: 'UIScaleCurve = (EditorCurveData=(Keys=((Time=480.000000,Value=0.444000),(Time=720.000000,Value=0.666000),(Time=1080.000000,Value=1.000000),(Time=8640.000000,Value=8.000000))),ExternalCurve=None)'
[2015.05.12-11.32.17:701][  0]LogConsoleResponse:Warning:   Found in ini file 'C:/Users/Fulltime/Documents/Level26 - Copy/MyProject4/Saved/Config/Windows/Engine.ini', in section '[/Script/Engine.RendererSettings]'
[2015.05.12-11.32.17:702][  0]LogConsoleManager:Warning: Console variable 'r.MSAA.CompositingSampleCount' wasn't set (Priority ProjectSetting < Scalability)
[2015.05.12-11.32.17:702][  0]LogInit: Selected Device Profile: [Windows]
[2015.05.12-11.32.17:702][  0]LogInit: Applying CVar settings loaded from the selected device profile: [Windows]
[2015.05.12-11.32.17:705][  0]LogInit: Computer: RINGLETLTD18-PC
[2015.05.12-11.32.17:705][  0]LogInit: User: Fulltime
[2015.05.12-11.32.17:705][  0]LogInit: CPU Page size=4096, Cores=4
[2015.05.12-11.32.17:705][  0]LogInit: High frequency timer resolution =3.125039 MHz
[2015.05.12-11.32.17:705][  0]LogMemory: Memory total: Physical=7.9GB (8GB approx) Virtual=8192.0GB
[2015.05.12-11.32.17:706][  0]LogMemory: Platform Memory Stats for Windows
[2015.05.12-11.32.17:706][  0]LogMemory: Process Physical Memory: 51.81 MB used, 51.81 MB peak
[2015.05.12-11.32.17:706][  0]LogMemory: Process Virtual Memory: 27.47 MB used, 27.47 MB peak
[2015.05.12-11.32.17:706][  0]LogMemory: Physical Memory: 1932.44 MB used, 8127.42 MB total
[2015.05.12-11.32.17:706][  0]LogMemory: Virtual Memory: 266.48 MB used, 8388608.00 MB total
[2015.05.12-11.32.17:734][  0]LogD3D11RHI: Found D3D11 adapter 0: NVIDIA GeForce GTX 760 (Feature Level 11_0)
[2015.05.12-11.32.17:734][  0]LogD3D11RHI: Adapter has 1990MB of dedicated video memory, 0MB of dedicated system memory, and 2048MB of shared system memory, 2 output[s]
[2015.05.12-11.32.17:734][  0]LogD3D11RHI: Chosen D3D11 Adapter Id = 0
[2015.05.12-11.32.17:738][  0]LogRHI: Texture pool is 1361 MB (70% of 1945 MB)
[2015.05.12-11.32.17:744][  0]LogD3D11RHI: Async texture creation enabled
[2015.05.12-11.32.17:832][  0]LogTextLocalizationManager: The requested culture ('en_GB') has no localization data; parent culture's ('en') localization data will be used.
[2015.05.12-11.32.17:953][  0]LogContentStreaming: Texture pool size is 0.000000MB
[2015.05.12-11.32.24:648][  0]LogTargetPlatformManager:Display: Building Assets For Windows
[2015.05.12-11.32.25:350][  0]LogTargetPlatformManager:Display: Building Assets For Windows
[2015.05.12-11.32.25:518][  0]LogDerivedDataCache:Display: Max Cache Size: 512 MB
[2015.05.12-11.32.25:808][  0]LogDerivedDataCache: Loaded boot cache 0.29s 39MB C:/Users/Fulltime/AppData/Local/UnrealEngine/4.6/DerivedDataCache/Boot.ddc.
[2015.05.12-11.32.25:808][  0]LogDerivedDataCache:Display: Loaded Boot cache: C:/Users/Fulltime/AppData/Local/UnrealEngine/4.6/DerivedDataCache/Boot.ddc
[2015.05.12-11.32.25:809][  0]LogDerivedDataCache: FDerivedDataBackendGraph:  Pak pak cache file ../../../../../../Users/Fulltime/Documents/Level26 - Copy/MyProject4/DerivedDataCache/DDC.ddp not found, will not use a pak cache.
[2015.05.12-11.32.25:809][  0]LogDerivedDataCache: Unable to find inner node Pak for hierarchical cache Hierarchy.
[2015.05.12-11.32.25:968][  0]LogDerivedDataCache:Display: Pak cache opened for reading ../../../Engine/DerivedDataCache/DDC.ddp.
[2015.05.12-11.32.26:017][  0]LogDerivedDataCache: Using Local data cache path C:/Users/Fulltime/AppData/Local/UnrealEngine/Common/DerivedDataCache: Writable
[2015.05.12-11.32.30:600][  0]LogCollisionProfile:Warning: Profile (UI) - Custom Channel Name = 'Weapon' hasn't been found
[2015.05.12-11.32.31:890][  0]LogMeshUtilities: No automatic mesh reduction module available
[2015.05.12-11.32.31:890][  0]LogMeshUtilities: No automatic mesh merging module available
[2015.05.12-11.32.34:899][  0]LogInit: WinSock: version 1.1 (2.2), MaxSocks=32767, MaxUdp=65467
[2015.05.12-11.32.35:240][  0]LogSlate:Warning: Failed to load font data from '../../../Engine/Content/Slate/Fonts/Roboto-Italic.ttf'
[2015.05.12-11.32.52:283][  0]UdpMessaging: Initializing bridge on interface 0.0.0.0:0 to multicast group 230.0.0.1:6666.
[2015.05.12-11.32.53:083][  0]LogDirectoryWatcher:Warning: Failed to begin reading directory changes for C:/Users/Fulltime/Documents/Level26 - Copy/MyProject4/Binaries/Win64. Error: 0
[2015.05.12-11.32.53:981][  0]SourceControl: Info Source control is disabled
[2015.05.12-11.32.53:981][  0]SourceControl: Info Source control is disabled
[2015.05.12-11.32.53:991][  0]SourceControl: Info Source control is disabled
[2015.05.12-11.32.54:755][  0]LogObj: 23754 objects as part of root set at end of initial load.
[2015.05.12-11.32.54:755][  0]LogUObjectAllocator: 5168128 out of 0 bytes used by permanent object pool.
[2015.05.12-11.32.55:269][  0]LogEngine: Initializing Engine...
[2015.05.12-11.32.55:818][  0]LogInit: XAudio2 using 'Speakers (Realtek High Definition Audio)' : 2 channels at 48 kHz using 32 bits per sample (channel mask 0x3)
[2015.05.12-11.32.55:868][  0]LogInit: FAudioDevice initialized.
[2015.05.12-11.32.56:318][  0]LogAIModule: Creating AISystem for world NewWorld
[2015.05.12-11.32.56:427][  0]LogDerivedDataCache: Saved boot cache 0.03s 39MB C:/Users/Fulltime/AppData/Local/UnrealEngine/4.6/DerivedDataCache/Boot.ddc.
[2015.05.12-11.32.56:430][  0]LogInit: Texture streaming: Enabled
[2015.05.12-11.32.56:498][  0]LogAnalytics: Creating configured Analytics provider AnalyticsET
[2015.05.12-11.32.56:498][  0]LogAnalytics: ET APIKey = Rocket.Release. APIServer = http://et2.epicgames.com/ET2/. AppVersion = 4.6.1-2386410+++depot+UE4-Releases+4.6
[2015.05.12-11.32.56:499][  0]LogAnalytics: SetUserId 69f16f0a28d0cebab19564fc86df198d
[2015.05.12-11.32.56:499][  0]LogAnalytics: AnalyticsET::StartSession [Rocket.Release]
[2015.05.12-11.32.56:621][  0]LogInit: Transaction tracking system initialized
[2015.05.12-11.32.57:300][  0]BlueprintLog: New page: Editor Load
[2015.05.12-11.32.57:456][  0]LogAssetRegistry: FAssetRegistry took 0.0120 seconds to start up
[2015.05.12-11.32.57:457][  0]LogDirectoryWatcher:Warning: Failed to begin reading directory changes for ../../../Engine/Plugins/Experimental/CharacterAI/Content/. Error: 0
[2015.05.12-11.32.59:367][  0]LogTargetPlatformManager:Display: Building Assets For Windows
[2015.05.12-11.32.59:716][  0]LogTargetPlatformManager:Display: Building Assets For Windows
[2015.05.12-11.33.01:847][  0]LogConsoleResponse:Display: 
[2015.05.12-11.33.02:806][  0]LogLinker:Warning: Asset '../../../Engine/Content/Functions/Engine_MaterialFunctions03/Procedurals/ComputeFilterWidth.uasset' has been saved with empty engine version. The asset will be loaded but may be incompatible.
[2015.05.12-11.33.06:060][  0]SourceControl: Info Source control is disabled
[2015.05.12-11.33.06:129][  0]Cmd: MAP LOAD FILE="../../../../../../Users/Fulltime/Documents/Level26 - Copy/MyProject4/Content/Maps/Basement.umap" TEMPLATE=0 SHOWPROGRESS=1
[2015.05.12-11.33.06:167][  0]LightingResults: New page: Lighting Build
[2015.05.12-11.33.06:323][  0]MapCheck: New page: Map Check
[2015.05.12-11.33.06:323][  0]LightingResults: New page: Lighting Build
[2015.05.12-11.33.06:441][  0]LogParticles: Destroying 0 GPU particle simulations for FXSystem 0x000000001468B6A0
[2015.05.12-11.33.09:464][  0]LogBlueprint:Warning: [compiler] Warning Function ' Get Player Pawn ' is unsafe to call in a construction script.
[2015.05.12-11.33.09:477][  0]LogBlueprint:Warning: [compiler] Warning [0053.70] Compile of ScaleCharacter successful, but with 1 Warning(s) [in 64 ms]
[2015.05.12-11.33.09:819][  0]LogBlueprint:Warning: [compiler] Warning Function ' Get Player Pawn ' is unsafe to call in a construction script.
[2015.05.12-11.33.09:833][  0]LogBlueprint:Warning: [compiler] Warning [0054.06] Compile of MyCharacter successful, but with 1 Warning(s) [in 41 ms]
[2015.05.12-11.33.10:121][  0]LogBlueprint:Warning: [compiler] Warning Function ' Get Player Pawn ' is unsafe to call in a construction script.
[2015.05.12-11.33.10:137][  0]LogBlueprint:Warning: [compiler] Warning [0054.36] Compile of MyCharacter successful, but with 1 Warning(s) [in 38 ms]
[2015.05.12-11.33.10:137][  0]LogBlueprint:Warning: [compiler] Warning [0054.36] Compile of MyCharacter successful, but with 2 Warning(s) [in 0 ms]
[2015.05.12-11.33.10:158][  0]LogBlueprint:Warning: [compiler] Warning Function ' Get Player Pawn ' is unsafe to call in a construction script.
[2015.05.12-11.33.10:171][  0]LogBlueprint:Warning: [compiler] Warning [0054.40] Compile of ScaleCharacter successful, but with 1 Warning(s) [in 21 ms]
[2015.05.12-11.33.10:171][  0]LogBlueprint:Warning: [compiler] Warning [0054.40] Compile of ScaleCharacter successful, but with 2 Warning(s) [in 0 ms]
[2015.05.12-11.33.17:661][  0]LogMaterial: Missing cached shader map for material DaylightAmbientCubemap_Mat, compiling.
[2015.05.12-11.33.17:689][  0]LogMaterial:Warning: Failed to compile Material /Engine/MapTemplates/Sky/DaylightAmbientCubemap_Mat.DaylightAmbientCubemap_Mat for platform PCD3D_SM5, Default Material will be used in game.
[2015.05.12-11.33.17:689][  0]LogMaterial:Warning: 	(Node TextureSample) Coercion failed: Parameters.TexCoords[0].xy: float2 -> float3
[2015.05.12-11.33.18:744][  0]LogPhysics:Warning: AddConvexElemsToRigidActor: [/Game/StaticFromBSP/Cabinet.Cabinet] ConvexElem[2] has negative scale. Not currently supported
[2015.05.12-11.33.18:744][  0]LogPhysics:Warning: AddConvexElemsToRigidActor: [/Game/StaticFromBSP/Cabinet.Cabinet] ConvexElem[3] has negative scale. Not currently supported
[2015.05.12-11.33.18:744][  0]LogPhysics:Warning: AddConvexElemsToRigidActor: [/Game/StaticFromBSP/Cabinet.Cabinet] ConvexElem[4] has negative scale. Not currently supported
[2015.05.12-11.33.18:885][  0]LogBlueprintUserMessages: 93205.328125
[2015.05.12-11.33.18:886][  0]LogBlueprintUserMessages: 124527.09375
[2015.05.12-11.33.18:886][  0]LogBlueprintUserMessages: 68460.367188
[2015.05.12-11.33.18:887][  0]LogBlueprintUserMessages: 124527.09375
[2015.05.12-11.33.18:888][  0]LogBlueprintUserMessages: 26034.099609
[2015.05.12-11.33.18:889][  0]LogBlueprintUserMessages: 46879.800781
[2015.05.12-11.33.18:890][  0]LogBlueprintUserMessages: 78097.59375
[2015.05.12-11.33.18:890][  0]LogBlueprintUserMessages: 78097.59375
[2015.05.12-11.33.18:891][  0]LogBlueprintUserMessages: 11939.734375
[2015.05.12-11.33.18:892][  0]LogBlueprintUserMessages: 54014.75
[2015.05.12-11.33.18:893][  0]LogBlueprintUserMessages: 11939.734375
[2015.05.12-11.33.19:053][  0]LogEditorServer: Finished looking for orphan Actors (0.000 secs)
[2015.05.12-11.33.19:062][  0]LogAIModule: Creating AISystem for world Basement
[2015.05.12-11.33.19:113][  0]Cmd: MAP CHECKDEP
[2015.05.12-11.33.19:119][  0]MapCheck: New page: Basement - 12 May 2015 13:33:19
[2015.05.12-11.33.19:296][  0]MapCheck: Info Map check complete: 0 Error(s), 0 Warning(s), took 182.612ms to complete.
[2015.05.12-11.33.19:296][  0]LogFileHelpers: Loading map 'Basement' took 13.188
[2015.05.12-11.33.20:147][  0]LogCollectionManager: Loaded 0 collections in 0.002712 seconds
[2015.05.12-11.33.21:639][  0]LogCrashTracker: Crashtracker disabled due to settings.
[2015.05.12-11.33.21:801][  0]LogUObjectGlobals:Warning: Failed to find object 'Class None.'
[2015.05.12-11.33.21:858][  0]LogLoad: Full Startup: 66.08 seconds (BP compile: 1.08 seconds)
[2015.05.12-11.33.22:712][  0]LogRenderer:Warning: Reallocating scene render targets to support 1136x672.
[2015.05.12-11.33.23:162][  1]LogContentBrowser:Verbose: The content browser source was changed by the sources view to '/Game/Blueprints'
[2015.05.12-11.33.23:162][  1]LogContentBrowser:Verbose: The content browser source was changed by the sources view to '/Game/Blueprints'
[2015.05.12-11.33.25:488][  2]LogPropertyNode:Warning: UI Min (0.001) >= UI Max () for Ranged Numeric
[2015.05.12-11.33.25:554][  2]LogPropertyNode:Warning: UI Min (0.001) >= UI Max () for Ranged Numeric
[2015.05.12-11.33.25:891][  2]LogPropertyNode:Warning: UI Min (0.001) >= UI Max () for Ranged Numeric
[2015.05.12-11.33.25:892][  2]LogPropertyNode:Warning: UI Min (0.001) >= UI Max () for Ranged Numeric
[2015.05.12-11.33.26:522][  2]LogMaterial: Missing cached shader map for material PreviewMaterial_0, compiling.
[2015.05.12-11.33.26:626][  2]LogActorComponent: UnregisterComponent: (/Engine/Transient.SkeletalMeshComponent_0) Not registered. Aborting.
[2015.05.12-11.33.26:849][  2]LogActorComponent: UnregisterComponent: (/Engine/Transient.SkeletalMeshComponent_0) Not registered. Aborting.
[2015.05.12-11.33.26:849][  2]LogActorComponent: RegisterComponentWithWorld: (/Engine/Transient.MaterialEditorMeshComponent_0) Already registered. Aborting.
[2015.05.12-11.33.26:849][  2]LogActorComponent: UnregisterComponent: (/Engine/Transient.SkeletalMeshComponent_0) Not registered. Aborting.
[2015.05.12-11.33.26:849][  2]LogActorComponent: RegisterComponentWithWorld: (/Engine/Transient.MaterialEditorMeshComponent_0) Already registered. Aborting.
[2015.05.12-11.33.26:899][  2]LogMaterial: Missing cached shader map for material PreviewMaterial_0, compiling.
[2015.05.12-11.33.26:992][  2]LogMaterial: Missing cached shader map for material FMatExpressionPreview MaterialExpressionTextureSample_0, compiling.
[2015.05.12-11.33.28:608][  2]LogRenderer:Warning: Reallocating scene render targets to support 1432x896.
[2015.05.12-11.33.29:144][  4]MaterialEditorStats: Info Base pass shader with static lighting: 69 instructions
[2015.05.12-11.33.29:144][  4]MaterialEditorStats: Info Base pass shader with only dynamic lighting: 38 instructions
[2015.05.12-11.33.29:144][  4]MaterialEditorStats: Info Vertex shader: 33 instructions
[2015.05.12-11.33.29:144][  4]MaterialEditorStats: Info Texture samplers: 3/16
[2015.05.12-11.34.05:171][223]LogAssetRegistry: Asset discovery search completed in 67.7269 seconds
[2015.05.12-11.34.19:327][887]LogActorComponent: UnregisterComponent: (/Engine/Transient.CharacterMovementComponent_0) Not registered. Aborting.
[2015.05.12-11.34.19:685][887]LogParticles: Destroying 0 GPU particle simulations for FXSystem 0x00000000058A6D40
[2015.05.12-11.34.21:053][888]Cmd: QUIT_EDITOR
[2015.05.12-11.34.21:608][888]LogExit: Preparing to exit.
[2015.05.12-11.34.22:507][888]LogExit: Editor shut down
[2015.05.12-11.34.22:508][888]LogExit: Transaction tracking system shut down
[2015.05.12-11.34.22:510][888]LogParticles: Destroying 0 GPU particle simulations for FXSystem 0x000000000D8A99E0
[2015.05.12-11.34.22:510][888]LogParticles: Destroying 0 GPU particle simulations for FXSystem 0x0000000020820860
[2015.05.12-11.34.22:510][888]LogParticles: Destroying 0 GPU particle simulations for FXSystem 0x0000000021F0DDA0
[2015.05.12-11.34.22:511][888]LogParticles: Destroying 0 GPU particle simulations for FXSystem 0x00000000239E34C0
[2015.05.12-11.34.22:511][888]LogParticles: Destroying 0 GPU particle simulations for FXSystem 0x0000000014AFED40
[2015.05.12-11.34.22:521][888]LogParticles: Destroying 0 GPU particle simulations for FXSystem 0x0000000019D9A660
[2015.05.12-11.34.22:522][888]LogParticles: Destroying 0 GPU particle simulations for FXSystem 0x000000001945C540
[2015.05.12-11.34.22:522][888]LogParticles: Destroying 0 GPU particle simulations for FXSystem 0x0000000024EDCA40
[2015.05.12-11.34.22:522][888]LogParticles: Destroying 0 GPU particle simulations for FXSystem 0x0000000026F4ACA0
[2015.05.12-11.34.22:522][888]LogParticles: Destroying 0 GPU particle simulations for FXSystem 0x0000000028E2A660
[2015.05.12-11.34.22:731][888]LogParticles: Destroying 0 GPU particle simulations for FXSystem 0x000000002911C540
[2015.05.12-11.34.22:731][888]LogExit: Object subsystem successfully closed.
[2015.05.12-11.34.22:921][888]LogModuleManager: Shutting down and abandoning module AndroidDeviceDetection (175)
[2015.05.12-11.34.22:921][888]LogModuleManager: Shutting down and abandoning module TextureEditor (174)
[2015.05.12-11.34.22:932][888]LogModuleManager: Shutting down and abandoning module MaterialEditor (173)
[2015.05.12-11.34.22:932][888]LogModuleManager: Shutting down and abandoning module StaticMeshEditor (172)
[2015.05.12-11.34.22:932][888]LogModuleManager: Shutting down and abandoning module CrashTracker (171)
[2015.05.12-11.34.22:932][888]LogModuleManager: Shutting down and abandoning module SuperSearch (170)
[2015.05.12-11.34.22:932][888]LogModuleManager: Shutting down and abandoning module SceneOutliner (169)
[2015.05.12-11.34.22:932][888]LogModuleManager: Shutting down and abandoning module EditorWidgets (168)
[2015.05.12-11.34.22:932][888]LogModuleManager: Shutting down and abandoning module CollectionManager (167)
[2015.05.12-11.34.22:940][888]LogModuleManager: Shutting down and abandoning module StatsViewer (166)
[2015.05.12-11.34.22:943][888]LogModuleManager: Shutting down and abandoning module FoliageEdit (165)
[2015.05.12-11.34.22:943][888]LogModuleManager: Shutting down and abandoning module LandscapeEditor (164)
[2015.05.12-11.34.22:952][888]LogModuleManager: Shutting down and abandoning module MeshPaint (163)
[2015.05.12-11.34.22:952][888]LogModuleManager: Shutting down and abandoning module ActorPickerMode (162)
[2015.05.12-11.34.22:952][888]LogModuleManager: Shutting down and abandoning module GeometryMode (161)
[2015.05.12-11.34.22:952][888]LogModuleManager: Shutting down and abandoning module TextureAlignMode (160)
[2015.05.12-11.34.22:952][888]LogModuleManager: Shutting down and abandoning module BspMode (159)
[2015.05.12-11.34.22:952][888]LogModuleManager: Shutting down and abandoning module PlacementMode (158)
[2015.05.12-11.34.22:952][888]LogModuleManager: Shutting down and abandoning module AutomationWorker (157)
[2015.05.12-11.34.22:952][888]LogModuleManager: Shutting down and abandoning module CharacterAI (156)
[2015.05.12-11.34.22:952][888]LogModuleManager: Shutting down and abandoning module GameProjectGeneration (155)
[2015.05.12-11.34.22:963][888]LogModuleManager: Shutting down and abandoning module IntroTutorials (154)
[2015.05.12-11.34.22:963][888]LogModuleManager: Shutting down and abandoning module EditorLiveStreaming (153)
[2015.05.12-11.34.22:963][888]LogModuleManager: Shutting down and abandoning module HardwareTargeting (152)
[2015.05.12-11.34.22:963][888]LogModuleManager: Shutting down and abandoning module DeviceProfileEditor (151)
[2015.05.12-11.34.22:963][888]LogModuleManager: Shutting down and abandoning module UndoHistory (150)
[2015.05.12-11.34.22:963][888]LogModuleManager: Shutting down and abandoning module GameplayTagsEditor (149)
[2015.05.12-11.34.22:963][888]LogModuleManager: Shutting down and abandoning module UserFeedback (148)
[2015.05.12-11.34.22:963][888]LogModuleManager: Shutting down and abandoning module XmlParser (147)
[2015.05.12-11.34.22:963][888]LogModuleManager: Shutting down and abandoning module Blutility (146)
[2015.05.12-11.34.22:963][888]LogModuleManager: Shutting down and abandoning module IOSPlatformEditor (145)
[2015.05.12-11.34.22:963][888]LogModuleManager: Shutting down and abandoning module IOSRuntimeSettings (144)
[2015.05.12-11.34.22:963][888]LogModuleManager: Shutting down and abandoning module AndroidPlatformEditor (143)
[2015.05.12-11.34.22:963][888]LogModuleManager: Shutting down and abandoning module AndroidRuntimeSettings (142)
[2015.05.12-11.34.22:963][888]LogModuleManager: Shutting down and abandoning module ProjectTargetPlatformEditor (141)
[2015.05.12-11.34.22:963][888]LogModuleManager: Shutting down and abandoning module ProjectSettingsViewer (140)
[2015.05.12-11.34.22:963][888]LogModuleManager: Shutting down and abandoning module InputBindingEditor (139)
[2015.05.12-11.34.22:963][888]LogModuleManager: Shutting down and abandoning module EditorSettingsViewer (138)
[2015.05.12-11.34.22:963][888]LogModuleManager: Shutting down and abandoning module SettingsEditor (137)
[2015.05.12-11.34.22:969][888]LogModuleManager: Shutting down and abandoning module ProjectLauncher (136)
[2015.05.12-11.34.22:969][888]LogModuleManager: Shutting down and abandoning module SessionFrontend (135)
[2015.05.12-11.34.22:969][888]LogModuleManager: Shutting down and abandoning module ProfilerClient (134)
[2015.05.12-11.34.22:978][888]LogModuleManager: Shutting down and abandoning module TargetDeviceServices (133)
[2015.05.12-11.34.22:978][888]LogModuleManager: Shutting down and abandoning module DeviceManager (132)
[2015.05.12-11.34.22:979][888]LogModuleManager: Shutting down and abandoning module AutomationController (131)
[2015.05.12-11.34.22:979][888]LogModuleManager: Shutting down and abandoning module AutomationWindow (130)
[2015.05.12-11.34.22:982][888]LogModuleManager: Shutting down and abandoning module Layers (129)
[2015.05.12-11.34.22:989][888]LogModuleManager: Shutting down and abandoning module ComponentVisualizers (128)
[2015.05.12-11.34.22:989][888]LogModuleManager: Shutting down and abandoning module DetailCustomizations (127)
[2015.05.12-11.34.22:989][888]LogModuleManager: Shutting down and abandoning module PackagesDialog (126)
[2015.05.12-11.34.23:002][888]LogModuleManager: Shutting down and abandoning module AssetRegistry (125)
[2015.05.12-11.34.23:107][888]LogModuleManager: Shutting down and abandoning module Persona (124)
[2015.05.12-11.34.23:133][888]LogModuleManager: Shutting down and abandoning module Kismet (123)
[2015.05.12-11.34.23:133][888]LogModuleManager: Shutting down and abandoning module GraphEditor (122)
[2015.05.12-11.34.23:133][888]LogModuleManager: Shutting down and abandoning module ClassViewer (121)
[2015.05.12-11.34.23:133][888]LogModuleManager: Shutting down and abandoning module Toolbox (120)
[2015.05.12-11.34.23:133][888]LogModuleManager: Shutting down and abandoning module ModuleUI (119)
[2015.05.12-11.34.23:142][888]LogModuleManager: Shutting down and abandoning module MovieSceneTools (118)
[2015.05.12-11.34.23:153][888]LogModuleManager: Shutting down and abandoning module OutputLog (117)
[2015.05.12-11.34.23:153][888]LogModuleManager: Shutting down and abandoning module GammaUI (116)
[2015.05.12-11.34.23:163][888]LogModuleManager: Shutting down and abandoning module Documentation (115)
[2015.05.12-11.34.23:163][888]LogModuleManager: Shutting down and abandoning module GameLiveStreaming (114)
[2015.05.12-11.34.23:163][888]LogModuleManager: Shutting down and abandoning module StreamingPauseRendering (113)
[2015.05.12-11.34.23:163][888]LogModuleManager: Shutting down and abandoning module HTTP (112)
[2015.05.12-11.34.23:163][888]LogModuleManager: Shutting down and abandoning module AnalyticsET (111)
[2015.05.12-11.34.23:163][888]LogModuleManager: Shutting down and abandoning module Analytics (110)
[2015.05.12-11.34.23:163][888]LogModuleManager: Shutting down and abandoning module AITestSuite (109)
[2015.05.12-11.34.23:163][888]LogModuleManager: Shutting down and abandoning module AIModule (108)
[2015.05.12-11.34.23:166][888]LogModuleManager: Shutting down and abandoning module ProfilerService (107)
[2015.05.12-11.34.23:341][888]LogModuleManager: Shutting down and abandoning module TaskGraph (106)
[2015.05.12-11.34.23:367][888]LogModuleManager: Shutting down and abandoning module GameplayDebugger (105)
[2015.05.12-11.34.23:367][888]LogModuleManager: Shutting down and abandoning module SlateRemote (104)
[2015.05.12-11.34.23:367][888]LogModuleManager: Shutting down and abandoning module ScriptEditorPlugin (103)
[2015.05.12-11.34.23:368][888]LogModuleManager: Shutting down and abandoning module CustomMeshComponent (102)
[2015.05.12-11.34.23:368][888]LogModuleManager: Shutting down and abandoning module CableComponent (101)
[2015.05.12-11.34.23:368][888]LogModuleManager: Shutting down and abandoning module MessagingDebugger (100)
[2015.05.12-11.34.23:378][888]LogModuleManager: Shutting down and abandoning module MediaPlayerEditor (99)
[2015.05.12-11.34.23:389][888]LogModuleManager: Shutting down and abandoning module SpeedTreeImporter (98)
[2015.05.12-11.34.23:389][888]LogModuleManager: Shutting down and abandoning module PluginsEditor (97)
[2015.05.12-11.34.23:389][888]LogModuleManager: Shutting down and abandoning module EpicSurvey (96)
[2015.05.12-11.34.23:389][888]LogModuleManager: Shutting down and abandoning module DesktopPlatform (95)
[2015.05.12-11.34.23:396][888]LogModuleManager: Shutting down and abandoning module VisualStudioSourceCodeAccess (94)
[2015.05.12-11.34.23:396][888]LogModuleManager: Shutting down and abandoning module UObjectPlugin (93)
[2015.05.12-11.34.23:396][888]LogModuleManager: Shutting down and abandoning module SubversionSourceControl (92)
[2015.05.12-11.34.23:396][888]LogModuleManager: Shutting down and abandoning module SourceControl (91)
[2015.05.12-11.34.23:396][888]LogModuleManager: Shutting down and abandoning module PerforceSourceControl (90)
[2015.05.12-11.34.23:407][888]LogModuleManager: Shutting down and abandoning module BlankPlugin (89)
[2015.05.12-11.34.23:407][888]LogModuleManager: Shutting down and abandoning module SlateReflector (88)
[2015.05.12-11.34.23:407][888]LogModuleManager: Shutting down and abandoning module DirectoryWatcher (87)
[2015.05.12-11.34.23:407][888]LogModuleManager: Shutting down and abandoning module HotReload (86)
[2015.05.12-11.34.23:408][888]LogModuleManager: Shutting down and abandoning module MainFrame (85)
[2015.05.12-11.34.23:408][888]LogModuleManager: Shutting down and abandoning module LevelEditor (84)
[2015.05.12-11.34.23:417][888]LogModuleManager: Shutting down and abandoning module ViewportSnapping (83)
[2015.05.12-11.34.23:417][888]LogModuleManager: Shutting down and abandoning module SmartSnapping (82)
[2015.05.12-11.34.23:417][888]LogModuleManager: Shutting down and abandoning module PaperTiledImporter (81)
[2015.05.12-11.34.23:417][888]LogModuleManager: Shutting down and abandoning module PaperJsonImporter (80)
[2015.05.12-11.34.23:417][888]LogModuleManager: Shutting down and abandoning module ContentBrowser (79)
[2015.05.12-11.34.23:417][888]LogModuleManager: Shutting down and abandoning module Paper2DEditor (78)
[2015.05.12-11.34.23:424][888]LogModuleManager: Shutting down and abandoning module ScriptPlugin (77)
[2015.05.12-11.34.23:432][888]LogModuleManager: Shutting down and abandoning module UdpMessaging (76)
[2015.05.12-11.34.23:532][888]LogModuleManager: Shutting down and abandoning module Paper2D (75)
[2015.05.12-11.34.23:532][888]LogModuleManager: Shutting down and abandoning module UE4Game (74)
[2015.05.12-11.34.23:532][888]LogModuleManager: Shutting down and abandoning module WindowsMoviePlayer (73)
[2015.05.12-11.34.23:532][888]LogModuleManager: Shutting down and abandoning module Media (72)
[2015.05.12-11.34.23:532][888]LogModuleManager: Shutting down and abandoning module WmfMedia (71)
[2015.05.12-11.34.23:557][888]LogModuleManager: Shutting down and abandoning module OnlineBlueprintSupport (70)
[2015.05.12-11.34.23:557][888]LogModuleManager: Shutting down and abandoning module PropertyEditor (69)
[2015.05.12-11.34.23:557][888]LogModuleManager: Shutting down and abandoning module BehaviorTreeEditor (68)
[2015.05.12-11.34.23:582][888]LogModuleManager: Shutting down and abandoning module FunctionalTesting (67)
[2015.05.12-11.34.23:582][888]LogModuleManager: Shutting down and abandoning module CollisionAnalyzer (66)
[2015.05.12-11.34.23:592][888]LogModuleManager: Shutting down and abandoning module WorkspaceMenuStructure (65)
[2015.05.12-11.34.23:592][888]LogModuleManager: Shutting down and abandoning module MessageLog (64)
[2015.05.12-11.34.23:592][888]LogModuleManager: Shutting down and abandoning module Sequencer (63)
[2015.05.12-11.34.23:593][888]LogModuleManager: Shutting down and abandoning module AssetTools (62)
[2015.05.12-11.34.23:604][888]LogModuleManager: Shutting down and abandoning module UMGEditor (61)
[2015.05.12-11.34.23:604][888]LogModuleManager: Shutting down and abandoning module UMG (60)
[2015.05.12-11.34.23:615][888]LogModuleManager: Shutting down and abandoning module Slate (59)
[2015.05.12-11.34.23:615][888]LogModuleManager: Shutting down and abandoning module EditorStyle (58)
[2015.05.12-11.34.23:623][888]LogModuleManager: Shutting down and abandoning module SessionServices (57)
[2015.05.12-11.34.23:623][888]LogModuleManager: Shutting down and abandoning module SourceCodeAccess (56)
[2015.05.12-11.34.23:623][888]LogModuleManager: Shutting down and abandoning module HeadMountedDisplay (55)
[2015.05.12-11.34.23:623][888]LogModuleManager: Shutting down and abandoning module XAudio2 (54)
[2015.05.12-11.34.23:623][888]LogModuleManager: Shutting down and abandoning module Networking (52)
[2015.05.12-11.34.23:623][888]LogModuleManager: Shutting down and abandoning module Core (51)
[2015.05.12-11.34.23:623][888]LogModuleManager: Shutting down and abandoning module KismetCompiler (50)
[2015.05.12-11.34.23:623][888]LogModuleManager: Shutting down and abandoning module PhysXFormats (49)
[2015.05.12-11.34.23:623][888]LogModuleManager: Shutting down and abandoning module MeshUtilities (48)
[2015.05.12-11.34.23:631][888]LogModuleManager: Shutting down and abandoning module DerivedDataCache (47)
[2015.05.12-11.34.24:066][888]LogDerivedDataCache: Shutdown
[2015.05.12-11.34.24:066][888]LogModuleManager: Shutting down and abandoning module ShaderFormatOpenGL (46)
[2015.05.12-11.34.24:075][888]LogModuleManager: Shutting down and abandoning module ShaderFormatD3D (45)
[2015.05.12-11.34.24:075][888]LogModuleManager: Shutting down and abandoning module MetalShaderFormat (44)
[2015.05.12-11.34.24:079][888]LogModuleManager: Shutting down and abandoning module TextureFormatUncompressed (43)
[2015.05.12-11.34.24:079][888]LogModuleManager: Shutting down and abandoning module TextureFormatPVR (42)
[2015.05.12-11.34.24:079][888]LogModuleManager: Shutting down and abandoning module TextureFormatDXT (41)
[2015.05.12-11.34.24:079][888]LogModuleManager: Shutting down and abandoning module TextureFormatAndroid (40)
[2015.05.12-11.34.24:079][888]LogModuleManager: Shutting down and abandoning module AudioFormatOpus (39)
[2015.05.12-11.34.24:079][888]LogModuleManager: Shutting down and abandoning module AudioFormatOgg (38)
[2015.05.12-11.34.24:079][888]LogModuleManager: Shutting down and abandoning module AudioFormatADPCM (37)
[2015.05.12-11.34.24:079][888]LogModuleManager: Shutting down and abandoning module LinuxTargetPlatform (36)
[2015.05.12-11.34.24:079][888]LogModuleManager: Shutting down and abandoning module LinuxServerTargetPlatform (35)
[2015.05.12-11.34.24:079][888]LogModuleManager: Shutting down and abandoning module LinuxNoEditorTargetPlatform (34)
[2015.05.12-11.34.24:079][888]LogModuleManager: Shutting down and abandoning module Messaging (33)
[2015.05.12-11.34.24:080][888]LogModuleManager: Shutting down and abandoning module IOSTargetPlatform (32)
[2015.05.12-11.34.24:080][888]LogModuleManager: Shutting down and abandoning module Android_PVRTCTargetPlatform (31)
[2015.05.12-11.34.24:080][888]LogModuleManager: Shutting down and abandoning module Android_ETC2TargetPlatform (30)
[2015.05.12-11.34.24:080][888]LogModuleManager: Shutting down and abandoning module Android_ETC1TargetPlatform (29)
[2015.05.12-11.34.24:080][888]LogModuleManager: Shutting down and abandoning module Android_DXTTargetPlatform (28)
[2015.05.12-11.34.24:080][888]LogModuleManager: Shutting down and abandoning module Android_ATCTargetPlatform (27)
[2015.05.12-11.34.24:080][888]LogModuleManager: Shutting down and abandoning module AndroidTargetPlatform (26)
[2015.05.12-11.34.24:080][888]LogModuleManager: Shutting down and abandoning module WindowsTargetPlatform (25)
[2015.05.12-11.34.24:080][888]LogModuleManager: Shutting down and abandoning module WindowsServerTargetPlatform (24)
[2015.05.12-11.34.24:080][888]LogModuleManager: Shutting down and abandoning module WindowsNoEditorTargetPlatform (23)
[2015.05.12-11.34.24:080][888]LogModuleManager: Shutting down and abandoning module WindowsClientTargetPlatform (22)
[2015.05.12-11.34.24:080][888]LogModuleManager: Shutting down and abandoning module TargetPlatform (21)
[2015.05.12-11.34.24:080][888]LogModuleManager: Shutting down and abandoning module InputCore (20)
[2015.05.12-11.34.24:080][888]LogModuleManager: Shutting down and abandoning module Settings (19)
[2015.05.12-11.34.24:080][888]LogModuleManager: Shutting down and abandoning module ImageWrapper (18)
[2015.05.12-11.34.24:080][888]LogModuleManager: Shutting down and abandoning module OculusRift (15)
[2015.05.12-11.34.24:080][888]LogModuleManager: Shutting down and abandoning module ExampleDeviceProfileSelector (14)
[2015.05.12-11.34.24:080][888]LogModuleManager: Shutting down and abandoning module TextureCompressor (13)
[2015.05.12-11.34.24:083][888]LogModuleManager: Shutting down and abandoning module ShaderCore (12)
[2015.05.12-11.34.24:083][888]LogModuleManager: Shutting down and abandoning module Landscape (11)
[2015.05.12-11.34.24:083][888]LogModuleManager: Shutting down and abandoning module SlateRHIRenderer (10)
[2015.05.12-11.34.24:084][888]LogModuleManager: Shutting down and abandoning module OpenGLDrv (9)
[2015.05.12-11.34.24:084][888]LogModuleManager: Shutting down and abandoning module D3D11RHI (8)
[2015.05.12-11.34.24:084][888]LogModuleManager: Shutting down and abandoning module Renderer (7)
[2015.05.12-11.34.24:084][888]LogModuleManager: Shutting down and abandoning module Engine (6)
[2015.05.12-11.34.24:084][888]LogModuleManager: Shutting down and abandoning module CoreUObject (5)
[2015.05.12-11.34.24:084][888]LogModuleManager: Shutting down and abandoning module NetworkFile (4)
[2015.05.12-11.34.24:094][888]LogModuleManager: Shutting down and abandoning module StreamingFile (3)
[2015.05.12-11.34.24:099][888]LogModuleManager: Shutting down and abandoning module SandboxFile (2)
[2015.05.12-11.34.24:099][888]LogModuleManager: Shutting down and abandoning module PakFile (1)
[2015.05.12-11.34.24:103][888]LogExit: Exiting.
[2015.05.12-11.34.24:115][888]Log file closed, 05/12/15 12:34:24
