Log file open, 04/14/15 12:21:41
LogInit:Display: Running engine for game: MyProject4
LogInit: Version: 4.6.1-2386410+++depot+UE4-Releases+4.6
LogInit: API Version: 2369412
LogInit: Compiled (64-bit): Dec 11 2014 21:31:39
LogInit: Compiled with Visual C++: 18.00.21005.01
LogInit: Build Configuration: Development
LogInit: Branch Name: ++depot+UE4-Releases+4.6
LogInit: Command line:  
LogInit: Base directory: C:/Program Files/Epic Games/4.6/Engine/Binaries/Win64/
LogInit: Rocket: 1
[2015.04.14-11.21.41:718][  0]LogTaskGraph: Started task graph with 3 named threads and 6 total threads.
[2015.04.14-11.21.41:798][  0]LogOnline:Warning: No default platform service specified for OnlineSubsystem
[2015.04.14-11.21.41:830][  0]LogInit: Presizing for 0 objects not considered by GC, pre-allocating 0 bytes.
[2015.04.14-11.21.41:837][  0]LogInit: Object subsystem initialized
[2015.04.14-11.21.41:839][  0]LogConsoleResponse:Warning: Skipping Unknown console variable: 'UIScaleCurve = (EditorCurveData=(Keys=((Time=480.000000,Value=0.444000),(Time=720.000000,Value=0.666000),(Time=1080.000000,Value=1.000000),(Time=8640.000000,Value=8.000000))),ExternalCurve=None)'
[2015.04.14-11.21.41:839][  0]LogConsoleResponse:Warning:   Found in ini file 'C:/Users/Fulltime/Documents/Level26 - Copy/MyProject4/Saved/Config/Windows/Engine.ini', in section '[/Script/Engine.RendererSettings]'
[2015.04.14-11.21.41:839][  0]LogConsoleManager:Warning: Console variable 'r.MSAA.CompositingSampleCount' wasn't set (Priority ProjectSetting < Scalability)
[2015.04.14-11.21.41:839][  0]LogInit: Selected Device Profile: [Windows]
[2015.04.14-11.21.41:840][  0]LogInit: Applying CVar settings loaded from the selected device profile: [Windows]
[2015.04.14-11.21.41:867][  0]LogInit: Computer: RINGLETLTD18-PC
[2015.04.14-11.21.41:867][  0]LogInit: User: Fulltime
[2015.04.14-11.21.41:867][  0]LogInit: CPU Page size=4096, Cores=4
[2015.04.14-11.21.41:867][  0]LogInit: High frequency timer resolution =3.125058 MHz
[2015.04.14-11.21.41:867][  0]LogMemory: Memory total: Physical=7.9GB (8GB approx) Virtual=8192.0GB
[2015.04.14-11.21.41:867][  0]LogMemory: Platform Memory Stats for Windows
[2015.04.14-11.21.41:867][  0]LogMemory: Process Physical Memory: 50.46 MB used, 50.46 MB peak
[2015.04.14-11.21.41:867][  0]LogMemory: Process Virtual Memory: 26.15 MB used, 26.16 MB peak
[2015.04.14-11.21.41:867][  0]LogMemory: Physical Memory: 2784.82 MB used, 8127.42 MB total
[2015.04.14-11.21.41:867][  0]LogMemory: Virtual Memory: 266.09 MB used, 8388608.00 MB total
[2015.04.14-11.21.41:933][  0]LogD3D11RHI: Found D3D11 adapter 0: NVIDIA GeForce GTX 760 (Feature Level 11_0)
[2015.04.14-11.21.41:933][  0]LogD3D11RHI: Adapter has 1990MB of dedicated video memory, 0MB of dedicated system memory, and 2048MB of shared system memory, 2 output[s]
[2015.04.14-11.21.41:933][  0]LogD3D11RHI: Chosen D3D11 Adapter Id = 0
[2015.04.14-11.21.41:947][  0]LogRHI: Texture pool is 1361 MB (70% of 1945 MB)
[2015.04.14-11.21.41:953][  0]LogD3D11RHI: Async texture creation enabled
[2015.04.14-11.21.42:418][  0]LogTextLocalizationManager: The requested culture ('en_GB') has no localization data; parent culture's ('en') localization data will be used.
[2015.04.14-11.21.42:594][  0]LogContentStreaming: Texture pool size is 0.000000MB
[2015.04.14-11.21.49:941][  0]LogTargetPlatformManager:Display: Building Assets For Windows
[2015.04.14-11.21.50:586][  0]LogTargetPlatformManager:Display: Building Assets For Windows
[2015.04.14-11.21.50:647][  0]LogDerivedDataCache:Display: Max Cache Size: 512 MB
[2015.04.14-11.21.50:926][  0]LogDerivedDataCache: Loaded boot cache 0.28s 39MB C:/Users/Fulltime/AppData/Local/UnrealEngine/4.6/DerivedDataCache/Boot.ddc.
[2015.04.14-11.21.50:926][  0]LogDerivedDataCache:Display: Loaded Boot cache: C:/Users/Fulltime/AppData/Local/UnrealEngine/4.6/DerivedDataCache/Boot.ddc
[2015.04.14-11.21.50:927][  0]LogDerivedDataCache: FDerivedDataBackendGraph:  Pak pak cache file ../../../../../../Users/Fulltime/Documents/Level26 - Copy/MyProject4/DerivedDataCache/DDC.ddp not found, will not use a pak cache.
[2015.04.14-11.21.50:927][  0]LogDerivedDataCache: Unable to find inner node Pak for hierarchical cache Hierarchy.
[2015.04.14-11.21.51:049][  0]LogDerivedDataCache:Display: Pak cache opened for reading ../../../Engine/DerivedDataCache/DDC.ddp.
[2015.04.14-11.21.51:059][  0]LogDerivedDataCache: Using Local data cache path C:/Users/Fulltime/AppData/Local/UnrealEngine/Common/DerivedDataCache: Writable
[2015.04.14-11.21.52:995][  0]LogCollisionProfile:Warning: Profile (UI) - Custom Channel Name = 'Weapon' hasn't been found
[2015.04.14-11.21.53:318][  0]LogMeshUtilities: No automatic mesh reduction module available
[2015.04.14-11.21.53:318][  0]LogMeshUtilities: No automatic mesh merging module available
[2015.04.14-11.21.53:866][  0]LogInit: WinSock: version 1.1 (2.2), MaxSocks=32767, MaxUdp=65467
[2015.04.14-11.21.53:957][  0]LogSlate:Warning: Failed to load font data from '../../../Engine/Content/Slate/Fonts/Roboto-Italic.ttf'
[2015.04.14-11.22.08:284][  0]UdpMessaging: Initializing bridge on interface 0.0.0.0:0 to multicast group 230.0.0.1:6666.
[2015.04.14-11.22.08:658][  0]LogDirectoryWatcher:Warning: Failed to begin reading directory changes for C:/Users/Fulltime/Documents/Level26 - Copy/MyProject4/Binaries/Win64. Error: 0
[2015.04.14-11.22.08:924][  0]SourceControl: Info Source control is disabled
[2015.04.14-11.22.08:924][  0]SourceControl: Info Source control is disabled
[2015.04.14-11.22.08:929][  0]SourceControl: Info Source control is disabled
[2015.04.14-11.22.09:216][  0]LogObj: 23754 objects as part of root set at end of initial load.
[2015.04.14-11.22.09:216][  0]LogUObjectAllocator: 5168128 out of 0 bytes used by permanent object pool.
[2015.04.14-11.22.09:291][  0]LogEngine: Initializing Engine...
[2015.04.14-11.22.09:580][  0]LogInit: XAudio2 using 'Speakers (Realtek High Definition Audio)' : 2 channels at 48 kHz using 32 bits per sample (channel mask 0x3)
[2015.04.14-11.22.09:666][  0]LogInit: FAudioDevice initialized.
[2015.04.14-11.22.09:682][  0]LogAIModule: Creating AISystem for world NewWorld
[2015.04.14-11.22.09:706][  0]LogDerivedDataCache: Saved boot cache 0.02s 39MB C:/Users/Fulltime/AppData/Local/UnrealEngine/4.6/DerivedDataCache/Boot.ddc.
[2015.04.14-11.22.09:708][  0]LogInit: Texture streaming: Enabled
[2015.04.14-11.22.09:730][  0]LogAnalytics: Creating configured Analytics provider AnalyticsET
[2015.04.14-11.22.09:730][  0]LogAnalytics: ET APIKey = Rocket.Release. APIServer = http://et2.epicgames.com/ET2/. AppVersion = 4.6.1-2386410+++depot+UE4-Releases+4.6
[2015.04.14-11.22.09:731][  0]LogAnalytics: SetUserId 69f16f0a28d0cebab19564fc86df198d
[2015.04.14-11.22.09:731][  0]LogAnalytics: AnalyticsET::StartSession [Rocket.Release]
[2015.04.14-11.22.09:768][  0]LogInit: Transaction tracking system initialized
[2015.04.14-11.22.10:100][  0]BlueprintLog: New page: Editor Load
[2015.04.14-11.22.10:130][  0]LogAssetRegistry: FAssetRegistry took 0.0097 seconds to start up
[2015.04.14-11.22.10:130][  0]LogDirectoryWatcher:Warning: Failed to begin reading directory changes for ../../../Engine/Plugins/Experimental/CharacterAI/Content/. Error: 0
[2015.04.14-11.22.11:064][  0]LogTargetPlatformManager:Display: Building Assets For Windows
[2015.04.14-11.22.11:355][  0]LogTargetPlatformManager:Display: Building Assets For Windows
[2015.04.14-11.22.12:220][  0]LogConsoleResponse:Display: 
[2015.04.14-11.22.12:816][  0]LogLinker:Warning: Asset '../../../Engine/Content/Functions/Engine_MaterialFunctions03/Procedurals/ComputeFilterWidth.uasset' has been saved with empty engine version. The asset will be loaded but may be incompatible.
[2015.04.14-11.22.13:981][  0]SourceControl: Info Source control is disabled
[2015.04.14-11.22.13:981][  0]Cmd: MAP LOAD FILE="../../../../../../Users/Fulltime/Documents/Level26 - Copy/MyProject4/Content/Maps/Basement.umap" TEMPLATE=0 SHOWPROGRESS=1
[2015.04.14-11.22.13:982][  0]LightingResults: New page: Lighting Build
[2015.04.14-11.22.13:993][  0]MapCheck: New page: Map Check
[2015.04.14-11.22.13:993][  0]LightingResults: New page: Lighting Build
[2015.04.14-11.22.14:002][  0]LogParticles: Destroying 0 GPU particle simulations for FXSystem 0x00000000139E5940
[2015.04.14-11.22.15:024][  0]LogBlueprint:Warning: [compiler] Warning Function ' Get Player Pawn ' is unsafe to call in a construction script.
[2015.04.14-11.22.15:037][  0]LogBlueprint:Warning: [compiler] Warning [0036.89] Compile of MyCharacter successful, but with 1 Warning(s) [in 39 ms]
[2015.04.14-11.22.15:162][  0]LogBlueprint:Warning: [compiler] Warning Function ' Get Player Pawn ' is unsafe to call in a construction script.
[2015.04.14-11.22.15:180][  0]LogBlueprint:Warning: [compiler] Warning [0037.04] Compile of MyCharacter successful, but with 1 Warning(s) [in 43 ms]
[2015.04.14-11.22.15:181][  0]LogBlueprint:Warning: [compiler] Warning [0037.04] Compile of MyCharacter successful, but with 2 Warning(s) [in 0 ms]
[2015.04.14-11.22.19:310][  0]LogMaterial: Missing cached shader map for material DaylightAmbientCubemap_Mat, compiling.
[2015.04.14-11.22.19:312][  0]LogMaterial:Warning: Failed to compile Material /Engine/MapTemplates/Sky/DaylightAmbientCubemap_Mat.DaylightAmbientCubemap_Mat for platform PCD3D_SM5, Default Material will be used in game.
[2015.04.14-11.22.19:312][  0]LogMaterial:Warning: 	(Node TextureSample) Coercion failed: Parameters.TexCoords[0].xy: float2 -> float3
[2015.04.14-11.22.19:965][  0]LogPhysics:Warning: AddConvexElemsToRigidActor: [/Game/StaticFromBSP/Cabinet.Cabinet] ConvexElem[2] has negative scale. Not currently supported
[2015.04.14-11.22.19:965][  0]LogPhysics:Warning: AddConvexElemsToRigidActor: [/Game/StaticFromBSP/Cabinet.Cabinet] ConvexElem[3] has negative scale. Not currently supported
[2015.04.14-11.22.19:965][  0]LogPhysics:Warning: AddConvexElemsToRigidActor: [/Game/StaticFromBSP/Cabinet.Cabinet] ConvexElem[4] has negative scale. Not currently supported
[2015.04.14-11.22.19:975][  0]LogBlueprintUserMessages: 93205.328125
[2015.04.14-11.22.19:976][  0]LogBlueprintUserMessages: 26034.099609
[2015.04.14-11.22.19:976][  0]LogBlueprintUserMessages: 106388.234375
[2015.04.14-11.22.19:977][  0]LogBlueprintUserMessages: 46879.800781
[2015.04.14-11.22.19:977][  0]LogBlueprintUserMessages: 78097.59375
[2015.04.14-11.22.19:978][  0]LogBlueprintUserMessages: 78097.59375
[2015.04.14-11.22.19:978][  0]LogBlueprintUserMessages: 120789.015625
[2015.04.14-11.22.19:979][  0]LogBlueprintUserMessages: 17954.421875
[2015.04.14-11.22.19:979][  0]LogBlueprintUserMessages: 124527.09375
[2015.04.14-11.22.19:980][  0]LogBlueprintUserMessages: 124527.09375
[2015.04.14-11.22.19:980][  0]LogBlueprintUserMessages: 106388.234375
[2015.04.14-11.22.19:981][  0]LogBlueprintUserMessages: 38267.722656
[2015.04.14-11.22.19:981][  0]LogBlueprintUserMessages: 68460.367188
[2015.04.14-11.22.19:982][  0]LogBlueprintUserMessages: 17954.421875
[2015.04.14-11.22.19:994][  0]LogEditorServer: Finished looking for orphan Actors (0.000 secs)
[2015.04.14-11.22.19:994][  0]LogAIModule: Creating AISystem for world Basement
[2015.04.14-11.22.19:995][  0]Cmd: MAP CHECKDEP
[2015.04.14-11.22.19:995][  0]MapCheck: New page: Basement - 14 Apr 2015 13:22:19
[2015.04.14-11.22.20:072][  0]MapCheck: Info Map check complete: 0 Error(s), 0 Warning(s), took 76.843ms to complete.
[2015.04.14-11.22.20:072][  0]LogFileHelpers: Loading map 'Basement' took 6.090
[2015.04.14-11.22.20:365][  0]LogCollectionManager: Loaded 0 collections in 0.000935 seconds
[2015.04.14-11.22.21:048][  0]LogCrashTracker: Crashtracker disabled due to settings.
[2015.04.14-11.22.21:062][  0]LogUObjectGlobals:Warning: Failed to find object 'Class None.'
[2015.04.14-11.22.21:101][  0]LogLoad: Full Startup: 42.95 seconds (BP compile: 0.27 seconds)
[2015.04.14-11.22.21:456][  0]LogContentBrowser:Verbose: The content browser source was changed by the sources view to '/Game/Blueprints'
[2015.04.14-11.22.21:456][  0]LogContentBrowser:Verbose: The content browser source was changed by the sources view to '/Game/Blueprints'
[2015.04.14-11.22.21:596][  0]LogRenderer:Warning: Reallocating scene render targets to support 1136x672.
[2015.04.14-11.22.24:304][  3]LogPropertyNode:Warning: UI Min (0.001) >= UI Max () for Ranged Numeric
[2015.04.14-11.22.24:306][  3]LogPropertyNode:Warning: UI Min (0.001) >= UI Max () for Ranged Numeric
[2015.04.14-11.22.24:359][  3]LogPropertyNode:Warning: UI Min (0.001) >= UI Max () for Ranged Numeric
[2015.04.14-11.22.24:360][  3]LogPropertyNode:Warning: UI Min (0.001) >= UI Max () for Ranged Numeric
[2015.04.14-11.22.25:248][  3]LogLinker:Warning: Can't resolve asset name
[2015.04.14-11.22.34:597][ 31]LogSynthBenchmark:Display: FSynthBenchmark (V0.95):  requested WorkScale=1.00
[2015.04.14-11.22.34:598][ 31]LogSynthBenchmark:Display: ===============
[2015.04.14-11.22.34:598][ 31]LogSynthBenchmark:Display: Main Processor:
[2015.04.14-11.22.34:647][ 31]LogSynthBenchmark:Display:          ... 0.025346 s/Run 'RayIntersect'
[2015.04.14-11.22.34:647][ 31]LogSynthBenchmark:Display:          ... 0.024512 s/Run 'Fractal'
[2015.04.14-11.22.34:647][ 31]LogSynthBenchmark:Display: 
[2015.04.14-11.22.34:647][ 31]LogSynthBenchmark:Display:   CompiledTarget_x_Bits: 64
[2015.04.14-11.22.34:647][ 31]LogSynthBenchmark:Display:   UE_BUILD_SHIPPING: 0
[2015.04.14-11.22.34:648][ 31]LogSynthBenchmark:Display:   UE_BUILD_TEST: 0
[2015.04.14-11.22.34:648][ 31]LogSynthBenchmark:Display:   UE_BUILD_DEBUG: 0
[2015.04.14-11.22.34:648][ 31]LogSynthBenchmark:Display:   TotalPhysicalGBRam: 8
[2015.04.14-11.22.34:648][ 31]LogSynthBenchmark:Display:   NumberOfCores (physical): 4
[2015.04.14-11.22.34:648][ 31]LogSynthBenchmark:Display:   NumberOfCores (logical): 4
[2015.04.14-11.22.34:648][ 31]LogSynthBenchmark:Display:   CPU Perf Index 0: 101.0
[2015.04.14-11.22.34:648][ 31]LogSynthBenchmark:Display:   CPU Perf Index 1: 116.7
[2015.04.14-11.22.34:648][ 31]LogSynthBenchmark:Display:  
[2015.04.14-11.22.34:648][ 31]LogSynthBenchmark:Display: Graphics:
[2015.04.14-11.22.34:648][ 31]LogSynthBenchmark:Display:   Adapter Name: 'NVIDIA GeForce GTX 760'
[2015.04.14-11.22.34:648][ 31]LogSynthBenchmark:Display:   (On Optimus the name might be wrong, memory should be ok)
[2015.04.14-11.22.34:648][ 31]LogSynthBenchmark:Display:   Vendor Id: 0x10de
[2015.04.14-11.22.34:648][ 31]LogSynthBenchmark:Display:   GPU Memory: 1991/0/2049 MB
[2015.04.14-11.22.34:648][ 31]LogSynthBenchmark:Display:   CPUIndex: 101.0
[2015.04.14-11.22.34:648][ 31]LogSynthBenchmark:Display:   GPUIndex: -1.$
[2015.04.14-11.22.34:648][ 31]LogSynthBenchmark:Display: 
[2015.04.14-11.22.34:648][ 31]LogSynthBenchmark:Display:          ... Total Time: 0.058165 sec
[2015.04.14-11.22.41:922][ 52]LogAssetRegistry: Asset discovery search completed in 31.8011 seconds
[2015.04.14-11.23.26:990][579]LogPlayLevel: PIE:  No blueprints needed recompiling
[2015.04.14-11.23.26:990][579]PIE: New page: PIE session: Basement (14 Apr 2015 13:23:26)
[2015.04.14-11.23.27:001][579]LogPlayLevel: PIE: StaticDuplicateObject took: (0.010167s)
[2015.04.14-11.23.27:001][579]LogPlayLevel: PIE: World Init took: (0.000744s)
[2015.04.14-11.23.27:002][579]LogPlayLevel: PIE: Created PIE world by copying editor world from /Game/Maps/Basement.Basement to /Game/Maps/UEDPIE_0_Basement.Basement (0.011139s)
[2015.04.14-11.23.27:095][579]LogWorld: Game class is 'MyGame_C'
[2015.04.14-11.23.27:098][579]LogAIModule: Creating AISystem for world Basement
[2015.04.14-11.23.27:099][579]LogPhysics:Warning: AddConvexElemsToRigidActor: [/Game/StaticFromBSP/Cabinet.Cabinet] ConvexElem[2] has negative scale. Not currently supported
[2015.04.14-11.23.27:099][579]LogPhysics:Warning: AddConvexElemsToRigidActor: [/Game/StaticFromBSP/Cabinet.Cabinet] ConvexElem[3] has negative scale. Not currently supported
[2015.04.14-11.23.27:099][579]LogPhysics:Warning: AddConvexElemsToRigidActor: [/Game/StaticFromBSP/Cabinet.Cabinet] ConvexElem[4] has negative scale. Not currently supported
[2015.04.14-11.23.27:104][579]LogWorld: Bringing World /Game/Maps/UEDPIE_0_Basement.Basement up for play (max tick rate 0) at 2015.04.14-12.23.27
[2015.04.14-11.23.27:107][579]LogWorld: Bringing up level for play took: 0.008529
[2015.04.14-11.23.27:108][579]LogBlueprintUserMessages: 0
[2015.04.14-11.23.27:109][579]PIE: Info Play in editor start time for /Game/Maps/UEDPIE_0_Basement 0.659
[2015.04.14-11.23.31:257][919]LogBlueprintUserMessages: 0
[2015.04.14-11.23.34:033][150]LogBlueprintUserMessages: 0
[2015.04.14-11.23.38:153][487]LogBlueprintUserMessages: 0
[2015.04.14-11.23.43:983][972]LogActorComponent: UnregisterComponent: (/Engine/Transient.CharacterMovementComponent_0) Not registered. Aborting.
[2015.04.14-11.23.44:010][972]LogParticles: Destroying 0 GPU particle simulations for FXSystem 0x00000000038D3A60
[2015.04.14-11.23.48:573][246]LogPlayLevel: PIE:  No blueprints needed recompiling
[2015.04.14-11.23.48:574][246]PIE: New page: PIE session: Basement (14 Apr 2015 13:23:48)
[2015.04.14-11.23.48:584][246]LogPlayLevel: PIE: StaticDuplicateObject took: (0.010133s)
[2015.04.14-11.23.48:584][246]LogPlayLevel: PIE: World Init took: (0.000408s)
[2015.04.14-11.23.48:585][246]LogPlayLevel: PIE: Created PIE world by copying editor world from /Game/Maps/Basement.Basement to /Game/Maps/UEDPIE_0_Basement.Basement (0.010739s)
[2015.04.14-11.23.48:615][246]LogWorld: Game class is 'MyGame_C'
[2015.04.14-11.23.48:616][246]LogAIModule: Creating AISystem for world Basement
[2015.04.14-11.23.48:617][246]LogPhysics:Warning: AddConvexElemsToRigidActor: [/Game/StaticFromBSP/Cabinet.Cabinet] ConvexElem[2] has negative scale. Not currently supported
[2015.04.14-11.23.48:617][246]LogPhysics:Warning: AddConvexElemsToRigidActor: [/Game/StaticFromBSP/Cabinet.Cabinet] ConvexElem[3] has negative scale. Not currently supported
[2015.04.14-11.23.48:617][246]LogPhysics:Warning: AddConvexElemsToRigidActor: [/Game/StaticFromBSP/Cabinet.Cabinet] ConvexElem[4] has negative scale. Not currently supported
[2015.04.14-11.23.48:621][246]LogWorld: Bringing World /Game/Maps/UEDPIE_0_Basement.Basement up for play (max tick rate 0) at 2015.04.14-12.23.48
[2015.04.14-11.23.48:622][246]LogWorld: Bringing up level for play took: 0.005824
[2015.04.14-11.23.48:623][246]LogBlueprintUserMessages: 0
[2015.04.14-11.23.48:624][246]PIE: Info Play in editor start time for /Game/Maps/UEDPIE_0_Basement 0.172
[2015.04.14-11.23.55:185][766]LogScript:Warning: Accessed None 'LastSpawn'
	MyCharacter_C /Game/Maps/UEDPIE_0_Basement.Basement:PersistentLevel.MyCharacter_C_4
	Function /Game/Blueprints/MyCharacter.MyCharacter_C:SpawnPlayer:046F
[2015.04.14-11.23.55:185][766]PIE:Error: Error Accessed None 'LastSpawn' from node ReturnNode in blueprint MyCharacter
[2015.04.14-11.23.55:186][766]LogScript:Warning: Accessed None 'LastSpawn'
	MyCharacter_C /Game/Maps/UEDPIE_0_Basement.Basement:PersistentLevel.MyCharacter_C_4
	Function /Game/Blueprints/MyCharacter.MyCharacter_C:SpawnPlayer:0526
[2015.04.14-11.23.55:186][766]PIE:Error: Error Accessed None 'LastSpawn' from node ReturnNode in blueprint MyCharacter
[2015.04.14-11.23.55:186][766]LogBlueprintUserMessages: 0
[2015.04.14-11.23.56:253][853]LogActorComponent: UnregisterComponent: (/Engine/Transient.CharacterMovementComponent_1) Not registered. Aborting.
[2015.04.14-11.23.56:293][853]LogParticles: Destroying 0 GPU particle simulations for FXSystem 0x0000000013E1D300
[2015.04.14-11.23.58:168][997]LogPlayLevel: PIE:  No blueprints needed recompiling
[2015.04.14-11.23.58:168][997]PIE: New page: PIE session: Basement (14 Apr 2015 13:23:58)
[2015.04.14-11.23.58:179][997]LogPlayLevel: PIE: StaticDuplicateObject took: (0.010658s)
[2015.04.14-11.23.58:179][997]LogPlayLevel: PIE: World Init took: (0.000436s)
[2015.04.14-11.23.58:180][997]LogPlayLevel: PIE: Created PIE world by copying editor world from /Game/Maps/Basement.Basement to /Game/Maps/UEDPIE_0_Basement.Basement (0.011331s)
[2015.04.14-11.23.58:209][997]LogWorld: Game class is 'MyGame_C'
[2015.04.14-11.23.58:211][997]LogAIModule: Creating AISystem for world Basement
[2015.04.14-11.23.58:212][997]LogPhysics:Warning: AddConvexElemsToRigidActor: [/Game/StaticFromBSP/Cabinet.Cabinet] ConvexElem[2] has negative scale. Not currently supported
[2015.04.14-11.23.58:212][997]LogPhysics:Warning: AddConvexElemsToRigidActor: [/Game/StaticFromBSP/Cabinet.Cabinet] ConvexElem[3] has negative scale. Not currently supported
[2015.04.14-11.23.58:212][997]LogPhysics:Warning: AddConvexElemsToRigidActor: [/Game/StaticFromBSP/Cabinet.Cabinet] ConvexElem[4] has negative scale. Not currently supported
[2015.04.14-11.23.58:216][997]LogWorld: Bringing World /Game/Maps/UEDPIE_0_Basement.Basement up for play (max tick rate 0) at 2015.04.14-12.23.58
[2015.04.14-11.23.58:217][997]LogWorld: Bringing up level for play took: 0.006656
[2015.04.14-11.23.58:219][997]LogBlueprintUserMessages: 0
[2015.04.14-11.23.58:219][997]PIE: Info Play in editor start time for /Game/Maps/UEDPIE_0_Basement -0.232
[2015.04.14-11.24.02:689][342]LogBlueprintUserMessages: 0
[2015.04.14-11.24.05:791][595]LogBlueprintUserMessages: 0
[2015.04.14-11.24.07:919][773]LogBlueprintUserMessages: 2
[2015.04.14-11.24.08:187][796]LogScript:Warning: Accessed None 'LastSpawn'
	MyCharacter_C /Game/Maps/UEDPIE_0_Basement.Basement:PersistentLevel.MyCharacter_C_8
	Function /Game/Blueprints/MyCharacter.MyCharacter_C:SpawnPlayer:046F
[2015.04.14-11.24.08:188][796]PIE:Error: Error Accessed None 'LastSpawn' from node ReturnNode in blueprint MyCharacter
[2015.04.14-11.24.08:188][796]LogScript:Warning: Accessed None 'LastSpawn'
	MyCharacter_C /Game/Maps/UEDPIE_0_Basement.Basement:PersistentLevel.MyCharacter_C_8
	Function /Game/Blueprints/MyCharacter.MyCharacter_C:SpawnPlayer:0526
[2015.04.14-11.24.08:188][796]PIE:Error: Error Accessed None 'LastSpawn' from node ReturnNode in blueprint MyCharacter
[2015.04.14-11.24.08:188][796]LogBlueprintUserMessages: 0
[2015.04.14-11.24.09:410][888]LogParticles: Destroying 0 GPU particle simulations for FXSystem 0x0000000013B00F40
[2015.04.14-11.24.14:541][271]LogEditorViewport: Clicking on Actor (context menu): StaticMeshActor (Floor)
[2015.04.14-11.24.14:549][271]LogPropertyNode:Warning: UI Min (0.001) >= UI Max () for Ranged Numeric
[2015.04.14-11.24.15:989][373]LogEditorViewport: Clicking on Actor (LMB): StaticMeshActor (SM_SkySphere)
[2015.04.14-11.24.15:996][373]LogPropertyNode:Warning: UI Min (0.001) >= UI Max () for Ranged Numeric
[2015.04.14-11.24.19:181][621]Cmd: CAMERA ALIGN ACTIVEVIEWPORTONLY
[2015.04.14-11.24.19:181][621]Aligned camera to fit all selected actors.
[2015.04.14-11.24.19:954][674]Cmd: CAMERA ALIGN ACTIVEVIEWPORTONLY
[2015.04.14-11.24.19:954][674]Aligned camera to fit all selected actors.
[2015.04.14-11.24.20:774][735]LogEditorViewport: Clicking on Actor (LMB): StaticMeshActor (Floor)
[2015.04.14-11.24.20:781][735]LogPropertyNode:Warning: UI Min (0.001) >= UI Max () for Ranged Numeric
[2015.04.14-11.24.21:128][761]Cmd: CAMERA ALIGN ACTIVEVIEWPORTONLY
[2015.04.14-11.24.21:128][761]Aligned camera to fit all selected actors.
[2015.04.14-11.24.24:654][992]Cmd: CAMERA ALIGN ACTIVEVIEWPORTONLY
[2015.04.14-11.24.24:654][992]Aligned camera to fit all selected actors.
[2015.04.14-11.24.25:651][ 63]LogPropertyNode:Warning: UI Min (0.001) >= UI Max () for Ranged Numeric
[2015.04.14-11.24.25:744][ 67]Cmd: CAMERA ALIGN ACTIVEVIEWPORTONLY
[2015.04.14-11.24.25:744][ 67]Aligned camera to fit all selected actors.
[2015.04.14-11.24.29:882][343]Cmd: CAMERA ALIGN ACTIVEVIEWPORTONLY
[2015.04.14-11.24.29:882][343]Aligned camera to fit all selected actors.
[2015.04.14-11.24.36:789][722]LogPlayLevel: PIE:  No blueprints needed recompiling
[2015.04.14-11.24.36:789][722]PIE: New page: PIE session: Basement (14 Apr 2015 13:24:36)
[2015.04.14-11.24.36:800][722]LogPlayLevel: PIE: StaticDuplicateObject took: (0.010121s)
[2015.04.14-11.24.36:800][722]LogPlayLevel: PIE: World Init took: (0.000408s)
[2015.04.14-11.24.36:800][722]LogPlayLevel: PIE: Created PIE world by copying editor world from /Game/Maps/Basement.Basement to /Game/Maps/UEDPIE_0_Basement.Basement (0.010708s)
[2015.04.14-11.24.36:828][722]LogWorld: Game class is 'MyGame_C'
[2015.04.14-11.24.36:830][722]LogAIModule: Creating AISystem for world Basement
[2015.04.14-11.24.36:831][722]LogPhysics:Warning: AddConvexElemsToRigidActor: [/Game/StaticFromBSP/Cabinet.Cabinet] ConvexElem[2] has negative scale. Not currently supported
[2015.04.14-11.24.36:831][722]LogPhysics:Warning: AddConvexElemsToRigidActor: [/Game/StaticFromBSP/Cabinet.Cabinet] ConvexElem[3] has negative scale. Not currently supported
[2015.04.14-11.24.36:831][722]LogPhysics:Warning: AddConvexElemsToRigidActor: [/Game/StaticFromBSP/Cabinet.Cabinet] ConvexElem[4] has negative scale. Not currently supported
[2015.04.14-11.24.36:834][722]LogWorld: Bringing World /Game/Maps/UEDPIE_0_Basement.Basement up for play (max tick rate 0) at 2015.04.14-12.24.36
[2015.04.14-11.24.36:836][722]LogWorld: Bringing up level for play took: 0.006075
[2015.04.14-11.24.36:837][722]LogBlueprintUserMessages: 0
[2015.04.14-11.24.36:837][722]PIE: Info Play in editor start time for /Game/Maps/UEDPIE_0_Basement 0.386
[2015.04.14-11.24.39:312][903]LogScript:Warning: Accessed None 'LastSpawn'
	MyCharacter_C /Game/Maps/UEDPIE_0_Basement.Basement:PersistentLevel.MyCharacter_C_10
	Function /Game/Blueprints/MyCharacter.MyCharacter_C:SpawnPlayer:046F
[2015.04.14-11.24.39:312][903]PIE:Error: Error Accessed None 'LastSpawn' from node ReturnNode in blueprint MyCharacter
[2015.04.14-11.24.39:313][903]LogScript:Warning: Accessed None 'LastSpawn'
	MyCharacter_C /Game/Maps/UEDPIE_0_Basement.Basement:PersistentLevel.MyCharacter_C_10
	Function /Game/Blueprints/MyCharacter.MyCharacter_C:SpawnPlayer:0526
[2015.04.14-11.24.39:313][903]PIE:Error: Error Accessed None 'LastSpawn' from node ReturnNode in blueprint MyCharacter
[2015.04.14-11.24.39:313][903]LogBlueprintUserMessages: 0
[2015.04.14-11.24.39:924][948]LogParticles: Destroying 0 GPU particle simulations for FXSystem 0x000000000D429E40
[2015.04.14-11.24.46:566][391]Cmd: CAMERA ALIGN ACTIVEVIEWPORTONLY
[2015.04.14-11.24.46:566][391]Aligned camera to fit all selected actors.
[2015.04.14-12.24.23:323][923]LogPlayLevel: PIE:  No blueprints needed recompiling
[2015.04.14-12.24.23:323][923]PIE: New page: PIE session: Basement (14 Apr 2015 14:24:23)
[2015.04.14-12.24.23:335][923]LogPlayLevel: PIE: StaticDuplicateObject took: (0.011279s)
[2015.04.14-12.24.23:335][923]LogPlayLevel: PIE: World Init took: (0.000688s)
[2015.04.14-12.24.23:336][923]LogPlayLevel: PIE: Created PIE world by copying editor world from /Game/Maps/Basement.Basement to /Game/Maps/UEDPIE_0_Basement.Basement (0.012246s)
[2015.04.14-12.24.23:365][923]LogWorld: Game class is 'MyGame_C'
[2015.04.14-12.24.23:366][923]LogAIModule: Creating AISystem for world Basement
[2015.04.14-12.24.23:368][923]LogPhysics:Warning: AddConvexElemsToRigidActor: [/Game/StaticFromBSP/Cabinet.Cabinet] ConvexElem[2] has negative scale. Not currently supported
[2015.04.14-12.24.23:368][923]LogPhysics:Warning: AddConvexElemsToRigidActor: [/Game/StaticFromBSP/Cabinet.Cabinet] ConvexElem[3] has negative scale. Not currently supported
[2015.04.14-12.24.23:368][923]LogPhysics:Warning: AddConvexElemsToRigidActor: [/Game/StaticFromBSP/Cabinet.Cabinet] ConvexElem[4] has negative scale. Not currently supported
[2015.04.14-12.24.23:372][923]LogWorld: Bringing World /Game/Maps/UEDPIE_0_Basement.Basement up for play (max tick rate 0) at 2015.04.14-13.24.23
[2015.04.14-12.24.23:373][923]LogWorld: Bringing up level for play took: 0.006791
[2015.04.14-12.24.23:375][923]LogBlueprintUserMessages: 0
[2015.04.14-12.24.23:375][923]PIE: Info Play in editor start time for /Game/Maps/UEDPIE_0_Basement 0.854
[2015.04.14-12.24.26:343][161]LogBlueprintUserMessages: 0
[2015.04.14-12.24.28:506][336]LogBlueprintUserMessages: 2
[2015.04.14-12.24.28:604][344]LogBlueprintUserMessages: 3
[2015.04.14-12.24.28:908][369]LogBlueprintUserMessages: 4
[2015.04.14-12.24.29:128][387]LogBlueprintUserMessages: 5
[2015.04.14-12.24.29:202][393]LogBlueprintUserMessages: 6
[2015.04.14-12.24.29:252][397]LogBlueprintUserMessages: 7
[2015.04.14-12.24.29:447][413]LogBlueprintUserMessages: 8
[2015.04.14-12.24.29:485][416]LogBlueprintUserMessages: 9
[2015.04.14-12.24.29:655][430]LogBlueprintUserMessages: 10
[2015.04.14-12.25.23:259][994]LogActorComponent: UnregisterComponent: (/Engine/Transient.CharacterMovementComponent_2) Not registered. Aborting.
[2015.04.14-12.30.30:970][435]LogBlueprintUserMessages: 11
[2015.04.14-12.30.31:207][455]LogBlueprintUserMessages: 12
[2015.04.14-12.30.31:581][487]LogBlueprintUserMessages: 13
[2015.04.14-12.30.32:007][522]LogBlueprintUserMessages: 14
[2015.04.14-12.30.33:600][652]LogBlueprintUserMessages: 15
[2015.04.14-12.30.34:703][745]LogBlueprintUserMessages: 16
[2015.04.14-12.30.34:882][760]LogBlueprintUserMessages: 17
[2015.04.14-12.30.35:180][785]LogBlueprintUserMessages: 18
[2015.04.14-12.30.35:417][805]LogBlueprintUserMessages: 19
[2015.04.14-12.30.35:500][812]LogBlueprintUserMessages: 20
[2015.04.14-12.30.37:029][930]LogParticles: Destroying 0 GPU particle simulations for FXSystem 0x000000000EB2C180
[2015.04.14-12.33.31:339][957]LogPlayLevel: PIE:  No blueprints needed recompiling
[2015.04.14-12.33.31:339][957]PIE: New page: PIE session: Basement (14 Apr 2015 14:33:31)
[2015.04.14-12.33.31:351][957]LogPlayLevel: PIE: StaticDuplicateObject took: (0.011674s)
[2015.04.14-12.33.31:351][957]LogPlayLevel: PIE: World Init took: (0.000553s)
[2015.04.14-12.33.31:351][957]LogPlayLevel: PIE: Created PIE world by copying editor world from /Game/Maps/Basement.Basement to /Game/Maps/UEDPIE_0_Basement.Basement (0.012420s)
[2015.04.14-12.33.31:378][957]LogWorld: Game class is 'MyGame_C'
[2015.04.14-12.33.31:379][957]LogAIModule: Creating AISystem for world Basement
[2015.04.14-12.33.31:380][957]LogPhysics:Warning: AddConvexElemsToRigidActor: [/Game/StaticFromBSP/Cabinet.Cabinet] ConvexElem[2] has negative scale. Not currently supported
[2015.04.14-12.33.31:381][957]LogPhysics:Warning: AddConvexElemsToRigidActor: [/Game/StaticFromBSP/Cabinet.Cabinet] ConvexElem[3] has negative scale. Not currently supported
[2015.04.14-12.33.31:381][957]LogPhysics:Warning: AddConvexElemsToRigidActor: [/Game/StaticFromBSP/Cabinet.Cabinet] ConvexElem[4] has negative scale. Not currently supported
[2015.04.14-12.33.31:384][957]LogWorld: Bringing World /Game/Maps/UEDPIE_0_Basement.Basement up for play (max tick rate 0) at 2015.04.14-13.33.31
[2015.04.14-12.33.31:386][957]LogWorld: Bringing up level for play took: 0.006050
[2015.04.14-12.33.31:387][957]LogBlueprintUserMessages: 0
[2015.04.14-12.33.31:387][957]PIE: Info Play in editor start time for /Game/Maps/UEDPIE_0_Basement 0.855
[2015.04.14-12.33.32:430][ 38]LogBlueprintUserMessages: 2
[2015.04.14-12.33.32:829][ 71]LogBlueprintUserMessages: 3
[2015.04.14-12.33.32:986][ 84]LogBlueprintUserMessages: 4
[2015.04.14-12.33.33:193][ 99]LogBlueprintUserMessages: 5
[2015.04.14-12.33.33:328][109]LogBlueprintUserMessages: 6
[2015.04.14-12.33.33:436][117]LogBlueprintUserMessages: 7
[2015.04.14-12.33.33:517][123]LogBlueprintUserMessages: 8
[2015.04.14-12.33.33:686][136]LogBlueprintUserMessages: 9
[2015.04.14-12.33.33:711][138]LogBlueprintUserMessages: 10
[2015.04.14-12.33.34:027][164]LogBlueprintUserMessages: 11
[2015.04.14-12.33.34:137][173]LogBlueprintUserMessages: 12
[2015.04.14-12.33.44:563][ 25]LogBlueprintUserMessages: 13
[2015.04.14-12.33.45:512][106]LogBlueprintUserMessages: 14
[2015.04.14-12.33.48:735][370]LogBlueprintUserMessages: 0
[2015.04.14-12.33.53:101][734]LogBlueprintUserMessages: 0
[2015.04.14-12.34.00:064][316]LogBlueprintUserMessages: 2
[2015.04.14-12.34.00:292][335]LogBlueprintUserMessages: 3
[2015.04.14-12.34.00:662][366]LogBlueprintUserMessages: 4
[2015.04.14-12.34.00:877][384]LogBlueprintUserMessages: 5
[2015.04.14-12.34.05:638][784]LogBlueprintUserMessages: 6
[2015.04.14-12.34.05:896][804]LogBlueprintUserMessages: 7
[2015.04.14-12.34.06:715][872]LogBlueprintUserMessages: 8
[2015.04.14-12.34.07:448][935]LogBlueprintUserMessages: 9
[2015.04.14-12.34.15:116][581]LogScript:Warning: Accessed None 'LastSpawn'
	MyCharacter_C /Game/Maps/UEDPIE_0_Basement.Basement:PersistentLevel.MyCharacter_C_16
	Function /Game/Blueprints/MyCharacter.MyCharacter_C:SpawnPlayer:046F
[2015.04.14-12.34.15:117][581]PIE:Error: Error Accessed None 'LastSpawn' from node ReturnNode in blueprint MyCharacter
[2015.04.14-12.34.15:117][581]LogScript:Warning: Accessed None 'LastSpawn'
	MyCharacter_C /Game/Maps/UEDPIE_0_Basement.Basement:PersistentLevel.MyCharacter_C_16
	Function /Game/Blueprints/MyCharacter.MyCharacter_C:SpawnPlayer:0526
[2015.04.14-12.34.15:117][581]PIE:Error: Error Accessed None 'LastSpawn' from node ReturnNode in blueprint MyCharacter
[2015.04.14-12.34.15:117][581]LogBlueprintUserMessages: 0
[2015.04.14-12.34.16:384][687]LogActorComponent: UnregisterComponent: (/Engine/Transient.CharacterMovementComponent_3) Not registered. Aborting.
[2015.04.14-12.34.16:402][687]LogParticles: Destroying 0 GPU particle simulations for FXSystem 0x000000000D72E340
[2015.04.14-12.34.18:399][810]Cmd: CAMERA ALIGN ACTIVEVIEWPORTONLY
[2015.04.14-12.34.18:399][810]Aligned camera to fit all selected actors.
[2015.04.14-12.34.27:094][284]LogPlayLevel: PIE:  No blueprints needed recompiling
[2015.04.14-12.34.27:094][284]PIE: New page: PIE session: Basement (14 Apr 2015 14:34:27)
[2015.04.14-12.34.27:105][284]LogPlayLevel: PIE: StaticDuplicateObject took: (0.010558s)
[2015.04.14-12.34.27:105][284]LogPlayLevel: PIE: World Init took: (0.000462s)
[2015.04.14-12.34.27:105][284]LogPlayLevel: PIE: Created PIE world by copying editor world from /Game/Maps/Basement.Basement to /Game/Maps/UEDPIE_0_Basement.Basement (0.011223s)
[2015.04.14-12.34.27:131][284]LogWorld: Game class is 'MyGame_C'
[2015.04.14-12.34.27:133][284]LogAIModule: Creating AISystem for world Basement
[2015.04.14-12.34.27:134][284]LogPhysics:Warning: AddConvexElemsToRigidActor: [/Game/StaticFromBSP/Cabinet.Cabinet] ConvexElem[2] has negative scale. Not currently supported
[2015.04.14-12.34.27:134][284]LogPhysics:Warning: AddConvexElemsToRigidActor: [/Game/StaticFromBSP/Cabinet.Cabinet] ConvexElem[3] has negative scale. Not currently supported
[2015.04.14-12.34.27:134][284]LogPhysics:Warning: AddConvexElemsToRigidActor: [/Game/StaticFromBSP/Cabinet.Cabinet] ConvexElem[4] has negative scale. Not currently supported
[2015.04.14-12.34.27:138][284]LogWorld: Bringing World /Game/Maps/UEDPIE_0_Basement.Basement up for play (max tick rate 0) at 2015.04.14-13.34.27
[2015.04.14-12.34.27:139][284]LogWorld: Bringing up level for play took: 0.006379
[2015.04.14-12.34.27:140][284]LogBlueprintUserMessages: 0
[2015.04.14-12.34.27:141][284]PIE: Info Play in editor start time for /Game/Maps/UEDPIE_0_Basement 0.608
[2015.04.14-12.34.37:298][ 98]LogBlueprintUserMessages: 2
[2015.04.14-12.34.38:490][195]LogBlueprintUserMessages: 3
[2015.04.14-12.34.40:972][402]LogBlueprintUserMessages: 0
[2015.04.14-12.34.46:894][887]LogBlueprintUserMessages: 0
[2015.04.14-12.35.04:547][335]LogParticles: Destroying 0 GPU particle simulations for FXSystem 0x000000000D428CC0
[2015.04.14-12.35.06:909][524]LogPlayLevel: PIE:  No blueprints needed recompiling
[2015.04.14-12.35.06:910][524]PIE: New page: PIE session: Basement (14 Apr 2015 14:35:06)
[2015.04.14-12.35.06:920][524]LogPlayLevel: PIE: StaticDuplicateObject took: (0.010287s)
[2015.04.14-12.35.06:921][524]LogPlayLevel: PIE: World Init took: (0.000504s)
[2015.04.14-12.35.06:921][524]LogPlayLevel: PIE: Created PIE world by copying editor world from /Game/Maps/Basement.Basement to /Game/Maps/UEDPIE_0_Basement.Basement (0.010978s)
[2015.04.14-12.35.06:947][524]LogWorld: Game class is 'MyGame_C'
[2015.04.14-12.35.06:948][524]LogAIModule: Creating AISystem for world Basement
[2015.04.14-12.35.06:950][524]LogPhysics:Warning: AddConvexElemsToRigidActor: [/Game/StaticFromBSP/Cabinet.Cabinet] ConvexElem[2] has negative scale. Not currently supported
[2015.04.14-12.35.06:950][524]LogPhysics:Warning: AddConvexElemsToRigidActor: [/Game/StaticFromBSP/Cabinet.Cabinet] ConvexElem[3] has negative scale. Not currently supported
[2015.04.14-12.35.06:950][524]LogPhysics:Warning: AddConvexElemsToRigidActor: [/Game/StaticFromBSP/Cabinet.Cabinet] ConvexElem[4] has negative scale. Not currently supported
[2015.04.14-12.35.06:953][524]LogWorld: Bringing World /Game/Maps/UEDPIE_0_Basement.Basement up for play (max tick rate 0) at 2015.04.14-13.35.06
[2015.04.14-12.35.06:955][524]LogWorld: Bringing up level for play took: 0.006125
[2015.04.14-12.35.06:956][524]LogBlueprintUserMessages: 0
[2015.04.14-12.35.06:956][524]PIE: Info Play in editor start time for /Game/Maps/UEDPIE_0_Basement 0.423
[2015.04.14-12.35.08:675][655]LogBlueprintUserMessages: 2
[2015.04.14-12.35.08:701][657]LogBlueprintUserMessages: 3
[2015.04.14-12.35.09:049][686]LogBlueprintUserMessages: 4
[2015.04.14-12.35.09:099][690]LogBlueprintUserMessages: 5
[2015.04.14-12.35.09:330][709]LogBlueprintUserMessages: 6
[2015.04.14-12.35.09:355][711]LogBlueprintUserMessages: 7
[2015.04.14-12.35.09:551][727]LogBlueprintUserMessages: 8
[2015.04.14-12.35.09:712][740]LogBlueprintUserMessages: 9
[2015.04.14-12.35.09:750][743]LogBlueprintUserMessages: 10
[2015.04.14-12.35.10:380][795]LogBlueprintUserMessages: 11
[2015.04.14-12.35.10:490][804]LogBlueprintUserMessages: 12
[2015.04.14-12.35.10:672][819]LogBlueprintUserMessages: 13
[2015.04.14-12.35.10:944][839]LogBlueprintUserMessages: 14
[2015.04.14-12.35.11:212][859]LogBlueprintUserMessages: 15
[2015.04.14-12.35.11:599][890]LogBlueprintUserMessages: 16
[2015.04.14-12.35.12:299][947]LogBlueprintUserMessages: 17
[2015.04.14-12.35.12:727][982]LogBlueprintUserMessages: 18
[2015.04.14-12.35.12:992][  4]LogBlueprintUserMessages: 19
[2015.04.14-12.35.13:320][ 31]LogBlueprintUserMessages: 20
[2015.04.14-12.35.13:527][ 48]LogBlueprintUserMessages: 21
[2015.04.14-12.35.17:346][364]LogBlueprintUserMessages: 0
[2015.04.14-12.35.26:476][123]LogParticles: Destroying 0 GPU particle simulations for FXSystem 0x000000000D52F380
[2015.04.14-12.42.36:237][908]LogActorComponent: UnregisterComponent: (/Engine/Transient.CharacterMovementComponent_4) Not registered. Aborting.
[2015.04.14-12.42.36:258][908]LogFileHelpers: Editor autosave (incl. sublevels) for '/Game/Maps/Basement' took 0.021
[2015.04.14-15.00.12:942][596]LogPlayLevel: PIE:  No blueprints needed recompiling
[2015.04.14-15.00.12:942][596]PIE: New page: PIE session: Basement (14 Apr 2015 17:00:12)
[2015.04.14-15.00.12:954][596]LogPlayLevel: PIE: StaticDuplicateObject took: (0.011624s)
[2015.04.14-15.00.12:955][596]LogPlayLevel: PIE: World Init took: (0.000596s)
[2015.04.14-15.00.12:955][596]LogPlayLevel: PIE: Created PIE world by copying editor world from /Game/Maps/Basement.Basement to /Game/Maps/UEDPIE_0_Basement.Basement (0.012419s)
[2015.04.14-15.00.12:983][596]LogWorld: Game class is 'MyGame_C'
[2015.04.14-15.00.12:985][596]LogAIModule: Creating AISystem for world Basement
[2015.04.14-15.00.12:986][596]LogPhysics:Warning: AddConvexElemsToRigidActor: [/Game/StaticFromBSP/Cabinet.Cabinet] ConvexElem[2] has negative scale. Not currently supported
[2015.04.14-15.00.12:986][596]LogPhysics:Warning: AddConvexElemsToRigidActor: [/Game/StaticFromBSP/Cabinet.Cabinet] ConvexElem[3] has negative scale. Not currently supported
[2015.04.14-15.00.12:986][596]LogPhysics:Warning: AddConvexElemsToRigidActor: [/Game/StaticFromBSP/Cabinet.Cabinet] ConvexElem[4] has negative scale. Not currently supported
[2015.04.14-15.00.12:990][596]LogWorld: Bringing World /Game/Maps/UEDPIE_0_Basement.Basement up for play (max tick rate 0) at 2015.04.14-16.00.12
[2015.04.14-15.00.12:992][596]LogWorld: Bringing up level for play took: 0.006588
[2015.04.14-15.00.12:993][596]LogBlueprintUserMessages: 0
[2015.04.14-15.00.12:993][596]PIE: Info Play in editor start time for /Game/Maps/UEDPIE_0_Basement 0.291
[2015.04.14-15.00.14:159][684]LogBlueprintUserMessages: 2
[2015.04.14-15.00.14:517][714]LogBlueprintUserMessages: 3
[2015.04.14-15.00.14:782][736]LogBlueprintUserMessages: 4
[2015.04.14-15.00.15:056][759]LogBlueprintUserMessages: 5
[2015.04.14-15.00.15:070][760]LogBlueprintUserMessages: 6
[2015.04.14-15.00.15:119][764]LogBlueprintUserMessages: 7
[2015.04.14-15.00.15:297][779]LogBlueprintUserMessages: 8
[2015.04.14-15.00.15:523][798]LogBlueprintUserMessages: 9
[2015.04.14-15.00.16:534][879]LogBlueprintUserMessages: 10
[2015.04.14-15.00.16:745][895]LogBlueprintUserMessages: 11
[2015.04.14-15.00.17:014][917]LogBlueprintUserMessages: 12
[2015.04.14-15.00.17:113][925]LogBlueprintUserMessages: 13
[2015.04.14-15.00.17:391][948]LogBlueprintUserMessages: 14
[2015.04.14-15.00.17:501][957]LogBlueprintUserMessages: 15
[2015.04.14-15.00.18:295][ 23]LogBlueprintUserMessages: 16
[2015.04.14-15.00.18:523][ 42]LogBlueprintUserMessages: 17
[2015.04.14-15.00.18:890][ 72]LogBlueprintUserMessages: 18
[2015.04.14-15.00.19:047][ 85]LogBlueprintUserMessages: 19
[2015.04.14-15.00.19:445][118]LogBlueprintUserMessages: 20
[2015.04.14-15.00.20:589][209]LogBlueprintUserMessages: 21
[2015.04.14-15.00.23:821][477]LogBlueprintUserMessages: 0
[2015.04.14-15.00.26:329][687]LogBlueprintUserMessages: 0
[2015.04.14-15.00.29:256][928]LogScript:Warning: Accessed None 'LastSpawn'
	MyCharacter_C /Game/Maps/UEDPIE_0_Basement.Basement:PersistentLevel.MyCharacter_C_25
	Function /Game/Blueprints/MyCharacter.MyCharacter_C:SpawnPlayer:046F
[2015.04.14-15.00.29:256][928]PIE:Error: Error Accessed None 'LastSpawn' from node ReturnNode in blueprint MyCharacter
[2015.04.14-15.00.29:257][928]LogScript:Warning: Accessed None 'LastSpawn'
	MyCharacter_C /Game/Maps/UEDPIE_0_Basement.Basement:PersistentLevel.MyCharacter_C_25
	Function /Game/Blueprints/MyCharacter.MyCharacter_C:SpawnPlayer:0526
[2015.04.14-15.00.29:257][928]PIE:Error: Error Accessed None 'LastSpawn' from node ReturnNode in blueprint MyCharacter
[2015.04.14-15.00.29:257][928]LogBlueprintUserMessages: 0
[2015.04.14-15.00.30:373][ 17]LogParticles: Destroying 0 GPU particle simulations for FXSystem 0x000000000D43BBA0
[2015.04.14-15.00.32:720][157]Cmd: CAMERA ALIGN ACTIVEVIEWPORTONLY
[2015.04.14-15.00.32:720][157]Aligned camera to fit all selected actors.
[2015.04.14-15.03.50:281][ 19]LogPlayLevel: PIE:  No blueprints needed recompiling
[2015.04.14-15.03.50:281][ 19]PIE: New page: PIE session: Basement (14 Apr 2015 17:03:50)
[2015.04.14-15.03.50:292][ 19]LogPlayLevel: PIE: StaticDuplicateObject took: (0.010384s)
[2015.04.14-15.03.50:293][ 19]LogPlayLevel: PIE: World Init took: (0.000572s)
[2015.04.14-15.03.50:293][ 19]LogPlayLevel: PIE: Created PIE world by copying editor world from /Game/Maps/Basement.Basement to /Game/Maps/UEDPIE_0_Basement.Basement (0.011150s)
[2015.04.14-15.03.50:319][ 19]LogWorld: Game class is 'MyGame_C'
[2015.04.14-15.03.50:320][ 19]LogAIModule: Creating AISystem for world Basement
[2015.04.14-15.03.50:321][ 19]LogPhysics:Warning: AddConvexElemsToRigidActor: [/Game/StaticFromBSP/Cabinet.Cabinet] ConvexElem[2] has negative scale. Not currently supported
[2015.04.14-15.03.50:321][ 19]LogPhysics:Warning: AddConvexElemsToRigidActor: [/Game/StaticFromBSP/Cabinet.Cabinet] ConvexElem[3] has negative scale. Not currently supported
[2015.04.14-15.03.50:321][ 19]LogPhysics:Warning: AddConvexElemsToRigidActor: [/Game/StaticFromBSP/Cabinet.Cabinet] ConvexElem[4] has negative scale. Not currently supported
[2015.04.14-15.03.50:325][ 19]LogWorld: Bringing World /Game/Maps/UEDPIE_0_Basement.Basement up for play (max tick rate 0) at 2015.04.14-16.03.50
[2015.04.14-15.03.50:326][ 19]LogWorld: Bringing up level for play took: 0.006001
[2015.04.14-15.03.50:327][ 19]LogBlueprintUserMessages: 0
[2015.04.14-15.03.50:328][ 19]PIE: Info Play in editor start time for /Game/Maps/UEDPIE_0_Basement -0.379
[2015.04.14-15.03.51:720][130]LogBlueprintUserMessages: 2
[2015.04.14-15.03.52:135][164]LogBlueprintUserMessages: 3
[2015.04.14-15.03.52:197][169]LogBlueprintUserMessages: 4
[2015.04.14-15.03.52:488][193]LogBlueprintUserMessages: 5
[2015.04.14-15.03.52:550][198]LogBlueprintUserMessages: 6
[2015.04.14-15.03.52:864][224]LogBlueprintUserMessages: 7
[2015.04.14-15.03.53:122][245]LogBlueprintUserMessages: 8
[2015.04.14-15.03.53:191][250]LogBlueprintUserMessages: 9
[2015.04.14-15.03.53:449][269]LogBlueprintUserMessages: 10
[2015.04.14-15.03.53:463][270]LogBlueprintUserMessages: 11
[2015.04.14-15.03.53:504][273]LogBlueprintUserMessages: 12
[2015.04.14-15.03.54:295][336]LogBlueprintUserMessages: 13
[2015.04.14-15.03.54:599][361]LogBlueprintUserMessages: 14
[2015.04.14-15.03.56:227][495]LogBlueprintUserMessages: 15
[2015.04.14-15.03.57:081][563]LogBlueprintUserMessages: 16
[2015.04.14-15.03.57:400][587]LogBlueprintUserMessages: 17
[2015.04.14-15.03.57:604][604]LogBlueprintUserMessages: 18
[2015.04.14-15.03.58:632][690]LogBlueprintUserMessages: 19
[2015.04.14-15.03.59:597][771]LogBlueprintUserMessages: 20
[2015.04.14-15.04.19:556][430]LogBlueprintUserMessages: 0
[2015.04.14-15.04.31:452][420]LogScript:Warning: Accessed None 'LastSpawn'
	MyCharacter_C /Game/Maps/UEDPIE_0_Basement.Basement:PersistentLevel.MyCharacter_C_28
	Function /Game/Blueprints/MyCharacter.MyCharacter_C:SpawnPlayer:046F
[2015.04.14-15.04.31:453][420]PIE:Error: Error Accessed None 'LastSpawn' from node ReturnNode in blueprint MyCharacter
[2015.04.14-15.04.31:453][420]LogScript:Warning: Accessed None 'LastSpawn'
	MyCharacter_C /Game/Maps/UEDPIE_0_Basement.Basement:PersistentLevel.MyCharacter_C_28
	Function /Game/Blueprints/MyCharacter.MyCharacter_C:SpawnPlayer:0526
[2015.04.14-15.04.31:453][420]PIE:Error: Error Accessed None 'LastSpawn' from node ReturnNode in blueprint MyCharacter
[2015.04.14-15.04.31:453][420]LogBlueprintUserMessages: 0
[2015.04.14-15.04.32:425][499]LogActorComponent: UnregisterComponent: (/Engine/Transient.CharacterMovementComponent_5) Not registered. Aborting.
[2015.04.14-15.04.32:443][499]LogParticles: Destroying 0 GPU particle simulations for FXSystem 0x0000000013DB7EC0
[2015.04.14-15.04.33:343][542]Cmd: CAMERA ALIGN ACTIVEVIEWPORTONLY
[2015.04.14-15.04.33:343][542]Aligned camera to fit all selected actors.
[2015.04.14-15.04.38:150][792]LogPlayLevel: PIE:  No blueprints needed recompiling
[2015.04.14-15.04.38:150][792]PIE: New page: PIE session: Basement (14 Apr 2015 17:04:38)
[2015.04.14-15.04.38:160][792]LogPlayLevel: PIE: StaticDuplicateObject took: (0.010138s)
[2015.04.14-15.04.38:161][792]LogPlayLevel: PIE: World Init took: (0.000435s)
[2015.04.14-15.04.38:161][792]LogPlayLevel: PIE: Created PIE world by copying editor world from /Game/Maps/Basement.Basement to /Game/Maps/UEDPIE_0_Basement.Basement (0.010750s)
[2015.04.14-15.04.38:186][792]LogWorld: Game class is 'MyGame_C'
[2015.04.14-15.04.38:188][792]LogAIModule: Creating AISystem for world Basement
[2015.04.14-15.04.38:189][792]LogPhysics:Warning: AddConvexElemsToRigidActor: [/Game/StaticFromBSP/Cabinet.Cabinet] ConvexElem[2] has negative scale. Not currently supported
[2015.04.14-15.04.38:189][792]LogPhysics:Warning: AddConvexElemsToRigidActor: [/Game/StaticFromBSP/Cabinet.Cabinet] ConvexElem[3] has negative scale. Not currently supported
[2015.04.14-15.04.38:189][792]LogPhysics:Warning: AddConvexElemsToRigidActor: [/Game/StaticFromBSP/Cabinet.Cabinet] ConvexElem[4] has negative scale. Not currently supported
[2015.04.14-15.04.38:193][792]LogWorld: Bringing World /Game/Maps/UEDPIE_0_Basement.Basement up for play (max tick rate 0) at 2015.04.14-16.04.38
[2015.04.14-15.04.38:195][792]LogWorld: Bringing up level for play took: 0.006387
[2015.04.14-15.04.38:196][792]LogBlueprintUserMessages: 0
[2015.04.14-15.04.38:196][792]PIE: Info Play in editor start time for /Game/Maps/UEDPIE_0_Basement -0.511
[2015.04.14-15.04.41:074][ 16]LogBlueprintUserMessages: 0
[2015.04.14-15.04.45:002][323]LogBlueprintUserMessages: 0
[2015.04.14-15.04.46:516][450]LogScript:Warning: Accessed None 'LastSpawn'
	MyCharacter_C /Game/Maps/UEDPIE_0_Basement.Basement:PersistentLevel.MyCharacter_C_32
	Function /Game/Blueprints/MyCharacter.MyCharacter_C:SpawnPlayer:046F
[2015.04.14-15.04.46:516][450]PIE:Error: Error Accessed None 'LastSpawn' from node ReturnNode in blueprint MyCharacter
[2015.04.14-15.04.46:516][450]LogScript:Warning: Accessed None 'LastSpawn'
	MyCharacter_C /Game/Maps/UEDPIE_0_Basement.Basement:PersistentLevel.MyCharacter_C_32
	Function /Game/Blueprints/MyCharacter.MyCharacter_C:SpawnPlayer:0526
[2015.04.14-15.04.46:517][450]PIE:Error: Error Accessed None 'LastSpawn' from node ReturnNode in blueprint MyCharacter
[2015.04.14-15.04.46:517][450]LogBlueprintUserMessages: 0
[2015.04.14-15.04.47:001][485]LogParticles: Destroying 0 GPU particle simulations for FXSystem 0x000000000D42A0C0
[2015.04.14-15.04.47:683][513]Cmd: CAMERA ALIGN ACTIVEVIEWPORTONLY
[2015.04.14-15.04.47:683][513]Aligned camera to fit all selected actors.
[2015.04.14-15.04.51:320][703]LogPlayLevel: PIE:  No blueprints needed recompiling
[2015.04.14-15.04.51:320][703]PIE: New page: PIE session: Basement (14 Apr 2015 17:04:51)
[2015.04.14-15.04.51:332][703]LogPlayLevel: PIE: StaticDuplicateObject took: (0.011323s)
[2015.04.14-15.04.51:332][703]LogPlayLevel: PIE: World Init took: (0.000475s)
[2015.04.14-15.04.51:333][703]LogPlayLevel: PIE: Created PIE world by copying editor world from /Game/Maps/Basement.Basement to /Game/Maps/UEDPIE_0_Basement.Basement (0.012003s)
[2015.04.14-15.04.51:363][703]LogWorld: Game class is 'MyGame_C'
[2015.04.14-15.04.51:364][703]LogAIModule: Creating AISystem for world Basement
[2015.04.14-15.04.51:365][703]LogPhysics:Warning: AddConvexElemsToRigidActor: [/Game/StaticFromBSP/Cabinet.Cabinet] ConvexElem[2] has negative scale. Not currently supported
[2015.04.14-15.04.51:365][703]LogPhysics:Warning: AddConvexElemsToRigidActor: [/Game/StaticFromBSP/Cabinet.Cabinet] ConvexElem[3] has negative scale. Not currently supported
[2015.04.14-15.04.51:365][703]LogPhysics:Warning: AddConvexElemsToRigidActor: [/Game/StaticFromBSP/Cabinet.Cabinet] ConvexElem[4] has negative scale. Not currently supported
[2015.04.14-15.04.51:369][703]LogWorld: Bringing World /Game/Maps/UEDPIE_0_Basement.Basement up for play (max tick rate 0) at 2015.04.14-16.04.51
[2015.04.14-15.04.51:371][703]LogWorld: Bringing up level for play took: 0.006956
[2015.04.14-15.04.51:372][703]LogBlueprintUserMessages: 0
[2015.04.14-15.04.51:373][703]PIE: Info Play in editor start time for /Game/Maps/UEDPIE_0_Basement 0.665
[2015.04.14-15.05.00:333][414]LogBlueprintUserMessages: 2
[2015.04.14-15.05.00:651][441]LogBlueprintUserMessages: 3
[2015.04.14-15.05.00:864][459]LogBlueprintUserMessages: 4
[2015.04.14-15.05.01:112][480]LogBlueprintUserMessages: 5
[2015.04.14-15.05.01:616][522]LogBlueprintUserMessages: 6
[2015.04.14-15.05.07:779][ 29]LogBlueprintUserMessages: 7
[2015.04.14-15.05.10:692][272]LogBlueprintUserMessages: 8
[2015.04.14-15.05.12:392][418]LogBlueprintUserMessages: 9
[2015.04.14-15.05.21:961][222]LogCharacterMovement: MyCharacter_C_34 is stuck and failed to move!
[2015.04.14-15.05.21:997][225]LogCharacterMovement: MyCharacter_C_34 is stuck and failed to move!
[2015.04.14-15.05.22:068][231]LogCharacterMovement: MyCharacter_C_34 is stuck and failed to move!
[2015.04.14-15.05.22:080][232]LogCharacterMovement: MyCharacter_C_34 is stuck and failed to move!
[2015.04.14-15.05.22:092][233]LogCharacterMovement: MyCharacter_C_34 is stuck and failed to move!
[2015.04.14-15.05.22:104][234]LogCharacterMovement: MyCharacter_C_34 is stuck and failed to move!
[2015.04.14-15.05.22:163][239]LogCharacterMovement: MyCharacter_C_34 is stuck and failed to move!
[2015.04.14-15.05.25:107][484]LogBlueprintUserMessages: 10
[2015.04.14-15.05.25:635][529]LogBlueprintUserMessages: 11
[2015.04.14-15.05.25:707][535]LogBlueprintUserMessages: 12
[2015.04.14-15.05.25:826][545]LogBlueprintUserMessages: 13
[2015.04.14-15.05.26:029][562]LogBlueprintUserMessages: 14
[2015.04.14-15.05.26:244][580]LogBlueprintUserMessages: 15
[2015.04.14-15.05.26:568][607]LogBlueprintUserMessages: 16
[2015.04.14-15.05.26:771][624]LogBlueprintUserMessages: 17
[2015.04.14-15.05.27:012][644]LogBlueprintUserMessages: 18
[2015.04.14-15.05.27:628][692]LogBlueprintUserMessages: 19
[2015.04.14-15.05.27:967][719]LogBlueprintUserMessages: 20
[2015.04.14-15.05.28:173][736]LogBlueprintUserMessages: 21
[2015.04.14-15.05.28:546][767]LogBlueprintUserMessages: 22
[2015.04.14-15.05.28:630][774]LogBlueprintUserMessages: 23
[2015.04.14-15.05.28:834][791]LogBlueprintUserMessages: 24
[2015.04.14-15.05.28:871][794]LogBlueprintUserMessages: 25
[2015.04.14-15.05.29:049][809]LogBlueprintUserMessages: 26
[2015.04.14-15.05.29:109][814]LogBlueprintUserMessages: 27
[2015.04.14-15.05.29:276][828]LogBlueprintUserMessages: 28
[2015.04.14-15.05.29:324][832]LogBlueprintUserMessages: 29
[2015.04.14-15.05.43:766][ 21]LogBlueprintUserMessages: 0
[2015.04.14-15.06.04:996][783]LogParticles: Destroying 0 GPU particle simulations for FXSystem 0x000000001B5F98A0
[2015.04.14-15.06.06:115][866]LogPlayLevel: PIE:  No blueprints needed recompiling
[2015.04.14-15.06.06:115][866]PIE: New page: PIE session: Basement (14 Apr 2015 17:06:06)
[2015.04.14-15.06.06:126][866]LogPlayLevel: PIE: StaticDuplicateObject took: (0.010044s)
[2015.04.14-15.06.06:126][866]LogPlayLevel: PIE: World Init took: (0.000399s)
[2015.04.14-15.06.06:126][866]LogPlayLevel: PIE: Created PIE world by copying editor world from /Game/Maps/Basement.Basement to /Game/Maps/UEDPIE_0_Basement.Basement (0.010667s)
[2015.04.14-15.06.06:152][866]LogWorld: Game class is 'MyGame_C'
[2015.04.14-15.06.06:153][866]LogAIModule: Creating AISystem for world Basement
[2015.04.14-15.06.06:155][866]LogPhysics:Warning: AddConvexElemsToRigidActor: [/Game/StaticFromBSP/Cabinet.Cabinet] ConvexElem[2] has negative scale. Not currently supported
[2015.04.14-15.06.06:155][866]LogPhysics:Warning: AddConvexElemsToRigidActor: [/Game/StaticFromBSP/Cabinet.Cabinet] ConvexElem[3] has negative scale. Not currently supported
[2015.04.14-15.06.06:155][866]LogPhysics:Warning: AddConvexElemsToRigidActor: [/Game/StaticFromBSP/Cabinet.Cabinet] ConvexElem[4] has negative scale. Not currently supported
[2015.04.14-15.06.06:158][866]LogWorld: Bringing World /Game/Maps/UEDPIE_0_Basement.Basement up for play (max tick rate 0) at 2015.04.14-16.06.06
[2015.04.14-15.06.06:159][866]LogWorld: Bringing up level for play took: 0.005896
[2015.04.14-15.06.06:160][866]LogBlueprintUserMessages: 0
[2015.04.14-15.06.06:161][866]PIE: Info Play in editor start time for /Game/Maps/UEDPIE_0_Basement -0.548
[2015.04.14-15.06.07:348][954]LogBlueprintUserMessages: 2
[2015.04.14-15.06.07:738][984]LogBlueprintUserMessages: 3
[2015.04.14-15.06.07:921][999]LogBlueprintUserMessages: 4
[2015.04.14-15.06.08:069][ 11]LogBlueprintUserMessages: 5
[2015.04.14-15.06.08:231][ 24]LogBlueprintUserMessages: 6
[2015.04.14-15.06.08:390][ 37]LogBlueprintUserMessages: 7
[2015.04.14-15.06.08:490][ 45]LogBlueprintUserMessages: 8
[2015.04.14-15.06.08:613][ 55]LogBlueprintUserMessages: 9
[2015.04.14-15.06.08:662][ 59]LogBlueprintUserMessages: 10
[2015.04.14-15.06.08:938][ 82]LogBlueprintUserMessages: 11
[2015.04.14-15.06.09:412][122]LogBlueprintUserMessages: 12
[2015.04.14-15.06.09:426][123]LogBlueprintUserMessages: 13
[2015.04.14-15.06.09:568][135]LogBlueprintUserMessages: 14
[2015.04.14-15.06.10:212][189]LogBlueprintUserMessages: 15
[2015.04.14-15.06.11:078][258]LogBlueprintUserMessages: 16
[2015.04.14-15.06.11:542][296]LogBlueprintUserMessages: 17
[2015.04.14-15.06.11:859][322]LogBlueprintUserMessages: 18
[2015.04.14-15.06.11:896][325]LogBlueprintUserMessages: 19
[2015.04.14-15.06.12:689][391]LogBlueprintUserMessages: 20
[2015.04.14-15.06.12:953][413]LogBlueprintUserMessages: 21
[2015.04.14-15.06.37:457][459]LogBlueprintUserMessages: 22
[2015.04.14-15.06.37:745][483]LogBlueprintUserMessages: 23
[2015.04.14-15.06.37:958][501]LogBlueprintUserMessages: 24
[2015.04.14-15.06.38:229][524]LogBlueprintUserMessages: 25
[2015.04.14-15.06.38:691][563]LogBlueprintUserMessages: 26
[2015.04.14-15.06.40:541][715]LogBlueprintUserMessages: 27
[2015.04.14-15.06.40:777][735]LogBlueprintUserMessages: 28
[2015.04.14-15.06.43:827][988]LogBlueprintUserMessages: 29
[2015.04.14-15.06.48:005][338]LogBlueprintUserMessages: 30
[2015.04.14-15.06.48:228][357]LogBlueprintUserMessages: 31
[2015.04.14-15.06.49:968][500]LogParticles: Destroying 0 GPU particle simulations for FXSystem 0x000000001D334B80
[2015.04.14-15.06.56:842][851]LogPlayLevel: PIE:  No blueprints needed recompiling
[2015.04.14-15.06.56:842][851]PIE: New page: PIE session: Basement (14 Apr 2015 17:06:56)
[2015.04.14-15.06.56:852][851]LogPlayLevel: PIE: StaticDuplicateObject took: (0.010007s)
[2015.04.14-15.06.56:853][851]LogPlayLevel: PIE: World Init took: (0.000498s)
[2015.04.14-15.06.56:853][851]LogPlayLevel: PIE: Created PIE world by copying editor world from /Game/Maps/Basement.Basement to /Game/Maps/UEDPIE_0_Basement.Basement (0.010743s)
[2015.04.14-15.06.56:879][851]LogWorld: Game class is 'MyGame_C'
[2015.04.14-15.06.56:880][851]LogAIModule: Creating AISystem for world Basement
[2015.04.14-15.06.56:881][851]LogPhysics:Warning: AddConvexElemsToRigidActor: [/Game/StaticFromBSP/Cabinet.Cabinet] ConvexElem[2] has negative scale. Not currently supported
[2015.04.14-15.06.56:881][851]LogPhysics:Warning: AddConvexElemsToRigidActor: [/Game/StaticFromBSP/Cabinet.Cabinet] ConvexElem[3] has negative scale. Not currently supported
[2015.04.14-15.06.56:881][851]LogPhysics:Warning: AddConvexElemsToRigidActor: [/Game/StaticFromBSP/Cabinet.Cabinet] ConvexElem[4] has negative scale. Not currently supported
[2015.04.14-15.06.56:885][851]LogWorld: Bringing World /Game/Maps/UEDPIE_0_Basement.Basement up for play (max tick rate 0) at 2015.04.14-16.06.56
[2015.04.14-15.06.56:886][851]LogWorld: Bringing up level for play took: 0.005865
[2015.04.14-15.06.56:887][851]LogBlueprintUserMessages: 0
[2015.04.14-15.06.56:887][851]PIE: Info Play in editor start time for /Game/Maps/UEDPIE_0_Basement 0.178
[2015.04.14-15.06.59:906][ 83]LogParticles: Destroying 0 GPU particle simulations for FXSystem 0x000000001DE69080
[2015.04.14-15.07.10:421][849]LogPlayLevel: PIE:  No blueprints needed recompiling
[2015.04.14-15.07.10:421][849]PIE: New page: PIE session: Basement (14 Apr 2015 17:07:10)
[2015.04.14-15.07.10:431][849]LogPlayLevel: PIE: StaticDuplicateObject took: (0.009849s)
[2015.04.14-15.07.10:431][849]LogPlayLevel: PIE: World Init took: (0.000420s)
[2015.04.14-15.07.10:431][849]LogPlayLevel: PIE: Created PIE world by copying editor world from /Game/Maps/Basement.Basement to /Game/Maps/UEDPIE_0_Basement.Basement (0.010482s)
[2015.04.14-15.07.10:459][849]LogWorld: Game class is 'MyGame_C'
[2015.04.14-15.07.10:461][849]LogAIModule: Creating AISystem for world Basement
[2015.04.14-15.07.10:462][849]LogPhysics:Warning: AddConvexElemsToRigidActor: [/Game/StaticFromBSP/Cabinet.Cabinet] ConvexElem[2] has negative scale. Not currently supported
[2015.04.14-15.07.10:462][849]LogPhysics:Warning: AddConvexElemsToRigidActor: [/Game/StaticFromBSP/Cabinet.Cabinet] ConvexElem[3] has negative scale. Not currently supported
[2015.04.14-15.07.10:462][849]LogPhysics:Warning: AddConvexElemsToRigidActor: [/Game/StaticFromBSP/Cabinet.Cabinet] ConvexElem[4] has negative scale. Not currently supported
[2015.04.14-15.07.10:466][849]LogWorld: Bringing World /Game/Maps/UEDPIE_0_Basement.Basement up for play (max tick rate 0) at 2015.04.14-16.07.10
[2015.04.14-15.07.10:468][849]LogWorld: Bringing up level for play took: 0.006324
[2015.04.14-15.07.10:468][849]LogBlueprintUserMessages: 0
[2015.04.14-15.07.10:469][849]PIE: Info Play in editor start time for /Game/Maps/UEDPIE_0_Basement -0.241
[2015.04.14-15.08.01:359][ 52]LogParticles: Destroying 0 GPU particle simulations for FXSystem 0x000000001B65D800
[2015.04.14-15.08.04:716][320]LogPlayLevel: PIE:  No blueprints needed recompiling
[2015.04.14-15.08.04:716][320]PIE: New page: PIE session: Basement (14 Apr 2015 17:08:04)
[2015.04.14-15.08.04:727][320]LogPlayLevel: PIE: StaticDuplicateObject took: (0.010100s)
[2015.04.14-15.08.04:727][320]LogPlayLevel: PIE: World Init took: (0.000412s)
[2015.04.14-15.08.04:727][320]LogPlayLevel: PIE: Created PIE world by copying editor world from /Game/Maps/Basement.Basement to /Game/Maps/UEDPIE_0_Basement.Basement (0.010691s)
[2015.04.14-15.08.04:757][320]LogWorld: Game class is 'MyGame_C'
[2015.04.14-15.08.04:758][320]LogAIModule: Creating AISystem for world Basement
[2015.04.14-15.08.04:759][320]LogPhysics:Warning: AddConvexElemsToRigidActor: [/Game/StaticFromBSP/Cabinet.Cabinet] ConvexElem[2] has negative scale. Not currently supported
[2015.04.14-15.08.04:759][320]LogPhysics:Warning: AddConvexElemsToRigidActor: [/Game/StaticFromBSP/Cabinet.Cabinet] ConvexElem[3] has negative scale. Not currently supported
[2015.04.14-15.08.04:759][320]LogPhysics:Warning: AddConvexElemsToRigidActor: [/Game/StaticFromBSP/Cabinet.Cabinet] ConvexElem[4] has negative scale. Not currently supported
[2015.04.14-15.08.04:763][320]LogWorld: Bringing World /Game/Maps/UEDPIE_0_Basement.Basement up for play (max tick rate 0) at 2015.04.14-16.08.04
[2015.04.14-15.08.04:764][320]LogWorld: Bringing up level for play took: 0.006075
[2015.04.14-15.08.04:765][320]LogBlueprintUserMessages: 0
[2015.04.14-15.08.04:766][320]PIE: Info Play in editor start time for /Game/Maps/UEDPIE_0_Basement 0.055
[2015.04.14-15.08.06:414][447]LogBlueprintUserMessages: 2
[2015.04.14-15.08.06:483][452]LogBlueprintUserMessages: 3
[2015.04.14-15.08.06:807][476]LogBlueprintUserMessages: 4
[2015.04.14-15.08.07:269][513]LogBlueprintUserMessages: 5
[2015.04.14-15.08.07:283][514]LogBlueprintUserMessages: 6
[2015.04.14-15.08.07:416][525]LogBlueprintUserMessages: 7
[2015.04.14-15.08.07:670][546]LogBlueprintUserMessages: 8
[2015.04.14-15.08.07:817][558]LogBlueprintUserMessages: 9
[2015.04.14-15.08.07:904][565]LogBlueprintUserMessages: 10
[2015.04.14-15.08.08:132][584]LogBlueprintUserMessages: 11
[2015.04.14-15.08.08:864][645]LogBlueprintUserMessages: 12
[2015.04.14-15.08.09:081][663]LogBlueprintUserMessages: 13
[2015.04.14-15.08.09:302][681]LogBlueprintUserMessages: 14
[2015.04.14-15.08.10:051][742]LogBlueprintUserMessages: 15
[2015.04.14-15.08.10:119][747]LogBlueprintUserMessages: 16
[2015.04.14-15.08.10:466][773]LogBlueprintUserMessages: 17
[2015.04.14-15.08.10:547][779]LogBlueprintUserMessages: 18
[2015.04.14-15.08.11:300][841]LogBlueprintUserMessages: 19
[2015.04.14-15.08.11:494][857]LogBlueprintUserMessages: 20
[2015.04.14-15.08.12:039][902]LogBlueprintUserMessages: 21
[2015.04.14-15.08.31:258][470]LogParticles: Destroying 0 GPU particle simulations for FXSystem 0x000000001B785760
[2015.04.14-15.08.36:889][780]LogPlayLevel: PIE:  No blueprints needed recompiling
[2015.04.14-15.08.36:889][780]PIE: New page: PIE session: Basement (14 Apr 2015 17:08:36)
[2015.04.14-15.08.36:899][780]LogPlayLevel: PIE: StaticDuplicateObject took: (0.009892s)
[2015.04.14-15.08.36:900][780]LogPlayLevel: PIE: World Init took: (0.000442s)
[2015.04.14-15.08.36:900][780]LogPlayLevel: PIE: Created PIE world by copying editor world from /Game/Maps/Basement.Basement to /Game/Maps/UEDPIE_0_Basement.Basement (0.010543s)
[2015.04.14-15.08.36:927][780]LogWorld: Game class is 'MyGame_C'
[2015.04.14-15.08.36:929][780]LogAIModule: Creating AISystem for world Basement
[2015.04.14-15.08.36:930][780]LogPhysics:Warning: AddConvexElemsToRigidActor: [/Game/StaticFromBSP/Cabinet.Cabinet] ConvexElem[2] has negative scale. Not currently supported
[2015.04.14-15.08.36:930][780]LogPhysics:Warning: AddConvexElemsToRigidActor: [/Game/StaticFromBSP/Cabinet.Cabinet] ConvexElem[3] has negative scale. Not currently supported
[2015.04.14-15.08.36:930][780]LogPhysics:Warning: AddConvexElemsToRigidActor: [/Game/StaticFromBSP/Cabinet.Cabinet] ConvexElem[4] has negative scale. Not currently supported
[2015.04.14-15.08.36:936][780]LogWorld: Bringing World /Game/Maps/UEDPIE_0_Basement.Basement up for play (max tick rate 0) at 2015.04.14-16.08.36
[2015.04.14-15.08.36:940][780]LogWorld: Bringing up level for play took: 0.010630
[2015.04.14-15.08.36:942][780]LogBlueprintUserMessages: 0
[2015.04.14-15.08.36:942][780]PIE: Info Play in editor start time for /Game/Maps/UEDPIE_0_Basement 0.231
[2015.04.14-15.08.38:518][893]LogParticles: Destroying 0 GPU particle simulations for FXSystem 0x000000001B835260
[2015.04.14-15.08.45:684][301]LogPlayLevel: PIE:  No blueprints needed recompiling
[2015.04.14-15.08.45:684][301]PIE: New page: PIE session: Basement (14 Apr 2015 17:08:45)
[2015.04.14-15.08.45:694][301]LogPlayLevel: PIE: StaticDuplicateObject took: (0.010022s)
[2015.04.14-15.08.45:695][301]LogPlayLevel: PIE: World Init took: (0.000467s)
[2015.04.14-15.08.45:695][301]LogPlayLevel: PIE: Created PIE world by copying editor world from /Game/Maps/Basement.Basement to /Game/Maps/UEDPIE_0_Basement.Basement (0.010667s)
[2015.04.14-15.08.45:729][301]LogWorld: Game class is 'MyGame_C'
[2015.04.14-15.08.45:732][301]LogAIModule: Creating AISystem for world Basement
[2015.04.14-15.08.45:735][301]LogPhysics:Warning: AddConvexElemsToRigidActor: [/Game/StaticFromBSP/Cabinet.Cabinet] ConvexElem[2] has negative scale. Not currently supported
[2015.04.14-15.08.45:735][301]LogPhysics:Warning: AddConvexElemsToRigidActor: [/Game/StaticFromBSP/Cabinet.Cabinet] ConvexElem[3] has negative scale. Not currently supported
[2015.04.14-15.08.45:735][301]LogPhysics:Warning: AddConvexElemsToRigidActor: [/Game/StaticFromBSP/Cabinet.Cabinet] ConvexElem[4] has negative scale. Not currently supported
[2015.04.14-15.08.45:743][301]LogWorld: Bringing World /Game/Maps/UEDPIE_0_Basement.Basement up for play (max tick rate 0) at 2015.04.14-16.08.45
[2015.04.14-15.08.45:746][301]LogWorld: Bringing up level for play took: 0.013356
[2015.04.14-15.08.45:748][301]LogBlueprintUserMessages: 0
[2015.04.14-15.08.45:749][301]PIE: Info Play in editor start time for /Game/Maps/UEDPIE_0_Basement 1.036
[2015.04.14-15.09.06:453][971]LogCharacterMovement: MyCharacter_C_41 is stuck and failed to move!
[2015.04.14-15.10.00:025][273]LogCharacterMovement: MyCharacter_C_41 is stuck and failed to move!
[2015.04.14-15.10.00:037][274]LogCharacterMovement: MyCharacter_C_41 is stuck and failed to move!
[2015.04.14-15.10.00:049][275]LogCharacterMovement: MyCharacter_C_41 is stuck and failed to move!
[2015.04.14-15.10.00:062][276]LogCharacterMovement: MyCharacter_C_41 is stuck and failed to move!
[2015.04.14-15.10.00:074][277]LogCharacterMovement: MyCharacter_C_41 is stuck and failed to move!
[2015.04.14-15.10.00:087][278]LogCharacterMovement: MyCharacter_C_41 is stuck and failed to move!
[2015.04.14-15.10.00:099][279]LogCharacterMovement: MyCharacter_C_41 is stuck and failed to move!
[2015.04.14-15.10.00:111][280]LogCharacterMovement: MyCharacter_C_41 is stuck and failed to move!
[2015.04.14-15.10.00:124][281]LogCharacterMovement: MyCharacter_C_41 is stuck and failed to move!
[2015.04.14-15.10.00:135][282]LogCharacterMovement: MyCharacter_C_41 is stuck and failed to move!
[2015.04.14-15.10.00:147][283]LogCharacterMovement: MyCharacter_C_41 is stuck and failed to move!
[2015.04.14-15.10.00:160][284]LogCharacterMovement: MyCharacter_C_41 is stuck and failed to move!
[2015.04.14-15.10.00:172][285]LogCharacterMovement: MyCharacter_C_41 is stuck and failed to move!
[2015.04.14-15.10.00:185][286]LogCharacterMovement: MyCharacter_C_41 is stuck and failed to move!
[2015.04.14-15.10.00:197][287]LogCharacterMovement: MyCharacter_C_41 is stuck and failed to move!
[2015.04.14-15.10.00:209][288]LogCharacterMovement: MyCharacter_C_41 is stuck and failed to move!
[2015.04.14-15.10.00:221][289]LogCharacterMovement: MyCharacter_C_41 is stuck and failed to move!
[2015.04.14-15.10.00:233][290]LogCharacterMovement: MyCharacter_C_41 is stuck and failed to move!
[2015.04.14-15.10.00:245][291]LogCharacterMovement: MyCharacter_C_41 is stuck and failed to move!
[2015.04.14-15.10.00:258][292]LogCharacterMovement: MyCharacter_C_41 is stuck and failed to move!
[2015.04.14-15.10.00:270][293]LogCharacterMovement: MyCharacter_C_41 is stuck and failed to move!
[2015.04.14-15.10.00:282][294]LogCharacterMovement: MyCharacter_C_41 is stuck and failed to move!
[2015.04.14-15.10.00:295][295]LogCharacterMovement: MyCharacter_C_41 is stuck and failed to move!
[2015.04.14-15.10.00:307][296]LogCharacterMovement: MyCharacter_C_41 is stuck and failed to move!
[2015.04.14-15.10.00:319][297]LogCharacterMovement: MyCharacter_C_41 is stuck and failed to move!
[2015.04.14-15.10.00:331][298]LogCharacterMovement: MyCharacter_C_41 is stuck and failed to move!
[2015.04.14-15.10.00:343][299]LogCharacterMovement: MyCharacter_C_41 is stuck and failed to move!
[2015.04.14-15.10.00:500][306]LogParticles: Destroying 0 GPU particle simulations for FXSystem 0x0000000017AD2980
[2015.04.14-15.16.06:181][201]LogFileHelpers: Editor autosave (incl. sublevels) for '/Game/Maps/Basement' took 0.019
[2015.04.14-15.59.18:486][909]LogActorComponent: UnregisterComponent: (/Engine/Transient.CharacterMovementComponent_6) Not registered. Aborting.
[2015.04.14-15.59.19:538][910]Cmd: QUIT_EDITOR
[2015.04.14-15.59.19:865][910]LogExit: Preparing to exit.
[2015.04.14-15.59.20:372][910]LogExit: Editor shut down
[2015.04.14-15.59.20:373][910]LogExit: Transaction tracking system shut down
[2015.04.14-15.59.20:374][910]LogParticles: Destroying 0 GPU particle simulations for FXSystem 0x000000000D233560
[2015.04.14-15.59.20:374][910]LogParticles: Destroying 0 GPU particle simulations for FXSystem 0x000000001D729B20
[2015.04.14-15.59.20:374][910]LogParticles: Destroying 0 GPU particle simulations for FXSystem 0x000000001F33FA60
[2015.04.14-15.59.20:375][910]LogParticles: Destroying 0 GPU particle simulations for FXSystem 0x000000001F33F6A0
[2015.04.14-15.59.20:375][910]LogParticles: Destroying 0 GPU particle simulations for FXSystem 0x00000000207E25C0
[2015.04.14-15.59.20:375][910]LogParticles: Destroying 0 GPU particle simulations for FXSystem 0x000000000D802520
[2015.04.14-15.59.20:375][910]LogParticles: Destroying 0 GPU particle simulations for FXSystem 0x000000000515E660
[2015.04.14-15.59.20:375][910]LogParticles: Destroying 0 GPU particle simulations for FXSystem 0x00000000211C87C0
[2015.04.14-15.59.20:375][910]LogParticles: Destroying 0 GPU particle simulations for FXSystem 0x0000000024845C60
[2015.04.14-15.59.20:376][910]LogParticles: Destroying 0 GPU particle simulations for FXSystem 0x0000000021EA98A0
[2015.04.14-15.59.20:376][910]LogParticles: Destroying 0 GPU particle simulations for FXSystem 0x0000000025A91BC0
[2015.04.14-15.59.20:420][910]LogParticles: Destroying 0 GPU particle simulations for FXSystem 0x000000001221E700
[2015.04.14-15.59.20:420][910]LogExit: Object subsystem successfully closed.
[2015.04.14-15.59.20:464][910]LogModuleManager: Shutting down and abandoning module SynthBenchmark (173)
[2015.04.14-15.59.20:464][910]LogModuleManager: Shutting down and abandoning module AndroidDeviceDetection (172)
[2015.04.14-15.59.20:464][910]LogModuleManager: Shutting down and abandoning module CrashTracker (171)
[2015.04.14-15.59.20:464][910]LogModuleManager: Shutting down and abandoning module SuperSearch (170)
[2015.04.14-15.59.20:464][910]LogModuleManager: Shutting down and abandoning module SceneOutliner (169)
[2015.04.14-15.59.20:464][910]LogModuleManager: Shutting down and abandoning module EditorWidgets (168)
[2015.04.14-15.59.20:464][910]LogModuleManager: Shutting down and abandoning module CollectionManager (167)
[2015.04.14-15.59.20:464][910]LogModuleManager: Shutting down and abandoning module StatsViewer (166)
[2015.04.14-15.59.20:464][910]LogModuleManager: Shutting down and abandoning module FoliageEdit (165)
[2015.04.14-15.59.20:464][910]LogModuleManager: Shutting down and abandoning module LandscapeEditor (164)
[2015.04.14-15.59.20:464][910]LogModuleManager: Shutting down and abandoning module MeshPaint (163)
[2015.04.14-15.59.20:464][910]LogModuleManager: Shutting down and abandoning module ActorPickerMode (162)
[2015.04.14-15.59.20:464][910]LogModuleManager: Shutting down and abandoning module GeometryMode (161)
[2015.04.14-15.59.20:464][910]LogModuleManager: Shutting down and abandoning module TextureAlignMode (160)
[2015.04.14-15.59.20:464][910]LogModuleManager: Shutting down and abandoning module BspMode (159)
[2015.04.14-15.59.20:464][910]LogModuleManager: Shutting down and abandoning module PlacementMode (158)
[2015.04.14-15.59.20:464][910]LogModuleManager: Shutting down and abandoning module AutomationWorker (157)
[2015.04.14-15.59.20:464][910]LogModuleManager: Shutting down and abandoning module CharacterAI (156)
[2015.04.14-15.59.20:464][910]LogModuleManager: Shutting down and abandoning module GameProjectGeneration (155)
[2015.04.14-15.59.20:464][910]LogModuleManager: Shutting down and abandoning module IntroTutorials (154)
[2015.04.14-15.59.20:465][910]LogModuleManager: Shutting down and abandoning module EditorLiveStreaming (153)
[2015.04.14-15.59.20:465][910]LogModuleManager: Shutting down and abandoning module HardwareTargeting (152)
[2015.04.14-15.59.20:465][910]LogModuleManager: Shutting down and abandoning module DeviceProfileEditor (151)
[2015.04.14-15.59.20:465][910]LogModuleManager: Shutting down and abandoning module UndoHistory (150)
[2015.04.14-15.59.20:465][910]LogModuleManager: Shutting down and abandoning module GameplayTagsEditor (149)
[2015.04.14-15.59.20:465][910]LogModuleManager: Shutting down and abandoning module UserFeedback (148)
[2015.04.14-15.59.20:465][910]LogModuleManager: Shutting down and abandoning module XmlParser (147)
[2015.04.14-15.59.20:465][910]LogModuleManager: Shutting down and abandoning module Blutility (146)
[2015.04.14-15.59.20:465][910]LogModuleManager: Shutting down and abandoning module IOSPlatformEditor (145)
[2015.04.14-15.59.20:465][910]LogModuleManager: Shutting down and abandoning module IOSRuntimeSettings (144)
[2015.04.14-15.59.20:465][910]LogModuleManager: Shutting down and abandoning module AndroidPlatformEditor (143)
[2015.04.14-15.59.20:487][910]LogModuleManager: Shutting down and abandoning module AndroidRuntimeSettings (142)
[2015.04.14-15.59.20:487][910]LogModuleManager: Shutting down and abandoning module ProjectTargetPlatformEditor (141)
[2015.04.14-15.59.20:487][910]LogModuleManager: Shutting down and abandoning module ProjectSettingsViewer (140)
[2015.04.14-15.59.20:487][910]LogModuleManager: Shutting down and abandoning module InputBindingEditor (139)
[2015.04.14-15.59.20:487][910]LogModuleManager: Shutting down and abandoning module EditorSettingsViewer (138)
[2015.04.14-15.59.20:487][910]LogModuleManager: Shutting down and abandoning module SettingsEditor (137)
[2015.04.14-15.59.20:487][910]LogModuleManager: Shutting down and abandoning module ProjectLauncher (136)
[2015.04.14-15.59.20:487][910]LogModuleManager: Shutting down and abandoning module SessionFrontend (135)
[2015.04.14-15.59.20:496][910]LogModuleManager: Shutting down and abandoning module ProfilerClient (134)
[2015.04.14-15.59.20:507][910]LogModuleManager: Shutting down and abandoning module TargetDeviceServices (133)
[2015.04.14-15.59.20:507][910]LogModuleManager: Shutting down and abandoning module DeviceManager (132)
[2015.04.14-15.59.20:508][910]LogModuleManager: Shutting down and abandoning module AutomationController (131)
[2015.04.14-15.59.20:508][910]LogModuleManager: Shutting down and abandoning module AutomationWindow (130)
[2015.04.14-15.59.20:515][910]LogModuleManager: Shutting down and abandoning module Layers (129)
[2015.04.14-15.59.20:530][910]LogModuleManager: Shutting down and abandoning module ComponentVisualizers (128)
[2015.04.14-15.59.20:530][910]LogModuleManager: Shutting down and abandoning module DetailCustomizations (127)
[2015.04.14-15.59.20:530][910]LogModuleManager: Shutting down and abandoning module PackagesDialog (126)
[2015.04.14-15.59.20:530][910]LogModuleManager: Shutting down and abandoning module AssetRegistry (125)
[2015.04.14-15.59.20:576][910]LogModuleManager: Shutting down and abandoning module Persona (124)
[2015.04.14-15.59.20:576][910]LogModuleManager: Shutting down and abandoning module Kismet (123)
[2015.04.14-15.59.20:576][910]LogModuleManager: Shutting down and abandoning module GraphEditor (122)
[2015.04.14-15.59.20:576][910]LogModuleManager: Shutting down and abandoning module ClassViewer (121)
[2015.04.14-15.59.20:576][910]LogModuleManager: Shutting down and abandoning module Toolbox (120)
[2015.04.14-15.59.20:576][910]LogModuleManager: Shutting down and abandoning module ModuleUI (119)
[2015.04.14-15.59.20:580][910]LogModuleManager: Shutting down and abandoning module MovieSceneTools (118)
[2015.04.14-15.59.20:590][910]LogModuleManager: Shutting down and abandoning module OutputLog (117)
[2015.04.14-15.59.20:590][910]LogModuleManager: Shutting down and abandoning module GammaUI (116)
[2015.04.14-15.59.20:599][910]LogModuleManager: Shutting down and abandoning module Documentation (115)
[2015.04.14-15.59.20:599][910]LogModuleManager: Shutting down and abandoning module GameLiveStreaming (114)
[2015.04.14-15.59.20:599][910]LogModuleManager: Shutting down and abandoning module StreamingPauseRendering (113)
[2015.04.14-15.59.20:599][910]LogModuleManager: Shutting down and abandoning module HTTP (112)
[2015.04.14-15.59.20:599][910]LogModuleManager: Shutting down and abandoning module AnalyticsET (111)
[2015.04.14-15.59.20:599][910]LogModuleManager: Shutting down and abandoning module Analytics (110)
[2015.04.14-15.59.20:599][910]LogModuleManager: Shutting down and abandoning module AITestSuite (109)
[2015.04.14-15.59.20:599][910]LogModuleManager: Shutting down and abandoning module AIModule (108)
[2015.04.14-15.59.20:599][910]LogModuleManager: Shutting down and abandoning module ProfilerService (107)
[2015.04.14-15.59.20:752][910]LogModuleManager: Shutting down and abandoning module TaskGraph (106)
[2015.04.14-15.59.20:752][910]LogModuleManager: Shutting down and abandoning module GameplayDebugger (105)
[2015.04.14-15.59.20:752][910]LogModuleManager: Shutting down and abandoning module SlateRemote (104)
[2015.04.14-15.59.20:752][910]LogModuleManager: Shutting down and abandoning module ScriptEditorPlugin (103)
[2015.04.14-15.59.20:752][910]LogModuleManager: Shutting down and abandoning module CustomMeshComponent (102)
[2015.04.14-15.59.20:752][910]LogModuleManager: Shutting down and abandoning module CableComponent (101)
[2015.04.14-15.59.20:752][910]LogModuleManager: Shutting down and abandoning module MessagingDebugger (100)
[2015.04.14-15.59.20:762][910]LogModuleManager: Shutting down and abandoning module MediaPlayerEditor (99)
[2015.04.14-15.59.20:762][910]LogModuleManager: Shutting down and abandoning module SpeedTreeImporter (98)
[2015.04.14-15.59.20:762][910]LogModuleManager: Shutting down and abandoning module PluginsEditor (97)
[2015.04.14-15.59.20:762][910]LogModuleManager: Shutting down and abandoning module EpicSurvey (96)
[2015.04.14-15.59.20:763][910]LogModuleManager: Shutting down and abandoning module DesktopPlatform (95)
[2015.04.14-15.59.20:763][910]LogModuleManager: Shutting down and abandoning module VisualStudioSourceCodeAccess (94)
[2015.04.14-15.59.20:763][910]LogModuleManager: Shutting down and abandoning module UObjectPlugin (93)
[2015.04.14-15.59.20:763][910]LogModuleManager: Shutting down and abandoning module SubversionSourceControl (92)
[2015.04.14-15.59.20:763][910]LogModuleManager: Shutting down and abandoning module SourceControl (91)
[2015.04.14-15.59.20:763][910]LogModuleManager: Shutting down and abandoning module PerforceSourceControl (90)
[2015.04.14-15.59.20:763][910]LogModuleManager: Shutting down and abandoning module BlankPlugin (89)
[2015.04.14-15.59.20:763][910]LogModuleManager: Shutting down and abandoning module SlateReflector (88)
[2015.04.14-15.59.20:763][910]LogModuleManager: Shutting down and abandoning module DirectoryWatcher (87)
[2015.04.14-15.59.20:764][910]LogModuleManager: Shutting down and abandoning module HotReload (86)
[2015.04.14-15.59.20:764][910]LogModuleManager: Shutting down and abandoning module MainFrame (85)
[2015.04.14-15.59.20:764][910]LogModuleManager: Shutting down and abandoning module LevelEditor (84)
[2015.04.14-15.59.20:767][910]LogModuleManager: Shutting down and abandoning module ViewportSnapping (83)
[2015.04.14-15.59.20:767][910]LogModuleManager: Shutting down and abandoning module SmartSnapping (82)
[2015.04.14-15.59.20:767][910]LogModuleManager: Shutting down and abandoning module PaperTiledImporter (81)
[2015.04.14-15.59.20:767][910]LogModuleManager: Shutting down and abandoning module PaperJsonImporter (80)
[2015.04.14-15.59.20:767][910]LogModuleManager: Shutting down and abandoning module ContentBrowser (79)
[2015.04.14-15.59.20:767][910]LogModuleManager: Shutting down and abandoning module Paper2DEditor (78)
[2015.04.14-15.59.20:767][910]LogModuleManager: Shutting down and abandoning module ScriptPlugin (77)
[2015.04.14-15.59.20:767][910]LogModuleManager: Shutting down and abandoning module UdpMessaging (76)
[2015.04.14-15.59.20:867][910]LogModuleManager: Shutting down and abandoning module Paper2D (75)
[2015.04.14-15.59.20:867][910]LogModuleManager: Shutting down and abandoning module UE4Game (74)
[2015.04.14-15.59.20:867][910]LogModuleManager: Shutting down and abandoning module WindowsMoviePlayer (73)
[2015.04.14-15.59.20:874][910]LogModuleManager: Shutting down and abandoning module Media (72)
[2015.04.14-15.59.20:874][910]LogModuleManager: Shutting down and abandoning module WmfMedia (71)
[2015.04.14-15.59.20:875][910]LogModuleManager: Shutting down and abandoning module OnlineBlueprintSupport (70)
[2015.04.14-15.59.20:875][910]LogModuleManager: Shutting down and abandoning module PropertyEditor (69)
[2015.04.14-15.59.20:875][910]LogModuleManager: Shutting down and abandoning module BehaviorTreeEditor (68)
[2015.04.14-15.59.20:875][910]LogModuleManager: Shutting down and abandoning module FunctionalTesting (67)
[2015.04.14-15.59.20:875][910]LogModuleManager: Shutting down and abandoning module CollisionAnalyzer (66)
[2015.04.14-15.59.20:875][910]LogModuleManager: Shutting down and abandoning module WorkspaceMenuStructure (65)
[2015.04.14-15.59.20:875][910]LogModuleManager: Shutting down and abandoning module MessageLog (64)
[2015.04.14-15.59.20:875][910]LogModuleManager: Shutting down and abandoning module Sequencer (63)
[2015.04.14-15.59.20:876][910]LogModuleManager: Shutting down and abandoning module AssetTools (62)
[2015.04.14-15.59.20:876][910]LogModuleManager: Shutting down and abandoning module UMGEditor (61)
[2015.04.14-15.59.20:877][910]LogModuleManager: Shutting down and abandoning module UMG (60)
[2015.04.14-15.59.20:877][910]LogModuleManager: Shutting down and abandoning module Slate (59)
[2015.04.14-15.59.20:877][910]LogModuleManager: Shutting down and abandoning module EditorStyle (58)
[2015.04.14-15.59.20:886][910]LogModuleManager: Shutting down and abandoning module SessionServices (57)
[2015.04.14-15.59.20:886][910]LogModuleManager: Shutting down and abandoning module SourceCodeAccess (56)
[2015.04.14-15.59.20:886][910]LogModuleManager: Shutting down and abandoning module HeadMountedDisplay (55)
[2015.04.14-15.59.20:886][910]LogModuleManager: Shutting down and abandoning module XAudio2 (54)
[2015.04.14-15.59.20:886][910]LogModuleManager: Shutting down and abandoning module Networking (52)
[2015.04.14-15.59.20:886][910]LogModuleManager: Shutting down and abandoning module Core (51)
[2015.04.14-15.59.20:886][910]LogModuleManager: Shutting down and abandoning module KismetCompiler (50)
[2015.04.14-15.59.20:886][910]LogModuleManager: Shutting down and abandoning module PhysXFormats (49)
[2015.04.14-15.59.20:886][910]LogModuleManager: Shutting down and abandoning module MeshUtilities (48)
[2015.04.14-15.59.20:886][910]LogModuleManager: Shutting down and abandoning module DerivedDataCache (47)
[2015.04.14-15.59.20:940][910]LogDerivedDataCache: Shutdown
[2015.04.14-15.59.20:940][910]LogModuleManager: Shutting down and abandoning module ShaderFormatOpenGL (46)
[2015.04.14-15.59.20:965][910]LogModuleManager: Shutting down and abandoning module ShaderFormatD3D (45)
[2015.04.14-15.59.20:965][910]LogModuleManager: Shutting down and abandoning module MetalShaderFormat (44)
[2015.04.14-15.59.20:967][910]LogModuleManager: Shutting down and abandoning module TextureFormatUncompressed (43)
[2015.04.14-15.59.20:967][910]LogModuleManager: Shutting down and abandoning module TextureFormatPVR (42)
[2015.04.14-15.59.20:975][910]LogModuleManager: Shutting down and abandoning module TextureFormatDXT (41)
[2015.04.14-15.59.20:975][910]LogModuleManager: Shutting down and abandoning module TextureFormatAndroid (40)
[2015.04.14-15.59.20:975][910]LogModuleManager: Shutting down and abandoning module AudioFormatOpus (39)
[2015.04.14-15.59.20:975][910]LogModuleManager: Shutting down and abandoning module AudioFormatOgg (38)
[2015.04.14-15.59.20:975][910]LogModuleManager: Shutting down and abandoning module AudioFormatADPCM (37)
[2015.04.14-15.59.20:975][910]LogModuleManager: Shutting down and abandoning module LinuxTargetPlatform (36)
[2015.04.14-15.59.20:975][910]LogModuleManager: Shutting down and abandoning module LinuxServerTargetPlatform (35)
[2015.04.14-15.59.20:975][910]LogModuleManager: Shutting down and abandoning module LinuxNoEditorTargetPlatform (34)
[2015.04.14-15.59.20:975][910]LogModuleManager: Shutting down and abandoning module Messaging (33)
[2015.04.14-15.59.20:975][910]LogModuleManager: Shutting down and abandoning module IOSTargetPlatform (32)
[2015.04.14-15.59.20:976][910]LogModuleManager: Shutting down and abandoning module Android_PVRTCTargetPlatform (31)
[2015.04.14-15.59.20:976][910]LogModuleManager: Shutting down and abandoning module Android_ETC2TargetPlatform (30)
[2015.04.14-15.59.20:976][910]LogModuleManager: Shutting down and abandoning module Android_ETC1TargetPlatform (29)
[2015.04.14-15.59.20:976][910]LogModuleManager: Shutting down and abandoning module Android_DXTTargetPlatform (28)
[2015.04.14-15.59.20:976][910]LogModuleManager: Shutting down and abandoning module Android_ATCTargetPlatform (27)
[2015.04.14-15.59.20:976][910]LogModuleManager: Shutting down and abandoning module AndroidTargetPlatform (26)
[2015.04.14-15.59.20:976][910]LogModuleManager: Shutting down and abandoning module WindowsTargetPlatform (25)
[2015.04.14-15.59.20:976][910]LogModuleManager: Shutting down and abandoning module WindowsServerTargetPlatform (24)
[2015.04.14-15.59.20:976][910]LogModuleManager: Shutting down and abandoning module WindowsNoEditorTargetPlatform (23)
[2015.04.14-15.59.20:976][910]LogModuleManager: Shutting down and abandoning module WindowsClientTargetPlatform (22)
[2015.04.14-15.59.20:976][910]LogModuleManager: Shutting down and abandoning module TargetPlatform (21)
[2015.04.14-15.59.20:976][910]LogModuleManager: Shutting down and abandoning module InputCore (20)
[2015.04.14-15.59.20:976][910]LogModuleManager: Shutting down and abandoning module Settings (19)
[2015.04.14-15.59.20:976][910]LogModuleManager: Shutting down and abandoning module ImageWrapper (18)
[2015.04.14-15.59.20:976][910]LogModuleManager: Shutting down and abandoning module OculusRift (15)
[2015.04.14-15.59.20:976][910]LogModuleManager: Shutting down and abandoning module ExampleDeviceProfileSelector (14)
[2015.04.14-15.59.20:976][910]LogModuleManager: Shutting down and abandoning module TextureCompressor (13)
[2015.04.14-15.59.20:976][910]LogModuleManager: Shutting down and abandoning module ShaderCore (12)
[2015.04.14-15.59.20:976][910]LogModuleManager: Shutting down and abandoning module Landscape (11)
[2015.04.14-15.59.20:976][910]LogModuleManager: Shutting down and abandoning module SlateRHIRenderer (10)
[2015.04.14-15.59.20:981][910]LogModuleManager: Shutting down and abandoning module OpenGLDrv (9)
[2015.04.14-15.59.20:981][910]LogModuleManager: Shutting down and abandoning module D3D11RHI (8)
[2015.04.14-15.59.20:981][910]LogModuleManager: Shutting down and abandoning module Renderer (7)
[2015.04.14-15.59.20:981][910]LogModuleManager: Shutting down and abandoning module Engine (6)
[2015.04.14-15.59.20:981][910]LogModuleManager: Shutting down and abandoning module CoreUObject (5)
[2015.04.14-15.59.20:981][910]LogModuleManager: Shutting down and abandoning module NetworkFile (4)
[2015.04.14-15.59.20:981][910]LogModuleManager: Shutting down and abandoning module StreamingFile (3)
[2015.04.14-15.59.20:985][910]LogModuleManager: Shutting down and abandoning module SandboxFile (2)
[2015.04.14-15.59.20:985][910]LogModuleManager: Shutting down and abandoning module PakFile (1)
[2015.04.14-15.59.20:989][910]LogExit: Exiting.
[2015.04.14-15.59.21:064][910]Log file closed, 04/14/15 16:59:21
