Log file open, 03/05/15 12:09:47
LogInit:Display: Running engine for game: MyProject4
LogInit: Version: 4.6.1-2386410+++depot+UE4-Releases+4.6
LogInit: API Version: 2369412
LogInit: Compiled (64-bit): Dec 11 2014 21:31:39
LogInit: Compiled with Visual C++: 18.00.21005.01
LogInit: Build Configuration: Development
LogInit: Branch Name: ++depot+UE4-Releases+4.6
LogInit: Command line:  
LogInit: Base directory: C:/Program Files/Epic Games/4.6/Engine/Binaries/Win64/
LogInit: Rocket: 1
[2015.03.05-12.09.47:650][  0]LogTaskGraph: Started task graph with 3 named threads and 6 total threads.
[2015.03.05-12.09.47:725][  0]LogOnline:Warning: No default platform service specified for OnlineSubsystem
[2015.03.05-12.09.47:947][  0]LogInit: Presizing for 0 objects not considered by GC, pre-allocating 0 bytes.
[2015.03.05-12.09.48:065][  0]LogInit: Object subsystem initialized
[2015.03.05-12.09.48:233][  0]LogInit: Selected Device Profile: [Windows]
[2015.03.05-12.09.48:233][  0]LogInit: Applying CVar settings loaded from the selected device profile: [Windows]
[2015.03.05-12.09.48:269][  0]LogInit: Computer: RINGLETLTD18-PC
[2015.03.05-12.09.48:269][  0]LogInit: User: Fulltime
[2015.03.05-12.09.48:269][  0]LogInit: CPU Page size=4096, Cores=4
[2015.03.05-12.09.48:269][  0]LogInit: High frequency timer resolution =3.125019 MHz
[2015.03.05-12.09.48:275][  0]LogMemory: Memory total: Physical=7.9GB (8GB approx) Virtual=8192.0GB
[2015.03.05-12.09.48:276][  0]LogMemory: Platform Memory Stats for Windows
[2015.03.05-12.09.48:276][  0]LogMemory: Process Physical Memory: 49.66 MB used, 49.66 MB peak
[2015.03.05-12.09.48:276][  0]LogMemory: Process Virtual Memory: 25.39 MB used, 25.39 MB peak
[2015.03.05-12.09.48:276][  0]LogMemory: Physical Memory: 2904.59 MB used, 8127.42 MB total
[2015.03.05-12.09.48:276][  0]LogMemory: Virtual Memory: 263.12 MB used, 8388608.00 MB total
[2015.03.05-12.09.48:478][  0]LogD3D11RHI: Found D3D11 adapter 0: NVIDIA GeForce GTX 760 (Feature Level 11_0)
[2015.03.05-12.09.48:478][  0]LogD3D11RHI: Adapter has 1990MB of dedicated video memory, 0MB of dedicated system memory, and 2048MB of shared system memory, 2 output[s]
[2015.03.05-12.09.48:478][  0]LogD3D11RHI: Chosen D3D11 Adapter Id = 0
[2015.03.05-12.09.48:483][  0]LogRHI: Texture pool is 1361 MB (70% of 1945 MB)
[2015.03.05-12.09.48:491][  0]LogD3D11RHI: Async texture creation enabled
[2015.03.05-12.09.49:670][  0]LogTextLocalizationManager: The requested culture ('en_GB') has no localization data; parent culture's ('en') localization data will be used.
[2015.03.05-12.09.49:839][  0]LogContentStreaming: Texture pool size is 0.000000MB
[2015.03.05-12.10.00:084][  0]LogTargetPlatformManager:Display: Building Assets For Windows
[2015.03.05-12.10.00:792][  0]LogTargetPlatformManager:Display: Building Assets For Windows
[2015.03.05-12.10.00:905][  0]LogDerivedDataCache:Display: Max Cache Size: 512 MB
[2015.03.05-12.10.01:206][  0]LogDerivedDataCache: Loaded boot cache 0.30s 39MB C:/Users/Fulltime/AppData/Local/UnrealEngine/4.6/DerivedDataCache/Boot.ddc.
[2015.03.05-12.10.01:206][  0]LogDerivedDataCache:Display: Loaded Boot cache: C:/Users/Fulltime/AppData/Local/UnrealEngine/4.6/DerivedDataCache/Boot.ddc
[2015.03.05-12.10.01:206][  0]LogDerivedDataCache: FDerivedDataBackendGraph:  Pak pak cache file ../../../../../../Users/Fulltime/Documents/Level26/MyProject4/DerivedDataCache/DDC.ddp not found, will not use a pak cache.
[2015.03.05-12.10.01:206][  0]LogDerivedDataCache: Unable to find inner node Pak for hierarchical cache Hierarchy.
[2015.03.05-12.10.01:301][  0]LogDerivedDataCache:Display: Pak cache opened for reading ../../../Engine/DerivedDataCache/DDC.ddp.
[2015.03.05-12.10.01:312][  0]LogDerivedDataCache: Using Local data cache path C:/Users/Fulltime/AppData/Local/UnrealEngine/Common/DerivedDataCache: Writable
[2015.03.05-12.10.05:423][  0]LogCollisionProfile:Warning: Profile (UI) - Custom Channel Name = 'Weapon' hasn't been found
[2015.03.05-12.10.06:180][  0]LogMeshUtilities: No automatic mesh reduction module available
[2015.03.05-12.10.06:180][  0]LogMeshUtilities: No automatic mesh merging module available
[2015.03.05-12.10.08:718][  0]LogInit: WinSock: version 1.1 (2.2), MaxSocks=32767, MaxUdp=65467
[2015.03.05-12.10.09:081][  0]LogSlate:Warning: Failed to load font data from '../../../Engine/Content/Slate/Fonts/Roboto-Italic.ttf'
[2015.03.05-12.10.27:605][  0]UdpMessaging: Initializing bridge on interface 0.0.0.0:0 to multicast group 230.0.0.1:6666.
[2015.03.05-12.10.29:504][  0]LogDirectoryWatcher:Warning: Failed to begin reading directory changes for C:/Users/Fulltime/Documents/Level26/MyProject4/Binaries/Win64. Error: 0
[2015.03.05-12.10.30:799][  0]SourceControl: Info Source control is disabled
[2015.03.05-12.10.30:799][  0]SourceControl: Info Source control is disabled
[2015.03.05-12.10.30:804][  0]SourceControl: Info Source control is disabled
[2015.03.05-12.10.31:228][  0]LogObj: 23754 objects as part of root set at end of initial load.
[2015.03.05-12.10.31:228][  0]LogUObjectAllocator: 5168128 out of 0 bytes used by permanent object pool.
[2015.03.05-12.10.31:756][  0]LogEngine: Initializing Engine...
[2015.03.05-12.10.32:374][  0]LogInit: XAudio2 using 'Speakers (Realtek High Definition Audio)' : 2 channels at 48 kHz using 32 bits per sample (channel mask 0x3)
[2015.03.05-12.10.32:417][  0]LogInit: FAudioDevice initialized.
[2015.03.05-12.10.32:779][  0]LogAIModule: Creating AISystem for world NewWorld
[2015.03.05-12.10.32:847][  0]LogDerivedDataCache: Saved boot cache 0.02s 39MB C:/Users/Fulltime/AppData/Local/UnrealEngine/4.6/DerivedDataCache/Boot.ddc.
[2015.03.05-12.10.32:849][  0]LogInit: Texture streaming: Enabled
[2015.03.05-12.10.32:892][  0]LogAnalytics: Creating configured Analytics provider AnalyticsET
[2015.03.05-12.10.32:892][  0]LogAnalytics: ET APIKey = Rocket.Release. APIServer = http://et2.epicgames.com/ET2/. AppVersion = 4.6.1-2386410+++depot+UE4-Releases+4.6
[2015.03.05-12.10.32:893][  0]LogAnalytics: SetUserId 69f16f0a28d0cebab19564fc86df198d
[2015.03.05-12.10.32:893][  0]LogAnalytics: AnalyticsET::StartSession [Rocket.Release]
[2015.03.05-12.10.33:033][  0]LogInit: Transaction tracking system initialized
[2015.03.05-12.10.33:399][  0]BlueprintLog: New page: Editor Load
[2015.03.05-12.10.33:500][  0]LogAssetRegistry: FAssetRegistry took 0.0108 seconds to start up
[2015.03.05-12.10.33:515][  0]LogDirectoryWatcher:Warning: Failed to begin reading directory changes for ../../../Engine/Plugins/Experimental/CharacterAI/Content/. Error: 0
[2015.03.05-12.10.35:748][  0]LogTargetPlatformManager:Display: Building Assets For Windows
[2015.03.05-12.10.36:076][  0]LogTargetPlatformManager:Display: Building Assets For Windows
[2015.03.05-12.10.37:647][  0]LogConsoleResponse:Display: 
[2015.03.05-12.10.38:315][  0]LogLinker:Warning: Asset '../../../Engine/Content/Functions/Engine_MaterialFunctions03/Procedurals/ComputeFilterWidth.uasset' has been saved with empty engine version. The asset will be loaded but may be incompatible.
[2015.03.05-12.10.40:663][  0]SourceControl: Info Source control is disabled
[2015.03.05-12.10.40:751][  0]Cmd: MAP LOAD FILE="../../../Engine/Content/Maps/Templates/Template_Default.umap" TEMPLATE=1 SHOWPROGRESS=1
[2015.03.05-12.10.40:787][  0]LightingResults: New page: Lighting Build
[2015.03.05-12.10.40:942][  0]MapCheck: New page: Map Check
[2015.03.05-12.10.40:942][  0]LightingResults: New page: Lighting Build
[2015.03.05-12.10.41:061][  0]LogParticles: Destroying 0 GPU particle simulations for FXSystem 0x0000000013C8D580
[2015.03.05-12.10.42:972][  0]LogEditorServer: Finished looking for orphan Actors (0.000 secs)
[2015.03.05-12.10.43:004][  0]LogAIModule: Creating AISystem for world Untitled_1
[2015.03.05-12.10.43:101][  0]Cmd: MAP CHECKDEP
[2015.03.05-12.10.43:116][  0]MapCheck: New page: Untitled_1 - 5 Mar 2015 12:10:43
[2015.03.05-12.10.43:268][  0]MapCheck: Info Map check complete: 0 Error(s), 0 Warning(s), took 166.685ms to complete.
[2015.03.05-12.10.43:268][  0]LogFileHelpers: Loading map 'Template_Default' took 2.555
[2015.03.05-12.10.44:783][  0]LogCollectionManager: Loaded 0 collections in 0.001561 seconds
[2015.03.05-12.10.48:660][  0]LogCrashTracker: Crashtracker disabled due to settings.
[2015.03.05-12.10.48:881][  0]LogUObjectGlobals:Warning: Failed to find object 'Class None.'
[2015.03.05-12.10.48:968][  0]LogLoad: Full Startup: 68.60 seconds (BP compile: 0.48 seconds)
[2015.03.05-12.10.49:382][  0]LogContentBrowser:Verbose: The content browser source was changed by the sources view to '/Game/Blueprints'
[2015.03.05-12.10.49:382][  0]LogContentBrowser:Verbose: The content browser source was changed by the sources view to '/Game/Blueprints'
[2015.03.05-12.10.49:999][  0]LogRenderer:Warning: Reallocating scene render targets to support 1136x672.
[2015.03.05-12.10.52:386][102]LogAssetRegistry: Asset discovery search completed in 18.8968 seconds
[2015.03.05-12.12.10:124][397]LogContentBrowser:Verbose: The content browser source was changed by the sources view to '/Game/Maps'
[2015.03.05-12.12.10:679][463]LogContentBrowser:Verbose: The content browser source was changed by the sources view to '/Game/Character'
[2015.03.05-12.12.11:200][525]LogContentBrowser:Verbose: The content browser source was changed by the sources view to '/Game/Blueprints'
[2015.03.05-12.12.16:083][ 13]Cmd: QUIT_EDITOR
[2015.03.05-12.12.16:613][ 13]LogExit: Preparing to exit.
[2015.03.05-12.12.17:941][ 13]LogExit: Editor shut down
[2015.03.05-12.12.17:942][ 13]LogExit: Transaction tracking system shut down
[2015.03.05-12.12.17:943][ 13]LogParticles: Destroying 0 GPU particle simulations for FXSystem 0x000000000AC4F240
[2015.03.05-12.12.18:165][ 13]LogExit: Object subsystem successfully closed.
[2015.03.05-12.12.18:369][ 13]LogModuleManager: Shutting down and abandoning module AndroidDeviceDetection (172)
[2015.03.05-12.12.18:369][ 13]LogModuleManager: Shutting down and abandoning module CrashTracker (171)
[2015.03.05-12.12.18:369][ 13]LogModuleManager: Shutting down and abandoning module SuperSearch (170)
[2015.03.05-12.12.18:369][ 13]LogModuleManager: Shutting down and abandoning module SceneOutliner (169)
[2015.03.05-12.12.18:369][ 13]LogModuleManager: Shutting down and abandoning module EditorWidgets (168)
[2015.03.05-12.12.18:369][ 13]LogModuleManager: Shutting down and abandoning module CollectionManager (167)
[2015.03.05-12.12.18:380][ 13]LogModuleManager: Shutting down and abandoning module StatsViewer (166)
[2015.03.05-12.12.18:381][ 13]LogModuleManager: Shutting down and abandoning module FoliageEdit (165)
[2015.03.05-12.12.18:381][ 13]LogModuleManager: Shutting down and abandoning module LandscapeEditor (164)
[2015.03.05-12.12.18:393][ 13]LogModuleManager: Shutting down and abandoning module MeshPaint (163)
[2015.03.05-12.12.18:393][ 13]LogModuleManager: Shutting down and abandoning module ActorPickerMode (162)
[2015.03.05-12.12.18:393][ 13]LogModuleManager: Shutting down and abandoning module GeometryMode (161)
[2015.03.05-12.12.18:393][ 13]LogModuleManager: Shutting down and abandoning module TextureAlignMode (160)
[2015.03.05-12.12.18:393][ 13]LogModuleManager: Shutting down and abandoning module BspMode (159)
[2015.03.05-12.12.18:393][ 13]LogModuleManager: Shutting down and abandoning module PlacementMode (158)
[2015.03.05-12.12.18:393][ 13]LogModuleManager: Shutting down and abandoning module AutomationWorker (157)
[2015.03.05-12.12.18:393][ 13]LogModuleManager: Shutting down and abandoning module CharacterAI (156)
[2015.03.05-12.12.18:393][ 13]LogModuleManager: Shutting down and abandoning module GameProjectGeneration (155)
[2015.03.05-12.12.18:401][ 13]LogModuleManager: Shutting down and abandoning module IntroTutorials (154)
[2015.03.05-12.12.18:401][ 13]LogModuleManager: Shutting down and abandoning module EditorLiveStreaming (153)
[2015.03.05-12.12.18:401][ 13]LogModuleManager: Shutting down and abandoning module HardwareTargeting (152)
[2015.03.05-12.12.18:401][ 13]LogModuleManager: Shutting down and abandoning module DeviceProfileEditor (151)
[2015.03.05-12.12.18:401][ 13]LogModuleManager: Shutting down and abandoning module UndoHistory (150)
[2015.03.05-12.12.18:401][ 13]LogModuleManager: Shutting down and abandoning module GameplayTagsEditor (149)
[2015.03.05-12.12.18:401][ 13]LogModuleManager: Shutting down and abandoning module UserFeedback (148)
[2015.03.05-12.12.18:401][ 13]LogModuleManager: Shutting down and abandoning module XmlParser (147)
[2015.03.05-12.12.18:401][ 13]LogModuleManager: Shutting down and abandoning module Blutility (146)
[2015.03.05-12.12.18:401][ 13]LogModuleManager: Shutting down and abandoning module IOSPlatformEditor (145)
[2015.03.05-12.12.18:401][ 13]LogModuleManager: Shutting down and abandoning module IOSRuntimeSettings (144)
[2015.03.05-12.12.18:401][ 13]LogModuleManager: Shutting down and abandoning module AndroidPlatformEditor (143)
[2015.03.05-12.12.18:401][ 13]LogModuleManager: Shutting down and abandoning module AndroidRuntimeSettings (142)
[2015.03.05-12.12.18:401][ 13]LogModuleManager: Shutting down and abandoning module ProjectTargetPlatformEditor (141)
[2015.03.05-12.12.18:401][ 13]LogModuleManager: Shutting down and abandoning module ProjectSettingsViewer (140)
[2015.03.05-12.12.18:401][ 13]LogModuleManager: Shutting down and abandoning module InputBindingEditor (139)
[2015.03.05-12.12.18:401][ 13]LogModuleManager: Shutting down and abandoning module EditorSettingsViewer (138)
[2015.03.05-12.12.18:401][ 13]LogModuleManager: Shutting down and abandoning module SettingsEditor (137)
[2015.03.05-12.12.18:415][ 13]LogModuleManager: Shutting down and abandoning module ProjectLauncher (136)
[2015.03.05-12.12.18:415][ 13]LogModuleManager: Shutting down and abandoning module SessionFrontend (135)
[2015.03.05-12.12.18:415][ 13]LogModuleManager: Shutting down and abandoning module ProfilerClient (134)
[2015.03.05-12.12.18:423][ 13]LogModuleManager: Shutting down and abandoning module TargetDeviceServices (133)
[2015.03.05-12.12.18:423][ 13]LogModuleManager: Shutting down and abandoning module DeviceManager (132)
[2015.03.05-12.12.18:423][ 13]LogModuleManager: Shutting down and abandoning module AutomationController (131)
[2015.03.05-12.12.18:423][ 13]LogModuleManager: Shutting down and abandoning module AutomationWindow (130)
[2015.03.05-12.12.18:433][ 13]LogModuleManager: Shutting down and abandoning module Layers (129)
[2015.03.05-12.12.18:444][ 13]LogModuleManager: Shutting down and abandoning module ComponentVisualizers (128)
[2015.03.05-12.12.18:444][ 13]LogModuleManager: Shutting down and abandoning module DetailCustomizations (127)
[2015.03.05-12.12.18:444][ 13]LogModuleManager: Shutting down and abandoning module PackagesDialog (126)
[2015.03.05-12.12.18:463][ 13]LogModuleManager: Shutting down and abandoning module AssetRegistry (125)
[2015.03.05-12.12.18:501][ 13]LogModuleManager: Shutting down and abandoning module Persona (124)
[2015.03.05-12.12.18:525][ 13]LogModuleManager: Shutting down and abandoning module Kismet (123)
[2015.03.05-12.12.18:538][ 13]LogModuleManager: Shutting down and abandoning module GraphEditor (122)
[2015.03.05-12.12.18:549][ 13]LogModuleManager: Shutting down and abandoning module ClassViewer (121)
[2015.03.05-12.12.18:549][ 13]LogModuleManager: Shutting down and abandoning module Toolbox (120)
[2015.03.05-12.12.18:549][ 13]LogModuleManager: Shutting down and abandoning module ModuleUI (119)
[2015.03.05-12.12.18:565][ 13]LogModuleManager: Shutting down and abandoning module MovieSceneTools (118)
[2015.03.05-12.12.18:588][ 13]LogModuleManager: Shutting down and abandoning module OutputLog (117)
[2015.03.05-12.12.18:588][ 13]LogModuleManager: Shutting down and abandoning module GammaUI (116)
[2015.03.05-12.12.18:597][ 13]LogModuleManager: Shutting down and abandoning module Documentation (115)
[2015.03.05-12.12.18:597][ 13]LogModuleManager: Shutting down and abandoning module GameLiveStreaming (114)
[2015.03.05-12.12.18:597][ 13]LogModuleManager: Shutting down and abandoning module StreamingPauseRendering (113)
[2015.03.05-12.12.18:597][ 13]LogModuleManager: Shutting down and abandoning module HTTP (112)
[2015.03.05-12.12.18:597][ 13]LogModuleManager: Shutting down and abandoning module AnalyticsET (111)
[2015.03.05-12.12.18:597][ 13]LogModuleManager: Shutting down and abandoning module Analytics (110)
[2015.03.05-12.12.18:597][ 13]LogModuleManager: Shutting down and abandoning module AITestSuite (109)
[2015.03.05-12.12.18:597][ 13]LogModuleManager: Shutting down and abandoning module AIModule (108)
[2015.03.05-12.12.18:611][ 13]LogModuleManager: Shutting down and abandoning module ProfilerService (107)
[2015.03.05-12.12.18:856][ 13]LogModuleManager: Shutting down and abandoning module TaskGraph (106)
[2015.03.05-12.12.18:883][ 13]LogModuleManager: Shutting down and abandoning module GameplayDebugger (105)
[2015.03.05-12.12.18:883][ 13]LogModuleManager: Shutting down and abandoning module SlateRemote (104)
[2015.03.05-12.12.18:883][ 13]LogModuleManager: Shutting down and abandoning module ScriptEditorPlugin (103)
[2015.03.05-12.12.18:883][ 13]LogModuleManager: Shutting down and abandoning module CustomMeshComponent (102)
[2015.03.05-12.12.18:883][ 13]LogModuleManager: Shutting down and abandoning module CableComponent (101)
[2015.03.05-12.12.18:883][ 13]LogModuleManager: Shutting down and abandoning module MessagingDebugger (100)
[2015.03.05-12.12.18:897][ 13]LogModuleManager: Shutting down and abandoning module MediaPlayerEditor (99)
[2015.03.05-12.12.18:899][ 13]LogModuleManager: Shutting down and abandoning module SpeedTreeImporter (98)
[2015.03.05-12.12.18:899][ 13]LogModuleManager: Shutting down and abandoning module PluginsEditor (97)
[2015.03.05-12.12.18:899][ 13]LogModuleManager: Shutting down and abandoning module EpicSurvey (96)
[2015.03.05-12.12.18:899][ 13]LogModuleManager: Shutting down and abandoning module DesktopPlatform (95)
[2015.03.05-12.12.18:899][ 13]LogModuleManager: Shutting down and abandoning module VisualStudioSourceCodeAccess (94)
[2015.03.05-12.12.18:899][ 13]LogModuleManager: Shutting down and abandoning module UObjectPlugin (93)
[2015.03.05-12.12.18:899][ 13]LogModuleManager: Shutting down and abandoning module SubversionSourceControl (92)
[2015.03.05-12.12.18:900][ 13]LogModuleManager: Shutting down and abandoning module SourceControl (91)
[2015.03.05-12.12.18:900][ 13]LogModuleManager: Shutting down and abandoning module PerforceSourceControl (90)
[2015.03.05-12.12.18:903][ 13]LogModuleManager: Shutting down and abandoning module BlankPlugin (89)
[2015.03.05-12.12.18:903][ 13]LogModuleManager: Shutting down and abandoning module SlateReflector (88)
[2015.03.05-12.12.18:903][ 13]LogModuleManager: Shutting down and abandoning module DirectoryWatcher (87)
[2015.03.05-12.12.18:904][ 13]LogModuleManager: Shutting down and abandoning module HotReload (86)
[2015.03.05-12.12.18:904][ 13]LogModuleManager: Shutting down and abandoning module MainFrame (85)
[2015.03.05-12.12.18:904][ 13]LogModuleManager: Shutting down and abandoning module LevelEditor (84)
[2015.03.05-12.12.18:914][ 13]LogModuleManager: Shutting down and abandoning module ViewportSnapping (83)
[2015.03.05-12.12.18:914][ 13]LogModuleManager: Shutting down and abandoning module SmartSnapping (82)
[2015.03.05-12.12.18:914][ 13]LogModuleManager: Shutting down and abandoning module PaperTiledImporter (81)
[2015.03.05-12.12.18:914][ 13]LogModuleManager: Shutting down and abandoning module PaperJsonImporter (80)
[2015.03.05-12.12.18:914][ 13]LogModuleManager: Shutting down and abandoning module ContentBrowser (79)
[2015.03.05-12.12.18:914][ 13]LogModuleManager: Shutting down and abandoning module Paper2DEditor (78)
[2015.03.05-12.12.18:934][ 13]LogModuleManager: Shutting down and abandoning module ScriptPlugin (77)
[2015.03.05-12.12.18:954][ 13]LogModuleManager: Shutting down and abandoning module UdpMessaging (76)
[2015.03.05-12.12.19:054][ 13]LogModuleManager: Shutting down and abandoning module Paper2D (75)
[2015.03.05-12.12.19:054][ 13]LogModuleManager: Shutting down and abandoning module UE4Game (74)
[2015.03.05-12.12.19:054][ 13]LogModuleManager: Shutting down and abandoning module WindowsMoviePlayer (73)
[2015.03.05-12.12.19:056][ 13]LogModuleManager: Shutting down and abandoning module Media (72)
[2015.03.05-12.12.19:056][ 13]LogModuleManager: Shutting down and abandoning module WmfMedia (71)
[2015.03.05-12.12.19:056][ 13]LogModuleManager: Shutting down and abandoning module OnlineBlueprintSupport (70)
[2015.03.05-12.12.19:056][ 13]LogModuleManager: Shutting down and abandoning module PropertyEditor (69)
[2015.03.05-12.12.19:056][ 13]LogModuleManager: Shutting down and abandoning module BehaviorTreeEditor (68)
[2015.03.05-12.12.19:126][ 13]LogModuleManager: Shutting down and abandoning module FunctionalTesting (67)
[2015.03.05-12.12.19:126][ 13]LogModuleManager: Shutting down and abandoning module CollisionAnalyzer (66)
[2015.03.05-12.12.19:145][ 13]LogModuleManager: Shutting down and abandoning module WorkspaceMenuStructure (65)
[2015.03.05-12.12.19:145][ 13]LogModuleManager: Shutting down and abandoning module MessageLog (64)
[2015.03.05-12.12.19:145][ 13]LogModuleManager: Shutting down and abandoning module Sequencer (63)
[2015.03.05-12.12.19:164][ 13]LogModuleManager: Shutting down and abandoning module AssetTools (62)
[2015.03.05-12.12.19:189][ 13]LogModuleManager: Shutting down and abandoning module UMGEditor (61)
[2015.03.05-12.12.19:189][ 13]LogModuleManager: Shutting down and abandoning module UMG (60)
[2015.03.05-12.12.19:215][ 13]LogModuleManager: Shutting down and abandoning module Slate (59)
[2015.03.05-12.12.19:215][ 13]LogModuleManager: Shutting down and abandoning module EditorStyle (58)
[2015.03.05-12.12.19:218][ 13]LogModuleManager: Shutting down and abandoning module SessionServices (57)
[2015.03.05-12.12.19:218][ 13]LogModuleManager: Shutting down and abandoning module SourceCodeAccess (56)
[2015.03.05-12.12.19:218][ 13]LogModuleManager: Shutting down and abandoning module HeadMountedDisplay (55)
[2015.03.05-12.12.19:218][ 13]LogModuleManager: Shutting down and abandoning module XAudio2 (54)
[2015.03.05-12.12.19:218][ 13]LogModuleManager: Shutting down and abandoning module Networking (52)
[2015.03.05-12.12.19:218][ 13]LogModuleManager: Shutting down and abandoning module Core (51)
[2015.03.05-12.12.19:218][ 13]LogModuleManager: Shutting down and abandoning module KismetCompiler (50)
[2015.03.05-12.12.19:218][ 13]LogModuleManager: Shutting down and abandoning module PhysXFormats (49)
[2015.03.05-12.12.19:218][ 13]LogModuleManager: Shutting down and abandoning module MeshUtilities (48)
[2015.03.05-12.12.19:226][ 13]LogModuleManager: Shutting down and abandoning module DerivedDataCache (47)
[2015.03.05-12.12.19:308][ 13]LogDerivedDataCache: Shutdown
[2015.03.05-12.12.19:308][ 13]LogModuleManager: Shutting down and abandoning module ShaderFormatOpenGL (46)
[2015.03.05-12.12.19:337][ 13]LogModuleManager: Shutting down and abandoning module ShaderFormatD3D (45)
[2015.03.05-12.12.19:337][ 13]LogModuleManager: Shutting down and abandoning module MetalShaderFormat (44)
[2015.03.05-12.12.19:358][ 13]LogModuleManager: Shutting down and abandoning module TextureFormatUncompressed (43)
[2015.03.05-12.12.19:358][ 13]LogModuleManager: Shutting down and abandoning module TextureFormatPVR (42)
[2015.03.05-12.12.19:358][ 13]LogModuleManager: Shutting down and abandoning module TextureFormatDXT (41)
[2015.03.05-12.12.19:358][ 13]LogModuleManager: Shutting down and abandoning module TextureFormatAndroid (40)
[2015.03.05-12.12.19:358][ 13]LogModuleManager: Shutting down and abandoning module AudioFormatOpus (39)
[2015.03.05-12.12.19:358][ 13]LogModuleManager: Shutting down and abandoning module AudioFormatOgg (38)
[2015.03.05-12.12.19:358][ 13]LogModuleManager: Shutting down and abandoning module AudioFormatADPCM (37)
[2015.03.05-12.12.19:358][ 13]LogModuleManager: Shutting down and abandoning module LinuxTargetPlatform (36)
[2015.03.05-12.12.19:358][ 13]LogModuleManager: Shutting down and abandoning module LinuxServerTargetPlatform (35)
[2015.03.05-12.12.19:358][ 13]LogModuleManager: Shutting down and abandoning module LinuxNoEditorTargetPlatform (34)
[2015.03.05-12.12.19:358][ 13]LogModuleManager: Shutting down and abandoning module Messaging (33)
[2015.03.05-12.12.19:358][ 13]LogModuleManager: Shutting down and abandoning module IOSTargetPlatform (32)
[2015.03.05-12.12.19:358][ 13]LogModuleManager: Shutting down and abandoning module Android_PVRTCTargetPlatform (31)
[2015.03.05-12.12.19:358][ 13]LogModuleManager: Shutting down and abandoning module Android_ETC2TargetPlatform (30)
[2015.03.05-12.12.19:358][ 13]LogModuleManager: Shutting down and abandoning module Android_ETC1TargetPlatform (29)
[2015.03.05-12.12.19:358][ 13]LogModuleManager: Shutting down and abandoning module Android_DXTTargetPlatform (28)
[2015.03.05-12.12.19:358][ 13]LogModuleManager: Shutting down and abandoning module Android_ATCTargetPlatform (27)
[2015.03.05-12.12.19:358][ 13]LogModuleManager: Shutting down and abandoning module AndroidTargetPlatform (26)
[2015.03.05-12.12.19:358][ 13]LogModuleManager: Shutting down and abandoning module WindowsTargetPlatform (25)
[2015.03.05-12.12.19:358][ 13]LogModuleManager: Shutting down and abandoning module WindowsServerTargetPlatform (24)
[2015.03.05-12.12.19:358][ 13]LogModuleManager: Shutting down and abandoning module WindowsNoEditorTargetPlatform (23)
[2015.03.05-12.12.19:358][ 13]LogModuleManager: Shutting down and abandoning module WindowsClientTargetPlatform (22)
[2015.03.05-12.12.19:358][ 13]LogModuleManager: Shutting down and abandoning module TargetPlatform (21)
[2015.03.05-12.12.19:358][ 13]LogModuleManager: Shutting down and abandoning module InputCore (20)
[2015.03.05-12.12.19:358][ 13]LogModuleManager: Shutting down and abandoning module Settings (19)
[2015.03.05-12.12.19:358][ 13]LogModuleManager: Shutting down and abandoning module ImageWrapper (18)
[2015.03.05-12.12.19:358][ 13]LogModuleManager: Shutting down and abandoning module OculusRift (15)
[2015.03.05-12.12.19:358][ 13]LogModuleManager: Shutting down and abandoning module ExampleDeviceProfileSelector (14)
[2015.03.05-12.12.19:358][ 13]LogModuleManager: Shutting down and abandoning module TextureCompressor (13)
[2015.03.05-12.12.19:358][ 13]LogModuleManager: Shutting down and abandoning module ShaderCore (12)
[2015.03.05-12.12.19:358][ 13]LogModuleManager: Shutting down and abandoning module Landscape (11)
[2015.03.05-12.12.19:358][ 13]LogModuleManager: Shutting down and abandoning module SlateRHIRenderer (10)
[2015.03.05-12.12.19:358][ 13]LogModuleManager: Shutting down and abandoning module OpenGLDrv (9)
[2015.03.05-12.12.19:358][ 13]LogModuleManager: Shutting down and abandoning module D3D11RHI (8)
[2015.03.05-12.12.19:359][ 13]LogModuleManager: Shutting down and abandoning module Renderer (7)
[2015.03.05-12.12.19:359][ 13]LogModuleManager: Shutting down and abandoning module Engine (6)
[2015.03.05-12.12.19:359][ 13]LogModuleManager: Shutting down and abandoning module CoreUObject (5)
[2015.03.05-12.12.19:359][ 13]LogModuleManager: Shutting down and abandoning module NetworkFile (4)
[2015.03.05-12.12.19:359][ 13]LogModuleManager: Shutting down and abandoning module StreamingFile (3)
[2015.03.05-12.12.19:359][ 13]LogModuleManager: Shutting down and abandoning module SandboxFile (2)
[2015.03.05-12.12.19:359][ 13]LogModuleManager: Shutting down and abandoning module PakFile (1)
[2015.03.05-12.12.19:373][ 13]LogExit: Exiting.
[2015.03.05-12.12.19:409][ 13]Log file closed, 03/05/15 12:12:19
