Log file open, 03/03/15 15:14:24
LogInit:Display: Running engine for game: MyProject4
LogInit: Version: 4.6.1-2386410+++depot+UE4-Releases+4.6
LogInit: API Version: 2369412
LogInit: Compiled (64-bit): Dec 11 2014 21:31:39
LogInit: Compiled with Visual C++: 18.00.21005.01
LogInit: Build Configuration: Development
LogInit: Branch Name: ++depot+UE4-Releases+4.6
LogInit: Command line:  
LogInit: Base directory: C:/Program Files/Epic Games/4.6/Engine/Binaries/Win64/
LogInit: Rocket: 1
[2015.03.03-15.14.24:372][  0]LogTaskGraph: Started task graph with 3 named threads and 6 total threads.
[2015.03.03-15.14.24:437][  0]LogOnline:Warning: No default platform service specified for OnlineSubsystem
[2015.03.03-15.14.24:462][  0]LogInit: Presizing for 0 objects not considered by GC, pre-allocating 0 bytes.
[2015.03.03-15.14.24:472][  0]LogInit: Object subsystem initialized
[2015.03.03-15.14.24:473][  0]LogConsoleResponse:Warning: Skipping Unknown console variable: 'UIScaleCurve = (EditorCurveData=(Keys=((Time=480.000000,Value=0.444000),(Time=720.000000,Value=0.666000),(Time=1080.000000,Value=1.000000),(Time=8640.000000,Value=8.000000))),ExternalCurve=None)'
[2015.03.03-15.14.24:473][  0]LogConsoleResponse:Warning:   Found in ini file 'C:/Users/Fulltime/Documents/Level26/MyProject4/Saved/Config/Windows/Engine.ini', in section '[/Script/Engine.RendererSettings]'
[2015.03.03-15.14.24:473][  0]LogConsoleManager:Warning: Console variable 'r.MSAA.CompositingSampleCount' wasn't set (Priority ProjectSetting < Scalability)
[2015.03.03-15.14.24:474][  0]LogInit: Selected Device Profile: [Windows]
[2015.03.03-15.14.24:474][  0]LogInit: Applying CVar settings loaded from the selected device profile: [Windows]
[2015.03.03-15.14.24:477][  0]LogInit: Computer: RINGLETLTD18-PC
[2015.03.03-15.14.24:477][  0]LogInit: User: Fulltime
[2015.03.03-15.14.24:477][  0]LogInit: CPU Page size=4096, Cores=4
[2015.03.03-15.14.24:477][  0]LogInit: High frequency timer resolution =3.125029 MHz
[2015.03.03-15.14.24:477][  0]LogMemory: Memory total: Physical=7.9GB (8GB approx) Virtual=8192.0GB
[2015.03.03-15.14.24:477][  0]LogMemory: Platform Memory Stats for Windows
[2015.03.03-15.14.24:477][  0]LogMemory: Process Physical Memory: 50.45 MB used, 50.45 MB peak
[2015.03.03-15.14.24:477][  0]LogMemory: Process Virtual Memory: 26.23 MB used, 26.23 MB peak
[2015.03.03-15.14.24:477][  0]LogMemory: Physical Memory: 3876.82 MB used, 8127.42 MB total
[2015.03.03-15.14.24:477][  0]LogMemory: Virtual Memory: 262.35 MB used, 8388608.00 MB total
[2015.03.03-15.14.24:500][  0]LogD3D11RHI: Found D3D11 adapter 0: NVIDIA GeForce GTX 760 (Feature Level 11_0)
[2015.03.03-15.14.24:500][  0]LogD3D11RHI: Adapter has 1990MB of dedicated video memory, 0MB of dedicated system memory, and 2048MB of shared system memory, 2 output[s]
[2015.03.03-15.14.24:500][  0]LogD3D11RHI: Chosen D3D11 Adapter Id = 0
[2015.03.03-15.14.24:503][  0]LogRHI: Texture pool is 1361 MB (70% of 1945 MB)
[2015.03.03-15.14.24:510][  0]LogD3D11RHI: Async texture creation enabled
[2015.03.03-15.14.24:563][  0]LogTextLocalizationManager: The requested culture ('en_GB') has no localization data; parent culture's ('en') localization data will be used.
[2015.03.03-15.14.24:687][  0]LogContentStreaming: Texture pool size is 0.000000MB
[2015.03.03-15.14.29:715][  0]LogTargetPlatformManager:Display: Building Assets For Windows
[2015.03.03-15.14.30:061][  0]LogTargetPlatformManager:Display: Building Assets For Windows
[2015.03.03-15.14.30:102][  0]LogDerivedDataCache:Display: Max Cache Size: 512 MB
[2015.03.03-15.14.30:137][  0]LogDerivedDataCache: Loaded boot cache 0.03s 39MB C:/Users/Fulltime/AppData/Local/UnrealEngine/4.6/DerivedDataCache/Boot.ddc.
[2015.03.03-15.14.30:137][  0]LogDerivedDataCache:Display: Loaded Boot cache: C:/Users/Fulltime/AppData/Local/UnrealEngine/4.6/DerivedDataCache/Boot.ddc
[2015.03.03-15.14.30:137][  0]LogDerivedDataCache: FDerivedDataBackendGraph:  Pak pak cache file ../../../../../../Users/Fulltime/Documents/Level26/MyProject4/DerivedDataCache/DDC.ddp not found, will not use a pak cache.
[2015.03.03-15.14.30:137][  0]LogDerivedDataCache: Unable to find inner node Pak for hierarchical cache Hierarchy.
[2015.03.03-15.14.30:199][  0]LogDerivedDataCache:Display: Pak cache opened for reading ../../../Engine/DerivedDataCache/DDC.ddp.
[2015.03.03-15.14.30:210][  0]LogDerivedDataCache: Using Local data cache path C:/Users/Fulltime/AppData/Local/UnrealEngine/Common/DerivedDataCache: Writable
[2015.03.03-15.14.30:312][  0]LogCollisionProfile:Warning: Profile (UI) - Custom Channel Name = 'Weapon' hasn't been found
[2015.03.03-15.14.30:426][  0]LogMeshUtilities: No automatic mesh reduction module available
[2015.03.03-15.14.30:426][  0]LogMeshUtilities: No automatic mesh merging module available
[2015.03.03-15.14.30:735][  0]LogInit: WinSock: version 1.1 (2.2), MaxSocks=32767, MaxUdp=65467
[2015.03.03-15.14.30:775][  0]LogSlate:Warning: Failed to load font data from '../../../Engine/Content/Slate/Fonts/Roboto-Italic.ttf'
[2015.03.03-15.14.31:381][  0]UdpMessaging: Initializing bridge on interface 0.0.0.0:0 to multicast group 230.0.0.1:6666.
[2015.03.03-15.14.31:538][  0]LogDirectoryWatcher:Warning: Failed to begin reading directory changes for C:/Users/Fulltime/Documents/Level26/MyProject4/Binaries/Win64. Error: 0
[2015.03.03-15.14.31:644][  0]SourceControl: Info Source control is disabled
[2015.03.03-15.14.31:644][  0]SourceControl: Info Source control is disabled
[2015.03.03-15.14.31:649][  0]SourceControl: Info Source control is disabled
[2015.03.03-15.14.31:732][  0]LogObj: 23754 objects as part of root set at end of initial load.
[2015.03.03-15.14.31:732][  0]LogUObjectAllocator: 5168136 out of 0 bytes used by permanent object pool.
[2015.03.03-15.14.31:778][  0]LogEngine: Initializing Engine...
[2015.03.03-15.14.31:894][  0]LogInit: XAudio2 using 'Speakers (Realtek High Definition Audio)' : 2 channels at 48 kHz using 32 bits per sample (channel mask 0x3)
[2015.03.03-15.14.31:947][  0]LogInit: FAudioDevice initialized.
[2015.03.03-15.14.31:962][  0]LogAIModule: Creating AISystem for world NewWorld
[2015.03.03-15.14.31:982][  0]LogDerivedDataCache: Saved boot cache 0.02s 39MB C:/Users/Fulltime/AppData/Local/UnrealEngine/4.6/DerivedDataCache/Boot.ddc.
[2015.03.03-15.14.31:984][  0]LogInit: Texture streaming: Enabled
[2015.03.03-15.14.32:003][  0]LogAnalytics: Creating configured Analytics provider AnalyticsET
[2015.03.03-15.14.32:003][  0]LogAnalytics: ET APIKey = Rocket.Release. APIServer = http://et2.epicgames.com/ET2/. AppVersion = 4.6.1-2386410+++depot+UE4-Releases+4.6
[2015.03.03-15.14.32:004][  0]LogAnalytics: SetUserId 69f16f0a28d0cebab19564fc86df198d
[2015.03.03-15.14.32:004][  0]LogAnalytics: AnalyticsET::StartSession [Rocket.Release]
[2015.03.03-15.14.32:015][  0]LogInit: Transaction tracking system initialized
[2015.03.03-15.14.32:082][  0]BlueprintLog: New page: Editor Load
[2015.03.03-15.14.32:107][  0]LogAssetRegistry: FAssetRegistry took 0.0100 seconds to start up
[2015.03.03-15.14.32:107][  0]LogDirectoryWatcher:Warning: Failed to begin reading directory changes for ../../../Engine/Plugins/Experimental/CharacterAI/Content/. Error: 0
[2015.03.03-15.14.32:504][  0]LogTargetPlatformManager:Display: Building Assets For Windows
[2015.03.03-15.14.32:808][  0]LogTargetPlatformManager:Display: Building Assets For Windows
[2015.03.03-15.14.32:952][  0]LogConsoleResponse:Display: 
[2015.03.03-15.14.32:988][  0]LogLinker:Warning: Asset '../../../Engine/Content/Functions/Engine_MaterialFunctions03/Procedurals/ComputeFilterWidth.uasset' has been saved with empty engine version. The asset will be loaded but may be incompatible.
[2015.03.03-15.14.33:126][  0]SourceControl: Info Source control is disabled
[2015.03.03-15.14.33:126][  0]Cmd: MAP LOAD FILE="../../../../../../Users/Fulltime/Documents/Level26/MyProject4/Content/Maps/Example_Map.umap" TEMPLATE=0 SHOWPROGRESS=1
[2015.03.03-15.14.33:127][  0]LightingResults: New page: Lighting Build
[2015.03.03-15.14.33:133][  0]MapCheck: New page: Map Check
[2015.03.03-15.14.33:133][  0]LightingResults: New page: Lighting Build
[2015.03.03-15.14.33:140][  0]LogParticles: Destroying 0 GPU particle simulations for FXSystem 0x00000000133BF6A0
[2015.03.03-15.14.33:591][  0]LogBlueprint:Warning: [compiler] Warning The property is mark as BlueprintReadOnly or Private. It cannot be modifed in the blueprint.  Set RaiseMassToPower 
[2015.03.03-15.14.33:592][  0]LogBlueprint:Warning: [compiler] Warning The property is mark as BlueprintReadOnly or Private. It cannot be modifed in the blueprint.  Set Density 
[2015.03.03-15.14.33:592][  0]LogBlueprint:Error: [compiler] Error Cannot write to const  Raise Mass to Power 
[2015.03.03-15.14.33:593][  0]LogBlueprint:Error: [compiler] Error Cannot write to const  Density 
[2015.03.03-15.14.33:597][  0]LogBlueprint:Warning: [compiler] Warning [0011.01] Compile of BoxChair failed. 2 Fatal Issue(s) 2 Warning(s) [in 15 ms]
[2015.03.03-15.14.33:977][  0]LogEditorServer: Finished looking for orphan Actors (0.000 secs)
[2015.03.03-15.14.33:977][  0]LogAIModule: Creating AISystem for world Example_Map
[2015.03.03-15.14.33:978][  0]Cmd: MAP CHECKDEP
[2015.03.03-15.14.33:978][  0]MapCheck: New page: Example_Map - 3 Mar 2015 15:14:33
[2015.03.03-15.14.34:057][  0]MapCheck: Info Map check complete: 0 Error(s), 0 Warning(s), took 78.938ms to complete.
[2015.03.03-15.14.34:057][  0]LogFileHelpers: Loading map 'Example_Map' took 0.930
[2015.03.03-15.14.34:163][  0]LogCollectionManager: Loaded 0 collections in 0.000792 seconds
[2015.03.03-15.14.34:320][  0]LogCrashTracker: Crashtracker disabled due to settings.
[2015.03.03-15.14.34:324][  0]LogUObjectGlobals:Warning: Failed to find object 'Class None.'
[2015.03.03-15.14.34:347][  0]LogLoad: Full Startup: 11.76 seconds (BP compile: 0.17 seconds)
[2015.03.03-15.14.34:832][  0]LogRenderer:Warning: Reallocating scene render targets to support 1136x672.
[2015.03.03-15.14.35:019][  1]LogContentBrowser:Verbose: The content browser source was changed by the sources view to '/Game/Blueprints'
[2015.03.03-15.14.35:021][  1]LogContentBrowser:Verbose: The content browser source was changed by the sources view to '/Game/Maps'
[2015.03.03-15.14.36:357][  5]LogAssetRegistry: Asset discovery search completed in 4.2600 seconds
[2015.03.03-15.26.04:289][276]LogPlayLevel: PIE:  No blueprints needed recompiling
[2015.03.03-15.26.09:908][440]LogContentBrowser:Verbose: The content browser source was changed by the sources view to '/Game/Blueprints'
[2015.03.03-15.26.14:940][742]BlueprintLog: New page: Compile BoxChair
[2015.03.03-15.26.14:964][742]LogBlueprint:Warning: [compiler] Warning The property is mark as BlueprintReadOnly or Private. It cannot be modifed in the blueprint.  Set RaiseMassToPower 
[2015.03.03-15.26.14:964][742]LogBlueprint:Warning: [compiler] Warning The property is mark as BlueprintReadOnly or Private. It cannot be modifed in the blueprint.  Set Density 
[2015.03.03-15.26.14:965][742]LogBlueprint:Error: [compiler] Error Cannot write to const  Raise Mass to Power 
[2015.03.03-15.26.14:965][742]LogBlueprint:Error: [compiler] Error Cannot write to const  Density 
[2015.03.03-15.26.15:072][742]LogActorComponent: UnregisterComponent: (/Engine/Transient.CharacterMovementComponent_0) Not registered. Aborting.
[2015.03.03-15.26.15:119][742]LogBlueprint:Warning: [compiler] Warning [0712.53] Compile of BoxChair failed. 2 Fatal Issue(s) 2 Warning(s) [in 167 ms]
[2015.03.03-15.26.15:119][742]BlueprintEditorCompileResults:Warning: Warning The property is mark as BlueprintReadOnly or Private. It cannot be modifed in the blueprint.  Set RaiseMassToPower 
[2015.03.03-15.26.15:119][742]BlueprintEditorCompileResults:Warning: Warning The property is mark as BlueprintReadOnly or Private. It cannot be modifed in the blueprint.  Set Density 
[2015.03.03-15.26.15:120][742]BlueprintEditorCompileResults:Error: Error Cannot write to const  Raise Mass to Power 
[2015.03.03-15.26.15:120][742]BlueprintEditorCompileResults:Error: Error Cannot write to const  Density 
[2015.03.03-15.26.15:120][742]BlueprintEditorCompileResults:Warning: Warning [0712.53] Compile of BoxChair failed. 2 Fatal Issue(s) 2 Warning(s) [in 167 ms]
[2015.03.03-15.26.19:912][ 30]LogContentBrowser:Verbose: The content browser source was changed by the sources view to 'None'
[2015.03.03-15.26.19:913][ 30]LogContentBrowser:Verbose: The content browser source was changed by the sources view to '/Game/Blueprints'
[2015.03.03-15.26.24:987][333]LogSavePackage: Save=146.890793ms
[2015.03.03-15.26.24:987][333]LogSavePackage: Moving '../../../../../../Users/Fulltime/Documents/Level26/MyProject4/Saved/Example_Map_Auto1A9BA81744D6625A136CE0C9447F82EDB.tmp' to '../../../../../../Users/Fulltime/Documents/Level26/MyProject4/Saved/Autosaves/Game/Maps/Example_Map_Auto1.umap'
[2015.03.03-15.26.24:992][333]LogFileHelpers: Editor autosave (incl. sublevels) for '/Game/Maps/Example_Map' took 0.336
[2015.03.03-15.26.24:992][333]LogFileHelpers: Editor autosave (incl. sublevels) for all levels took 0.336
[2015.03.03-15.26.34:405][ 25]BlueprintLog: New page: Compile BoxChair
[2015.03.03-15.26.34:429][ 25]LogBlueprint:Warning: [compiler] Warning The property is mark as BlueprintReadOnly or Private. It cannot be modifed in the blueprint.  Set Density 
[2015.03.03-15.26.34:430][ 25]LogBlueprint:Error: [compiler] Error Cannot write to const  Density 
[2015.03.03-15.26.34:533][ 25]LogBlueprint:Warning: [compiler] Warning [0731.94] Compile of BoxChair failed. 1 Fatal Issue(s) 1 Warning(s) [in 114 ms]
[2015.03.03-15.26.34:533][ 25]BlueprintEditorCompileResults:Warning: Warning The property is mark as BlueprintReadOnly or Private. It cannot be modifed in the blueprint.  Set Density 
[2015.03.03-15.26.34:534][ 25]BlueprintEditorCompileResults:Error: Error Cannot write to const  Density 
[2015.03.03-15.26.34:534][ 25]BlueprintEditorCompileResults:Warning: Warning [0731.94] Compile of BoxChair failed. 1 Fatal Issue(s) 1 Warning(s) [in 114 ms]
[2015.03.03-15.26.36:498][163]LogContentBrowser:Verbose: The content browser source was changed by the sources view to 'None'
[2015.03.03-15.26.36:498][163]LogContentBrowser:Verbose: The content browser source was changed by the sources view to '/Game/Blueprints'
[2015.03.03-15.28.32:770][825]BlueprintLog: New page: Compile BoxChair
[2015.03.03-15.28.32:794][825]LogBlueprintUserMessages: 1094.584473
[2015.03.03-15.28.32:794][825]LogBlueprintUserMessages: 2900.070313
[2015.03.03-15.28.32:795][825]LogBlueprintUserMessages: 2900.070313
[2015.03.03-15.28.32:795][825]LogBlueprintUserMessages: 7051.640625
[2015.03.03-15.28.32:795][825]LogBlueprintUserMessages: 7051.640625
[2015.03.03-15.28.32:853][825]LogBlueprintUserMessages: 1094.584473
[2015.03.03-15.28.32:854][825]LogBlueprintUserMessages: 2900.070313
[2015.03.03-15.28.32:854][825]LogBlueprintUserMessages: 2900.070313
[2015.03.03-15.28.32:855][825]LogBlueprintUserMessages: 7051.640625
[2015.03.03-15.28.32:855][825]LogBlueprintUserMessages: 7051.640625
[2015.03.03-15.28.32:861][825]BlueprintEditorCompileResults: Info [0850.27] Compile of BoxChair successful! [in 79 ms]
[2015.03.03-15.28.35:261][997]BlueprintLog: New page: Pre-PIE auto-recompile
[2015.03.03-15.28.35:267][997]LogPlayLevel: [PIE] Compiling MyCharacter before PIE...
[2015.03.03-15.28.35:377][997]LogPlayLevel: [PIE] Compiling Tutorial_BP_MacroLib before PIE...
[2015.03.03-15.28.35:414][997]LogPlayLevel: [PIE] Compiling Crystal before PIE...
[2015.03.03-15.28.35:498][997]LogPlayLevel: [PIE] Compiling JumpingBox before PIE...
[2015.03.03-15.28.35:562][997]LogPlayLevel: PIE:  Blueprint regeneration took 301 ms (4 blueprints)
[2015.03.03-15.28.35:563][997]PIE: New page: PIE session: Example_Map (3 Mar 2015 15:28:35)
[2015.03.03-15.28.35:656][997]LogPlayLevel: PIE: StaticDuplicateObject took: (0.092835s)
[2015.03.03-15.28.35:657][997]LogPlayLevel: PIE: World Init took: (0.001469s)
[2015.03.03-15.28.35:657][997]LogPlayLevel: PIE: Created PIE world by copying editor world from /Game/Maps/Example_Map.Example_Map to /Game/Maps/UEDPIE_0_Example_Map.Example_Map (0.094626s)
[2015.03.03-15.28.35:739][997]LogWorld: Game class is 'MyGame_C'
[2015.03.03-15.28.35:741][997]LogAIModule: Creating AISystem for world Example_Map
[2015.03.03-15.28.35:743][997]LogWorld: Bringing World /Game/Maps/UEDPIE_0_Example_Map.Example_Map up for play (max tick rate 0) at 2015.03.03-15.28.35
[2015.03.03-15.28.35:765][997]LogWorld: Bringing up level for play took: 0.023724
[2015.03.03-15.28.35:766][997]LogBlueprintUserMessages: 0
[2015.03.03-15.28.35:766][997]PIE: Info Play in editor start time for /Game/Maps/UEDPIE_0_Example_Map 0.861
[2015.03.03-15.28.37:516][110]LogBlueprintUserMessages: 2
[2015.03.03-15.28.37:722][124]LogBlueprintUserMessages: 3
[2015.03.03-15.28.37:794][129]LogBlueprintUserMessages: 4
[2015.03.03-15.28.37:853][133]LogBlueprintUserMessages: 5
[2015.03.03-15.28.38:030][145]LogBlueprintUserMessages: 6
[2015.03.03-15.28.38:045][146]LogBlueprintUserMessages: 7
[2015.03.03-15.28.38:090][149]LogBlueprintUserMessages: 8
[2015.03.03-15.28.38:208][157]LogBlueprintUserMessages: 9
[2015.03.03-15.28.38:223][158]LogBlueprintUserMessages: 10
[2015.03.03-15.28.38:312][164]LogBlueprintUserMessages: 11
[2015.03.03-15.28.38:327][165]LogBlueprintUserMessages: 12
[2015.03.03-15.28.38:428][172]LogBlueprintUserMessages: 13
[2015.03.03-15.28.38:530][179]LogBlueprintUserMessages: 14
[2015.03.03-15.28.38:545][180]LogBlueprintUserMessages: 15
[2015.03.03-15.28.38:707][191]LogBlueprintUserMessages: 16
[2015.03.03-15.28.38:760][194]LogBlueprintUserMessages: 17
[2015.03.03-15.28.38:959][206]LogBlueprintUserMessages: 18
[2015.03.03-15.28.39:191][220]LogBlueprintUserMessages: 19
[2015.03.03-15.28.39:291][226]LogBlueprintUserMessages: 20
[2015.03.03-15.28.39:382][232]LogBlueprintUserMessages: 21
[2015.03.03-15.28.39:899][268]LogBlueprintUserMessages: 22
[2015.03.03-15.28.39:929][270]LogBlueprintUserMessages: 23
[2015.03.03-15.28.41:580][386]LogBlueprintUserMessages: 24
[2015.03.03-15.28.43:532][519]LogBlueprintUserMessages: 25
[2015.03.03-15.28.43:934][547]LogBlueprintUserMessages: 26
[2015.03.03-15.28.45:518][659]LogBlueprintUserMessages: 27
[2015.03.03-15.28.45:617][666]LogBlueprintUserMessages: 28
[2015.03.03-15.28.47:136][765]LogActorComponent: UnregisterComponent: (/Engine/Transient.CharacterMovementComponent_1) Not registered. Aborting.
[2015.03.03-15.28.47:171][765]LogParticles: Destroying 0 GPU particle simulations for FXSystem 0x0000000011C21620
[2015.03.03-15.28.53:997][857]LogPlayLevel: PIE:  No blueprints needed recompiling
[2015.03.03-15.28.53:997][857]PIE: New page: PIE session: Example_Map (3 Mar 2015 15:28:53)
[2015.03.03-15.28.54:075][857]LogPlayLevel: PIE: StaticDuplicateObject took: (0.077849s)
[2015.03.03-15.28.54:076][857]LogPlayLevel: PIE: World Init took: (0.001011s)
[2015.03.03-15.28.54:077][857]LogPlayLevel: PIE: Created PIE world by copying editor world from /Game/Maps/Example_Map.Example_Map to /Game/Maps/UEDPIE_0_Example_Map.Example_Map (0.079152s)
[2015.03.03-15.28.54:106][857]LogWorld: Game class is 'MyGame_C'
[2015.03.03-15.28.54:109][857]LogAIModule: Creating AISystem for world Example_Map
[2015.03.03-15.28.54:113][857]LogWorld: Bringing World /Game/Maps/UEDPIE_0_Example_Map.Example_Map up for play (max tick rate 0) at 2015.03.03-15.28.54
[2015.03.03-15.28.54:115][857]LogWorld: Bringing up level for play took: 0.005578
[2015.03.03-15.28.54:117][857]LogBlueprintUserMessages: 0
[2015.03.03-15.28.54:117][857]PIE: Info Play in editor start time for /Game/Maps/UEDPIE_0_Example_Map -0.789
[2015.03.03-15.28.56:009][984]LogBlueprintUserMessages: 2
[2015.03.03-15.28.56:052][987]LogBlueprintUserMessages: 3
[2015.03.03-15.28.56:166][995]LogBlueprintUserMessages: 4
[2015.03.03-15.28.56:309][  5]LogBlueprintUserMessages: 5
[2015.03.03-15.28.56:324][  6]LogBlueprintUserMessages: 6
[2015.03.03-15.28.56:450][ 15]LogBlueprintUserMessages: 7
[2015.03.03-15.28.56:553][ 22]LogBlueprintUserMessages: 8
[2015.03.03-15.28.56:582][ 24]LogBlueprintUserMessages: 9
[2015.03.03-15.28.56:625][ 27]LogBlueprintUserMessages: 10
[2015.03.03-15.28.56:625][ 27]LogBlueprintUserMessages: 11
[2015.03.03-15.28.56:753][ 36]LogBlueprintUserMessages: 12
[2015.03.03-15.28.56:977][ 50]LogBlueprintUserMessages: 13
[2015.03.03-15.28.57:194][ 64]LogBlueprintUserMessages: 14
[2015.03.03-15.28.57:288][ 70]LogBlueprintUserMessages: 15
[2015.03.03-15.28.57:456][ 81]LogBlueprintUserMessages: 16
[2015.03.03-15.28.57:484][ 83]LogBlueprintUserMessages: 17
[2015.03.03-15.28.57:652][ 95]LogBlueprintUserMessages: 18
[2015.03.03-15.28.57:803][ 99]LogParticles: Destroying 0 GPU particle simulations for FXSystem 0x00000000136FD9E0
[2015.03.03-15.29.01:312][342]LogEditorViewport: Clicking on Actor (LMB): StaticMeshActor (Scale_Character_test)
[2015.03.03-15.29.01:320][342]LogPropertyNode:Warning: UI Min (0.001) >= UI Max () for Ranged Numeric
[2015.03.03-15.29.06:043][631]Cmd: DELETE
[2015.03.03-15.29.06:043][631]Cmd: ACTOR DELETE
[2015.03.03-15.29.06:080][631]LogEditorActor: Deleted Actor: StaticMeshActor
[2015.03.03-15.29.06:097][631]LogEditorActor: Deleted 1 Actors (0.041 secs)
[2015.03.03-15.30.22:710][285]LogContentBrowser:Verbose: The content browser source was changed by the sources view to '/Game/Maps'
[2015.03.03-15.30.24:470][386]LogActorComponent: UnregisterComponent: (/Engine/Transient.CharacterMovementComponent_2) Not registered. Aborting.
[2015.03.03-15.30.26:944][386]Cmd: OBJ SAVEPACKAGE PACKAGE="/Game/Blueprints/BoxChair" FILE="../../../../../../Users/Fulltime/Documents/Level26/MyProject4/Content/Blueprints/BoxChair.uasset" SILENT=true
[2015.03.03-15.30.27:348][386]LogSavePackage: Save=397.035675ms
[2015.03.03-15.30.27:348][386]LogSavePackage: Moving '../../../../../../Users/Fulltime/Documents/Level26/MyProject4/Saved/BoxChairA858800F4BE52D2AC78B41AF45B5CDE8.tmp' to '../../../../../../Users/Fulltime/Documents/Level26/MyProject4/Content/Blueprints/BoxChair.uasset'
[2015.03.03-15.30.27:453][386]Cmd: OBJ SAVEPACKAGE PACKAGE="/Game/Maps/Example_Map" FILE="../../../../../../Users/Fulltime/Documents/Level26/MyProject4/Content/Maps/Example_Map.umap" SILENT=true AUTOSAVING=false KEEPDIRTY=false
[2015.03.03-15.30.27:605][386]LogSavePackage: Save=128.748245ms
[2015.03.03-15.30.27:605][386]LogSavePackage: Moving '../../../../../../Users/Fulltime/Documents/Level26/MyProject4/Saved/Example_Map084595F54694E44C636DDFB4AC250D28.tmp' to '../../../../../../Users/Fulltime/Documents/Level26/MyProject4/Content/Maps/Example_Map.umap'
[2015.03.03-15.30.27:677][386]LogFileHelpers: Saving map 'Example_Map' took 0.327
[2015.03.03-15.30.27:680][386]Cmd: MAP LOAD FILE="../../../../../../Users/Fulltime/Documents/Level26/MyProject4/Content/Maps/Project_Scale_House-Lab_1.umap" TEMPLATE=0 SHOWPROGRESS=1
[2015.03.03-15.30.27:680][386]LightingResults: New page: Lighting Build
[2015.03.03-15.30.27:703][386]LoadErrors: New page: Loading map: Project_Scale_House-Lab_1.umap
[2015.03.03-15.30.27:704][386]MapCheck: New page: Map Check
[2015.03.03-15.30.27:704][386]LightingResults: New page: Lighting Build
[2015.03.03-15.30.27:720][386]LogParticles: Destroying 0 GPU particle simulations for FXSystem 0x00000000187609A0
[2015.03.03-15.30.27:784][386]LogEditorServer: Finished looking for orphan Actors (0.000 secs)
[2015.03.03-15.30.27:785][386]LogAIModule: Creating AISystem for world Project_Scale_House-Lab_1
[2015.03.03-15.30.27:851][386]Cmd: MAP CHECKDEP
[2015.03.03-15.30.27:851][386]MapCheck: New page: Project_Scale_House-Lab_1 - 3 Mar 2015 15:30:27
[2015.03.03-15.30.27:941][386]MapCheck: Info Map check complete: 0 Error(s), 0 Warning(s), took 89.672ms to complete.
[2015.03.03-15.30.27:942][386]LogFileHelpers: Loading map 'Project_Scale_House-Lab_1' took 0.264
[2015.03.03-15.30.38:502][ 89]LogEditorViewport: Clicking on Actor (LMB): StaticMeshActor (Glass)
[2015.03.03-15.30.38:510][ 89]LogPropertyNode:Warning: UI Min (0.001) >= UI Max () for Ranged Numeric
[2015.03.03-15.30.44:006][440]Cmd: TRANSACTION UNDO
[2015.03.03-15.30.44:006][440]LogEditorTransaction: Undo Move Actors
[2015.03.03-15.30.44:014][440]LogPropertyNode:Warning: UI Min (0.001) >= UI Max () for Ranged Numeric
[2015.03.03-15.30.44:037][440]LogActorComponent: UnregisterComponent: (/Engine/Transient.CharacterMovementComponent_3) Not registered. Aborting.
[2015.03.03-15.30.46:633][578]LogPropertyNode:Warning: UI Min (0.001) >= UI Max () for Ranged Numeric
[2015.03.03-15.30.51:250][873]LogPropertyNode:Warning: UI Min (0.001) >= UI Max () for Ranged Numeric
[2015.03.03-15.31.03:689][695]LogPropertyNode:Warning: UI Min (0.001) >= UI Max () for Ranged Numeric
[2015.03.03-15.31.10:062][111]LogPropertyNode:Warning: UI Min (0.001) >= UI Max () for Ranged Numeric
[2015.03.03-15.31.13:948][353]Cmd: TRANSACTION UNDO
[2015.03.03-15.31.13:948][353]LogEditorTransaction: Undo Move Actors
[2015.03.03-15.31.13:957][353]LogPropertyNode:Warning: UI Min (0.001) >= UI Max () for Ranged Numeric
[2015.03.03-15.31.32:673][556]LogPropertyNode:Warning: UI Min (0.001) >= UI Max () for Ranged Numeric
[2015.03.03-15.31.33:251][589]LogPropertyNode:Warning: UI Min (0.001) >= UI Max () for Ranged Numeric
[2015.03.03-15.31.33:620][611]LogPropertyNode:Warning: UI Min (0.001) >= UI Max () for Ranged Numeric
[2015.03.03-15.31.35:134][711]LogPropertyNode:Warning: UI Min (0.001) >= UI Max () for Ranged Numeric
[2015.03.03-15.31.42:829][178]Cmd: TRANSACTION UNDO
[2015.03.03-15.31.42:829][178]LogEditorTransaction: Undo Move Actors
[2015.03.03-15.31.42:836][178]LogPropertyNode:Warning: UI Min (0.001) >= UI Max () for Ranged Numeric
[2015.03.03-15.32.08:091][732]LogEditorViewport: Clicking on Actor (LMB): StaticMeshActor (Glass)
[2015.03.03-15.32.08:098][732]LogPropertyNode:Warning: UI Min (0.001) >= UI Max () for Ranged Numeric
[2015.03.03-15.32.11:587][953]LogEditorViewport: Clicking on Actor (LMB): BP_Sky_Sphere_C (BP_Sky_Shere)
[2015.03.03-15.32.13:846][ 93]Cmd: TRANSACTION UNDO
[2015.03.03-15.32.13:846][ 93]LogEditorTransaction: Undo Move Actors
[2015.03.03-15.32.13:846][ 93]LogActorComponent: RegisterComponentWithWorld: (/Game/Maps/Project_Scale_House-Lab_1.Project_Scale_House-Lab_1:PersistentLevel.BP_Sky_Shere_74.TRASH_SceneComponent_6) Trying to register component with IsPendingKill() == true. Aborting.
[2015.03.03-15.32.14:013][ 98]Cmd: TRANSACTION UNDO
[2015.03.03-15.32.14:013][ 98]LogEditorTransaction: Undo Clicking on Actors
[2015.03.03-15.32.14:020][ 98]LogPropertyNode:Warning: UI Min (0.001) >= UI Max () for Ranged Numeric
[2015.03.03-15.32.14:614][120]Cmd: TRANSACTION UNDO
[2015.03.03-15.32.14:614][120]LogEditorTransaction: Undo Move Actors
[2015.03.03-15.32.14:622][120]LogPropertyNode:Warning: UI Min (0.001) >= UI Max () for Ranged Numeric
[2015.03.03-15.32.25:961][880]LogEditorViewport: Clicking on Actor (LMB): StaticMeshActor (Glass)
[2015.03.03-15.32.25:969][880]LogPropertyNode:Warning: UI Min (0.001) >= UI Max () for Ranged Numeric
[2015.03.03-15.33.00:042][ 94]LogEditorViewport: Clicking on Actor (LMB): StaticMeshActor (Glass)
[2015.03.03-15.33.00:050][ 94]LogPropertyNode:Warning: UI Min (0.001) >= UI Max () for Ranged Numeric
[2015.03.03-15.33.02:857][266]Cmd: TRANSACTION UNDO
[2015.03.03-15.33.02:857][266]LogEditorTransaction: Undo Clicking on Actors
[2015.03.03-15.33.36:163][391]LogInstancedFoliage: Map Rebuilt - Update all BSP painted foliage!
[2015.03.03-15.33.37:519][484]Cmd: TRANSACTION UNDO
[2015.03.03-15.33.37:519][484]LogEditorTransaction: Undo Move Actors
[2015.03.03-15.33.45:490][484]LogInstancedFoliage: Map Rebuilt - Update all BSP painted foliage!
[2015.03.03-15.33.50:942][822]BlueprintLog: New page: Compile BoxChair
[2015.03.03-15.33.58:858][822]BlueprintEditorCompileResults: Info [1176.26] Compile of BoxChair successful! [in 7,904 ms]
[2015.03.03-15.34.00:103][904]LogEditorViewport: Clicking Background
[2015.03.03-15.34.06:503][294]LogInstancedFoliage: Map Rebuilt - Update all BSP painted foliage!
[2015.03.03-15.34.09:246][467]LogInstancedFoliage: Map Rebuilt - Update all BSP painted foliage!
[2015.03.03-15.34.13:278][716]LogEditorViewport: Clicking Background
[2015.03.03-15.34.20:768][191]LogInstancedFoliage: Map Rebuilt - Update all BSP painted foliage!
[2015.03.03-15.34.22:363][291]LogInstancedFoliage: Map Rebuilt - Update all BSP painted foliage!
[2015.03.03-15.34.25:460][468]LogInstancedFoliage: Map Rebuilt - Update all BSP painted foliage!
[2015.03.03-15.34.30:546][782]LogInstancedFoliage: Map Rebuilt - Update all BSP painted foliage!
[2015.03.03-15.34.31:820][855]LogInstancedFoliage: Map Rebuilt - Update all BSP painted foliage!
[2015.03.03-15.34.34:943][ 57]LogInstancedFoliage: Map Rebuilt - Update all BSP painted foliage!
[2015.03.03-15.34.35:946][117]LogInstancedFoliage: Map Rebuilt - Update all BSP painted foliage!
[2015.03.03-15.34.36:970][179]LogInstancedFoliage: Map Rebuilt - Update all BSP painted foliage!
[2015.03.03-15.34.37:950][241]LogEditorViewport: Clicking Background
[2015.03.03-15.34.46:288][798]LogEditorViewport: Clicking Background
[2015.03.03-15.35.20:167][207]LogEditorViewport: Clicking on Actor (LMB): StaticMeshActor (Glass)
[2015.03.03-15.35.20:175][207]LogPropertyNode:Warning: UI Min (0.001) >= UI Max () for Ranged Numeric
[2015.03.03-15.35.21:072][257]Cmd: DELETE
[2015.03.03-15.35.21:072][257]Cmd: ACTOR DELETE
[2015.03.03-15.35.21:074][257]LogEditorActor: Deleted Actor: StaticMeshActor
[2015.03.03-15.35.21:099][257]LogEditorActor: Deleted 1 Actors (0.025 secs)
[2015.03.03-15.35.21:830][308]LogEditorViewport: Clicking on Actor (LMB): StaticMeshActor (Central Frame)
[2015.03.03-15.35.21:838][308]LogPropertyNode:Warning: UI Min (0.001) >= UI Max () for Ranged Numeric
[2015.03.03-15.35.22:017][317]Cmd: DELETE
[2015.03.03-15.35.22:017][317]Cmd: ACTOR DELETE
[2015.03.03-15.35.22:020][317]LogEditorActor: Deleted Actor: StaticMeshActor
[2015.03.03-15.35.22:041][317]LogEditorActor: Deleted 1 Actors (0.022 secs)
[2015.03.03-15.35.22:631][360]LogEditorViewport: Clicking on Actor (LMB): BP_Sky_Sphere_C (BP_Sky_Shere)
[2015.03.03-15.35.23:140][390]LogEditorViewport: Clicking on Actor (LMB): BP_Sky_Sphere_C (BP_Sky_Shere)
[2015.03.03-15.35.23:601][417]LogEditorViewport: Clicking on Actor (LMB): StaticMeshActor (Upper Frame)
[2015.03.03-15.35.23:609][417]LogPropertyNode:Warning: UI Min (0.001) >= UI Max () for Ranged Numeric
[2015.03.03-15.35.23:910][432]Cmd: DELETE
[2015.03.03-15.35.23:910][432]Cmd: ACTOR DELETE
[2015.03.03-15.35.23:913][432]LogEditorActor: Deleted Actor: StaticMeshActor
[2015.03.03-15.35.23:935][432]LogEditorActor: Deleted 1 Actors (0.023 secs)
[2015.03.03-15.35.24:427][463]LogEditorViewport: Clicking on Actor (LMB): StaticMeshActor (Upper Frame)
[2015.03.03-15.35.24:436][463]LogPropertyNode:Warning: UI Min (0.001) >= UI Max () for Ranged Numeric
[2015.03.03-15.35.24:528][467]Cmd: DELETE
[2015.03.03-15.35.24:528][467]Cmd: ACTOR DELETE
[2015.03.03-15.35.24:531][467]LogEditorActor: Deleted Actor: StaticMeshActor
[2015.03.03-15.35.24:551][467]LogEditorActor: Deleted 1 Actors (0.022 secs)
[2015.03.03-15.35.25:642][543]LogEditorViewport: Clicking on Actor (LMB): StaticMeshActor (Vertical Frame)
[2015.03.03-15.35.25:650][543]LogPropertyNode:Warning: UI Min (0.001) >= UI Max () for Ranged Numeric
[2015.03.03-15.35.25:810][551]Cmd: DELETE
[2015.03.03-15.35.25:810][551]Cmd: ACTOR DELETE
[2015.03.03-15.35.25:813][551]LogEditorActor: Deleted Actor: StaticMeshActor
[2015.03.03-15.35.25:832][551]LogEditorActor: Deleted 1 Actors (0.021 secs)
[2015.03.03-15.35.27:549][669]Cmd: DELETE
[2015.03.03-15.35.27:549][669]Cmd: ACTOR DELETE
[2015.03.03-15.35.27:553][669]LogEditorActor: Deleted Actor: Brush
[2015.03.03-15.35.27:671][669]LogInstancedFoliage: Map Rebuilt - Update all BSP painted foliage!
[2015.03.03-15.35.27:671][669]LogEditorActor: Deleted 1 Actors (0.120 secs)
[2015.03.03-15.35.27:747][669]LogInstancedFoliage: Map Rebuilt - Update all BSP painted foliage!
[2015.03.03-15.35.28:872][744]Cmd: TRANSACTION UNDO
[2015.03.03-15.35.28:872][744]LogEditorTransaction: Undo Delete Actors
[2015.03.03-15.35.36:202][744]LogInstancedFoliage: Map Rebuilt - Update all BSP painted foliage!
[2015.03.03-15.35.38:741][901]LogEditorViewport: Clicking on Actor (LMB): Brush (Wall)
[2015.03.03-15.35.40:201][993]LogEditorViewport: Clicking on Actor (LMB): StaticMeshActor (Lower Frame)
[2015.03.03-15.35.40:209][993]LogPropertyNode:Warning: UI Min (0.001) >= UI Max () for Ranged Numeric
[2015.03.03-15.35.41:300][ 61]Cmd: DELETE
[2015.03.03-15.35.41:300][ 61]Cmd: ACTOR DELETE
[2015.03.03-15.35.41:303][ 61]LogEditorActor: Deleted Actor: StaticMeshActor
[2015.03.03-15.35.41:325][ 61]LogEditorActor: Deleted 1 Actors (0.024 secs)
[2015.03.03-15.35.42:412][137]LogEditorViewport: Clicking on Actor (LMB): StaticMeshActor (Lower Frame)
[2015.03.03-15.35.42:420][137]LogPropertyNode:Warning: UI Min (0.001) >= UI Max () for Ranged Numeric
[2015.03.03-15.35.42:858][163]Cmd: DELETE
[2015.03.03-15.35.42:858][163]Cmd: ACTOR DELETE
[2015.03.03-15.35.42:861][163]LogEditorActor: Deleted Actor: StaticMeshActor
[2015.03.03-15.35.42:880][163]LogEditorActor: Deleted 1 Actors (0.021 secs)
[2015.03.03-15.35.44:329][271]LogEditorViewport: Clicking on Actor (LMB): StaticMeshActor (Glass)
[2015.03.03-15.35.44:337][271]LogPropertyNode:Warning: UI Min (0.001) >= UI Max () for Ranged Numeric
[2015.03.03-15.35.45:038][313]LogEditorViewport: Clicking on Actor (LMB): StaticMeshActor (Vertical Frame)
[2015.03.03-15.35.45:045][313]LogPropertyNode:Warning: UI Min (0.001) >= UI Max () for Ranged Numeric
[2015.03.03-15.35.45:843][359]Cmd: DELETE
[2015.03.03-15.35.45:843][359]Cmd: ACTOR DELETE
[2015.03.03-15.35.45:846][359]LogEditorActor: Deleted Actor: StaticMeshActor
[2015.03.03-15.35.45:868][359]LogEditorActor: Deleted 1 Actors (0.023 secs)
[2015.03.03-15.36.26:061][876]LogInstancedFoliage: Map Rebuilt - Update all BSP painted foliage!
[2015.03.03-15.36.26:768][923]Cmd: TRANSACTION UNDO
[2015.03.03-15.36.26:768][923]LogEditorTransaction: Undo Move Actors
[2015.03.03-15.36.36:332][923]LogInstancedFoliage: Map Rebuilt - Update all BSP painted foliage!
[2015.03.03-15.37.47:909][825]LogInstancedFoliage: Map Rebuilt - Update all BSP painted foliage!
[2015.03.03-15.37.57:258][341]Cmd: BRUSH ADD SELECTNEWBRUSH
[2015.03.03-15.38.02:517][341]LogInstancedFoliage: Map Rebuilt - Update all BSP painted foliage!
[2015.03.03-15.39.22:433][  0]Cmd: DELETE
[2015.03.03-15.39.22:433][  0]Cmd: ACTOR DELETE
[2015.03.03-15.39.22:436][  0]LogEditorActor: Deleted Actor: Brush
[2015.03.03-15.39.22:558][  0]LogInstancedFoliage: Map Rebuilt - Update all BSP painted foliage!
[2015.03.03-15.39.22:558][  0]LogEditorActor: Deleted 1 Actors (0.123 secs)
[2015.03.03-15.39.22:640][  0]LogInstancedFoliage: Map Rebuilt - Update all BSP painted foliage!
[2015.03.03-15.39.23:289][ 39]Cmd: DELETE
[2015.03.03-15.39.23:289][ 39]Cmd: ACTOR DELETE
[2015.03.03-15.39.23:292][ 39]LogEditorActor: Deleted Actor: Brush
[2015.03.03-15.39.23:407][ 39]LogInstancedFoliage: Map Rebuilt - Update all BSP painted foliage!
[2015.03.03-15.39.23:407][ 39]LogEditorActor: Deleted 1 Actors (0.117 secs)
[2015.03.03-15.39.23:487][ 39]LogInstancedFoliage: Map Rebuilt - Update all BSP painted foliage!
[2015.03.03-15.39.23:967][ 72]LogEditorViewport: Clicking on Actor (LMB): StaticMeshActor (Floor4)
[2015.03.03-15.39.23:975][ 72]LogPropertyNode:Warning: UI Min (0.001) >= UI Max () for Ranged Numeric
[2015.03.03-15.39.24:094][ 78]Cmd: DELETE
[2015.03.03-15.39.24:094][ 78]Cmd: ACTOR DELETE
[2015.03.03-15.39.24:097][ 78]LogEditorActor: Deleted Actor: StaticMeshActor
[2015.03.03-15.39.24:120][ 78]LogEditorActor: Deleted 1 Actors (0.024 secs)
[2015.03.03-15.39.24:810][130]LogEditorViewport: Clicking on Actor (LMB): StaticMeshActor (Floor3)
[2015.03.03-15.39.24:817][130]LogPropertyNode:Warning: UI Min (0.001) >= UI Max () for Ranged Numeric
[2015.03.03-15.39.24:873][132]Cmd: DELETE
[2015.03.03-15.39.24:873][132]Cmd: ACTOR DELETE
[2015.03.03-15.39.24:876][132]LogEditorActor: Deleted Actor: StaticMeshActor
[2015.03.03-15.39.24:898][132]LogEditorActor: Deleted 1 Actors (0.023 secs)
[2015.03.03-15.39.25:735][192]Cmd: DELETE
[2015.03.03-15.39.25:735][192]Cmd: ACTOR DELETE
[2015.03.03-15.39.25:738][192]LogEditorActor: Deleted Actor: Brush
[2015.03.03-15.39.25:849][192]LogInstancedFoliage: Map Rebuilt - Update all BSP painted foliage!
[2015.03.03-15.39.25:849][192]LogEditorActor: Deleted 1 Actors (0.112 secs)
[2015.03.03-15.39.25:926][1