Log file open, 05/06/15 12:51:00
LogInit:Display: Running engine for game: MyProject4
LogInit: Version: 4.6.1-2386410+++depot+UE4-Releases+4.6
LogInit: API Version: 2369412
LogInit: Compiled (64-bit): Dec 11 2014 21:31:39
LogInit: Compiled with Visual C++: 18.00.21005.01
LogInit: Build Configuration: Development
LogInit: Branch Name: ++depot+UE4-Releases+4.6
LogInit: Command line:  
LogInit: Base directory: C:/Program Files/Epic Games/4.6/Engine/Binaries/Win64/
LogInit: Rocket: 1
[2015.05.06-11.51.00:057][  0]LogTaskGraph: Started task graph with 3 named threads and 6 total threads.
[2015.05.06-11.51.00:123][  0]LogOnline:Warning: No default platform service specified for OnlineSubsystem
[2015.05.06-11.51.00:141][  0]LogInit: Presizing for 0 objects not considered by GC, pre-allocating 0 bytes.
[2015.05.06-11.51.00:150][  0]LogInit: Object subsystem initialized
[2015.05.06-11.51.00:152][  0]LogConsoleResponse:Warning: Skipping Unknown console variable: 'UIScaleCurve = (EditorCurveData=(Keys=((Time=480.000000,Value=0.444000),(Time=720.000000,Value=0.666000),(Time=1080.000000,Value=1.000000),(Time=8640.000000,Value=8.000000))),ExternalCurve=None)'
[2015.05.06-11.51.00:152][  0]LogConsoleResponse:Warning:   Found in ini file 'C:/Users/Fulltime/Documents/Level26 - Copy/MyProject4/Saved/Config/Windows/Engine.ini', in section '[/Script/Engine.RendererSettings]'
[2015.05.06-11.51.00:152][  0]LogConsoleManager:Warning: Console variable 'r.MSAA.CompositingSampleCount' wasn't set (Priority ProjectSetting < Scalability)
[2015.05.06-11.51.00:152][  0]LogInit: Selected Device Profile: [Windows]
[2015.05.06-11.51.00:152][  0]LogInit: Applying CVar settings loaded from the selected device profile: [Windows]
[2015.05.06-11.51.00:201][  0]LogInit: Computer: RINGLETLTD18-PC
[2015.05.06-11.51.00:201][  0]LogInit: User: Fulltime
[2015.05.06-11.51.00:201][  0]LogInit: CPU Page size=4096, Cores=4
[2015.05.06-11.51.00:201][  0]LogInit: High frequency timer resolution =3.125029 MHz
[2015.05.06-11.51.00:201][  0]LogMemory: Memory total: Physical=7.9GB (8GB approx) Virtual=8192.0GB
[2015.05.06-11.51.00:202][  0]LogMemory: Platform Memory Stats for Windows
[2015.05.06-11.51.00:202][  0]LogMemory: Process Physical Memory: 50.50 MB used, 50.50 MB peak
[2015.05.06-11.51.00:202][  0]LogMemory: Process Virtual Memory: 26.17 MB used, 26.71 MB peak
[2015.05.06-11.51.00:202][  0]LogMemory: Physical Memory: 2428.09 MB used, 8127.42 MB total
[2015.05.06-11.51.00:202][  0]LogMemory: Virtual Memory: 265.16 MB used, 8388608.00 MB total
[2015.05.06-11.51.00:466][  0]LogD3D11RHI: Found D3D11 adapter 0: NVIDIA GeForce GTX 760 (Feature Level 11_0)
[2015.05.06-11.51.00:466][  0]LogD3D11RHI: Adapter has 1990MB of dedicated video memory, 0MB of dedicated system memory, and 2048MB of shared system memory, 2 output[s]
[2015.05.06-11.51.00:466][  0]LogD3D11RHI: Chosen D3D11 Adapter Id = 0
[2015.05.06-11.51.00:473][  0]LogRHI: Texture pool is 1361 MB (70% of 1945 MB)
[2015.05.06-11.51.00:483][  0]LogD3D11RHI: Async texture creation enabled
[2015.05.06-11.51.00:548][  0]LogTextLocalizationManager: The requested culture ('en_GB') has no localization data; parent culture's ('en') localization data will be used.
[2015.05.06-11.51.00:679][  0]LogContentStreaming: Texture pool size is 0.000000MB
[2015.05.06-11.51.05:716][  0]LogTargetPlatformManager:Display: Building Assets For Windows
[2015.05.06-11.51.06:311][  0]LogTargetPlatformManager:Display: Building Assets For Windows
[2015.05.06-11.51.06:352][  0]LogDerivedDataCache:Display: Max Cache Size: 512 MB
[2015.05.06-11.51.08:075][  0]LogDerivedDataCache: Loaded boot cache 1.72s 39MB C:/Users/Fulltime/AppData/Local/UnrealEngine/4.6/DerivedDataCache/Boot.ddc.
[2015.05.06-11.51.08:075][  0]LogDerivedDataCache:Display: Loaded Boot cache: C:/Users/Fulltime/AppData/Local/UnrealEngine/4.6/DerivedDataCache/Boot.ddc
[2015.05.06-11.51.08:076][  0]LogDerivedDataCache: FDerivedDataBackendGraph:  Pak pak cache file ../../../../../../Users/Fulltime/Documents/Level26 - Copy/MyProject4/DerivedDataCache/DDC.ddp not found, will not use a pak cache.
[2015.05.06-11.51.08:076][  0]LogDerivedDataCache: Unable to find inner node Pak for hierarchical cache Hierarchy.
[2015.05.06-11.51.08:503][  0]LogDerivedDataCache:Display: Pak cache opened for reading ../../../Engine/DerivedDataCache/DDC.ddp.
[2015.05.06-11.51.08:514][  0]LogDerivedDataCache: Using Local data cache path C:/Users/Fulltime/AppData/Local/UnrealEngine/Common/DerivedDataCache: Writable
[2015.05.06-11.51.17:831][  0]LogCollisionProfile:Warning: Profile (UI) - Custom Channel Name = 'Weapon' hasn't been found
[2015.05.06-11.51.17:975][  0]LogMeshUtilities: No automatic mesh reduction module available
[2015.05.06-11.51.17:975][  0]LogMeshUtilities: No automatic mesh merging module available
[2015.05.06-11.51.18:291][  0]LogInit: WinSock: version 1.1 (2.2), MaxSocks=32767, MaxUdp=65467
[2015.05.06-11.51.18:359][  0]LogSlate:Warning: Failed to load font data from '../../../Engine/Content/Slate/Fonts/Roboto-Italic.ttf'
[2015.05.06-11.51.31:349][  0]UdpMessaging: Initializing bridge on interface 0.0.0.0:0 to multicast group 230.0.0.1:6666.
[2015.05.06-11.51.31:550][  0]LogDirectoryWatcher:Warning: Failed to begin reading directory changes for C:/Users/Fulltime/Documents/Level26 - Copy/MyProject4/Binaries/Win64. Error: 0
[2015.05.06-11.51.31:718][  0]SourceControl: Info Source control is disabled
[2015.05.06-11.51.31:718][  0]SourceControl: Info Source control is disabled
[2015.05.06-11.51.31:722][  0]SourceControl: Info Source control is disabled
[2015.05.06-11.51.31:839][  0]LogObj: 23754 objects as part of root set at end of initial load.
[2015.05.06-11.51.31:839][  0]LogUObjectAllocator: 5168128 out of 0 bytes used by permanent object pool.
[2015.05.06-11.51.31:887][  0]LogEngine: Initializing Engine...
[2015.05.06-11.51.32:107][  0]LogInit: XAudio2 using 'Speakers (Realtek High Definition Audio)' : 2 channels at 48 kHz using 32 bits per sample (channel mask 0x3)
[2015.05.06-11.51.32:127][  0]LogInit: FAudioDevice initialized.
[2015.05.06-11.51.32:143][  0]LogAIModule: Creating AISystem for world NewWorld
[2015.05.06-11.51.32:165][  0]LogDerivedDataCache: Saved boot cache 0.02s 39MB C:/Users/Fulltime/AppData/Local/UnrealEngine/4.6/DerivedDataCache/Boot.ddc.
[2015.05.06-11.51.32:168][  0]LogInit: Texture streaming: Enabled
[2015.05.06-11.51.32:189][  0]LogAnalytics: Creating configured Analytics provider AnalyticsET
[2015.05.06-11.51.32:189][  0]LogAnalytics: ET APIKey = Rocket.Release. APIServer = http://et2.epicgames.com/ET2/. AppVersion = 4.6.1-2386410+++depot+UE4-Releases+4.6
[2015.05.06-11.51.32:190][  0]LogAnalytics: SetUserId 69f16f0a28d0cebab19564fc86df198d
[2015.05.06-11.51.32:190][  0]LogAnalytics: AnalyticsET::StartSession [Rocket.Release]
[2015.05.06-11.51.32:202][  0]LogInit: Transaction tracking system initialized
[2015.05.06-11.51.32:271][  0]BlueprintLog: New page: Editor Load
[2015.05.06-11.51.32:296][  0]LogAssetRegistry: FAssetRegistry took 0.0098 seconds to start up
[2015.05.06-11.51.32:296][  0]LogDirectoryWatcher:Warning: Failed to begin reading directory changes for ../../../Engine/Plugins/Experimental/CharacterAI/Content/. Error: 0
[2015.05.06-11.51.32:679][  0]LogTargetPlatformManager:Display: Building Assets For Windows
[2015.05.06-11.51.32:959][  0]LogTargetPlatformManager:Display: Building Assets For Windows
[2015.05.06-11.51.33:080][  0]LogConsoleResponse:Display: 
[2015.05.06-11.51.33:381][  0]LogLinker:Warning: Asset '../../../Engine/Content/Functions/Engine_MaterialFunctions03/Procedurals/ComputeFilterWidth.uasset' has been saved with empty engine version. The asset will be loaded but may be incompatible.
[2015.05.06-11.51.34:052][  0]SourceControl: Info Source control is disabled
[2015.05.06-11.51.34:052][  0]Cmd: MAP LOAD FILE="../../../../../../Users/Fulltime/Documents/Level26 - Copy/MyProject4/Content/Maps/Basement.umap" TEMPLATE=0 SHOWPROGRESS=1
[2015.05.06-11.51.34:063][  0]LightingResults: New page: Lighting Build
[2015.05.06-11.51.34:069][  0]MapCheck: New page: Map Check
[2015.05.06-11.51.34:069][  0]LightingResults: New page: Lighting Build
[2015.05.06-11.51.34:076][  0]LogParticles: Destroying 0 GPU particle simulations for FXSystem 0x00000000143736A0
[2015.05.06-11.51.35:608][  0]LogBlueprint:Warning: [compiler] Warning Function ' Get Player Pawn ' is unsafe to call in a construction script.
[2015.05.06-11.51.35:621][  0]LogBlueprint:Warning: [compiler] Warning [0038.74] Compile of ScaleCharacter successful, but with 1 Warning(s) [in 38 ms]
[2015.05.06-11.51.35:809][  0]LogBlueprint:Warning: [compiler] Warning Function ' Get Player Pawn ' is unsafe to call in a construction script.
[2015.05.06-11.51.35:824][  0]LogBlueprint:Warning: [compiler] Warning [0038.95] Compile of MyCharacter successful, but with 1 Warning(s) [in 44 ms]
[2015.05.06-11.51.35:910][  0]LogBlueprint:Warning: [compiler] Warning Function ' Get Player Pawn ' is unsafe to call in a construction script.
[2015.05.06-11.51.35:924][  0]LogBlueprint:Warning: [compiler] Warning [0039.05] Compile of MyCharacter successful, but with 1 Warning(s) [in 26 ms]
[2015.05.06-11.51.35:925][  0]LogBlueprint:Warning: [compiler] Warning [0039.05] Compile of MyCharacter successful, but with 2 Warning(s) [in 0 ms]
[2015.05.06-11.51.35:946][  0]LogBlueprint:Warning: [compiler] Warning Function ' Get Player Pawn ' is unsafe to call in a construction script.
[2015.05.06-11.51.35:959][  0]LogBlueprint:Warning: [compiler] Warning [0039.08] Compile of ScaleCharacter successful, but with 1 Warning(s) [in 21 ms]
[2015.05.06-11.51.35:960][  0]LogBlueprint:Warning: [compiler] Warning [0039.08] Compile of ScaleCharacter successful, but with 2 Warning(s) [in 0 ms]
[2015.05.06-11.51.36:719][  0]LogBlueprint:Warning: [compiler] Warning Could not find a function named "ShowText" in 'Basement'.
Make sure 'Basement' has been compiled for  Invalid Message Node 
[2015.05.06-11.51.36:719][  0]LogBlueprint:Warning: [compiler] Warning [0039.84] Compile of Basement successful, but with 1 Warning(s) [in 1 ms]
[2015.05.06-11.51.36:761][  0]LogBlueprint:Warning: [compiler] Warning Could not find a function named "ShowText" in 'Basement'.
Make sure 'Basement' has been compiled for  Invalid Message Node 
[2015.05.06-11.51.36:762][  0]LogBlueprint:Warning: [compiler] Warning [0039.88] Compile of Basement successful, but with 1 Warning(s) [in 2 ms]
[2015.05.06-11.51.36:762][  0]LogBlueprint:Warning: [compiler] Warning [0039.89] Compile of Basement successful, but with 2 Warning(s) [in 0 ms]
[2015.05.06-11.51.39:542][  0]LogMaterial: Missing cached shader map for material DaylightAmbientCubemap_Mat, compiling.
[2015.05.06-11.51.39:542][  0]LogMaterial:Warning: Failed to compile Material /Engine/MapTemplates/Sky/DaylightAmbientCubemap_Mat.DaylightAmbientCubemap_Mat for platform PCD3D_SM5, Default Material will be used in game.
[2015.05.06-11.51.39:542][  0]LogMaterial:Warning: 	(Node TextureSample) Coercion failed: Parameters.TexCoords[0].xy: float2 -> float3
[2015.05.06-11.51.39:721][  0]LogPhysics:Warning: AddConvexElemsToRigidActor: [/Game/StaticFromBSP/Cabinet.Cabinet] ConvexElem[2] has negative scale. Not currently supported
[2015.05.06-11.51.39:721][  0]LogPhysics:Warning: AddConvexElemsToRigidActor: [/Game/StaticFromBSP/Cabinet.Cabinet] ConvexElem[3] has negative scale. Not currently supported
[2015.05.06-11.51.39:721][  0]LogPhysics:Warning: AddConvexElemsToRigidActor: [/Game/StaticFromBSP/Cabinet.Cabinet] ConvexElem[4] has negative scale. Not currently supported
[2015.05.06-11.51.39:729][  0]LogBlueprintUserMessages: 93205.328125
[2015.05.06-11.51.39:730][  0]LogBlueprintUserMessages: 124527.09375
[2015.05.06-11.51.39:730][  0]LogBlueprintUserMessages: 124527.09375
[2015.05.06-11.51.39:730][  0]LogBlueprintUserMessages: 106388.234375
[2015.05.06-11.51.39:730][  0]LogBlueprintUserMessages: 38267.722656
[2015.05.06-11.51.39:731][  0]LogBlueprintUserMessages: 68460.367188
[2015.05.06-11.51.39:731][  0]LogBlueprintUserMessages: 17954.421875
[2015.05.06-11.51.39:731][  0]LogBlueprintUserMessages: 26034.099609
[2015.05.06-11.51.39:731][  0]LogBlueprintUserMessages: 106388.234375
[2015.05.06-11.51.39:731][  0]LogBlueprintUserMessages: 46879.800781
[2015.05.06-11.51.39:732][  0]LogBlueprintUserMessages: 78097.59375
[2015.05.06-11.51.39:732][  0]LogBlueprintUserMessages: 78097.59375
[2015.05.06-11.51.39:732][  0]LogBlueprintUserMessages: 120789.015625
[2015.05.06-11.51.39:732][  0]LogBlueprintUserMessages: 17954.421875
[2015.05.06-11.51.39:745][  0]LogEditorServer: Finished looking for orphan Actors (0.000 secs)
[2015.05.06-11.51.39:745][  0]LogAIModule: Creating AISystem for world Basement
[2015.05.06-11.51.39:745][  0]Cmd: MAP CHECKDEP
[2015.05.06-11.51.39:746][  0]MapCheck: New page: Basement - 6 May 2015 13:51:39
[2015.05.06-11.51.39:821][  0]MapCheck: Info Map check complete: 0 Error(s), 0 Warning(s), took 75.786ms to complete.
[2015.05.06-11.51.39:821][  0]LogFileHelpers: Loading map 'Basement' took 5.770
[2015.05.06-11.51.39:934][  0]LogCollectionManager: Loaded 0 collections in 0.000976 seconds
[2015.05.06-11.51.40:229][  0]LogCrashTracker: Crashtracker disabled due to settings.
[2015.05.06-11.51.40:233][  0]LogUObjectGlobals:Warning: Failed to find object 'Class None.'
[2015.05.06-11.51.40:256][  0]LogLoad: Full Startup: 43.38 seconds (BP compile: 0.38 seconds)
[2015.05.06-11.51.40:756][  0]LogRenderer:Warning: Reallocating scene render targets to support 1136x672.
[2015.05.06-11.51.40:929][  1]LogContentBrowser:Verbose: The content browser source was changed by the sources view to '/Game/Blueprints'
[2015.05.06-11.51.40:934][  1]LogContentBrowser:Verbose: The content browser source was changed by the sources view to '/Game/Texture'
[2015.05.06-11.51.42:334][  3]LogPropertyNode:Warning: UI Min (0.001) >= UI Max () for Ranged Numeric
[2015.05.06-11.51.42:337][  3]LogPropertyNode:Warning: UI Min (0.001) >= UI Max () for Ranged Numeric
[2015.05.06-11.51.42:390][  3]LogPropertyNode:Warning: UI Min (0.001) >= UI Max () for Ranged Numeric
[2015.05.06-11.51.42:390][  3]LogPropertyNode:Warning: UI Min (0.001) >= UI Max () for Ranged Numeric
[2015.05.06-11.52.06:755][ 73]LogAssetRegistry: Asset discovery search completed in 34.4687 seconds
[2015.05.06-12.09.30:430][ 68]BlueprintLog: New page: Pre-PIE auto-recompile
[2015.05.06-12.09.30:432][ 68]LogPlayLevel: [PIE] Compiling Basement before PIE...
[2015.05.06-12.09.30:477][ 68]LogBlueprint:Warning: [compiler] Warning Could not find a function named "ShowText" in 'Basement'.
Make sure 'Basement' has been compiled for  Invalid Message Node 
[2015.05.06-12.09.30:518][ 68]LogBlueprint:Warning: [compiler] Warning [1113.63] Compile of Basement successful, but with 1 Warning(s) [in 63 ms]
[2015.05.06-12.09.30:562][ 68]LogPlayLevel: PIE:  Blueprint regeneration took 132 ms (1 blueprints)
[2015.05.06-12.09.30:562][ 68]PIE: New page: PIE session: Basement (6 May 2015 14:09:30)
[2015.05.06-12.09.30:573][ 68]LogPlayLevel: PIE: StaticDuplicateObject took: (0.010200s)
[2015.05.06-12.09.30:573][ 68]LogPlayLevel: PIE: World Init took: (0.000454s)
[2015.05.06-12.09.30:573][ 68]LogPlayLevel: PIE: Created PIE world by copying editor world from /Game/Maps/Basement.Basement to /Game/Maps/UEDPIE_0_Basement.Basement (0.010840s)
[2015.05.06-12.09.30:633][ 68]LogWorld: Game class is 'MyGame_C'
[2015.05.06-12.09.30:635][ 68]LogAIModule: Creating AISystem for world Basement
[2015.05.06-12.09.30:636][ 68]LogPhysics:Warning: AddConvexElemsToRigidActor: [/Game/StaticFromBSP/Cabinet.Cabinet] ConvexElem[2] has negative scale. Not currently supported
[2015.05.06-12.09.30:636][ 68]LogPhysics:Warning: AddConvexElemsToRigidActor: [/Game/StaticFromBSP/Cabinet.Cabinet] ConvexElem[3] has negative scale. Not currently supported
[2015.05.06-12.09.30:636][ 68]LogPhysics:Warning: AddConvexElemsToRigidActor: [/Game/StaticFromBSP/Cabinet.Cabinet] ConvexElem[4] has negative scale. Not currently supported
[2015.05.06-12.09.30:640][ 68]LogWorld: Bringing World /Game/Maps/UEDPIE_0_Basement.Basement up for play (max tick rate 0) at 2015.05.06-13.09.30
[2015.05.06-12.09.30:641][ 68]LogWorld: Bringing up level for play took: 0.006280
[2015.05.06-12.09.30:642][ 68]LogPhysics:Warning: FConstraintInstance::GetRefFrame : Contained scale.
[2015.05.06-12.09.30:642][ 68]LogPhysics:Warning: FConstraintInstance::GetRefFrame : Contained scale.
[2015.05.06-12.09.30:642][ 68]LogPhysics:Warning: FConstraintInstance::GetRefFrame : Contained scale.
[2015.05.06-12.09.30:643][ 68]LogBlueprintUserMessages: 0
[2015.05.06-12.09.30:644][ 68]PIE: Info Play in editor start time for /Game/Maps/UEDPIE_0_Basement -0.193
[2015.05.06-12.09.47:634][789]LogParticles: Destroying 0 GPU particle simulations for FXSystem 0x0000000021ED8B80
[2015.05.06-12.48.06:591][979]BlueprintLog: New page: Pre-PIE auto-recompile
[2015.05.06-12.48.06:593][979]LogPlayLevel: [PIE] Compiling Basement before PIE...
[2015.05.06-12.48.06:596][979]LogBlueprint:Warning: [compiler] Warning Could not find a function named "ShowText" in 'Basement'.
Make sure 'Basement' has been compiled for  Invalid Message Node 
[2015.05.06-12.48.06:628][979]LogBlueprint:Warning: [compiler] Warning [3429.72] Compile of Basement successful, but with 1 Warning(s) [in 34 ms]
[2015.05.06-12.48.06:645][979]LogPlayLevel: PIE:  Blueprint regeneration took 54 ms (1 blueprints)
[2015.05.06-12.48.06:645][979]PIE: New page: PIE session: Basement (6 May 2015 14:48:06)
[2015.05.06-12.48.06:656][979]LogPlayLevel: PIE: StaticDuplicateObject took: (0.010400s)
[2015.05.06-12.48.06:656][979]LogPlayLevel: PIE: World Init took: (0.000464s)
[2015.05.06-12.48.06:657][979]LogPlayLevel: PIE: Created PIE world by copying editor world from /Game/Maps/Basement.Basement to /Game/Maps/UEDPIE_0_Basement.Basement (0.011105s)
[2015.05.06-12.48.06:685][979]LogWorld: Game class is 'MyGame_C'
[2015.05.06-12.48.06:687][979]LogAIModule: Creating AISystem for world Basement
[2015.05.06-12.48.06:688][979]LogPhysics:Warning: AddConvexElemsToRigidActor: [/Game/StaticFromBSP/Cabinet.Cabinet] ConvexElem[2] has negative scale. Not currently supported
[2015.05.06-12.48.06:688][979]LogPhysics:Warning: AddConvexElemsToRigidActor: [/Game/StaticFromBSP/Cabinet.Cabinet] ConvexElem[3] has negative scale. Not currently supported
[2015.05.06-12.48.06:688][979]LogPhysics:Warning: AddConvexElemsToRigidActor: [/Game/StaticFromBSP/Cabinet.Cabinet] ConvexElem[4] has negative scale. Not currently supported
[2015.05.06-12.48.06:692][979]LogWorld: Bringing World /Game/Maps/UEDPIE_0_Basement.Basement up for play (max tick rate 0) at 2015.05.06-13.48.06
[2015.05.06-12.48.06:694][979]LogWorld: Bringing up level for play took: 0.006354
[2015.05.06-12.48.06:695][979]LogPhysics:Warning: FConstraintInstance::GetRefFrame : Contained scale.
[2015.05.06-12.48.06:695][979]LogPhysics:Warning: FConstraintInstance::GetRefFrame : Contained scale.
[2015.05.06-12.48.06:695][979]LogPhysics:Warning: FConstraintInstance::GetRefFrame : Contained scale.
[2015.05.06-12.48.06:695][979]LogBlueprintUserMessages: 0
[2015.05.06-12.48.06:696][979]PIE: Info Play in editor start time for /Game/Maps/UEDPIE_0_Basement -0.163
[2015.05.06-12.48.21:007][587]LogPhysics:Warning: FConstraintInstance::GetRefFrame : Contained scale.
[2015.05.06-12.48.21:008][587]LogPhysics:Warning: FConstraintInstance::GetRefFrame : Contained scale.
[2015.05.06-12.48.21:008][587]LogPhysics:Warning: FConstraintInstance::GetRefFrame : Contained scale.
[2015.05.06-12.48.21:008][587]LogBlueprintUserMessages: 0
[2015.05.06-12.48.31:965][ 53]LogParticles: Destroying 0 GPU particle simulations for FXSystem 0x00000000265BF600
[2015.05.06-12.48.39:240][314]LogEditorViewport: Clicking on Actor (LMB): StaticMeshActor (Temp_Box2)
[2015.05.06-12.48.39:247][314]LogPropertyNode:Warning: UI Min (0.001) >= UI Max () for Ranged Numeric
[2015.05.06-12.48.40:221][355]LogEditorViewport: Clicking on Actor (LMB): StaticMeshActor (Temp_Box2)
[2015.05.06-12.48.40:228][355]LogPropertyNode:Warning: UI Min (0.001) >= UI Max () for Ranged Numeric
[2015.05.06-12.48.40:951][385]LogEditorViewport: Clicking on Actor (LMB): Destroyer_C (Destroyer2)
[2015.05.06-12.48.46:159][576]LogBlueprint:Warning: [compiler] Warning Could not find a function named "ShowText" in 'Basement'.
Make sure 'Basement' has been compiled for  Invalid Message Node 
[2015.05.06-12.48.46:162][576]LogBlueprint:Warning: [compiler] Warning [3469.25] Compile of Basement successful, but with 1 Warning(s) [in 4 ms]
[2015.05.06-12.48.46:228][576]LogSavePackage: Save=70.434227ms
[2015.05.06-12.48.46:228][576]LogSavePackage: Moving '../../../../../../Users/Fulltime/Documents/Level26 - Copy/MyProject4/Saved/Basement_Auto1DD43017641417C2919D70D98ED62A038.tmp' to '../../../../../../Users/Fulltime/Documents/Level26 - Copy/MyProject4/Saved/Autosaves/Game/Maps/Basement_Auto1.umap'
[2015.05.06-12.48.46:233][576]LogFileHelpers: Editor autosave (incl. sublevels) for '/Game/Maps/Basement' took 0.175
[2015.05.06-12.48.46:233][576]LogFileHelpers: Editor autosave (incl. sublevels) for all levels took 0.175
[2015.05.06-13.01.06:150][984]LogEditorViewport: Clicking on Actor (LMB): StaticMeshActor (MetalGearBox)
[2015.05.06-13.01.06:158][984]LogPropertyNode:Warning: UI Min (0.001) >= UI Max () for Ranged Numeric
[2015.05.06-13.01.07:027][ 14]BlueprintLog: New page: Pre-PIE auto-recompile
[2015.05.06-13.01.07:030][ 14]LogPlayLevel: [PIE] Compiling Basement before PIE...
[2015.05.06-13.01.07:032][ 14]LogBlueprint:Warning: [compiler] Warning Could not find a function named "ShowText" in 'Basement'.
Make sure 'Basement' has been compiled for  Invalid Message Node 
[2015.05.06-13.01.07:066][ 14]LogBlueprint:Warning: [compiler] Warning [4210.15] Compile of Basement successful, but with 1 Warning(s) [in 35 ms]
[2015.05.06-13.01.07:084][ 14]LogPlayLevel: PIE:  Blueprint regeneration took 56 ms (1 blueprints)
[2015.05.06-13.01.07:084][ 14]PIE: New page: PIE session: Basement (6 May 2015 15:01:07)
[2015.05.06-13.01.07:096][ 14]LogPlayLevel: PIE: StaticDuplicateObject took: (0.011656s)
[2015.05.06-13.01.07:096][ 14]LogPlayLevel: PIE: World Init took: (0.000532s)
[2015.05.06-13.01.07:097][ 14]LogPlayLevel: PIE: Created PIE world by copying editor world from /Game/Maps/Basement.Basement to /Game/Maps/UEDPIE_0_Basement.Basement (0.012436s)
[2015.05.06-13.01.07:125][ 14]LogWorld: Game class is 'MyGame_C'
[2015.05.06-13.01.07:126][ 14]LogAIModule: Creating AISystem for world Basement
[2015.05.06-13.01.07:128][ 14]LogPhysics:Warning: AddConvexElemsToRigidActor: [/Game/StaticFromBSP/Cabinet.Cabinet] ConvexElem[2] has negative scale. Not currently supported
[2015.05.06-13.01.07:128][ 14]LogPhysics:Warning: AddConvexElemsToRigidActor: [/Game/StaticFromBSP/Cabinet.Cabinet] ConvexElem[3] has negative scale. Not currently supported
[2015.05.06-13.01.07:128][ 14]LogPhysics:Warning: AddConvexElemsToRigidActor: [/Game/StaticFromBSP/Cabinet.Cabinet] ConvexElem[4] has negative scale. Not currently supported
[2015.05.06-13.01.07:132][ 14]LogWorld: Bringing World /Game/Maps/UEDPIE_0_Basement.Basement up for play (max tick rate 0) at 2015.05.06-14.01.07
[2015.05.06-13.01.07:134][ 14]LogWorld: Bringing up level for play took: 0.006697
[2015.05.06-13.01.07:135][ 14]LogPhysics:Warning: FConstraintInstance::GetRefFrame : Contained scale.
[2015.05.06-13.01.07:135][ 14]LogPhysics:Warning: FConstraintInstance::GetRefFrame : Contained scale.
[2015.05.06-13.01.07:135][ 14]LogPhysics:Warning: FConstraintInstance::GetRefFrame : Contained scale.
[2015.05.06-13.01.07:136][ 14]LogBlueprintUserMessages: 0
[2015.05.06-13.01.07:136][ 14]PIE: Info Play in editor start time for /Game/Maps/UEDPIE_0_Basement 0.269
[2015.05.06-13.01.18:209][477]LogCharacterMovement: ScaleCharacter_C_3 is stuck and failed to move!
[2015.05.06-13.01.18:232][478]LogCharacterMovement: ScaleCharacter_C_3 is stuck and failed to move!
[2015.05.06-13.01.34:792][185]LogPhysics:Warning: FConstraintInstance::GetRefFrame : Contained scale.
[2015.05.06-13.01.34:792][185]LogPhysics:Warning: FConstraintInstance::GetRefFrame : Contained scale.
[2015.05.06-13.01.34:792][185]LogPhysics:Warning: FConstraintInstance::GetRefFrame : Contained scale.
[2015.05.06-13.01.34:792][185]LogBlueprintUserMessages: 0
[2015.05.06-13.01.42:361][510]LogPhysics:Warning: FC