Log file open, 03/24/15 15:20:37
LogInit:Display: Running engine for game: MyProject4
LogInit: Version: 4.6.1-2386410+++depot+UE4-Releases+4.6
LogInit: API Version: 2369412
LogInit: Compiled (64-bit): Dec 11 2014 21:31:39
LogInit: Compiled with Visual C++: 18.00.21005.01
LogInit: Build Configuration: Development
LogInit: Branch Name: ++depot+UE4-Releases+4.6
LogInit: Command line:  /Temp/Autosaves/Game/Maps/UEDPCBasement -game -PIEVIACONSOLE -ResX=1280 -ResY=720  -Multiprocess 
LogInit: Base directory: C:/Program Files/Epic Games/4.6/Engine/Binaries/Win64/
LogInit: Rocket: 1
[2015.03.24-15.20.37:035][  0]LogTaskGraph: Started task graph with 3 named threads and 6 total threads.
[2015.03.24-15.20.37:082][  0]LogOnline:Warning: No default platform service specified for OnlineSubsystem
[2015.03.24-15.20.37:097][  0]LogInit: Presizing for 0 objects not considered by GC, pre-allocating 0 bytes.
[2015.03.24-15.20.37:105][  0]LogInit: Object subsystem initialized
[2015.03.24-15.20.37:107][  0]LogConsoleResponse:Warning: Skipping Unknown console variable: 'UIScaleCurve = (EditorCurveData=(Keys=((Time=480.000000,Value=0.444000),(Time=720.000000,Value=0.666000),(Time=1080.000000,Value=1.000000),(Time=8640.000000,Value=8.000000))),ExternalCurve=None)'
[2015.03.24-15.20.37:107][  0]LogConsoleResponse:Warning:   Found in ini file 'C:/Users/Fulltime/Documents/Level26 - Copy/MyProject4/Saved/Config/Windows/Engine.ini', in section '[/Script/Engine.RendererSettings]'
[2015.03.24-15.20.37:107][  0]LogConsoleManager:Warning: Console variable 'r.MSAA.CompositingSampleCount' wasn't set (Priority ProjectSetting < Scalability)
[2015.03.24-15.20.37:107][  0]LogInit: Selected Device Profile: [Windows]
[2015.03.24-15.20.37:107][  0]LogInit: Applying CVar settings loaded from the selected device profile: [Windows]
[2015.03.24-15.20.37:111][  0]LogInit: Computer: RINGLETLTD18-PC
[2015.03.24-15.20.37:111][  0]LogInit: User: Fulltime
[2015.03.24-15.20.37:111][  0]LogInit: CPU Page size=4096, Cores=4
[2015.03.24-15.20.37:111][  0]LogInit: High frequency timer resolution =3.125039 MHz
[2015.03.24-15.20.37:111][  0]LogMemory: Memory total: Physical=7.9GB (8GB approx) Virtual=8192.0GB
[2015.03.24-15.20.37:111][  0]LogMemory: Platform Memory Stats for Windows
[2015.03.24-15.20.37:111][  0]LogMemory: Process Physical Memory: 50.04 MB used, 50.04 MB peak
[2015.03.24-15.20.37:111][  0]LogMemory: Process Virtual Memory: 26.20 MB used, 26.20 MB peak
[2015.03.24-15.20.37:111][  0]LogMemory: Physical Memory: 5329.52 MB used, 8127.42 MB total
[2015.03.24-15.20.37:111][  0]LogMemory: Virtual Memory: 266.09 MB used, 8388608.00 MB total
[2015.03.24-15.20.37:135][  0]LogD3D11RHI: Found D3D11 adapter 0: NVIDIA GeForce GTX 760 (Feature Level 11_0)
[2015.03.24-15.20.37:135][  0]LogD3D11RHI: Adapter has 1990MB of dedicated video memory, 0MB of dedicated system memory, and 2048MB of shared system memory, 2 output[s]
[2015.03.24-15.20.37:135][  0]LogD3D11RHI: Chosen D3D11 Adapter Id = 0
[2015.03.24-15.20.37:139][  0]LogRHI: Texture pool is 1361 MB (70% of 1945 MB)
[2015.03.24-15.20.37:146][  0]LogD3D11RHI: Async texture creation enabled
[2015.03.24-15.20.37:203][  0]LogTextLocalizationManager: The requested culture ('en_GB') has no localization data; parent culture's ('en') localization data will be used.
[2015.03.24-15.20.37:347][  0]LogContentStreaming: Texture pool size is 1000.000000MB
[2015.03.24-15.20.42:469][  0]LogTargetPlatformManager:Display: Building Assets For Windows
[2015.03.24-15.20.42:816][  0]LogTargetPlatformManager:Display: Building Assets For Windows
[2015.03.24-15.20.42:858][  0]LogDerivedDataCache:Display: Max Cache Size: 512 MB
[2015.03.24-15.20.42:895][  0]LogDerivedDataCache: Loaded boot cache 0.04s 39MB C:/Users/Fulltime/AppData/Local/UnrealEngine/4.6/DerivedDataCache/Boot.ddc.
[2015.03.24-15.20.42:895][  0]LogDerivedDataCache:Display: Loaded Boot cache: C:/Users/Fulltime/AppData/Local/UnrealEngine/4.6/DerivedDataCache/Boot.ddc
[2015.03.24-15.20.42:895][  0]LogDerivedDataCache: FDerivedDataBackendGraph:  Pak pak cache file ../../../../../../Users/Fulltime/Documents/Level26 - Copy/MyProject4/DerivedDataCache/DDC.ddp not found, will not use a pak cache.
[2015.03.24-15.20.42:895][  0]LogDerivedDataCache: Unable to find inner node Pak for hierarchical cache Hierarchy.
[2015.03.24-15.20.42:959][  0]LogDerivedDataCache:Display: Pak cache opened for reading ../../../Engine/DerivedDataCache/DDC.ddp.
[2015.03.24-15.20.42:970][  0]LogDerivedDataCache: Using Local data cache path C:/Users/Fulltime/AppData/Local/UnrealEngine/Common/DerivedDataCache: Writable
[2015.03.24-15.20.43:080][  0]LogCollisionProfile:Warning: Profile (UI) - Custom Channel Name = 'Weapon' hasn't been found
[2015.03.24-15.20.43:176][  0]LogMeshUtilities: No automatic mesh reduction module available
[2015.03.24-15.20.43:176][  0]LogMeshUtilities: No automatic mesh merging module available
[2015.03.24-15.20.43:451][  0]LogInit: WinSock: version 1.1 (2.2), MaxSocks=32767, MaxUdp=65467
[2015.03.24-15.20.43:492][  0]LogSlate:Warning: Failed to load font data from '../../../Engine/Content/Slate/Fonts/Roboto-Italic.ttf'
[2015.03.24-15.20.44:473][  0]LogWindowsMoviePlayer: Unable to load movie: ../../../../../../Users/Fulltime/Documents/Level26 - Copy/MyProject4/Content/Movies/Default_Startup.mp4
[2015.03.24-15.20.44:630][  0]SourceControl: Info Source control is disabled
[2015.03.24-15.20.44:630][  0]SourceControl: Info Source control is disabled
[2015.03.24-15.20.44:635][  0]SourceControl: Info Source control is disabled
[2015.03.24-15.20.44:663][  0]LogDirectoryWatcher:Warning: Failed to begin reading directory changes for C:/Users/Fulltime/Documents/Level26 - Copy/MyProject4/Binaries/Win64. Error: 0
[2015.03.24-15.20.44:703][  0]LogObj: 23338 objects as part of root set at end of initial load.
[2015.03.24-15.20.44:703][  0]LogUObjectAllocator: 4907960 out of 0 bytes used by permanent object pool.
[2015.03.24-15.20.44:769][  0]LogAutomationTest:Warning: ERR: Transient text cannot be serialized "Testing Transient serialization detection".
[2015.03.24-15.20.44:769][  0]LogEngine: Initializing Engine...
[2015.03.24-15.20.46:809][  0]LogHMD:Warning: No Oculus HMD detected! Is Oculus Run-Time installed and service is running?
[2015.03.24-15.20.46:819][  0]LogHMD: Oculus shutdown.
[2015.03.24-15.20.46:965][  0]LogInit: XAudio2 using 'Speakers (Realtek High Definition Audio)' : 2 channels at 48 kHz using 32 bits per sample (channel mask 0x3)
[2015.03.24-15.20.46:973][  0]LogInit: FAudioDevice initialized.
[2015.03.24-15.20.46:975][  0]LogInit: Texture streaming: Enabled
[2015.03.24-15.20.47:237][  0]LogAnalytics: Creating configured Analytics provider AnalyticsET
[2015.03.24-15.20.47:237][  0]LogAnalytics: ET APIKey = Rocket.Release. APIServer = http://et2.epicgames.com/ET2/. AppVersion = 4.6.1-2386410+++depot+UE4-Releases+4.6
[2015.03.24-15.20.47:238][  0]LogAnalytics: SetUserId 69f16f0a28d0cebab19564fc86df198d
[2015.03.24-15.20.47:238][  0]LogAnalytics: AnalyticsET::StartSession [Rocket.Release]
[2015.03.24-15.20.47:256][  0]LogConsoleManager:Warning: Console variable 'r.VSync' wasn't set (Priority Code < GameSetting)
[2015.03.24-15.20.47:268][  0]LogNet: Browse: /Temp/Autosaves/Game/Maps/UEDPCBasement?Name=Player
[2015.03.24-15.20.47:280][  0]LogLoad: LoadMap: /Temp/Autosaves/Game/Maps/UEDPCBasement?Name=Player
[2015.03.24-15.20.47:290][  0]LogMemory: Platform Memory Stats for Windows
[2015.03.24-15.20.47:290][  0]LogMemory: Process Physical Memory: 293.16 MB used, 323.07 MB peak
[2015.03.24-15.20.47:290][  0]LogMemory: Process Virtual Memory: 252.95 MB used, 283.86 MB peak
[2015.03.24-15.20.47:290][  0]LogMemory: Physical Memory: 5538.40 MB used, 8127.42 MB total
[2015.03.24-15.20.47:290][  0]LogMemory: Virtual Memory: 666.15 MB used, 8388608.00 MB total
[2015.03.24-15.20.47:290][  0]LogMemory: 
[2015.03.24-15.20.47:290][  0]Allocator Stats for TBB: (not implemented)
[2015.03.24-15.20.47:790][  0]LogMaterial: Missing cached shader map for material DaylightAmbientCubemap_Mat, compiling.
[2015.03.24-15.20.47:790][  0]LogMaterial:Warning: Failed to compile Material /Engine/MapTemplates/Sky/DaylightAmbientCubemap_Mat.DaylightAmbientCubemap_Mat for platform PCD3D_SM5, Default Material will be used in game.
[2015.03.24-15.20.47:790][  0]LogMaterial:Warning: 	(Node TextureSample) Coercion failed: Parameters.TexCoords[0].xy: float2 -> float3
[2015.03.24-15.20.47:805][  0]LogWorld: Game class is 'MyGame_C'
[2015.03.24-15.20.47:821][  0]LogAIModule: Creating AISystem for world Basement
[2015.03.24-15.20.47:823][  0]LogPhysics:Warning: AddConvexElemsToRigidActor: [/Game/StaticFromBSP/Cabinet.Cabinet] ConvexElem[2] has negative scale. Not currently supported
[2015.03.24-15.20.47:823][  0]LogPhysics:Warning: AddConvexElemsToRigidActor: [/Game/StaticFromBSP/Cabinet.Cabinet] ConvexElem[3] has negative scale. Not currently supported
[2015.03.24-15.20.47:823][  0]LogPhysics:Warning: AddConvexElemsToRigidActor: [/Game/StaticFromBSP/Cabinet.Cabinet] ConvexElem[4] has negative scale. Not currently supported
[2015.03.24-15.20.47:826][  0]LogBlueprintUserMessages: 78097.59375
[2015.03.24-15.20.47:827][  0]LogBlueprintUserMessages: 165848.375
[2015.03.24-15.20.47:827][  0]LogBlueprintUserMessages: 120789.015625
[2015.03.24-15.20.47:827][  0]LogBlueprintUserMessages: 78097.59375
[2015.03.24-15.20.47:827][  0]LogBlueprintUserMessages: 17954.421875
[2015.03.24-15.20.47:828][  0]LogBlueprintUserMessages: 89840.398438
[2015.03.24-15.20.47:828][  0]LogBlueprintUserMessages: 165848.375
[2015.03.24-15.20.47:828][  0]LogBlueprintUserMessages: 165848.375
[2015.03.24-15.20.47:828][  0]LogBlueprintUserMessages: 165848.375
[2015.03.24-15.20.47:829][  0]LogBlueprintUserMessages: 124527.09375
[2015.03.24-15.20.47:829][  0]LogBlueprintUserMessages: 200119.609375
[2015.03.24-15.20.47:829][  0]LogBlueprintUserMessages: 124527.09375
[2015.03.24-15.20.47:836][  0]LogWorld: Bringing World /Temp/Autosaves/Game/Maps/UEDPCBasement.Basement up for play (max tick rate 0) at 2015.03.24-15.20.47
[2015.03.24-15.20.47:837][  0]LogWorld: Bringing up level for play took: 0.016225
[2015.03.24-15.20.47:838][  0]LogBlueprintUserMessages: 0
[2015.03.24-15.20.47:839][  0]LogInit:Display: Game Engine Initialized.
[2015.03.24-15.20.48:060][  0]LogLoad: Full Startup: 12.67 seconds (BP compile: 0.15 seconds)
[2015.03.24-15.20.48:167][  0]LogRenderer:Warning: Reallocating scene render targets to support 1280x720.
[2015.03.24-15.20.49:386][135]LogBlueprintUserMessages: 2
[2015.03.24-15.20.54:343][853]LogBlueprintUserMessages: 3
[2015.03.24-15.21.01:897][928]LogBlueprintUserMessages: 4
[2015.03.24-15.21.02:416][  5]LogBlueprintUserMessages: 5
[2015.03.24-15.21.03:013][ 92]LogBlueprintUserMessages: 6
[2015.03.24-15.21.03:845][225]LogBlueprintUserMessages: 7
[2015.03.24-15.21.04:700][355]LogBlueprintUserMessages: 8
[2015.03.24-15.21.05:259][436]LogBlueprintUserMessages: 9
[2015.03.24-15.21.06:773][638]LogBlueprintUserMessages: 10
[2015.03.24-15.21.07:432][725]LogBlueprintUserMessages: 11
[2015.03.24-15.21.08:005][800]LogBlueprintUserMessages: 12
[2015.03.24-15.21.08:510][866]LogBlueprintUserMessages: 13
[2015.03.24-15.21.08:986][928]LogBlueprintUserMessages: 14
[2015.03.24-15.21.09:610][ 12]LogBlueprintUserMessages: 15
[2015.03.24-15.21.10:213][ 92]LogBlueprintUserMessages: 16
[2015.03.24-15.21.10:720][167]LogBlueprintUserMessages: 17
[2015.03.24-15.21.11:284][253]LogBlueprintUserMessages: 18
[2015.03.24-15.21.12:158][383]LogBlueprintUserMessages: 19
[2015.03.24-15.21.12:813][476]LogBlueprintUserMessages: 20
[2015.03.24-15.21.13:328][548]LogBlueprintUserMessages: 21
[2015.03.24-15.21.49:611][645]LogBlueprintUserMessages: 22
[2015.03.24-15.21.50:078][707]LogBlueprintUserMessages: 23
[2015.03.24-15.21.50:587][780]LogBlueprintUserMessages: 24
[2015.03.24-15.21.51:454][904]LogBlueprintUserMessages: 25
[2015.03.24-15.21.52:004][979]LogBlueprintUserMessages: 26
[2015.03.24-15.21.52:585][ 59]LogBlueprintUserMessages: 27
[2015.03.24-15.21.53:067][126]LogBlueprintUserMessages: 28
[2015.03.24-15.21.53:532][186]LogBlueprintUserMessages: 29
[2015.03.24-15.21.54:666][337]LogBlueprintUserMessages: 30
[2015.03.24-15.21.55:093][395]LogBlueprintUserMessages: 31
[2015.03.24-15.21.55:776][490]LogBlueprintUserMessages: 32
[2015.03.24-15.21.56:778][627]LogBlueprintUserMessages: 33
[2015.03.24-15.21.57:252][688]LogBlueprintUserMessages: 34
[2015.03.24-15.21.57:818][767]LogBlueprintUserMessages: 35
[2015.03.24-15.21.58:520][867]LogBlueprintUserMessages: 36
[2015.03.24-15.21.58:596][878]LogBlueprintUserMessages: 37
[2015.03.24-15.21.59:294][977]LogBlueprintUserMessages: 38
[2015.03.24-15.21.59:675][ 31]LogBlueprintUserMessages: 39
[2015.03.24-15.22.01:202][241]LogBlueprintUserMessages: 40
[2015.03.24-15.22.03:149][503]LogBlueprintUserMessages: 41
[2015.03.24-15.22.13:869][912]LogBlueprintUserMessages: 42
[2015.03.24-15.22.18:483][511]LogBlueprintUserMessages: 43
[2015.03.24-15.24.07:495][420]LogEngine: All Windows Closed
[2015.03.24-15.24.07:495][420]LogWindows: FPlatformMisc::RequestExit(0)
[2015.03.24-15.24.07:563][421]LogExit: Preparing to exit.
[2015.03.24-15.24.07:829][421]LogExit: Game engine shut down
[2015.03.24-15.24.07:829][421]LogParticles: Destroying 0 GPU particle simulations for FXSystem 0x000000000D966020
[2015.03.24-15.24.08:171][421]LogExit: Object subsystem successfully closed.
[2015.03.24-15.24.08:419][421]LogModuleManager: Shutting down and abandoning module AndroidDeviceDetection (102)
[2015.03.24-15.24.08:419][421]LogModuleManager: Shutting down and abandoning module AutomationWorker (101)
[2015.03.24-15.24.08:419][421]LogModuleManager: Shutting down and abandoning module CharacterAI (100)
[2015.03.24-15.24.08:419][421]LogModuleManager: Shutting down and abandoning module AITestSuite (99)
[2015.03.24-15.24.08:419][421]LogModuleManager: Shutting down and abandoning module AIModule (98)
[2015.03.24-15.24.08:428][421]LogModuleManager: Shutting down and abandoning module GameLiveStreaming (97)
[2015.03.24-15.24.08:428][421]LogModuleManager: Shutting down and abandoning module StreamingPauseRendering (96)
[2015.03.24-15.24.08:428][421]LogModuleManager: Shutting down and abandoning module HTTP (95)
[2015.03.24-15.24.08:428][421]LogModuleManager: Shutting down and abandoning module AnalyticsET (94)
[2015.03.24-15.24.08:428][421]LogModuleManager: Shutting down and abandoning module Analytics (93)
[2015.03.24-15.24.08:428][421]LogModuleManager: Shutting down and abandoning module ProfilerService (92)
[2015.03.24-15.24.08:501][421]LogModuleManager: Shutting down and abandoning module TaskGraph (91)
[2015.03.24-15.24.08:509][421]LogModuleManager: Shutting down and abandoning module GameplayDebugger (90)
[2015.03.24-15.24.08:509][421]LogModuleManager: Shutting down and abandoning module SlateRemote (89)
[2015.03.24-15.24.08:509][421]LogModuleManager: Shutting down and abandoning module CustomMeshComponent (88)
[2015.03.24-15.24.08:510][421]LogModuleManager: Shutting down and abandoning module CableComponent (87)
[2015.03.24-15.24.08:510][421]LogModuleManager: Shutting down and abandoning module DesktopPlatform (86)
[2015.03.24-15.24.08:515][421]LogModuleManager: Shutting down and abandoning module DirectoryWatcher (85)
[2015.03.24-15.24.08:515][421]LogModuleManager: Shutting down and abandoning module HotReload (84)
[2015.03.24-15.24.08:520][421]LogModuleManager: Shutting down and abandoning module VisualStudioSourceCodeAccess (83)
[2015.03.24-15.24.08:522][421]LogModuleManager: Shutting down and abandoning module UObjectPlugin (82)
[2015.03.24-15.24.08:522][421]LogModuleManager: Shutting down and abandoning module SubversionSourceControl (81)
[2015.03.24-15.24.08:534][421]LogModuleManager: Shutting down and abandoning module SourceControl (80)
[2015.03.24-15.24.08:540][421]LogModuleManager: Shutting down and abandoning module PerforceSourceControl (79)
[2015.03.24-15.24.08:557][421]LogModuleManager: Shutting down and abandoning module BlankPlugin (78)
[2015.03.24-15.24.08:557][421]LogModuleManager: Shutting down and abandoning module ScriptPlugin (77)
[2015.03.24-15.24.08:558][421]LogModuleManager: Shutting down and abandoning module UdpMessaging (76)
[2015.03.24-15.24.08:558][421]LogModuleManager: Shutting down and abandoning module Paper2D (75)
[2015.03.24-15.24.08:559][421]LogModuleManager: Shutting down and abandoning module UE4Game (74)
[2015.03.24-15.24.08:559][421]LogModuleManager: Shutting down and abandoning module WindowsMoviePlayer (73)
[2015.03.24-15.24.08:561][421]LogModuleManager: Shutting down and abandoning module Media (72)
[2015.03.24-15.24.08:561][421]LogModuleManager: Shutting down and abandoning module WmfMedia (71)
[2015.03.24-15.24.08:561][421]LogModuleManager: Shutting down and abandoning module OnlineBlueprintSupport (70)
[2015.03.24-15.24.08:561][421]LogModuleManager: Shutting down and abandoning module PropertyEditor (69)
[2015.03.24-15.24.08:561][421]LogModuleManager: Shutting down and abandoning module BehaviorTreeEditor (68)
[2015.03.24-15.24.08:576][421]LogModuleManager: Shutting down and abandoning module FunctionalTesting (67)
[2015.03.24-15.24.08:576][421]LogModuleManager: Shutting down and abandoning module CollisionAnalyzer (66)
[2015.03.24-15.24.08:591][421]LogModuleManager: Shutting down and abandoning module WorkspaceMenuStructure (65)
[2015.03.24-15.24.08:591][421]LogModuleManager: Shutting down and abandoning module MessageLog (64)
[2015.03.24-15.24.08:591][421]LogModuleManager: Shutting down and abandoning module Sequencer (63)
[2015.03.24-15.24.08:628][421]LogModuleManager: Shutting down and abandoning module AssetTools (62)
[2015.03.24-15.24.08:649][421]LogModuleManager: Shutting down and abandoning module UMGEditor (61)
[2015.03.24-15.24.08:660][421]LogModuleManager: Shutting down and abandoning module UMG (60)
[2015.03.24-15.24.08:731][421]LogModuleManager: Shutting down and abandoning module Slate (59)
[2015.03.24-15.24.08:731][421]LogModuleManager: Shutting down and abandoning module EditorStyle (58)
[2015.03.24-15.24.08:735][421]LogModuleManager: Shutting down and abandoning module SessionServices (57)
[2015.03.24-15.24.08:735][421]LogModuleManager: Shutting down and abandoning module SourceCodeAccess (56)
[2015.03.24-15.24.08:735][421]LogModuleManager: Shutting down and abandoning module HeadMountedDisplay (55)
[2015.03.24-15.24.08:735][421]LogModuleManager: Shutting down and abandoning module XAudio2 (54)
[2015.03.24-15.24.08:735][421]LogModuleManager: Shutting down and abandoning module Networking (52)
[2015.03.24-15.24.08:735][421]LogModuleManager: Shutting down and abandoning module Core (51)
[2015.03.24-15.24.08:735][421]LogModuleManager: Shutting down and abandoning module KismetCompiler (50)
[2015.03.24-15.24.08:735][421]LogModuleManager: Shutting down and abandoning module PhysXFormats (49)
[2015.03.24-15.24.08:735][421]LogModuleManager: Shutting down and abandoning module MeshUtilities (48)
[2015.03.24-15.24.08:748][421]LogModuleManager: Shutting down and abandoning module DerivedDataCache (47)
[2015.03.24-15.24.08:790][421]LogDerivedDataCache: Shutdown
[2015.03.24-15.24.08:790][421]LogModuleManager: Shutting down and abandoning module ShaderFormatOpenGL (46)
[2015.03.24-15.24.08:802][421]LogModuleManager: Shutting down and abandoning module ShaderFormatD3D (45)
[2015.03.24-15.24.08:802][421]LogModuleManager: Shutting down and abandoning module MetalShaderFormat (44)
[2015.03.24-15.24.08:822][421]LogModuleManager: Shutting down and abandoning module TextureFormatUncompressed (43)
[2015.03.24-15.24.08:822][421]LogModuleManager: Shutting down and abandoning module TextureFormatPVR (42)
[2015.03.24-15.24.08:822][421]LogModuleManager: Shutting down and abandoning module TextureFormatDXT (41)
[2015.03.24-15.24.08:822][421]LogModuleManager: Shutting down and abandoning module TextureFormatAndroid (40)
[2015.03.24-15.24.08:822][421]LogModuleManager: Shutting down and abandoning module AudioFormatOpus (39)
[2015.03.24-15.24.08:836][421]LogModuleManager: Shutting down and abandoning module AudioFormatOgg (38)
[2015.03.24-15.24.08:836][421]LogModuleManager: Shutting down and abandoning module AudioFormatADPCM (37)
[2015.03.24-15.24.08:836][421]LogModuleManager: Shutting down and abandoning module LinuxTargetPlatform (36)
[2015.03.24-15.24.08:836][421]LogModuleManager: Shutting down and abandoning module LinuxServerTargetPlatform (35)
[2015.03.24-15.24.08:836][421]LogModuleManager: Shutting down and abandoning module LinuxNoEditorTargetPlatform (34)
[2015.03.24-15.24.08:836][421]LogModuleManager: Shutting down and abandoning module Messaging (33)
[2015.03.24-15.24.08:836][421]LogModuleManager: Shutting down and abandoning module IOSTargetPlatform (32)
[2015.03.24-15.24.08:836][421]LogModuleManager: Shutting down and abandoning module Android_PVRTCTargetPlatform (31)
[2015.03.24-15.24.08:836][421]LogModuleManager: Shutting down and abandoning module Android_ETC2TargetPlatform (30)
[2015.03.24-15.24.08:836][421]LogModuleManager: Shutting down and abandoning module Android_ETC1TargetPlatform (29)
[2015.03.24-15.24.08:836][421]LogModuleManager: Shutting down and abandoning module Android_DXTTargetPlatform (28)
[2015.03.24-15.24.08:836][421]LogModuleManager: Shutting down and abandoning module Android_ATCTargetPlatform (27)
[2015.03.24-15.24.08:836][421]LogModuleManager: Shutting down and abandoning module AndroidTargetPlatform (26)
[2015.03.24-15.24.08:836][421]LogModuleManager: Shutting down and abandoning module WindowsTargetPlatform (25)
[2015.03.24-15.24.08:836][421]LogModuleManager: Shutting down and abandoning module WindowsServerTargetPlatform (24)
[2015.03.24-15.24.08:836][421]LogModuleManager: Shutting down and abandoning module WindowsNoEditorTargetPlatform (23)
[2015.03.24-15.24.08:836][421]LogModuleManager: Shutting down and abandoning module WindowsClientTargetPlatform (22)
[2015.03.24-15.24.08:836][421]LogModuleManager: Shutting down and abandoning module TargetPlatform (21)
[2015.03.24-15.24.08:836][421]LogModuleManager: Shutting down and abandoning module InputCore (20)
[2015.03.24-15.24.08:836][421]LogModuleManager: Shutting down and abandoning module Settings (19)
[2015.03.24-15.24.08:836][421]LogModuleManager: Shutting down and abandoning module ImageWrapper (18)
[2015.03.24-15.24.08:836][421]LogModuleManager: Shutting down and abandoning module OculusRift (15)
[2015.03.24-15.24.08:836][421]LogModuleManager: Shutting down and abandoning module ExampleDeviceProfileSelector (14)
[2015.03.24-15.24.08:836][421]LogModuleManager: Shutting down and abandoning module TextureCompressor (13)
[2015.03.24-15.24.08:849][421]LogModuleManager: Shutting down and abandoning module ShaderCore (12)
[2015.03.24-15.24.08:849][421]LogModuleManager: Shutting down and abandoning module Landscape (11)
[2015.03.24-15.24.08:849][421]LogModuleManager: Shutting down and abandoning module SlateRHIRenderer (10)
[2015.03.24-15.24.08:850][421]LogModuleManager: Shutting down and abandoning module OpenGLDrv (9)
[2015.03.24-15.24.08:850][421]LogModuleManager: Shutting down and abandoning module D3D11RHI (8)
[2015.03.24-15.24.08:850][421]LogModuleManager: Shutting down and abandoning module Renderer (7)
[2015.03.24-15.24.08:850][421]LogModuleManager: Shutting down and abandoning module Engine (6)
[2015.03.24-15.24.08:850][421]LogModuleManager: Shutting down and abandoning module CoreUObject (5)
[2015.03.24-15.24.08:850][421]LogModuleManager: Shutting down and abandoning module NetworkFile (4)
[2015.03.24-15.24.08:859][421]LogModuleManager: Shutting down and abandoning module StreamingFile (3)
[2015.03.24-15.24.08:859][421]LogModuleManager: Shutting down and abandoning module SandboxFile (2)
[2015.03.24-15.24.08:873][421]LogModuleManager: Shutting down and abandoning module PakFile (1)
[2015.03.24-15.24.08:880][421]LogExit: Exiting.
[2015.03.24-15.24.08:881][421]Log file closed, 03/24/15 15:24:08
