Log file open, 03/03/15 14:20:31
LogInit:Display: Running engine for game: MyProject4
LogInit: Version: 4.6.1-2386410+++depot+UE4-Releases+4.6
LogInit: API Version: 2369412
LogInit: Compiled (64-bit): Dec 11 2014 21:31:39
LogInit: Compiled with Visual C++: 18.00.21005.01
LogInit: Build Configuration: Development
LogInit: Branch Name: ++depot+UE4-Releases+4.6
LogInit: Command line:  
LogInit: Base directory: C:/Program Files/Epic Games/4.6/Engine/Binaries/Win64/
LogInit: Rocket: 1
[2015.03.03-14.20.31:177][  0]LogTaskGraph: Started task graph with 3 named threads and 6 total threads.
[2015.03.03-14.20.31:227][  0]LogOnline:Warning: No default platform service specified for OnlineSubsystem
[2015.03.03-14.20.31:248][  0]LogInit: Presizing for 0 objects not considered by GC, pre-allocating 0 bytes.
[2015.03.03-14.20.31:255][  0]LogInit: Object subsystem initialized
[2015.03.03-14.20.31:257][  0]LogConsoleResponse:Warning: Skipping Unknown console variable: 'UIScaleCurve = (EditorCurveData=(Keys=((Time=480.000000,Value=0.444000),(Time=720.000000,Value=0.666000),(Time=1080.000000,Value=1.000000),(Time=8640.000000,Value=8.000000))),ExternalCurve=None)'
[2015.03.03-14.20.31:257][  0]LogConsoleResponse:Warning:   Found in ini file 'C:/Users/Fulltime/Documents/Level26/MyProject4/Saved/Config/Windows/Engine.ini', in section '[/Script/Engine.RendererSettings]'
[2015.03.03-14.20.31:263][  0]LogConsoleManager:Warning: Console variable 'r.MSAA.CompositingSampleCount' wasn't set (Priority ProjectSetting < Scalability)
[2015.03.03-14.20.31:263][  0]LogInit: Selected Device Profile: [Windows]
[2015.03.03-14.20.31:263][  0]LogInit: Applying CVar settings loaded from the selected device profile: [Windows]
[2015.03.03-14.20.31:267][  0]LogInit: Computer: RINGLETLTD18-PC
[2015.03.03-14.20.31:267][  0]LogInit: User: Fulltime
[2015.03.03-14.20.31:267][  0]LogInit: CPU Page size=4096, Cores=4
[2015.03.03-14.20.31:267][  0]LogInit: High frequency timer resolution =3.125029 MHz
[2015.03.03-14.20.31:267][  0]LogMemory: Memory total: Physical=7.9GB (8GB approx) Virtual=8192.0GB
[2015.03.03-14.20.31:268][  0]LogMemory: Platform Memory Stats for Windows
[2015.03.03-14.20.31:268][  0]LogMemory: Process Physical Memory: 50.64 MB used, 50.64 MB peak
[2015.03.03-14.20.31:268][  0]LogMemory: Process Virtual Memory: 26.36 MB used, 26.36 MB peak
[2015.03.03-14.20.31:268][  0]LogMemory: Physical Memory: 3366.48 MB used, 8127.42 MB total
[2015.03.03-14.20.31:268][  0]LogMemory: Virtual Memory: 264.05 MB used, 8388608.00 MB total
[2015.03.03-14.20.31:292][  0]LogD3D11RHI: Found D3D11 adapter 0: NVIDIA GeForce GTX 760 (Feature Level 11_0)
[2015.03.03-14.20.31:292][  0]LogD3D11RHI: Adapter has 1990MB of dedicated video memory, 0MB of dedicated system memory, and 2048MB of shared system memory, 2 output[s]
[2015.03.03-14.20.31:292][  0]LogD3D11RHI: Chosen D3D11 Adapter Id = 0
[2015.03.03-14.20.31:297][  0]LogRHI: Texture pool is 1361 MB (70% of 1945 MB)
[2015.03.03-14.20.31:305][  0]LogD3D11RHI: Async texture creation enabled
[2015.03.03-14.20.31:355][  0]LogTextLocalizationManager: The requested culture ('en_GB') has no localization data; parent culture's ('en') localization data will be used.
[2015.03.03-14.20.31:500][  0]LogContentStreaming: Texture pool size is 0.000000MB
[2015.03.03-14.20.36:769][  0]LogTargetPlatformManager:Display: Building Assets For Windows
[2015.03.03-14.20.37:114][  0]LogTargetPlatformManager:Display: Building Assets For Windows
[2015.03.03-14.20.37:155][  0]LogDerivedDataCache:Display: Max Cache Size: 512 MB
[2015.03.03-14.20.37:189][  0]LogDerivedDataCache: Loaded boot cache 0.03s 39MB C:/Users/Fulltime/AppData/Local/UnrealEngine/4.6/DerivedDataCache/Boot.ddc.
[2015.03.03-14.20.37:189][  0]LogDerivedDataCache:Display: Loaded Boot cache: C:/Users/Fulltime/AppData/Local/UnrealEngine/4.6/DerivedDataCache/Boot.ddc
[2015.03.03-14.20.37:189][  0]LogDerivedDataCache: FDerivedDataBackendGraph:  Pak pak cache file ../../../../../../Users/Fulltime/Documents/Level26/MyProject4/DerivedDataCache/DDC.ddp not found, will not use a pak cache.
[2015.03.03-14.20.37:189][  0]LogDerivedDataCache: Unable to find inner node Pak for hierarchical cache Hierarchy.
[2015.03.03-14.20.37:251][  0]LogDerivedDataCache:Display: Pak cache opened for reading ../../../Engine/DerivedDataCache/DDC.ddp.
[2015.03.03-14.20.37:262][  0]LogDerivedDataCache: Using Local data cache path C:/Users/Fulltime/AppData/Local/UnrealEngine/Common/DerivedDataCache: Writable
[2015.03.03-14.20.37:365][  0]LogCollisionProfile:Warning: Profile (UI) - Custom Channel Name = 'Weapon' hasn't been found
[2015.03.03-14.20.37:496][  0]LogMeshUtilities: No automatic mesh reduction module available
[2015.03.03-14.20.37:496][  0]LogMeshUtilities: No automatic mesh merging module available
[2015.03.03-14.20.37:815][  0]LogInit: WinSock: version 1.1 (2.2), MaxSocks=32767, MaxUdp=65467
[2015.03.03-14.20.37:858][  0]LogSlate:Warning: Failed to load font data from '../../../Engine/Content/Slate/Fonts/Roboto-Italic.ttf'
[2015.03.03-14.20.38:499][  0]UdpMessaging: Initializing bridge on interface 0.0.0.0:0 to multicast group 230.0.0.1:6666.
[2015.03.03-14.20.38:635][  0]LogDirectoryWatcher:Warning: Failed to begin reading directory changes for C:/Users/Fulltime/Documents/Level26/MyProject4/Binaries/Win64. Error: 0
[2015.03.03-14.20.38:760][  0]SourceControl: Info Source control is disabled
[2015.03.03-14.20.38:760][  0]SourceControl: Info Source control is disabled
[2015.03.03-14.20.38:766][  0]SourceControl: Info Source control is disabled
[2015.03.03-14.20.38:869][  0]LogObj: 23754 objects as part of root set at end of initial load.
[2015.03.03-14.20.38:869][  0]LogUObjectAllocator: 5168136 out of 0 bytes used by permanent object pool.
[2015.03.03-14.20.38:918][  0]LogEngine: Initializing Engine...
[2015.03.03-14.20.39:060][  0]LogInit: XAudio2 using 'Speakers (Realtek High Definition Audio)' : 2 channels at 48 kHz using 32 bits per sample (channel mask 0x3)
[2015.03.03-14.20.39:092][  0]LogInit: FAudioDevice initialized.
[2015.03.03-14.20.39:109][  0]LogAIModule: Creating AISystem for world NewWorld
[2015.03.03-14.20.39:130][  0]LogDerivedDataCache: Saved boot cache 0.02s 39MB C:/Users/Fulltime/AppData/Local/UnrealEngine/4.6/DerivedDataCache/Boot.ddc.
[2015.03.03-14.20.39:133][  0]LogInit: Texture streaming: Enabled
[2015.03.03-14.20.39:153][  0]LogAnalytics: Creating configured Analytics provider AnalyticsET
[2015.03.03-14.20.39:153][  0]LogAnalytics: ET APIKey = Rocket.Release. APIServer = http://et2.epicgames.com/ET2/. AppVersion = 4.6.1-2386410+++depot+UE4-Releases+4.6
[2015.03.03-14.20.39:153][  0]LogAnalytics: SetUserId 69f16f0a28d0cebab19564fc86df198d
[2015.03.03-14.20.39:153][  0]LogAnalytics: AnalyticsET::StartSession [Rocket.Release]
[2015.03.03-14.20.39:165][  0]LogInit: Transaction tracking system initialized
[2015.03.03-14.20.39:232][  0]BlueprintLog: New page: Editor Load
[2015.03.03-14.20.39:257][  0]LogAssetRegistry: FAssetRegistry took 0.0100 seconds to start up
[2015.03.03-14.20.39:257][  0]LogDirectoryWatcher:Warning: Failed to begin reading directory changes for ../../../Engine/Plugins/Experimental/CharacterAI/Content/. Error: 0
[2015.03.03-14.20.39:636][  0]LogTargetPlatformManager:Display: Building Assets For Windows
[2015.03.03-14.20.39:929][  0]LogTargetPlatformManager:Display: Building Assets For Windows
[2015.03.03-14.20.40:060][  0]LogConsoleResponse:Display: 
[2015.03.03-14.20.40:134][  0]LogLinker:Warning: Asset '../../../Engine/Content/Functions/Engine_MaterialFunctions03/Procedurals/ComputeFilterWidth.uasset' has been saved with empty engine version. The asset will be loaded but may be incompatible.
[2015.03.03-14.20.40:276][  0]SourceControl: Info Source control is disabled
[2015.03.03-14.20.40:276][  0]Cmd: MAP LOAD FILE="../../../../../../Users/Fulltime/Documents/Level26/MyProject4/Content/Maps/Example_Map.umap" TEMPLATE=0 SHOWPROGRESS=1
[2015.03.03-14.20.40:309][  0]LightingResults: New page: Lighting Build
[2015.03.03-14.20.40:318][  0]MapCheck: New page: Map Check
[2015.03.03-14.20.40:318][  0]LightingResults: New page: Lighting Build
[2015.03.03-14.20.40:324][  0]LogParticles: Destroying 0 GPU particle simulations for FXSystem 0x0000000012E5F6A0
[2015.03.03-14.20.42:469][  0]LogBlueprint:Warning: [compiler] Warning The property is mark as BlueprintReadOnly or Private. It cannot be modifed in the blueprint.  Set RaiseMassToPower 
[2015.03.03-14.20.42:470][  0]LogBlueprint:Warning: [compiler] Warning The property is mark as BlueprintReadOnly or Private. It cannot be modifed in the blueprint.  Set Density 
[2015.03.03-14.20.42:471][  0]LogBlueprint:Error: [compiler] Error Cannot write to const  Raise Mass to Power 
[2015.03.03-14.20.42:472][  0]LogBlueprint:Error: [compiler] Error Cannot write to const  Density 
[2015.03.03-14.20.42:476][  0]LogBlueprint:Warning: [compiler] Warning [0013.14] Compile of BoxChair failed. 2 Fatal Issue(s) 2 Warning(s) [in 18 ms]
[2015.03.03-14.20.54:842][  0]LogMaterial: Missing cached shader map for material M_Basic_Wall, compiling.
[2015.03.03-14.20.54:984][  0]LogMaterial: Missing cached shader map for material M_Metal_Burnished_Steel, compiling.
[2015.03.03-14.20.55:074][  0]LogMaterial: Missing cached shader map for material M_Raygun, compiling.
[2015.03.03-14.20.55:146][  0]LogMaterial: Missing cached shader map for material Crystals, compiling.
[2015.03.03-14.20.55:405][  0]LogMaterial: Missing cached shader map for material Metal_Chrome_-_Polished, compiling.
[2015.03.03-14.20.55:751][  0]LogMaterial: Missing cached shader map for material M_MaterialSphere, compiling.
[2015.03.03-14.20.56:311][  0]LogEditorServer: Finished looking for orphan Actors (0.000 secs)
[2015.03.03-14.20.56:311][  0]LogAIModule: Creating AISystem for world Example_Map
[2015.03.03-14.20.56:312][  0]Cmd: MAP CHECKDEP
[2015.03.03-14.20.56:312][  0]MapCheck: New page: Example_Map - 3 Mar 2015 14:20:56
[2015.03.03-14.20.56:406][  0]MapCheck: Info Map check complete: 0 Error(s), 0 Warning(s), took 93.913ms to complete.
[2015.03.03-14.20.56:406][  0]LogFileHelpers: Loading map 'Example_Map' took 16.129
[2015.03.03-14.20.56:480][  0]LogCollectionManager: Loaded 0 collections in 0.000822 seconds
[2015.03.03-14.21.00:261][  0]LogCrashTracker: Crashtracker disabled due to settings.
[2015.03.03-14.21.00:267][  0]LogUObjectGlobals:Warning: Failed to find object 'Class None.'
[2015.03.03-14.21.00:305][  0]LogLoad: Full Startup: 30.97 seconds (BP compile: 0.21 seconds)
[2015.03.03-14.21.00:322][  0]LogContentBrowser:Verbose: The content browser source was changed by the sources view to '/Game/Blueprints'
[2015.03.03-14.21.00:322][  0]LogContentBrowser:Verbose: The content browser source was changed by the sources view to '/Game/Maps'
[2015.03.03-14.21.00:474][  0]LogRenderer:Warning: Reallocating scene render targets to support 1136x672.
[2015.03.03-14.21.00:784][  3]LogAssetRegistry: Asset discovery search completed in 21.5379 seconds
[2015.03.03-14.21.05:551][  5]LogPropertyNode:Warning: UI Min (0.001) >= UI Max () for Ranged Numeric
[2015.03.03-14.21.05:585][  5]LogPropertyNode:Warning: UI Min (0.001) >= UI Max () for Ranged Numeric
[2015.03.03-14.21.06:000][  5]LogPropertyNode:Warning: UI Min (0.001) >= UI Max () for Ranged Numeric
[2015.03.03-14.21.06:000][  5]LogPropertyNode:Warning: UI Min (0.001) >= UI Max () for Ranged Numeric
[2015.03.03-14.21.07:333][  5]LogActorComponent: RegisterComponentWithWorld: (/Engine/Transient.DebugSkelMeshComponent_0) Already registered. Aborting.
[2015.03.03-14.21.07:546][  6]LogRenderer:Warning: Reallocating scene render targets to support 1136x744.
[2015.03.03-14.21.49:076][564]LightingResults: New page: Lighting Build
[2015.03.03-14.21.49:077][564]MapCheck: New page: Map Check
[2015.03.03-14.21.49:077][564]LightingResults: New page: Lighting Build
[2015.03.03-14.21.49:086][564]LogActorComponent: UnregisterComponent: (/Engine/Transient.CharacterMovementComponent_0) Not registered. Aborting.
[2015.03.03-14.21.49:123][564]LogParticles: Destroying 0 GPU particle simulations for FXSystem 0x00000000199A4B80
[2015.03.03-14.21.49:146][564]LogAIModule: Creating AISystem for world NewWorld
[2015.03.03-14.21.49:174][564]LoadErrors: New page: New Map
[2015.03.03-14.22.05:087][480]LogTexture:Display: Building textures: HQ_Lightmap0_13 (AutoDXT)
[2015.03.03-14.22.05:182][480]LogTexture:Display: Building textures: HQ_Lightmap0_25 (AutoDXT)
[2015.03.03-14.22.05:215][480]LogTexture:Display: Building textures: HQ_Lightmap1_39 (AutoDXT)
[2015.03.03-14.22.05:217][480]LogTexture:Display: Building textures: LQ_Lightmap_0_10 (DXT1)
[2015.03.03-14.22.05:234][480]LogTexture:Display: Building textures: LQ_Lightmap_0_12 (DXT1)
[2015.03.03-14.22.05:251][480]LogTexture:Display: Building textures: LQ_Lightmap_0_13 (DXT1)
[2015.03.03-14.22.05:276][480]LogTexture:Display: Building textures: LQ_Lightmap_0_14 (DXT1)
[2015.03.03-14.22.05:293][480]LogTexture:Display: Building textures: LQ_Lightmap_0_15 (DXT1)
[2015.03.03-14.22.05:313][480]LogTexture:Display: Building textures: LQ_Lightmap_0_16 (DXT1)
[2015.03.03-14.22.05:326][480]LogTexture:Display: Building textures: LQ_Lightmap_0_19 (DXT1)
[2015.03.03-14.22.05:345][480]LogTexture:Display: Building textures: LQ_Lightmap_0_21 (DXT1)
[2015.03.03-14.22.05:362][480]LogTexture:Display: Building textures: LQ_Lightmap_0_22 (DXT1)
[2015.03.03-14.22.05:408][480]LogTexture:Display: Building textures: LQ_Lightmap_0_24 (DXT1)
[2015.03.03-14.22.05:423][480]LogTexture:Display: Building textures: LQ_Lightmap_0_25 (DXT1)
[2015.03.03-14.22.05:437][480]LogTexture:Display: Building textures: LQ_Lightmap_0_29 (DXT1)
[2015.03.03-14.22.05:447][480]LogTexture:Display: Building textures: LQ_Lightmap_0_30 (DXT1)
[2015.03.03-14.22.05:457][480]LogTexture:Display: Building textures: LQ_Lightmap_0_31 (DXT1)
[2015.03.03-14.22.05:482][480]LogTexture:Display: Building textures: LQ_Lightmap_0_33 (DXT1)
[2015.03.03-14.22.05:497][480]LogTexture:Display: Building textures: LQ_Lightmap_0_35 (DXT1)
[2015.03.03-14.22.05:503][480]LogTexture:Display: Building textures: LQ_Lightmap_0_36 (DXT1)
[2015.03.03-14.22.05:514][480]LogTexture:Display: Building textures: LQ_Lightmap_0_9 (DXT1)
[2015.03.03-14.22.05:529][480]LogTexture:Display: Building textures: LQ_Lightmap_1_11 (DXT1)
[2015.03.03-14.22.05:540][480]LogTexture:Display: Building textures: LQ_Lightmap_1_17 (DXT1)
[2015.03.03-14.22.05:554][480]LogTexture:Display: Building textures: LQ_Lightmap_1_18 (DXT1)
[2015.03.03-14.22.05:575][480]LogTexture:Display: Building textures: LQ_Lightmap_1_20 (DXT1)
[2015.03.03-14.22.05:589][480]LogTexture:Display: Building textures: LQ_Lightmap_1_23 (DXT1)
[2015.03.03-14.22.05:592][480]LogTexture:Display: Building textures: LQ_Lightmap_1_26 (DXT1)
[2015.03.03-14.22.05:600][480]LogTexture:Display: Building textures: LQ_Lightmap_1_27 (DXT1)
[2015.03.03-14.22.05:625][480]LogTexture:Display: Building textures: LQ_Lightmap_1_28 (DXT1)
[2015.03.03-14.22.05:630][480]LogTexture:Display: Building textures: LQ_Lightmap_1_32 (DXT1)
[2015.03.03-14.22.05:663][480]LogTexture:Display: Building textures: LQ_Lightmap_1_37 (DXT1)
[2015.03.03-14.22.05:671][480]LogTexture:Display: Building textures: LQ_Lightmap_1_38 (DXT1)
[2015.03.03-14.22.05:677][480]LogTexture:Display: Building textures: LQ_Lightmap_1_39 (DXT1)
[2015.03.03-14.22.05:756][480]Cmd: MAP LOAD FILE="../../../../../../Users/Fulltime/Documents/Level26/MyProject4/Content/Maps/Project_Scale_House-Lab_1.umap" TEMPLATE=0 SHOWPROGRESS=1
[2015.03.03-14.22.05:756][480]LightingResults: New page: Lighting Build
[2015.03.03-14.22.05:780][480]LoadErrors: New page: Loading map: Project_Scale_House-Lab_1.umap
[2015.03.03-14.22.05:780][480]MapCheck: New page: Map Check
[2015.03.03-14.22.05:780][480]LightingResults: New page: Lighting Build
[2015.03.03-14.22.05:875][480]LogParticles: Destroying 0 GPU particle simulations for FXSystem 0x000000000CEA40E0
[2015.03.03-14.22.05:875][480]LogEditorServer: Finished looking for orphan Actors (0.000 secs)
[2015.03.03-14.22.05:875][480]LogAIModule: Creating AISystem for world Project_Scale_House-Lab_1
[2015.03.03-14.22.05:948][480]Cmd: MAP CHECKDEP
[2015.03.03-14.22.05:948][480]MapCheck: New page: Project_Scale_House-Lab_1 - 3 Mar 2015 14:22:05
[2015.03.03-14.22.06:039][480]MapCheck: Info Map check complete: 0 Error(s), 0 Warning(s), took 91.173ms to complete.
[2015.03.03-14.22.06:039][480]LogFileHelpers: Loading map 'Project_Scale_House-Lab_1' took 0.285
[2015.03.03-14.22.23:895][671]BlueprintLog: New page: Pre-PIE auto-recompile
[2015.03.03-14.22.23:899][671]LogPlayLevel: [PIE] Compiling Tutorial_BP_MacroLib before PIE...
[2015.03.03-14.22.23:976][671]LogActorComponent: UnregisterComponent: (/Engine/Transient.CharacterMovementComponent_1) Not registered. Aborting.
[2015.03.03-14.22.23:990][671]LogPlayLevel: PIE:  Blueprint regeneration took 95 ms (1 blueprints)
[2015.03.03-14.22.27:042][671]PIE: New page: PIE session: Project_Scale_House-Lab_1 (3 Mar 2015 14:22:27)
[2015.03.03-14.22.27:087][671]LogPlayLevel: PIE: StaticDuplicateObject took: (0.044897s)
[2015.03.03-14.22.27:088][671]LogPlayLevel: PIE: World Init took: (0.000620s)
[2015.03.03-14.22.27:088][671]LogPlayLevel: PIE: Created PIE world by copying editor world from /Game/Maps/Project_Scale_House-Lab_1.Project_Scale_House-Lab_1 to /Game/Maps/UEDPIE_0_Project_Scale_House-Lab_1.Project_Scale_House-Lab_1 (0.045744s)
[2015.03.03-14.22.27:144][671]LogWorld: Game class is 'MyGame_C'
[2015.03.03-14.22.27:145][671]LogAIModule: Creating AISystem for world Project_Scale_House-Lab_1
[2015.03.03-14.22.27:152][671]LogWorld: Bringing World /Game/Maps/UEDPIE_0_Project_Scale_House-Lab_1.Project_Scale_House-Lab_1 up for play (max tick rate 0) at 2015.03.03-14.22.27
[2015.03.03-14.22.27:153][671]LogWorld: Bringing up level for play took: 0.007852
[2015.03.03-14.22.27:155][671]LogBlueprintUserMessages: 0
[2015.03.03-14.22.27:155][671]PIE: Info Play in editor start time for /Game/Maps/UEDPIE_0_Project_Scale_House-Lab_1 2.29
[2015.03.03-14.22.46:170][874]LogParticles: Destroying 0 GPU particle simulations for FXSystem 0x000000000A9079C0
[2015.03.03-14.22.51:938][217]LogEditorViewport: Clicking on Actor (LMB): StaticMeshActor (Lower Frame)
[2015.03.03-14.22.52:048][217]LogPropertyNode:Warning: UI Min (0.001) >= UI Max () for Ranged Numeric
[2015.03.03-14.22.57:107][487]Cmd: TRANSACTION UNDO
[2015.03.03-14.22.57:107][487]LogEditorTransaction: Undo Move Actors
[2015.03.03-14.22.57:115][487]LogPropertyNode:Warning: UI Min (0.001) >= UI Max () for Ranged Numeric
[2015.03.03-14.22.57:179][487]LogPropertyNode:Warning: UI Min (0.001) >= UI Max () for Ranged Numeric
[2015.03.03-14.22.57:180][487]LogPropertyNode:Warning: UI Min (0.001) >= UI Max () for Ranged Numeric
[2015.03.03-14.22.58:282][539]LogEditorViewport: Clicking on Actor (CTRL LMB): StaticMeshActor (Glass)
[2015.03.03-14.22.58:289][539]LogPropertyNode:Warning: UI Min (0.001) >= UI Max () for Ranged Numeric
[2015.03.03-14.22.59:464][609]LogEditorViewport: Clicking on Actor (CTRL LMB): StaticMeshActor (Central Frame)
[2015.03.03-14.22.59:472][609]LogPropertyNode:Warning: UI Min (0.001) >= UI Max () for Ranged Numeric
[2015.03.03-14.23.04:071][887]LogEditorViewport: Clicking on Actor (LMB): StaticMeshActor (Glass)
[2015.03.03-14.23.04:078][887]LogPropertyNode:Warning: UI Min (0.001) >= UI Max () for Ranged Numeric
[2015.03.03-14.23.21:387][914]LogInstancedFoliage: Map Rebuilt - Update all BSP painted foliage!
[2015.03.03-14.23.31:411][447]LogInstancedFoliage: Map Rebuilt - Update all BSP painted foliage!
[2015.03.03-14.23.33:798][593]Cmd: TRANSACTION UNDO
[2015.03.03-14.23.33:798][593]LogEditorTransaction: Undo Select Surfaces
[2015.03.03-14.23.33:862][593]LogPropertyNode:Warning: UI Min (0.001) >= UI Max () for Ranged Numeric
[2015.03.03-14.23.33:862][593]LogPropertyNode:Warning: UI Min (0.001) >= UI Max () for Ranged Numeric
[2015.03.03-14.23.33:880][593]LogActorComponent: UnregisterComponent: (/Engine/Transient.CharacterMovementComponent_2) Not registered. Aborting.
[2015.03.03-14.23.35:133][594]Cmd: TRANSACTION UNDO
[2015.03.03-14.23.35:133][594]LogEditorTransaction: Undo Select Brush from Surface
[2015.03.03-14.23.35:205][594]LogPropertyNode:Warning: UI Min (0.001) >= UI Max () for Ranged Numeric
[2015.03.03-14.23.35:205][594]LogPropertyNode:Warning: UI Min (0.001) >= UI Max () for Ranged Numeric
[2015.03.03-14.23.35:224][594]LogActorComponent: UnregisterComponent: (/Engine/Transient.CharacterMovementComponent_3) Not registered. Aborting.
[2015.03.03-14.23.35:225][594]Cmd: TRANSACTION UNDO
[2015.03.03-14.23.35:225][594]LogEditorTransaction: Undo Move Actors
[2015.03.03-14.23.48:705][594]LogInstancedFoliage: Map Rebuilt - Update all BSP painted foliage!
[2015.03.03-14.23.48:769][594]LogPropertyNode:Warning: UI Min (0.001) >= UI Max () for Ranged Numeric
[2015.03.03-14.23.48:769][594]LogPropertyNode:Warning: UI Min (0.001) >= UI Max () for Ranged Numeric
[2015.03.03-14.23.52:545][775]LogInstancedFoliage: Map Rebuilt - Update all BSP painted foliage!
[2015.03.03-14.23.53:561][831]LogInstancedFoliage: Map Rebuilt - Update all BSP painted foliage!
[2015.03.03-14.23.54:335][868]LogInstancedFoliage: Map Rebuilt - Update all BSP painted foliage!
[2015.03.03-14.23.55:372][924]LogInstancedFoliage: Map Rebuilt - Update all BSP painted foliage!
[2015.03.03-14.23.58:182][ 92]Cmd: TRANSACTION UNDO
[2015.03.03-14.23.58:182][ 92]LogEditorTransaction: Undo Move Actors
[2015.03.03-14.24.05:003][ 92]LogInstancedFoliage: Map Rebuilt - Update all BSP painted foliage!
[2015.03.03-14.24.05:072][ 92]LogPropertyNode:Warning: UI Min (0.001) >= UI Max () for Ranged Numeric
[2015.03.03-14.24.05:072][ 92]LogPropertyNode:Warning: UI Min (0.001) >= UI Max () for Ranged Numeric
[2015.03.03-14.24.05:094][ 92]LogActorComponent: UnregisterComponent: (/Engine/Transient.CharacterMovementComponent_4) Not registered. Aborting.
[2015.03.03-14.25.15:530][879]Cmd: TRANSACTION UNDO
[2015.03.03-14.25.15:531][879]LogEditorTransaction: Undo Move Actors
[2015.03.03-14.25.32:434][879]LogInstancedFoliage: Map Rebuilt - Update all BSP painted foliage!
[2015.03.03-14.25.32:496][879]LogPropertyNode:Warning: UI Min (0.001) >= UI Max () for Ranged Numeric
[2015.03.03-14.25.32:497][879]LogPropertyNode:Warning: UI Min (0.001) >= UI Max () for Ranged Numeric
[2015.03.03-14.25.32:518][879]LogActorComponent: UnregisterComponent: (/Engine/Transient.CharacterMovementComponent_5) Not registered. Aborting.
[2015.03.03-14.25.44:033][125]LogInstancedFoliage: Map Rebuilt - Update all BSP painted foliage!
[2015.03.03-14.25.50:793][527]LogInstancedFoliage: Map Rebuilt - Update all BSP painted foliage!
[2015.03.03-14.25.52:632][645]Cmd: TRANSACTION UNDO
[2015.03.03-14.25.52:632][645]LogEditorTransaction: Undo Move Actors
[2015.03.03-14.25.58:855][645]LogInstancedFoliage: Map Rebuilt - Update all BSP painted foliage!
[2015.03.03-14.25.58:918][645]LogPropertyNode:Warning: UI Min (0.001) >= UI Max () for Ranged Numeric
[2015.03.03-14.25.58:919][645]LogPropertyNode:Warning: UI Min (0.001) >= UI Max () for Ranged Numeric
[2015.03.03-14.25.58:939][645]LogActorComponent: UnregisterComponent: (/Engine/Transient.CharacterMovementComponent_6) Not registered. Aborting.
[2015.03.03-14.26.12:425][536]Cmd: TRANSACTION UNDO
[2015.03.03-14.26.12:425][536]LogEditorTransaction: Undo Move Actors
[2015.03.03-14.26.20:338][536]LogInstancedFoliage: Map Rebuilt - Update all BSP painted foliage!
[2015.03.03-14.26.20:401][536]LogPropertyNode:Warning: UI Min (0.001) >= UI Max () for Ranged Numeric
[2015.03.03-14.26.20:402][536]LogPropertyNode:Warning: UI Min (0.001) >= UI Max () for Ranged Numeric
[2015.03.03-14.26.20:423][536]LogActorComponent: UnregisterComponent: (/Engine/Transient.CharacterMovementComponent_7) Not registered. Aborting.
[2015.03.03-14.26.29:369][102]Cmd: TRANSACTION UNDO
[2015.03.03-14.26.29:369][102]LogEditorTransaction: Undo Move Actors
[2015.03.03-14.26.38:016][102]LogInstancedFoliage: Map Rebuilt - Update all BSP painted foliage!
[2015.03.03-14.26.38:078][102]LogPropertyNode:Warning: UI Min (0.001) >= UI Max () for Ranged Numeric
[2015.03.03-14.26.38:079][102]LogPropertyNode:Warning: UI Min (0.001) >= UI Max () for Ranged Numeric
[2015.03.03-14.26.38:099][102]LogActorComponent: UnregisterComponent: (/Engine/Transient.CharacterMovementComponent_8) Not registered. Aborting.
[2015.03.03-14.26.38:112][102]LogEditorViewport: Clicking on Actor (LMB): StaticMeshActor (Glass)
[2015.03.03-14.26.38:120][102]LogPropertyNode:Warning: UI Min (0.001) >= UI Max () for Ranged Numeric
[2015.03.03-14.26.38:132][102]LogEditorViewport: Clicking on Actor (context menu): StaticMeshActor (Glass)
[2015.03.03-14.26.38:138][102]LogPropertyNode:Warning: UI Min (0.001) >= UI Max () for Ranged Numeric
[2015.03.03-14.26.50:629][848]LogEditorViewport: Clicking on Actor (LMB): StaticMeshActor (Glass)
[2015.03.03-14.26.50:636][848]LogPropertyNode:Warning: UI Min (0.001) >= UI Max () for Ranged Numeric
[2015.03.03-14.26.58:154][283]BlueprintLog: New page: Pre-PIE auto-recompile
[2015.03.03-14.26.58:203][283]LogPropertyNode:Warning: UI Min (0.001) >= UI Max () for Ranged Numeric
[2015.03.03-14.26.58:204][283]LogPropertyNode:Warning: UI Min (0.001) >= UI Max () for Ranged Numeric
[2015.03.03-14.26.58:226][283]LogActorComponent: UnregisterComponent: (/Engine/Transient.CharacterMovementComponent_9) Not registered. Aborting.
[2015.03.03-14.26.58:226][283]LogPlayLevel: [PIE] Compiling MyCharacter before PIE...
[2015.03.03-14.26.58:331][283]LogPropertyNode:Warning: UI Min (0.001) >= UI Max () for Ranged Numeric
[2015.03.03-14.26.58:331][283]LogPropertyNode:Warning: UI Min (0.001) >= UI Max () for Ranged Numeric
[2015.03.03-14.26.58:447][283]LogPropertyNode:Warning: UI Min (0.001) >= UI Max () for Ranged Numeric
[2015.03.03-14.26.58:448][283]LogPropertyNode:Warning: UI Min (0.001) >= UI Max () for Ranged Numeric
[2015.03.03-14.26.58:479][283]LogPlayLevel: [PIE] Compiling Crystal before PIE...
[2015.03.03-14.26.58:543][283]LogPlayLevel: [PIE] Compiling JumpingBox before PIE...
[2015.03.03-14.26.58:637][283]LogPlayLevel: PIE:  Blueprint regeneration took 483 ms (3 blueprints)
[2015.03.03-14.26.58:638][283]PIE: New page: PIE session: Project_Scale_House-Lab_1 (3 Mar 2015 14:26:58)
[2015.03.03-14.26.59:510][283]LogPlayLevel: PIE: StaticDuplicateObject took: (0.872623s)
[2015.03.03-14.26.59:511][283]LogPlayLevel: PIE: World Init took: (0.000745s)
[2015.03.03-14.26.59:511][283]LogPlayLevel: PIE: Created PIE world by copying editor world from /Game/Maps/Project_Scale_House-Lab_1.Project_Scale_House-Lab_1 to /Game/Maps/UEDPIE_0_Project_Scale_House-Lab_1.Project_Scale_House-Lab_1 (0.873656s)
[2015.03.03-14.26.59:541][283]LogWorld: Game class is 'MyGame_C'
[2015.03.03-14.26.59:548][283]LogAIModule: Creating AISystem for world Project_Scale_House-Lab_1
[2015.03.03-14.26.59:559][283]LogWorld: Bringing World /Game/Maps/UEDPIE_0_Project_Scale_House-Lab_1.Project_Scale_House-Lab_1 up for play (max tick rate 0) at 2015.03.03-14.26.59
[2015.03.03-14.26.59:561][283]LogWorld: Bringing up level for play took: 0.012954
[2015.03.03-14.26.59:563][283]LogBlueprintUserMessages: 0
[2015.03.03-14.26.59:564][283]PIE: Info Play in editor start time for /Game/Maps/UEDPIE_0_Project_Scale_House-Lab_1 0.696
[2015.03.03-14.27.13:304][183]LogPropertyNode:Warning: UI Min (0.001) >= UI Max () for Ranged Numeric
[2015.03.03-14.27.13:314][183]LogActorComponent: UnregisterComponent: (/Engine/Transient.CharacterMovementComponent_10) Not registered. Aborting.
[2015.03.03-14.27.13:368][184]LogParticles: Destroying 0 GPU particle simulations for FXSystem 0x00000000401C47C0
[2015.03.03-14.27.16:654][377]Cmd: TRANSACTION UNDO
[2015.03.03-14.27.16:654][377]LogEditorTransaction: Undo Clicking on Actors
[2015.03.03-14.27.16:661][377]LogPropertyNode:Warning: UI Min (0.001) >= UI Max () for Ranged Numeric
[2015.03.03-14.27.16:730][377]LogPropertyNode:Warning: UI Min (0.001) >= UI Max () for Ranged Numeric
[2015.03.03-14.27.16:731][377]LogPropertyNode:Warning: UI Min (0.001) >= UI Max () for Ranged Numeric
[2015.03.03-14.27.18:315][453]Cmd: TRANSACTION UNDO
[2015.03.03-14.27.18:315][453]LogEditorTransaction: Undo Clicking on Actors (context menu)
[2015.03.03-14.27.18:323][453]LogPropertyNode:Warning: UI Min (0.001) >= UI Max () for Ranged Numeric
[2015.03.03-14.27.18:386][453]LogPropertyNode:Warning: UI Min (0.001) >= UI Max () for Ranged Numeric
[2015.03.03-14.27.18:386][453]LogPropertyNode:Warning: UI Min (0.001) >= UI Max () for Ranged Numeric
[2015.03.03-14.27.18:404][453]LogActorComponent: UnregisterComponent: (/Engine/Transient.CharacterMovementComponent_11) Not registered. Aborting.
[2015.03.03-14.27.19:217][501]Cmd: TRANSACTION UNDO
[2015.03.03-14.27.19:217][501]LogEditorTransaction: Undo Clicking on Actors
[2015.03.03-14.27.19:278][501]LogPropertyNode:Warning: UI Min (0.001) >= UI Max () for Ranged Numeric
[2015.03.03-14.27.19:279][501]LogPropertyNode:Warning: UI Min (0.001) >= UI Max () for Ranged Numeric
[2015.03.03-14.27.19:297][501]LogActorComponent: UnregisterComponent: (/Engine/Transient.CharacterMovementComponent_12) Not registered. Aborting.
[2015.03.03-14.27.19:986][543]Cmd: TRANSACTION UNDO
[2015.03.03-14.27.19:987][543]LogEditorTransaction: Undo Move Actors
[2015.03.03-14.27.27:646][543]LogInstancedFoliage: Map Rebuilt - Update all BSP painted foliage!
[2015.03.03-14.27.27:716][543]LogPropertyNode:Warning: UI Min (0.001) >= UI Max () for Ranged Numeric
[2015.03.03-14.27.27:716][543]LogPropertyNode:Warning: UI Min (0.001) >= UI Max () for Ranged Numeric
[2015.03.03-14.27.27:737][543]LogActorComponent: UnregisterComponent: (/Engine/Transient.CharacterMovementComponent_13) Not registered. Aborting.
[2015.03.03-14.27.57:106][498]Cmd: TRANSACTION UNDO
[2015.03.03-14.27.57:106][498]LogEditorTransaction: Undo Select Surfaces
[2015.03.03-14.27.57:171][498]LogPropertyNode:Warning: UI Min (0.001) >= UI Max () for Ranged Numeric
[2015.03.03-14.27.57:172][498]LogPropertyNode:Warning: UI Min (0.001) >= UI Max () for Ranged Numeric
[2015.03.03-14.27.57:190][498]LogActorComponent: UnregisterComponent: (/Engine/Transient.CharacterMovementComponent_14) Not registered. Aborting.
[2015.03.03-14.27.58:278][550]Cmd: TRANSACTION UNDO
[2015.03.03-14.27.58:278][550]LogEditorTransaction: Undo Select Brush from Surface
[2015.03.03-14.27.58:339][550]LogPropertyNode:Warning: UI Min (0.001) >= UI Max () for Ranged Numeric
[2015.03.03-14.27.58:339][550]LogPropertyNode:Warning: UI Min (0.001) >= UI Max () for Ranged Numeric
[2015.03.03-14.27.58:358][550]LogActorComponent: UnregisterComponent: (/Engine/Transient.CharacterMovementComponent_15) Not registered. Aborting.
[2015.03.03-14.27.59:030][590]Cmd: TRANSACTION UNDO
[2015.03.03-14.27.59:030][590]LogEditorTransaction: Undo Select Surfaces
[2015.03.03-14.27.59:097][590]LogPropertyNode:Warning: UI Min (0.001) >= UI Max () for Ranged Numeric
[2015.03.03-14.27.59:098][590]LogPropertyNode:Warning: UI Min (0.001) >= UI Max () for Ranged Numeric
[2015.03.03-14.27.59:116][590]LogActorComponent: UnregisterComponent: (/Engine/Transient.CharacterMovementComponent_16) Not registered. Aborting.
[2015.03.03-14.27.59:651][620]Cmd: TRANSACTION UNDO
[2015.03.03-14.27.59:651][620]LogEditorTransaction: Undo Select Brush from Surface
[2015.03.03-14.27.59:723][620]LogPropertyNode:Warning: UI Min (0.001) >= UI Max () for Ranged Numeric
[2015.03.03-14.27.59:724][620]LogPropertyNode:Warning: UI Min (0.001) >= UI Max () for Ranged Numeric
[2015.03.03-14.27.59:744][620]LogActorComponent: UnregisterComponent: (/Engine/Transient.CharacterMovementComponent_17) Not registered. Aborting.
[2015.03.03-14.28.00:201][645]Cmd: TRANSACTION UNDO
[2015.03.03-14.28.00:201][645]LogEditorTransaction: Undo Move Actors
[2015.03.03-14.28.08:636][645]LogInstancedFoliage: Map Rebuilt - Update all BSP painted foliage!
[2015.03.03-14.28.08:698][645]LogPropertyNode:Warning: UI Min (0.001) >= UI Max () for Ranged Numeric
[2015.03.03-14.28.08:699][645]LogPropertyNode:Warning: UI Min (0.001) >= UI Max () for Ranged Numeric
[2015.03.03-14.28.08:718][645]LogActorComponent: UnregisterComponent: (/Engine/Transient.CharacterMovementComponent_18) Not registered. Aborting.
[2015.03.03-14.28.43:649][981]LogEditorViewport: Clicking on Actor (LMB): BP_Sky_Sphere_C (BP_Sky_Shere)
[2015.03.03-14.28.47:766][184]LogEditorViewport: Clicking on Actor (LMB): BP_Sky_Sphere_C (BP_Sky_Shere)
[